<?xml version="1.0" encoding="utf-8"?>
<coverage line-rate="0.1578" branch-rate="0.0192" version="1.9" timestamp="1716268929" lines-covered="90" lines-valid="570" branches-covered="1" branches-valid="52">
  <sources>
    <source>C:\Users\VC\</source>
  </sources>
  <packages>
    <package name="EmployeeRequestTrackerApp" line-rate="0.1063" branch-rate="0.0192" complexity="154">
      <classes>
        <class name="EmployeeRequestTrackerApp.Program" filename="Desktop\Day_1\Day_27\EmployeeRequestTrackerSolution\EmployeeRequestTrackerApp\Program.cs" line-rate="0" branch-rate="0" complexity="2">
          <methods>
            <method name="Main" signature="(System.String[])" line-rate="0" branch-rate="0" complexity="2">
              <lines>
                <line number="16" hits="0" branch="False" />
                <line number="17" hits="0" branch="False" />
                <line number="21" hits="0" branch="False" />
                <line number="23" hits="0" branch="False" />
                <line number="24" hits="0" branch="False" />
                <line number="26" hits="0" branch="False" />
                <line number="27" hits="0" branch="False" />
                <line number="28" hits="0" branch="False" />
                <line number="29" hits="0" branch="False" />
                <line number="30" hits="0" branch="False" />
                <line number="31" hits="0" branch="False" />
                <line number="32" hits="0" branch="False" />
                <line number="33" hits="0" branch="False" />
                <line number="34" hits="0" branch="False" />
                <line number="35" hits="0" branch="False" />
                <line number="36" hits="0" branch="False" />
                <line number="39" hits="0" branch="False" />
                <line number="40" hits="0" branch="False" />
                <line number="41" hits="0" branch="False" />
                <line number="46" hits="0" branch="False" />
                <line number="47" hits="0" branch="False" />
                <line number="48" hits="0" branch="False" />
                <line number="54" hits="0" branch="False" />
                <line number="55" hits="0" branch="False" />
                <line number="56" hits="0" branch="False" />
                <line number="57" hits="0" branch="False" />
                <line number="61" hits="0" branch="False" />
                <line number="64" hits="0" branch="True" condition-coverage="0% (0/2)">
                  <conditions>
                    <condition number="285" type="jump" coverage="0%" />
                  </conditions>
                </line>
                <line number="65" hits="0" branch="False" />
                <line number="66" hits="0" branch="False" />
                <line number="67" hits="0" branch="False" />
                <line number="68" hits="0" branch="False" />
                <line number="70" hits="0" branch="False" />
                <line number="71" hits="0" branch="False" />
                <line number="74" hits="0" branch="False" />
                <line number="76" hits="0" branch="False" />
                <line number="77" hits="0" branch="False" />
              </lines>
            </method>
          </methods>
          <lines>
            <line number="16" hits="0" branch="False" />
            <line number="17" hits="0" branch="False" />
            <line number="21" hits="0" branch="False" />
            <line number="23" hits="0" branch="False" />
            <line number="24" hits="0" branch="False" />
            <line number="26" hits="0" branch="False" />
            <line number="27" hits="0" branch="False" />
            <line number="28" hits="0" branch="False" />
            <line number="29" hits="0" branch="False" />
            <line number="30" hits="0" branch="False" />
            <line number="31" hits="0" branch="False" />
            <line number="32" hits="0" branch="False" />
            <line number="33" hits="0" branch="False" />
            <line number="34" hits="0" branch="False" />
            <line number="35" hits="0" branch="False" />
            <line number="36" hits="0" branch="False" />
            <line number="39" hits="0" branch="False" />
            <line number="40" hits="0" branch="False" />
            <line number="41" hits="0" branch="False" />
            <line number="46" hits="0" branch="False" />
            <line number="47" hits="0" branch="False" />
            <line number="48" hits="0" branch="False" />
            <line number="54" hits="0" branch="False" />
            <line number="55" hits="0" branch="False" />
            <line number="56" hits="0" branch="False" />
            <line number="57" hits="0" branch="False" />
            <line number="61" hits="0" branch="False" />
            <line number="64" hits="0" branch="True" condition-coverage="0% (0/2)">
              <conditions>
                <condition number="285" type="jump" coverage="0%" />
              </conditions>
            </line>
            <line number="65" hits="0" branch="False" />
            <line number="66" hits="0" branch="False" />
            <line number="67" hits="0" branch="False" />
            <line number="68" hits="0" branch="False" />
            <line number="70" hits="0" branch="False" />
            <line number="71" hits="0" branch="False" />
            <line number="74" hits="0" branch="False" />
            <line number="76" hits="0" branch="False" />
            <line number="77" hits="0" branch="False" />
          </lines>
        </class>
        <class name="EmployeeRequestTrackerApp.Services.EmployeeBasicService" filename="Desktop\Day_1\Day_27\EmployeeRequestTrackerSolution\EmployeeRequestTrackerApp\Services\EmployeeBasicService.cs" line-rate="1" branch-rate="1" complexity="1">
          <methods>
            <method name=".ctor" signature="(EmployeeRequestTrackerApp.Interfaces.IRepository`2&lt;System.Int32,EmployeeRequestTrackerApp.Models.Employee&gt;)" line-rate="1" branch-rate="1" complexity="1">
              <lines>
                <line number="11" hits="1" branch="False" />
                <line number="12" hits="1" branch="False" />
                <line number="13" hits="1" branch="False" />
                <line number="14" hits="1" branch="False" />
              </lines>
            </method>
          </methods>
          <lines>
            <line number="11" hits="1" branch="False" />
            <line number="12" hits="1" branch="False" />
            <line number="13" hits="1" branch="False" />
            <line number="14" hits="1" branch="False" />
          </lines>
        </class>
        <class name="EmployeeRequestTrackerApp.Services.EmployeeBasicService/&lt;&gt;c__DisplayClass2_0" filename="Desktop\Day_1\Day_27\EmployeeRequestTrackerSolution\EmployeeRequestTrackerApp\Services\EmployeeBasicService.cs" line-rate="1" branch-rate="1" complexity="1">
          <methods>
            <method name="&lt;GetEmployeeByPhone&gt;b__0" signature="(EmployeeRequestTrackerApp.Models.Employee)" line-rate="1" branch-rate="1" complexity="1">
              <lines>
                <line number="17" hits="2" branch="False" />
              </lines>
            </method>
          </methods>
          <lines>
            <line number="17" hits="2" branch="False" />
          </lines>
        </class>
        <class name="EmployeeRequestTrackerApp.Services.EmployeeBasicService/&lt;GetEmployeeByPhone&gt;d__2" filename="Desktop\Day_1\Day_27\EmployeeRequestTrackerSolution\EmployeeRequestTrackerApp\Services\EmployeeBasicService.cs" line-rate="0.8" branch-rate="0.5" complexity="2">
          <methods>
            <method name="MoveNext" signature="()" line-rate="0.8" branch-rate="0.5" complexity="2">
              <lines>
                <line number="16" hits="1" branch="False" />
                <line number="18" hits="1" branch="True" condition-coverage="50% (1/2)">
                  <conditions>
                    <condition number="208" type="jump" coverage="50%" />
                  </conditions>
                </line>
                <line number="19" hits="0" branch="False" />
                <line number="20" hits="1" branch="False" />
                <line number="22" hits="1" branch="False" />
              </lines>
            </method>
          </methods>
          <lines>
            <line number="16" hits="1" branch="False" />
            <line number="18" hits="1" branch="True" condition-coverage="50% (1/2)">
              <conditions>
                <condition number="208" type="jump" coverage="50%" />
              </conditions>
            </line>
            <line number="19" hits="0" branch="False" />
            <line number="20" hits="1" branch="False" />
            <line number="22" hits="1" branch="False" />
          </lines>
        </class>
        <class name="EmployeeRequestTrackerApp.Services.EmployeeBasicService/&lt;GetEmployees&gt;d__3" filename="Desktop\Day_1\Day_27\EmployeeRequestTrackerSolution\EmployeeRequestTrackerApp\Services\EmployeeBasicService.cs" line-rate="0" branch-rate="0" complexity="2">
          <methods>
            <method name="MoveNext" signature="()" line-rate="0" branch-rate="0" complexity="2">
              <lines>
                <line number="25" hits="0" branch="False" />
                <line number="26" hits="0" branch="False" />
                <line number="27" hits="0" branch="True" condition-coverage="0% (0/2)">
                  <conditions>
                    <condition number="163" type="jump" coverage="0%" />
                  </conditions>
                </line>
                <line number="28" hits="0" branch="False" />
                <line number="29" hits="0" branch="False" />
                <line number="30" hits="0" branch="False" />
              </lines>
            </method>
          </methods>
          <lines>
            <line number="25" hits="0" branch="False" />
            <line number="26" hits="0" branch="False" />
            <line number="27" hits="0" branch="True" condition-coverage="0% (0/2)">
              <conditions>
                <condition number="163" type="jump" coverage="0%" />
              </conditions>
            </line>
            <line number="28" hits="0" branch="False" />
            <line number="29" hits="0" branch="False" />
            <line number="30" hits="0" branch="False" />
          </lines>
        </class>
        <class name="EmployeeRequestTrackerApp.Services.EmployeeBasicService/&lt;UpdateEmployeePhone&gt;d__4" filename="Desktop\Day_1\Day_27\EmployeeRequestTrackerSolution\EmployeeRequestTrackerApp\Services\EmployeeBasicService.cs" line-rate="0" branch-rate="0" complexity="2">
          <methods>
            <method name="MoveNext" signature="()" line-rate="0" branch-rate="0" complexity="2">
              <lines>
                <line number="33" hits="0" branch="False" />
                <line number="34" hits="0" branch="False" />
                <line number="35" hits="0" branch="True" condition-coverage="0% (0/2)">
                  <conditions>
                    <condition number="175" type="jump" coverage="0%" />
                  </conditions>
                </line>
                <line number="36" hits="0" branch="False" />
                <line number="37" hits="0" branch="False" />
                <line number="38" hits="0" branch="False" />
                <line number="39" hits="0" branch="False" />
                <line number="40" hits="0" branch="False" />
              </lines>
            </method>
          </methods>
          <lines>
            <line number="33" hits="0" branch="False" />
            <line number="34" hits="0" branch="False" />
            <line number="35" hits="0" branch="True" condition-coverage="0% (0/2)">
              <conditions>
                <condition number="175" type="jump" coverage="0%" />
              </conditions>
            </line>
            <line number="36" hits="0" branch="False" />
            <line number="37" hits="0" branch="False" />
            <line number="38" hits="0" branch="False" />
            <line number="39" hits="0" branch="False" />
            <line number="40" hits="0" branch="False" />
          </lines>
        </class>
        <class name="EmployeeRequestTrackerApp.Services.RequestService" filename="Desktop\Day_1\Day_27\EmployeeRequestTrackerSolution\EmployeeRequestTrackerApp\Services\RequestService.cs" line-rate="0" branch-rate="1" complexity="2">
          <methods>
            <method name="MapRequestReturnToRequest" signature="(EmployeeRequestTrackerApp.Models.Request)" line-rate="0" branch-rate="1" complexity="1">
              <lines>
                <line number="32" hits="0" branch="False" />
                <line number="33" hits="0" branch="False" />
                <line number="34" hits="0" branch="False" />
                <line number="35" hits="0" branch="False" />
                <line number="36" hits="0" branch="False" />
                <line number="37" hits="0" branch="False" />
                <line number="38" hits="0" branch="False" />
                <line number="39" hits="0" branch="False" />
                <line number="40" hits="0" branch="False" />
              </lines>
            </method>
            <method name=".ctor" signature="(EmployeeRequestTrackerApp.Interfaces.IRepository`2&lt;System.Int32,EmployeeRequestTrackerApp.Models.Request&gt;,EmployeeRequestTrackerApp.Interfaces.IRepository`2&lt;System.Int32,EmployeeRequestTrackerApp.Models.Employee&gt;)" line-rate="0" branch-rate="1" complexity="1">
              <lines>
                <line number="13" hits="0" branch="False" />
                <line number="14" hits="0" branch="False" />
                <line number="15" hits="0" branch="False" />
                <line number="16" hits="0" branch="False" />
                <line number="17" hits="0" branch="False" />
              </lines>
            </method>
          </methods>
          <lines>
            <line number="32" hits="0" branch="False" />
            <line number="33" hits="0" branch="False" />
            <line number="34" hits="0" branch="False" />
            <line number="35" hits="0" branch="False" />
            <line number="36" hits="0" branch="False" />
            <line number="37" hits="0" branch="False" />
            <line number="38" hits="0" branch="False" />
            <line number="39" hits="0" branch="False" />
            <line number="40" hits="0" branch="False" />
            <line number="13" hits="0" branch="False" />
            <line number="14" hits="0" branch="False" />
            <line number="15" hits="0" branch="False" />
            <line number="16" hits="0" branch="False" />
            <line number="17" hits="0" branch="False" />
          </lines>
        </class>
        <class name="EmployeeRequestTrackerApp.Services.RequestService/&lt;&gt;c" filename="Desktop\Day_1\Day_27\EmployeeRequestTrackerSolution\EmployeeRequestTrackerApp\Services\RequestService.cs" line-rate="0" branch-rate="1" complexity="1">
          <methods>
            <method name="&lt;GetAllOpenEmployeesRequestByAdmin&gt;b__5_0" signature="(EmployeeRequestTrackerApp.Models.Request)" line-rate="0" branch-rate="1" complexity="1">
              <lines>
                <line number="51" hits="0" branch="False" />
              </lines>
            </method>
          </methods>
          <lines>
            <line number="51" hits="0" branch="False" />
          </lines>
        </class>
        <class name="EmployeeRequestTrackerApp.Services.RequestService/&lt;&gt;c__DisplayClass6_0" filename="Desktop\Day_1\Day_27\EmployeeRequestTrackerSolution\EmployeeRequestTrackerApp\Services\RequestService.cs" line-rate="0" branch-rate="1" complexity="1">
          <methods>
            <method name="&lt;GetAllRequestForEmployeeById&gt;b__0" signature="(EmployeeRequestTrackerApp.Models.Request)" line-rate="0" branch-rate="1" complexity="1">
              <lines>
                <line number="70" hits="0" branch="False" />
              </lines>
            </method>
          </methods>
          <lines>
            <line number="70" hits="0" branch="False" />
          </lines>
        </class>
        <class name="EmployeeRequestTrackerApp.Services.RequestService/&lt;AddRequest&gt;d__3" filename="Desktop\Day_1\Day_27\EmployeeRequestTrackerSolution\EmployeeRequestTrackerApp\Services\RequestService.cs" line-rate="0" branch-rate="0" complexity="2">
          <methods>
            <method name="MoveNext" signature="()" line-rate="0" branch-rate="0" complexity="2">
              <lines>
                <line number="19" hits="0" branch="False" />
                <line number="20" hits="0" branch="False" />
                <line number="21" hits="0" branch="True" condition-coverage="0% (0/2)">
                  <conditions>
                    <condition number="180" type="jump" coverage="0%" />
                  </conditions>
                </line>
                <line number="22" hits="0" branch="False" />
                <line number="23" hits="0" branch="False" />
                <line number="24" hits="0" branch="False" />
                <line number="25" hits="0" branch="False" />
                <line number="26" hits="0" branch="False" />
                <line number="28" hits="0" branch="False" />
                <line number="29" hits="0" branch="False" />
              </lines>
            </method>
          </methods>
          <lines>
            <line number="19" hits="0" branch="False" />
            <line number="20" hits="0" branch="False" />
            <line number="21" hits="0" branch="True" condition-coverage="0% (0/2)">
              <conditions>
                <condition number="180" type="jump" coverage="0%" />
              </conditions>
            </line>
            <line number="22" hits="0" branch="False" />
            <line number="23" hits="0" branch="False" />
            <line number="24" hits="0" branch="False" />
            <line number="25" hits="0" branch="False" />
            <line number="26" hits="0" branch="False" />
            <line number="28" hits="0" branch="False" />
            <line number="29" hits="0" branch="False" />
          </lines>
        </class>
        <class name="EmployeeRequestTrackerApp.Services.RequestService/&lt;GetAllOpenEmployeesRequestByAdmin&gt;d__5" filename="Desktop\Day_1\Day_27\EmployeeRequestTrackerSolution\EmployeeRequestTrackerApp\Services\RequestService.cs" line-rate="0" branch-rate="0" complexity="4">
          <methods>
            <method name="MoveNext" signature="()" line-rate="0" branch-rate="0" complexity="4">
              <lines>
                <line number="43" hits="0" branch="False" />
                <line number="45" hits="0" branch="False" />
                <line number="46" hits="0" branch="False" />
                <line number="47" hits="0" branch="True" condition-coverage="0% (0/2)">
                  <conditions>
                    <condition number="175" type="jump" coverage="0%" />
                  </conditions>
                </line>
                <line number="48" hits="0" branch="False" />
                <line number="49" hits="0" branch="False" />
                <line number="52" hits="0" branch="False" />
                <line number="53" hits="0" branch="True" condition-coverage="0% (0/2)">
                  <conditions>
                    <condition number="339" type="jump" coverage="0%" />
                  </conditions>
                </line>
                <line number="54" hits="0" branch="False" />
                <line number="55" hits="0" branch="False" />
                <line number="56" hits="0" branch="False" />
                <line number="57" hits="0" branch="False" />
                <line number="59" hits="0" branch="False" />
                <line number="60" hits="0" branch="False" />
                <line number="61" hits="0" branch="False" />
                <line number="63" hits="0" branch="False" />
              </lines>
            </method>
          </methods>
          <lines>
            <line number="43" hits="0" branch="False" />
            <line number="45" hits="0" branch="False" />
            <line number="46" hits="0" branch="False" />
            <line number="47" hits="0" branch="True" condition-coverage="0% (0/2)">
              <conditions>
                <condition number="175" type="jump" coverage="0%" />
              </conditions>
            </line>
            <line number="48" hits="0" branch="False" />
            <line number="49" hits="0" branch="False" />
            <line number="52" hits="0" branch="False" />
            <line number="53" hits="0" branch="True" condition-coverage="0% (0/2)">
              <conditions>
                <condition number="339" type="jump" coverage="0%" />
              </conditions>
            </line>
            <line number="54" hits="0" branch="False" />
            <line number="55" hits="0" branch="False" />
            <line number="56" hits="0" branch="False" />
            <line number="57" hits="0" branch="False" />
            <line number="59" hits="0" branch="False" />
            <line number="60" hits="0" branch="False" />
            <line number="61" hits="0" branch="False" />
            <line number="63" hits="0" branch="False" />
          </lines>
        </class>
        <class name="EmployeeRequestTrackerApp.Services.RequestService/&lt;GetAllRequestForEmployeeById&gt;d__6" filename="Desktop\Day_1\Day_27\EmployeeRequestTrackerSolution\EmployeeRequestTrackerApp\Services\RequestService.cs" line-rate="0" branch-rate="0" complexity="4">
          <methods>
            <method name="MoveNext" signature="()" line-rate="0" branch-rate="0" complexity="4">
              <lines>
                <line number="66" hits="0" branch="False" />
                <line number="68" hits="0" branch="False" />
                <line number="69" hits="0" branch="False" />
                <line number="71" hits="0" branch="True" condition-coverage="0% (0/2)">
                  <conditions>
                    <condition number="242" type="jump" coverage="0%" />
                  </conditions>
                </line>
                <line number="72" hits="0" branch="False" />
                <line number="73" hits="0" branch="False" />
                <line number="75" hits="0" branch="False" />
                <line number="76" hits="0" branch="True" condition-coverage="0% (0/2)">
                  <conditions>
                    <condition number="353" type="jump" coverage="0%" />
                  </conditions>
                </line>
                <line number="77" hits="0" branch="False" />
                <line number="78" hits="0" branch="False" />
                <line number="79" hits="0" branch="False" />
                <line number="80" hits="0" branch="False" />
                <line number="82" hits="0" branch="False" />
                <line number="83" hits="0" branch="False" />
                <line number="84" hits="0" branch="False" />
                <line number="86" hits="0" branch="False" />
              </lines>
            </method>
          </methods>
          <lines>
            <line number="66" hits="0" branch="False" />
            <line number="68" hits="0" branch="False" />
            <line number="69" hits="0" branch="False" />
            <line number="71" hits="0" branch="True" condition-coverage="0% (0/2)">
              <conditions>
                <condition number="242" type="jump" coverage="0%" />
              </conditions>
            </line>
            <line number="72" hits="0" branch="False" />
            <line number="73" hits="0" branch="False" />
            <line number="75" hits="0" branch="False" />
            <line number="76" hits="0" branch="True" condition-coverage="0% (0/2)">
              <conditions>
                <condition number="353" type="jump" coverage="0%" />
              </conditions>
            </line>
            <line number="77" hits="0" branch="False" />
            <line number="78" hits="0" branch="False" />
            <line number="79" hits="0" branch="False" />
            <line number="80" hits="0" branch="False" />
            <line number="82" hits="0" branch="False" />
            <line number="83" hits="0" branch="False" />
            <line number="84" hits="0" branch="False" />
            <line number="86" hits="0" branch="False" />
          </lines>
        </class>
        <class name="EmployeeRequestTrackerApp.Services.TokenService" filename="Desktop\Day_1\Day_27\EmployeeRequestTrackerSolution\EmployeeRequestTrackerApp\Services\TokenService.cs" line-rate="1" branch-rate="1" complexity="2">
          <methods>
            <method name="GenerateToken" signature="(EmployeeRequestTrackerApp.Models.Employee)" line-rate="1" branch-rate="1" complexity="1">
              <lines>
                <line number="23" hits="1" branch="False" />
                <line number="24" hits="1" branch="False" />
                <line number="26" hits="1" branch="False" />
                <line number="27" hits="1" branch="False" />
                <line number="28" hits="1" branch="False" />
                <line number="29" hits="1" branch="False" />
                <line number="30" hits="1" branch="False" />
                <line number="32" hits="1" branch="False" />
                <line number="34" hits="1" branch="False" />
                <line number="35" hits="1" branch="False" />
                <line number="36" hits="1" branch="False" />
                <line number="37" hits="1" branch="False" />
              </lines>
            </method>
            <method name=".ctor" signature="(Microsoft.Extensions.Configuration.IConfiguration)" line-rate="1" branch-rate="1" complexity="1">
              <lines>
                <line number="15" hits="1" branch="False" />
                <line number="16" hits="1" branch="False" />
                <line number="18" hits="1" branch="False" />
                <line number="20" hits="1" branch="False" />
                <line number="21" hits="1" branch="False" />
              </lines>
            </method>
          </methods>
          <lines>
            <line number="23" hits="1" branch="False" />
            <line number="24" hits="1" branch="False" />
            <line number="26" hits="1" branch="False" />
            <line number="27" hits="1" branch="False" />
            <line number="28" hits="1" branch="False" />
            <line number="29" hits="1" branch="False" />
            <line number="30" hits="1" branch="False" />
            <line number="32" hits="1" branch="False" />
            <line number="34" hits="1" branch="False" />
            <line number="35" hits="1" branch="False" />
            <line number="36" hits="1" branch="False" />
            <line number="37" hits="1" branch="False" />
            <line number="15" hits="1" branch="False" />
            <line number="16" hits="1" branch="False" />
            <line number="18" hits="1" branch="False" />
            <line number="20" hits="1" branch="False" />
            <line number="21" hits="1" branch="False" />
          </lines>
        </class>
        <class name="EmployeeRequestTrackerApp.Services.UserService" filename="Desktop\Day_1\Day_27\EmployeeRequestTrackerSolution\EmployeeRequestTrackerApp\Services\UserService.cs" line-rate="0" branch-rate="0" complexity="9">
          <methods>
            <method name="ComparePassword" signature="(System.Byte[],System.Byte[])" line-rate="0" branch-rate="0" complexity="4">
              <lines>
                <line number="50" hits="0" branch="False" />
                <line number="51" hits="0" branch="True" condition-coverage="0% (0/2)">
                  <conditions>
                    <condition number="39" type="jump" coverage="0%" />
                  </conditions>
                </line>
                <line number="52" hits="0" branch="False" />
                <line number="53" hits="0" branch="True" condition-coverage="0% (0/2)">
                  <conditions>
                    <condition number="19" type="jump" coverage="0%" />
                  </conditions>
                </line>
                <line number="54" hits="0" branch="False" />
                <line number="55" hits="0" branch="False" />
                <line number="57" hits="0" branch="False" />
                <line number="58" hits="0" branch="False" />
                <line number="59" hits="0" branch="False" />
              </lines>
            </method>
            <method name="MapEmploeeToLoginReturn" signature="(EmployeeRequestTrackerApp.Models.Employee)" line-rate="0" branch-rate="0" complexity="2">
              <lines>
                <line number="86" hits="0" branch="False" />
                <line number="87" hits="0" branch="False" />
                <line number="88" hits="0" branch="False" />
                <line number="89" hits="0" branch="True" condition-coverage="0% (0/2)">
                  <conditions>
                    <condition number="28" type="jump" coverage="0%" />
                  </conditions>
                </line>
                <line number="90" hits="0" branch="False" />
                <line number="91" hits="0" branch="False" />
                <line number="92" hits="0" branch="False" />
              </lines>
            </method>
            <method name="MapEmployeeUserDTOToUser" signature="(EmployeeRequestTrackerApp.Models.DTOs.EmployeeUserDTO)" line-rate="0" branch-rate="1" complexity="1">
              <lines>
                <line number="105" hits="0" branch="False" />
                <line number="106" hits="0" branch="False" />
                <line number="107" hits="0" branch="False" />
                <line number="108" hits="0" branch="False" />
                <line number="109" hits="0" branch="False" />
                <line number="110" hits="0" branch="False" />
                <line number="111" hits="0" branch="False" />
                <line number="112" hits="0" branch="False" />
                <line number="113" hits="0" branch="False" />
              </lines>
            </method>
            <method name="MapActivateUserReturnTOUpdatedUser" signature="(EmployeeRequestTrackerApp.Models.User)" line-rate="0" branch-rate="1" complexity="1">
              <lines>
                <line number="133" hits="0" branch="False" />
                <line number="134" hits="0" branch="False" />
                <line number="135" hits="0" branch="False" />
                <line number="136" hits="0" branch="False" />
                <line number="137" hits="0" branch="False" />
                <line number="138" hits="0" branch="False" />
              </lines>
            </method>
            <method name=".ctor" signature="(EmployeeRequestTrackerApp.Interfaces.IRepository`2&lt;System.Int32,EmployeeRequestTrackerApp.Models.User&gt;,EmployeeRequestTrackerApp.Interfaces.IRepository`2&lt;System.Int32,EmployeeRequestTrackerApp.Models.Employee&gt;,EmployeeRequestTrackerApp.Interfaces.ITokenService)" line-rate="0" branch-rate="1" complexity="1">
              <lines>
                <line number="16" hits="0" branch="False" />
                <line number="17" hits="0" branch="False" />
                <line number="18" hits="0" branch="False" />
                <line number="19" hits="0" branch="False" />
                <line number="20" hits="0" branch="False" />
                <line number="21" hits="0" branch="False" />
              </lines>
            </method>
          </methods>
          <lines>
            <line number="50" hits="0" branch="False" />
            <line number="51" hits="0" branch="True" condition-coverage="0% (0/2)">
              <conditions>
                <condition number="39" type="jump" coverage="0%" />
              </conditions>
            </line>
            <line number="52" hits="0" branch="False" />
            <line number="53" hits="0" branch="True" condition-coverage="0% (0/2)">
              <conditions>
                <condition number="19" type="jump" coverage="0%" />
              </conditions>
            </line>
            <line number="54" hits="0" branch="False" />
            <line number="55" hits="0" branch="False" />
            <line number="57" hits="0" branch="False" />
            <line number="58" hits="0" branch="False" />
            <line number="59" hits="0" branch="False" />
            <line number="86" hits="0" branch="False" />
            <line number="87" hits="0" branch="False" />
            <line number="88" hits="0" branch="False" />
            <line number="89" hits="0" branch="True" condition-coverage="0% (0/2)">
              <conditions>
                <condition number="28" type="jump" coverage="0%" />
              </conditions>
            </line>
            <line number="90" hits="0" branch="False" />
            <line number="91" hits="0" branch="False" />
            <line number="92" hits="0" branch="False" />
            <line number="105" hits="0" branch="False" />
            <line number="106" hits="0" branch="False" />
            <line number="107" hits="0" branch="False" />
            <line number="108" hits="0" branch="False" />
            <line number="109" hits="0" branch="False" />
            <line number="110" hits="0" branch="False" />
            <line number="111" hits="0" branch="False" />
            <line number="112" hits="0" branch="False" />
            <line number="113" hits="0" branch="False" />
            <line number="133" hits="0" branch="False" />
            <line number="134" hits="0" branch="False" />
            <line number="135" hits="0" branch="False" />
            <line number="136" hits="0" branch="False" />
            <line number="137" hits="0" branch="False" />
            <line number="138" hits="0" branch="False" />
            <line number="16" hits="0" branch="False" />
            <line number="17" hits="0" branch="False" />
            <line number="18" hits="0" branch="False" />
            <line number="19" hits="0" branch="False" />
            <line number="20" hits="0" branch="False" />
            <line number="21" hits="0" branch="False" />
          </lines>
        </class>
        <class name="EmployeeRequestTrackerApp.Services.UserService/&lt;ActivateUserById&gt;d__11" filename="Desktop\Day_1\Day_27\EmployeeRequestTrackerSolution\EmployeeRequestTrackerApp\Services\UserService.cs" line-rate="0" branch-rate="0" complexity="4">
          <methods>
            <method name="MoveNext" signature="()" line-rate="0" branch-rate="0" complexity="4">
              <lines>
                <line number="116" hits="0" branch="False" />
                <line number="117" hits="0" branch="False" />
                <line number="118" hits="0" branch="True" condition-coverage="0% (0/2)">
                  <conditions>
                    <condition number="180" type="jump" coverage="0%" />
                  </conditions>
                </line>
                <line number="119" hits="0" branch="False" />
                <line number="120" hits="0" branch="False" />
                <line number="122" hits="0" branch="False" />
                <line number="123" hits="0" branch="False" />
                <line number="124" hits="0" branch="True" condition-coverage="0% (0/2)">
                  <conditions>
                    <condition number="375" type="jump" coverage="0%" />
                  </conditions>
                </line>
                <line number="125" hits="0" branch="False" />
                <line number="126" hits="0" branch="False" />
                <line number="127" hits="0" branch="False" />
                <line number="129" hits="0" branch="False" />
                <line number="130" hits="0" branch="False" />
              </lines>
            </method>
          </methods>
          <lines>
            <line number="116" hits="0" branch="False" />
            <line number="117" hits="0" branch="False" />
            <line number="118" hits="0" branch="True" condition-coverage="0% (0/2)">
              <conditions>
                <condition number="180" type="jump" coverage="0%" />
              </conditions>
            </line>
            <line number="119" hits="0" branch="False" />
            <line number="120" hits="0" branch="False" />
            <line number="122" hits="0" branch="False" />
            <line number="123" hits="0" branch="False" />
            <line number="124" hits="0" branch="True" condition-coverage="0% (0/2)">
              <conditions>
                <condition number="375" type="jump" coverage="0%" />
              </conditions>
            </line>
            <line number="125" hits="0" branch="False" />
            <line number="126" hits="0" branch="False" />
            <line number="127" hits="0" branch="False" />
            <line number="129" hits="0" branch="False" />
            <line number="130" hits="0" branch="False" />
          </lines>
        </class>
        <class name="EmployeeRequestTrackerApp.Services.UserService/&lt;Login&gt;d__4" filename="Desktop\Day_1\Day_27\EmployeeRequestTrackerSolution\EmployeeRequestTrackerApp\Services\UserService.cs" line-rate="0" branch-rate="0" complexity="6">
          <methods>
            <method name="MoveNext" signature="()" line-rate="0" branch-rate="0" complexity="6">
              <lines>
                <line number="23" hits="0" branch="False" />
                <line number="24" hits="0" branch="False" />
                <line number="25" hits="0" branch="True" condition-coverage="0% (0/2)">
                  <conditions>
                    <condition number="180" type="jump" coverage="0%" />
                  </conditions>
                </line>
                <line number="26" hits="0" branch="False" />
                <line number="27" hits="0" branch="False" />
                <line number="30" hits="0" branch="False" />
                <line number="32" hits="0" branch="False" />
                <line number="34" hits="0" branch="False" />
                <line number="36" hits="0" branch="True" condition-coverage="0% (0/2)">
                  <conditions>
                    <condition number="298" type="jump" coverage="0%" />
                  </conditions>
                </line>
                <line number="37" hits="0" branch="False" />
                <line number="38" hits="0" branch="False" />
                <line number="39" hits="0" branch="True" condition-coverage="0% (0/2)">
                  <conditions>
                    <condition number="473" type="jump" coverage="0%" />
                  </conditions>
                </line>
                <line number="40" hits="0" branch="False" />
                <line number="41" hits="0" branch="False" />
                <line number="42" hits="0" branch="False" />
                <line number="44" hits="0" branch="False" />
                <line number="46" hits="0" branch="False" />
                <line number="47" hits="0" branch="False" />
              </lines>
            </method>
          </methods>
          <lines>
            <line number="23" hits="0" branch="False" />
            <line number="24" hits="0" branch="False" />
            <line number="25" hits="0" branch="True" condition-coverage="0% (0/2)">
              <conditions>
                <condition number="180" type="jump" coverage="0%" />
              </conditions>
            </line>
            <line number="26" hits="0" branch="False" />
            <line number="27" hits="0" branch="False" />
            <line number="30" hits="0" branch="False" />
            <line number="32" hits="0" branch="False" />
            <line number="34" hits="0" branch="False" />
            <line number="36" hits="0" branch="True" condition-coverage="0% (0/2)">
              <conditions>
                <condition number="298" type="jump" coverage="0%" />
              </conditions>
            </line>
            <line number="37" hits="0" branch="False" />
            <line number="38" hits="0" branch="False" />
            <line number="39" hits="0" branch="True" condition-coverage="0% (0/2)">
              <conditions>
                <condition number="473" type="jump" coverage="0%" />
              </conditions>
            </line>
            <line number="40" hits="0" branch="False" />
            <line number="41" hits="0" branch="False" />
            <line number="42" hits="0" branch="False" />
            <line number="44" hits="0" branch="False" />
            <line number="46" hits="0" branch="False" />
            <line number="47" hits="0" branch="False" />
          </lines>
        </class>
        <class name="EmployeeRequestTrackerApp.Services.UserService/&lt;Register&gt;d__6" filename="Desktop\Day_1\Day_27\EmployeeRequestTrackerSolution\EmployeeRequestTrackerApp\Services\UserService.cs" line-rate="0" branch-rate="0" complexity="6">
          <methods>
            <method name="MoveNext" signature="()" line-rate="0" branch-rate="0" complexity="6">
              <lines>
                <line number="62" hits="0" branch="False" />
                <line number="63" hits="0" branch="False" />
                <line number="64" hits="0" branch="False" />
                <line number="66" hits="0" branch="False" />
                <line number="68" hits="0" branch="False" />
                <line number="70" hits="0" branch="False" />
                <line number="71" hits="0" branch="False" />
                <line number="72" hits="0" branch="False" />
                <line number="73" hits="0" branch="False" />
                <line number="74" hits="0" branch="False" />
                <line number="75" hits="0" branch="False" />
                <line number="77" hits="0" branch="False" />
                <line number="78" hits="0" branch="True" condition-coverage="0% (0/2)">
                  <conditions>
                    <condition number="463" type="jump" coverage="0%" />
                  </conditions>
                </line>
                <line number="79" hits="0" branch="False" />
                <line number="80" hits="0" branch="True" condition-coverage="0% (0/4)">
                  <conditions>
                    <condition number="581" type="jump" coverage="0%" />
                    <condition number="599" type="jump" coverage="0%" />
                  </conditions>
                </line>
                <line number="81" hits="0" branch="False" />
                <line number="82" hits="0" branch="False" />
                <line number="83" hits="0" branch="False" />
              </lines>
            </method>
          </methods>
          <lines>
            <line number="62" hits="0" branch="False" />
            <line number="63" hits="0" branch="False" />
            <line number="64" hits="0" branch="False" />
            <line number="66" hits="0" branch="False" />
            <line number="68" hits="0" branch="False" />
            <line number="70" hits="0" branch="False" />
            <line number="71" hits="0" branch="False" />
            <line number="72" hits="0" branch="False" />
            <line number="73" hits="0" branch="False" />
            <line number="74" hits="0" branch="False" />
            <line number="75" hits="0" branch="False" />
            <line number="77" hits="0" branch="False" />
            <line number="78" hits="0" branch="True" condition-coverage="0% (0/2)">
              <conditions>
                <condition number="463" type="jump" coverage="0%" />
              </conditions>
            </line>
            <line number="79" hits="0" branch="False" />
            <line number="80" hits="0" branch="True" condition-coverage="0% (0/4)">
              <conditions>
                <condition number="581" type="jump" coverage="0%" />
                <condition number="599" type="jump" coverage="0%" />
              </conditions>
            </line>
            <line number="81" hits="0" branch="False" />
            <line number="82" hits="0" branch="False" />
            <line number="83" hits="0" branch="False" />
          </lines>
        </class>
        <class name="EmployeeRequestTrackerApp.Services.UserService/&lt;RevertEmployeeInsert&gt;d__9" filename="Desktop\Day_1\Day_27\EmployeeRequestTrackerSolution\EmployeeRequestTrackerApp\Services\UserService.cs" line-rate="0" branch-rate="1" complexity="1">
          <methods>
            <method name="MoveNext" signature="()" line-rate="0" branch-rate="1" complexity="1">
              <lines>
                <line number="100" hits="0" branch="False" />
                <line number="101" hits="0" branch="False" />
                <line number="102" hits="0" branch="False" />
              </lines>
            </method>
          </methods>
          <lines>
            <line number="100" hits="0" branch="False" />
            <line number="101" hits="0" branch="False" />
            <line number="102" hits="0" branch="False" />
          </lines>
        </class>
        <class name="EmployeeRequestTrackerApp.Services.UserService/&lt;RevertUserInsert&gt;d__8" filename="Desktop\Day_1\Day_27\EmployeeRequestTrackerSolution\EmployeeRequestTrackerApp\Services\UserService.cs" line-rate="0" branch-rate="1" complexity="1">
          <methods>
            <method name="MoveNext" signature="()" line-rate="0" branch-rate="1" complexity="1">
              <lines>
                <line number="95" hits="0" branch="False" />
                <line number="96" hits="0" branch="False" />
                <line number="97" hits="0" branch="False" />
              </lines>
            </method>
          </methods>
          <lines>
            <line number="95" hits="0" branch="False" />
            <line number="96" hits="0" branch="False" />
            <line number="97" hits="0" branch="False" />
          </lines>
        </class>
        <class name="EmployeeRequestTrackerApp.Repositories.EmployeeRepository" filename="Desktop\Day_1\Day_27\EmployeeRequestTrackerSolution\EmployeeRequestTrackerApp\Repositories\EmployeeRepository.cs" line-rate="1" branch-rate="1" complexity="1">
          <methods>
            <method name=".ctor" signature="(EmployeeRequestTrackerApp.Contexts.cs.RequestTrackerContext)" line-rate="1" branch-rate="1" complexity="1">
              <lines>
                <line number="12" hits="1" branch="False" />
                <line number="13" hits="1" branch="False" />
                <line number="14" hits="1" branch="False" />
                <line number="15" hits="1" branch="False" />
              </lines>
            </method>
          </methods>
          <lines>
            <line number="12" hits="1" branch="False" />
            <line number="13" hits="1" branch="False" />
            <line number="14" hits="1" branch="False" />
            <line number="15" hits="1" branch="False" />
          </lines>
        </class>
        <class name="EmployeeRequestTrackerApp.Repositories.EmployeeRepository/&lt;Add&gt;d__2" filename="Desktop\Day_1\Day_27\EmployeeRequestTrackerSolution\EmployeeRequestTrackerApp\Repositories\EmployeeRepository.cs" line-rate="1" branch-rate="1" complexity="1">
          <methods>
            <method name="MoveNext" signature="()" line-rate="1" branch-rate="1" complexity="1">
              <lines>
                <line number="17" hits="1" branch="False" />
                <line number="18" hits="1" branch="False" />
                <line number="19" hits="1" branch="False" />
                <line number="20" hits="1" branch="False" />
                <line number="21" hits="1" branch="False" />
              </lines>
            </method>
          </methods>
          <lines>
            <line number="17" hits="1" branch="False" />
            <line number="18" hits="1" branch="False" />
            <line number="19" hits="1" branch="False" />
            <line number="20" hits="1" branch="False" />
            <line number="21" hits="1" branch="False" />
          </lines>
        </class>
        <class name="EmployeeRequestTrackerApp.Repositories.EmployeeRepository/&lt;Delete&gt;d__3" filename="Desktop\Day_1\Day_27\EmployeeRequestTrackerSolution\EmployeeRequestTrackerApp\Repositories\EmployeeRepository.cs" line-rate="0" branch-rate="0" complexity="2">
          <methods>
            <method name="MoveNext" signature="()" line-rate="0" branch-rate="0" complexity="2">
              <lines>
                <line number="24" hits="0" branch="False" />
                <line number="25" hits="0" branch="False" />
                <line number="26" hits="0" branch="True" condition-coverage="0% (0/2)">
                  <conditions>
                    <condition number="159" type="jump" coverage="0%" />
                  </conditions>
                </line>
                <line number="27" hits="0" branch="False" />
                <line number="28" hits="0" branch="False" />
                <line number="29" hits="0" branch="False" />
                <line number="30" hits="0" branch="False" />
                <line number="32" hits="0" branch="False" />
                <line number="33" hits="0" branch="False" />
              </lines>
            </method>
          </methods>
          <lines>
            <line number="24" hits="0" branch="False" />
            <line number="25" hits="0" branch="False" />
            <line number="26" hits="0" branch="True" condition-coverage="0% (0/2)">
              <conditions>
                <condition number="159" type="jump" coverage="0%" />
              </conditions>
            </line>
            <line number="27" hits="0" branch="False" />
            <line number="28" hits="0" branch="False" />
            <line number="29" hits="0" branch="False" />
            <line number="30" hits="0" branch="False" />
            <line number="32" hits="0" branch="False" />
            <line number="33" hits="0" branch="False" />
          </lines>
        </class>
        <class name="EmployeeRequestTrackerApp.Repositories.EmployeeRepository/&lt;Get&gt;d__4" filename="Desktop\Day_1\Day_27\EmployeeRequestTrackerSolution\EmployeeRequestTrackerApp\Repositories\EmployeeRepository.cs" line-rate="0" branch-rate="1" complexity="1">
          <methods>
            <method name="MoveNext" signature="()" line-rate="0" branch-rate="1" complexity="1">
              <lines>
                <line number="36" hits="0" branch="False" />
                <line number="37" hits="0" branch="False" />
                <line number="38" hits="0" branch="False" />
                <line number="39" hits="0" branch="False" />
              </lines>
            </method>
          </methods>
          <lines>
            <line number="36" hits="0" branch="False" />
            <line number="37" hits="0" branch="False" />
            <line number="38" hits="0" branch="False" />
            <line number="39" hits="0" branch="False" />
          </lines>
        </class>
        <class name="EmployeeRequestTrackerApp.Repositories.EmployeeRepository/&lt;Get&gt;d__5" filename="Desktop\Day_1\Day_27\EmployeeRequestTrackerSolution\EmployeeRequestTrackerApp\Repositories\EmployeeRepository.cs" line-rate="1" branch-rate="1" complexity="1">
          <methods>
            <method name="MoveNext" signature="()" line-rate="1" branch-rate="1" complexity="1">
              <lines>
                <line number="42" hits="1" branch="False" />
                <line number="43" hits="1" branch="False" />
                <line number="44" hits="1" branch="False" />
                <line number="46" hits="1" branch="False" />
              </lines>
            </method>
          </methods>
          <lines>
            <line number="42" hits="1" branch="False" />
            <line number="43" hits="1" branch="False" />
            <line number="44" hits="1" branch="False" />
            <line number="46" hits="1" branch="False" />
          </lines>
        </class>
        <class name="EmployeeRequestTrackerApp.Repositories.EmployeeRepository/&lt;Update&gt;d__6" filename="Desktop\Day_1\Day_27\EmployeeRequestTrackerSolution\EmployeeRequestTrackerApp\Repositories\EmployeeRepository.cs" line-rate="0" branch-rate="0" complexity="2">
          <methods>
            <method name="MoveNext" signature="()" line-rate="0" branch-rate="0" complexity="2">
              <lines>
                <line number="49" hits="0" branch="False" />
                <line number="50" hits="0" branch="False" />
                <line number="51" hits="0" branch="True" condition-coverage="0% (0/2)">
                  <conditions>
                    <condition number="164" type="jump" coverage="0%" />
                  </conditions>
                </line>
                <line number="52" hits="0" branch="False" />
                <line number="53" hits="0" branch="False" />
                <line number="54" hits="0" branch="False" />
                <line number="55" hits="0" branch="False" />
                <line number="57" hits="0" branch="False" />
                <line number="58" hits="0" branch="False" />
              </lines>
            </method>
          </methods>
          <lines>
            <line number="49" hits="0" branch="False" />
            <line number="50" hits="0" branch="False" />
            <line number="51" hits="0" branch="True" condition-coverage="0% (0/2)">
              <conditions>
                <condition number="164" type="jump" coverage="0%" />
              </conditions>
            </line>
            <line number="52" hits="0" branch="False" />
            <line number="53" hits="0" branch="False" />
            <line number="54" hits="0" branch="False" />
            <line number="55" hits="0" branch="False" />
            <line number="57" hits="0" branch="False" />
            <line number="58" hits="0" branch="False" />
          </lines>
        </class>
        <class name="EmployeeRequestTrackerApp.Repositories.RequestRepository" filename="Desktop\Day_1\Day_27\EmployeeRequestTrackerSolution\EmployeeRequestTrackerApp\Repositories\RequestRepository.cs" line-rate="0" branch-rate="1" complexity="1">
          <methods>
            <method name=".ctor" signature="(EmployeeRequestTrackerApp.Contexts.cs.RequestTrackerContext)" line-rate="0" branch-rate="1" complexity="1">
              <lines>
                <line number="12" hits="0" branch="False" />
                <line number="13" hits="0" branch="False" />
                <line number="14" hits="0" branch="False" />
                <line number="15" hits="0" branch="False" />
              </lines>
            </method>
          </methods>
          <lines>
            <line number="12" hits="0" branch="False" />
            <line number="13" hits="0" branch="False" />
            <line number="14" hits="0" branch="False" />
            <line number="15" hits="0" branch="False" />
          </lines>
        </class>
        <class name="EmployeeRequestTrackerApp.Repositories.RequestRepository/&lt;Add&gt;d__2" filename="Desktop\Day_1\Day_27\EmployeeRequestTrackerSolution\EmployeeRequestTrackerApp\Repositories\RequestRepository.cs" line-rate="0" branch-rate="1" complexity="1">
          <methods>
            <method name="MoveNext" signature="()" line-rate="0" branch-rate="1" complexity="1">
              <lines>
                <line number="17" hits="0" branch="False" />
                <line number="18" hits="0" branch="False" />
                <line number="19" hits="0" branch="False" />
                <line number="20" hits="0" branch="False" />
                <line number="21" hits="0" branch="False" />
              </lines>
            </method>
          </methods>
          <lines>
            <line number="17" hits="0" branch="False" />
            <line number="18" hits="0" branch="False" />
            <line number="19" hits="0" branch="False" />
            <line number="20" hits="0" branch="False" />
            <line number="21" hits="0" branch="False" />
          </lines>
        </class>
        <class name="EmployeeRequestTrackerApp.Repositories.RequestRepository/&lt;Delete&gt;d__3" filename="Desktop\Day_1\Day_27\EmployeeRequestTrackerSolution\EmployeeRequestTrackerApp\Repositories\RequestRepository.cs" line-rate="0" branch-rate="0" complexity="2">
          <methods>
            <method name="MoveNext" signature="()" line-rate="0" branch-rate="0" complexity="2">
              <lines>
                <line number="24" hits="0" branch="False" />
                <line number="25" hits="0" branch="False" />
                <line number="26" hits="0" branch="True" condition-coverage="0% (0/2)">
                  <conditions>
                    <condition number="170" type="jump" coverage="0%" />
                  </conditions>
                </line>
                <line number="27" hits="0" branch="False" />
                <line number="28" hits="0" branch="False" />
                <line number="29" hits="0" branch="False" />
                <line number="30" hits="0" branch="False" />
                <line number="31" hits="0" branch="False" />
                <line number="32" hits="0" branch="False" />
              </lines>
            </method>
          </methods>
          <lines>
            <line number="24" hits="0" branch="False" />
            <line number="25" hits="0" branch="False" />
            <line number="26" hits="0" branch="True" condition-coverage="0% (0/2)">
              <conditions>
                <condition number="170" type="jump" coverage="0%" />
              </conditions>
            </line>
            <line number="27" hits="0" branch="False" />
            <line number="28" hits="0" branch="False" />
            <line number="29" hits="0" branch="False" />
            <line number="30" hits="0" branch="False" />
            <line number="31" hits="0" branch="False" />
            <line number="32" hits="0" branch="False" />
          </lines>
        </class>
        <class name="EmployeeRequestTrackerApp.Repositories.RequestRepository/&lt;Get&gt;d__4" filename="Desktop\Day_1\Day_27\EmployeeRequestTrackerSolution\EmployeeRequestTrackerApp\Repositories\RequestRepository.cs" line-rate="0" branch-rate="1" complexity="1">
          <methods>
            <method name="MoveNext" signature="()" line-rate="0" branch-rate="1" complexity="1">
              <lines>
                <line number="35" hits="0" branch="False" />
                <line number="36" hits="0" branch="False" />
                <line number="37" hits="0" branch="False" />
                <line number="38" hits="0" branch="False" />
              </lines>
            </method>
          </methods>
          <lines>
            <line number="35" hits="0" branch="False" />
            <line number="36" hits="0" branch="False" />
            <line number="37" hits="0" branch="False" />
            <line number="38" hits="0" branch="False" />
          </lines>
        </class>
        <class name="EmployeeRequestTrackerApp.Repositories.RequestRepository/&lt;Get&gt;d__5" filename="Desktop\Day_1\Day_27\EmployeeRequestTrackerSolution\EmployeeRequestTrackerApp\Repositories\RequestRepository.cs" line-rate="0" branch-rate="1" complexity="1">
          <methods>
            <method name="MoveNext" signature="()" line-rate="0" branch-rate="1" complexity="1">
              <lines>
                <line number="41" hits="0" branch="False" />
                <line number="42" hits="0" branch="False" />
                <line number="43" hits="0" branch="False" />
              </lines>
            </method>
          </methods>
          <lines>
            <line number="41" hits="0" branch="False" />
            <line number="42" hits="0" branch="False" />
            <line number="43" hits="0" branch="False" />
          </lines>
        </class>
        <class name="EmployeeRequestTrackerApp.Repositories.RequestRepository/&lt;Update&gt;d__6" filename="Desktop\Day_1\Day_27\EmployeeRequestTrackerSolution\EmployeeRequestTrackerApp\Repositories\RequestRepository.cs" line-rate="0" branch-rate="0" complexity="2">
          <methods>
            <method name="MoveNext" signature="()" line-rate="0" branch-rate="0" complexity="2">
              <lines>
                <line number="46" hits="0" branch="False" />
                <line number="47" hits="0" branch="False" />
                <line number="48" hits="0" branch="True" condition-coverage="0% (0/2)">
                  <conditions>
                    <condition number="175" type="jump" coverage="0%" />
                  </conditions>
                </line>
                <line number="49" hits="0" branch="False" />
                <line number="50" hits="0" branch="False" />
                <line number="51" hits="0" branch="False" />
                <line number="52" hits="0" branch="False" />
                <line number="53" hits="0" branch="False" />
                <line number="54" hits="0" branch="False" />
              </lines>
            </method>
          </methods>
          <lines>
            <line number="46" hits="0" branch="False" />
            <line number="47" hits="0" branch="False" />
            <line number="48" hits="0" branch="True" condition-coverage="0% (0/2)">
              <conditions>
                <condition number="175" type="jump" coverage="0%" />
              </conditions>
            </line>
            <line number="49" hits="0" branch="False" />
            <line number="50" hits="0" branch="False" />
            <line number="51" hits="0" branch="False" />
            <line number="52" hits="0" branch="False" />
            <line number="53" hits="0" branch="False" />
            <line number="54" hits="0" branch="False" />
          </lines>
        </class>
        <class name="EmployeeRequestTrackerApp.Repositories.UserRepository" filename="Desktop\Day_1\Day_27\EmployeeRequestTrackerSolution\EmployeeRequestTrackerApp\Repositories\UserRepository.cs" line-rate="0" branch-rate="1" complexity="1">
          <methods>
            <method name=".ctor" signature="(EmployeeRequestTrackerApp.Contexts.cs.RequestTrackerContext)" line-rate="0" branch-rate="1" complexity="1">
              <lines>
                <line number="12" hits="0" branch="False" />
                <line number="13" hits="0" branch="False" />
                <line number="14" hits="0" branch="False" />
                <line number="15" hits="0" branch="False" />
              </lines>
            </method>
          </methods>
          <lines>
            <line number="12" hits="0" branch="False" />
            <line number="13" hits="0" branch="False" />
            <line number="14" hits="0" branch="False" />
            <line number="15" hits="0" branch="False" />
          </lines>
        </class>
        <class name="EmployeeRequestTrackerApp.Repositories.UserRepository/&lt;Add&gt;d__2" filename="Desktop\Day_1\Day_27\EmployeeRequestTrackerSolution\EmployeeRequestTrackerApp\Repositories\UserRepository.cs" line-rate="0" branch-rate="1" complexity="1">
          <methods>
            <method name="MoveNext" signature="()" line-rate="0" branch-rate="1" complexity="1">
              <lines>
                <line number="20" hits="0" branch="False" />
                <line number="21" hits="0" branch="False" />
                <line number="22" hits="0" branch="False" />
                <line number="23" hits="0" branch="False" />
                <line number="24" hits="0" branch="False" />
                <line number="25" hits="0" branch="False" />
              </lines>
            </method>
          </methods>
          <lines>
            <line number="20" hits="0" branch="False" />
            <line number="21" hits="0" branch="False" />
            <line number="22" hits="0" branch="False" />
            <line number="23" hits="0" branch="False" />
            <line number="24" hits="0" branch="False" />
            <line number="25" hits="0" branch="False" />
          </lines>
        </class>
        <class name="EmployeeRequestTrackerApp.Repositories.UserRepository/&lt;Delete&gt;d__3" filename="Desktop\Day_1\Day_27\EmployeeRequestTrackerSolution\EmployeeRequestTrackerApp\Repositories\UserRepository.cs" line-rate="0" branch-rate="0" complexity="2">
          <methods>
            <method name="MoveNext" signature="()" line-rate="0" branch-rate="0" complexity="2">
              <lines>
                <line number="30" hits="0" branch="False" />
                <line number="31" hits="0" branch="False" />
                <line number="32" hits="0" branch="True" condition-coverage="0% (0/2)">
                  <conditions>
                    <condition number="170" type="jump" coverage="0%" />
                  </conditions>
                </line>
                <line number="33" hits="0" branch="False" />
                <line number="34" hits="0" branch="False" />
                <line number="35" hits="0" branch="False" />
                <line number="36" hits="0" branch="False" />
                <line number="38" hits="0" branch="False" />
                <line number="39" hits="0" branch="False" />
              </lines>
            </method>
          </methods>
          <lines>
            <line number="30" hits="0" branch="False" />
            <line number="31" hits="0" branch="False" />
            <line number="32" hits="0" branch="True" condition-coverage="0% (0/2)">
              <conditions>
                <condition number="170" type="jump" coverage="0%" />
              </conditions>
            </line>
            <line number="33" hits="0" branch="False" />
            <line number="34" hits="0" branch="False" />
            <line number="35" hits="0" branch="False" />
            <line number="36" hits="0" branch="False" />
            <line number="38" hits="0" branch="False" />
            <line number="39" hits="0" branch="False" />
          </lines>
        </class>
        <class name="EmployeeRequestTrackerApp.Repositories.UserRepository/&lt;Get&gt;d__4" filename="Desktop\Day_1\Day_27\EmployeeRequestTrackerSolution\EmployeeRequestTrackerApp\Repositories\UserRepository.cs" line-rate="0" branch-rate="1" complexity="1">
          <methods>
            <method name="MoveNext" signature="()" line-rate="0" branch-rate="1" complexity="1">
              <lines>
                <line number="44" hits="0" branch="False" />
                <line number="45" hits="0" branch="False" />
                <line number="46" hits="0" branch="False" />
                <line number="47" hits="0" branch="False" />
              </lines>
            </method>
          </methods>
          <lines>
            <line number="44" hits="0" branch="False" />
            <line number="45" hits="0" branch="False" />
            <line number="46" hits="0" branch="False" />
            <line number="47" hits="0" branch="False" />
          </lines>
        </class>
        <class name="EmployeeRequestTrackerApp.Repositories.UserRepository/&lt;Get&gt;d__5" filename="Desktop\Day_1\Day_27\EmployeeRequestTrackerSolution\EmployeeRequestTrackerApp\Repositories\UserRepository.cs" line-rate="0" branch-rate="1" complexity="1">
          <methods>
            <method name="MoveNext" signature="()" line-rate="0" branch-rate="1" complexity="1">
              <lines>
                <line number="52" hits="0" branch="False" />
                <line number="53" hits="0" branch="False" />
                <line number="54" hits="0" branch="False" />
              </lines>
            </method>
          </methods>
          <lines>
            <line number="52" hits="0" branch="False" />
            <line number="53" hits="0" branch="False" />
            <line number="54" hits="0" branch="False" />
          </lines>
        </class>
        <class name="EmployeeRequestTrackerApp.Repositories.UserRepository/&lt;Update&gt;d__6" filename="Desktop\Day_1\Day_27\EmployeeRequestTrackerSolution\EmployeeRequestTrackerApp\Repositories\UserRepository.cs" line-rate="0" branch-rate="0" complexity="2">
          <methods>
            <method name="MoveNext" signature="()" line-rate="0" branch-rate="0" complexity="2">
              <lines>
                <line number="59" hits="0" branch="False" />
                <line number="60" hits="0" branch="False" />
                <line number="61" hits="0" branch="True" condition-coverage="0% (0/2)">
                  <conditions>
                    <condition number="175" type="jump" coverage="0%" />
                  </conditions>
                </line>
                <line number="62" hits="0" branch="False" />
                <line number="63" hits="0" branch="False" />
                <line number="64" hits="0" branch="False" />
                <line number="65" hits="0" branch="False" />
                <line number="67" hits="0" branch="False" />
                <line number="68" hits="0" branch="False" />
              </lines>
            </method>
          </methods>
          <lines>
            <line number="59" hits="0" branch="False" />
            <line number="60" hits="0" branch="False" />
            <line number="61" hits="0" branch="True" condition-coverage="0% (0/2)">
              <conditions>
                <condition number="175" type="jump" coverage="0%" />
              </conditions>
            </line>
            <line number="62" hits="0" branch="False" />
            <line number="63" hits="0" branch="False" />
            <line number="64" hits="0" branch="False" />
            <line number="65" hits="0" branch="False" />
            <line number="67" hits="0" branch="False" />
            <line number="68" hits="0" branch="False" />
          </lines>
        </class>
        <class name="EmployeeRequestTrackerApp.Models.Employee" filename="Desktop\Day_1\Day_27\EmployeeRequestTrackerSolution\EmployeeRequestTrackerApp\Models\Employee.cs" line-rate="1" branch-rate="1" complexity="6">
          <methods>
            <method name="get_Id" signature="()" line-rate="1" branch-rate="1" complexity="1">
              <lines>
                <line number="5" hits="5" branch="False" />
              </lines>
            </method>
            <method name="get_Name" signature="()" line-rate="1" branch-rate="1" complexity="1">
              <lines>
                <line number="6" hits="3" branch="False" />
              </lines>
            </method>
            <method name="get_DateOfBirth" signature="()" line-rate="1" branch-rate="1" complexity="1">
              <lines>
                <line number="7" hits="3" branch="False" />
              </lines>
            </method>
            <method name="get_Phone" signature="()" line-rate="1" branch-rate="1" complexity="1">
              <lines>
                <line number="8" hits="4" branch="False" />
              </lines>
            </method>
            <method name="get_Image" signature="()" line-rate="1" branch-rate="1" complexity="1">
              <lines>
                <line number="9" hits="3" branch="False" />
              </lines>
            </method>
            <method name="get_Role" signature="()" line-rate="1" branch-rate="1" complexity="1">
              <lines>
                <line number="10" hits="5" branch="False" />
              </lines>
            </method>
          </methods>
          <lines>
            <line number="5" hits="5" branch="False" />
            <line number="6" hits="3" branch="False" />
            <line number="7" hits="3" branch="False" />
            <line number="8" hits="4" branch="False" />
            <line number="9" hits="3" branch="False" />
            <line number="10" hits="5" branch="False" />
          </lines>
        </class>
        <class name="EmployeeRequestTrackerApp.Models.ErrorModel" filename="Desktop\Day_1\Day_27\EmployeeRequestTrackerSolution\EmployeeRequestTrackerApp\Models\ErrorModel.cs" line-rate="0" branch-rate="1" complexity="4">
          <methods>
            <method name="get_ErrorCode" signature="()" line-rate="0" branch-rate="1" complexity="1">
              <lines>
                <line number="5" hits="0" branch="False" />
              </lines>
            </method>
            <method name="get_ErrorMessage" signature="()" line-rate="0" branch-rate="1" complexity="1">
              <lines>
                <line number="6" hits="0" branch="False" />
              </lines>
            </method>
            <method name=".ctor" signature="()" line-rate="0" branch-rate="1" complexity="1">
              <lines>
                <line number="7" hits="0" branch="False" />
                <line number="8" hits="0" branch="False" />
              </lines>
            </method>
            <method name=".ctor" signature="(System.Int32,System.String)" line-rate="0" branch-rate="1" complexity="1">
              <lines>
                <line number="10" hits="0" branch="False" />
                <line number="11" hits="0" branch="False" />
                <line number="12" hits="0" branch="False" />
                <line number="13" hits="0" branch="False" />
                <line number="14" hits="0" branch="False" />
              </lines>
            </method>
          </methods>
          <lines>
            <line number="5" hits="0" branch="False" />
            <line number="6" hits="0" branch="False" />
            <line number="7" hits="0" branch="False" />
            <line number="8" hits="0" branch="False" />
            <line number="10" hits="0" branch="False" />
            <line number="11" hits="0" branch="False" />
            <line number="12" hits="0" branch="False" />
            <line number="13" hits="0" branch="False" />
            <line number="14" hits="0" branch="False" />
          </lines>
        </class>
        <class name="EmployeeRequestTrackerApp.Models.Request" filename="Desktop\Day_1\Day_27\EmployeeRequestTrackerSolution\EmployeeRequestTrackerApp\Models\Request.cs" line-rate="0" branch-rate="1" complexity="11">
          <methods>
            <method name="get_RequestNumber" signature="()" line-rate="0" branch-rate="1" complexity="1">
              <lines>
                <line number="9" hits="0" branch="False" />
              </lines>
            </method>
            <method name="get_RequestMessage" signature="()" line-rate="0" branch-rate="1" complexity="1">
              <lines>
                <line number="10" hits="0" branch="False" />
              </lines>
            </method>
            <method name="get_RequestDate" signature="()" line-rate="0" branch-rate="1" complexity="1">
              <lines>
                <line number="11" hits="0" branch="False" />
              </lines>
            </method>
            <method name="get_ClosedDate" signature="()" line-rate="0" branch-rate="1" complexity="1">
              <lines>
                <line number="12" hits="0" branch="False" />
              </lines>
            </method>
            <method name="get_RequestStatus" signature="()" line-rate="0" branch-rate="1" complexity="1">
              <lines>
                <line number="13" hits="0" branch="False" />
              </lines>
            </method>
            <method name="get_RequestRaisedBy" signature="()" line-rate="0" branch-rate="1" complexity="1">
              <lines>
                <line number="14" hits="0" branch="False" />
              </lines>
            </method>
            <method name="get_RaisedByEmployee" signature="()" line-rate="0" branch-rate="1" complexity="1">
              <lines>
                <line number="17" hits="0" branch="False" />
              </lines>
            </method>
            <method name="get_RequestClosedBy" signature="()" line-rate="0" branch-rate="1" complexity="1">
              <lines>
                <line number="18" hits="0" branch="False" />
              </lines>
            </method>
            <method name="get_RequestClosedByEmployee" signature="()" line-rate="0" branch-rate="1" complexity="1">
              <lines>
                <line number="22" hits="0" branch="False" />
              </lines>
            </method>
            <method name="ToString" signature="()" line-rate="0" branch-rate="1" complexity="1">
              <lines>
                <line number="30" hits="0" branch="False" />
                <line number="31" hits="0" branch="False" />
                <line number="32" hits="0" branch="False" />
                <line number="33" hits="0" branch="False" />
                <line number="34" hits="0" branch="False" />
                <line number="35" hits="0" branch="False" />
                <line number="36" hits="0" branch="False" />
                <line number="37" hits="0" branch="False" />
                <line number="38" hits="0" branch="False" />
                <line number="39" hits="0" branch="False" />
              </lines>
            </method>
            <method name=".ctor" signature="(System.String,System.Int32)" line-rate="0" branch-rate="1" complexity="1">
              <lines>
                <line number="24" hits="0" branch="False" />
                <line number="25" hits="0" branch="False" />
                <line number="26" hits="0" branch="False" />
                <line number="27" hits="0" branch="False" />
                <line number="28" hits="0" branch="False" />
              </lines>
            </method>
          </methods>
          <lines>
            <line number="9" hits="0" branch="False" />
            <line number="10" hits="0" branch="False" />
            <line number="11" hits="0" branch="False" />
            <line number="12" hits="0" branch="False" />
            <line number="13" hits="0" branch="False" />
            <line number="14" hits="0" branch="False" />
            <line number="17" hits="0" branch="False" />
            <line number="18" hits="0" branch="False" />
            <line number="22" hits="0" branch="False" />
            <line number="30" hits="0" branch="False" />
            <line number="31" hits="0" branch="False" />
            <line number="32" hits="0" branch="False" />
            <line number="33" hits="0" branch="False" />
            <line number="34" hits="0" branch="False" />
            <line number="35" hits="0" branch="False" />
            <line number="36" hits="0" branch="False" />
            <line number="37" hits="0" branch="False" />
            <line number="38" hits="0" branch="False" />
            <line number="39" hits="0" branch="False" />
            <line number="24" hits="0" branch="False" />
            <line number="25" hits="0" branch="False" />
            <line number="26" hits="0" branch="False" />
            <line number="27" hits="0" branch="False" />
            <line number="28" hits="0" branch="False" />
          </lines>
        </class>
        <class name="EmployeeRequestTrackerApp.Models.User" filename="Desktop\Day_1\Day_27\EmployeeRequestTrackerSolution\EmployeeRequestTrackerApp\Models\User.cs" line-rate="0" branch-rate="1" complexity="5">
          <methods>
            <method name="get_EmployeeId" signature="()" line-rate="0" branch-rate="1" complexity="1">
              <lines>
                <line number="9" hits="0" branch="False" />
              </lines>
            </method>
            <method name="get_Password" signature="()" line-rate="0" branch-rate="1" complexity="1">
              <lines>
                <line number="10" hits="0" branch="False" />
              </lines>
[...]
            <line number="44" hits="0" branch="False" />
            <line number="45" hits="0" branch="False" />
            <line number="46" hits="0" branch="False" />
            <line number="48" hits="0" branch="False" />
            <line number="49" hits="0" branch="False" />
            <line number="50" hits="0" branch="False" />
            <line number="52" hits="0" branch="False" />
          </lines>
        </class>
        <class name="EmployeeRequestTrackerApp.Controllers.RequestController" filename="Desktop\Day_1\Day_27\EmployeeRequestTrackerSolution\EmployeeRequestTrackerApp\Controllers\RequestController.cs" line-rate="0" branch-rate="1" complexity="1">
          <methods>
            <method name=".ctor" signature="(EmployeeRequestTrackerApp.Interfaces.IRequestService)" line-rate="0" branch-rate="1" complexity="1">
              <lines>
                <line number="15" hits="0" branch="False" />
                <line number="16" hits="0" branch="False" />
                <line number="17" hits="0" branch="False" />
                <line number="18" hits="0" branch="False" />
              </lines>
            </method>
          </methods>
          <lines>
            <line number="15" hits="0" branch="False" />
            <line number="16" hits="0" branch="False" />
            <line number="17" hits="0" branch="False" />
            <line number="18" hits="0" branch="False" />
          </lines>
        </class>
        <class name="EmployeeRequestTrackerApp.Controllers.RequestController/&lt;AddReq&gt;d__2" filename="Desktop\Day_1\Day_27\EmployeeRequestTrackerSolution\EmployeeRequestTrackerApp\Controllers\RequestController.cs" line-rate="0" branch-rate="1" complexity="1">
          <methods>
            <method name="MoveNext" signature="()" line-rate="0" branch-rate="1" complexity="1">
              <lines>
                <line number="24" hits="0" branch="False" />
                <line number="26" hits="0" branch="False" />
                <line number="27" hits="0" branch="False" />
                <line number="28" hits="0" branch="False" />
                <line number="30" hits="0" branch="False" />
                <line number="31" hits="0" branch="False" />
                <line number="32" hits="0" branch="False" />
                <line number="34" hits="0" branch="False" />
              </lines>
            </method>
          </methods>
          <lines>
            <line number="24" hits="0" branch="False" />
            <line number="26" hits="0" branch="False" />
            <line number="27" hits="0" branch="False" />
            <line number="28" hits="0" branch="False" />
            <line number="30" hits="0" branch="False" />
            <line number="31" hits="0" branch="False" />
            <line number="32" hits="0" branch="False" />
            <line number="34" hits="0" branch="False" />
          </lines>
        </class>
        <class name="EmployeeRequestTrackerApp.Controllers.RequestController/&lt;GetAllReq&gt;d__3" filename="Desktop\Day_1\Day_27\EmployeeRequestTrackerSolution\EmployeeRequestTrackerApp\Controllers\RequestController.cs" line-rate="0" branch-rate="1" complexity="1">
          <methods>
            <method name="MoveNext" signature="()" line-rate="0" branch-rate="1" complexity="1">
              <lines>
                <line number="40" hits="0" branch="False" />
                <line number="42" hits="0" branch="False" />
                <line number="43" hits="0" branch="False" />
                <line number="44" hits="0" branch="False" />
                <line number="46" hits="0" branch="False" />
                <line number="47" hits="0" branch="False" />
                <line number="48" hits="0" branch="False" />
                <line number="50" hits="0" branch="False" />
              </lines>
            </method>
          </methods>
          <lines>
            <line number="40" hits="0" branch="False" />
            <line number="42" hits="0" branch="False" />
            <line number="43" hits="0" branch="False" />
            <line number="44" hits="0" branch="False" />
            <line number="46" hits="0" branch="False" />
            <line number="47" hits="0" branch="False" />
            <line number="48" hits="0" branch="False" />
            <line number="50" hits="0" branch="False" />
          </lines>
        </class>
        <class name="EmployeeRequestTrackerApp.Controllers.RequestController/&lt;GetAllReqForEmployee&gt;d__4" filename="Desktop\Day_1\Day_27\EmployeeRequestTrackerSolution\EmployeeRequestTrackerApp\Controllers\RequestController.cs" line-rate="0" branch-rate="1" complexity="1">
          <methods>
            <method name="MoveNext" signature="()" line-rate="0" branch-rate="1" complexity="1">
              <lines>
                <line number="56" hits="0" branch="False" />
                <line number="58" hits="0" branch="False" />
                <line number="59" hits="0" branch="False" />
                <line number="60" hits="0" branch="False" />
                <line number="62" hits="0" branch="False" />
                <line number="63" hits="0" branch="False" />
                <line number="64" hits="0" branch="False" />
                <line number="66" hits="0" branch="False" />
              </lines>
            </method>
          </methods>
          <lines>
            <line number="56" hits="0" branch="False" />
            <line number="58" hits="0" branch="False" />
            <line number="59" hits="0" branch="False" />
            <line number="60" hits="0" branch="False" />
            <line number="62" hits="0" branch="False" />
            <line number="63" hits="0" branch="False" />
            <line number="64" hits="0" branch="False" />
            <line number="66" hits="0" branch="False" />
          </lines>
        </class>
        <class name="EmployeeRequestTrackerApp.Controllers.UserController" filename="Desktop\Day_1\Day_27\EmployeeRequestTrackerSolution\EmployeeRequestTrackerApp\Controllers\UserController.cs" line-rate="0" branch-rate="1" complexity="1">
          <methods>
            <method name=".ctor" signature="(EmployeeRequestTrackerApp.Interfaces.IUserService)" line-rate="0" branch-rate="1" complexity="1">
              <lines>
                <line number="15" hits="0" branch="False" />
                <line number="16" hits="0" branch="False" />
                <line number="17" hits="0" branch="False" />
                <line number="18" hits="0" branch="False" />
              </lines>
            </method>
          </methods>
          <lines>
            <line number="15" hits="0" branch="False" />
            <line number="16" hits="0" branch="False" />
            <line number="17" hits="0" branch="False" />
            <line number="18" hits="0" branch="False" />
          </lines>
        </class>
        <class name="EmployeeRequestTrackerApp.Controllers.UserController/&lt;ActivateUser&gt;d__4" filename="Desktop\Day_1\Day_27\EmployeeRequestTrackerSolution\EmployeeRequestTrackerApp\Controllers\UserController.cs" line-rate="0" branch-rate="1" complexity="1">
          <methods>
            <method name="MoveNext" signature="()" line-rate="0" branch-rate="1" complexity="1">
              <lines>
                <line number="54" hits="0" branch="False" />
                <line number="56" hits="0" branch="False" />
                <line number="57" hits="0" branch="False" />
                <line number="58" hits="0" branch="False" />
                <line number="60" hits="0" branch="False" />
                <line number="61" hits="0" branch="False" />
                <line number="62" hits="0" branch="False" />
                <line number="64" hits="0" branch="False" />
              </lines>
            </method>
          </methods>
          <lines>
            <line number="54" hits="0" branch="False" />
            <line number="56" hits="0" branch="False" />
            <line number="57" hits="0" branch="False" />
            <line number="58" hits="0" branch="False" />
            <line number="60" hits="0" branch="False" />
            <line number="61" hits="0" branch="False" />
            <line number="62" hits="0" branch="False" />
            <line number="64" hits="0" branch="False" />
          </lines>
        </class>
        <class name="EmployeeRequestTrackerApp.Controllers.UserController/&lt;Login&gt;d__2" filename="Desktop\Day_1\Day_27\EmployeeRequestTrackerSolution\EmployeeRequestTrackerApp\Controllers\UserController.cs" line-rate="0" branch-rate="1" complexity="1">
          <methods>
            <method name="MoveNext" signature="()" line-rate="0" branch-rate="1" complexity="1">
              <lines>
                <line number="23" hits="0" branch="False" />
                <line number="25" hits="0" branch="False" />
                <line number="26" hits="0" branch="False" />
                <line number="27" hits="0" branch="False" />
                <line number="29" hits="0" branch="False" />
                <line number="30" hits="0" branch="False" />
                <line number="31" hits="0" branch="False" />
                <line number="33" hits="0" branch="False" />
              </lines>
            </method>
          </methods>
          <lines>
            <line number="23" hits="0" branch="False" />
            <line number="25" hits="0" branch="False" />
            <line number="26" hits="0" branch="False" />
            <line number="27" hits="0" branch="False" />
            <line number="29" hits="0" branch="False" />
            <line number="30" hits="0" branch="False" />
            <line number="31" hits="0" branch="False" />
            <line number="33" hits="0" branch="False" />
          </lines>
        </class>
        <class name="EmployeeRequestTrackerApp.Controllers.UserController/&lt;Register&gt;d__3" filename="Desktop\Day_1\Day_27\EmployeeRequestTrackerSolution\EmployeeRequestTrackerApp\Controllers\UserController.cs" line-rate="0" branch-rate="1" complexity="1">
          <methods>
            <method name="MoveNext" signature="()" line-rate="0" branch-rate="1" complexity="1">
              <lines>
                <line number="38" hits="0" branch="False" />
                <line number="40" hits="0" branch="False" />
                <line number="41" hits="0" branch="False" />
                <line number="42" hits="0" branch="False" />
                <line number="44" hits="0" branch="False" />
                <line number="45" hits="0" branch="False" />
                <line number="46" hits="0" branch="False" />
                <line number="48" hits="0" branch="False" />
              </lines>
            </method>
          </methods>
          <lines>
            <line number="38" hits="0" branch="False" />
            <line number="40" hits="0" branch="False" />
            <line number="41" hits="0" branch="False" />
            <line number="42" hits="0" branch="False" />
            <line number="44" hits="0" branch="False" />
            <line number="45" hits="0" branch="False" />
            <line number="46" hits="0" branch="False" />
            <line number="48" hits="0" branch="False" />
          </lines>
        </class>
        <class name="EmployeeRequestTrackerApp.Contexts.cs.RequestTrackerContext" filename="Desktop\Day_1\Day_27\EmployeeRequestTrackerSolution\EmployeeRequestTrackerApp\Contexts.cs\RequestTrackerContext.cs" line-rate="1" branch-rate="1" complexity="5">
          <methods>
            <method name="get_Employees" signature="()" line-rate="1" branch-rate="1" complexity="1">
              <lines>
                <line number="14" hits="2" branch="False" />
              </lines>
            </method>
            <method name="get_Users" signature="()" line-rate="1" branch-rate="1" complexity="1">
              <lines>
                <line number="15" hits="1" branch="False" />
              </lines>
            </method>
            <method name="get_Requests" signature="()" line-rate="1" branch-rate="1" complexity="1">
              <lines>
                <line number="16" hits="1" branch="False" />
              </lines>
            </method>
            <method name="OnModelCreating" signature="(Microsoft.EntityFrameworkCore.ModelBuilder)" line-rate="1" branch-rate="1" complexity="1">
              <lines>
                <line number="18" hits="1" branch="False" />
                <line number="19" hits="1" branch="False" />
                <line number="20" hits="1" branch="False" />
                <line number="21" hits="1" branch="False" />
                <line number="22" hits="1" branch="False" />
                <line number="23" hits="1" branch="False" />
              </lines>
            </method>
            <method name=".ctor" signature="(Microsoft.EntityFrameworkCore.DbContextOptions)" line-rate="1" branch-rate="1" complexity="1">
              <lines>
                <line number="10" hits="1" branch="False" />
                <line number="11" hits="1" branch="False" />
                <line number="13" hits="1" branch="False" />
              </lines>
            </method>
          </methods>
          <lines>
            <line number="14" hits="2" branch="False" />
            <line number="15" hits="1" branch="False" />
            <line number="16" hits="1" branch="False" />
            <line number="18" hits="1" branch="False" />
            <line number="19" hits="1" branch="False" />
            <line number="20" hits="1" branch="False" />
            <line number="21" hits="1" branch="False" />
            <line number="22" hits="1" branch="False" />
            <line number="23" hits="1" branch="False" />
            <line number="10" hits="1" branch="False" />
            <line number="11" hits="1" branch="False" />
            <line number="13" hits="1" branch="False" />
          </lines>
        </class>
      </classes>
    </package>
    <package name="RequestTrackerTest" line-rate="0.9704999999999999" branch-rate="1" complexity="5">
      <classes>
        <class name="AutoGeneratedProgram" filename=".nuget\packages\microsoft.net.test.sdk\17.5.0\build\netcoreapp3.1\Microsoft.NET.Test.Sdk.Program.cs" line-rate="0" branch-rate="1" complexity="1">
          <methods>
            <method name="Main" signature="(System.String[])" line-rate="0" branch-rate="1" complexity="1">
              <lines>
                <line number="4" hits="0" branch="False" />
              </lines>
            </method>
          </methods>
          <lines>
            <line number="4" hits="0" branch="False" />
          </lines>
        </class>
        <class name="RequestTrackerTest.EmployeeRepositoryTest" filename="Desktop\Day_1\Day_27\EmployeeRequestTrackerSolution\RequestTrackerTest\EmployeeRepositoryTest.cs" line-rate="1" branch-rate="1" complexity="2">
          <methods>
            <method name="Setup" signature="()" line-rate="1" branch-rate="1" complexity="1">
              <lines>
                <line number="30" hits="1" branch="False" />
                <line number="31" hits="1" branch="False" />
                <line number="32" hits="1" branch="False" />
                <line number="33" hits="1" branch="False" />
                <line number="35" hits="1" branch="False" />
              </lines>
            </method>
            <method name="GetEmployeeTest" signature="()" line-rate="1" branch-rate="1" complexity="1">
              <lines>
                <line number="38" hits="1" branch="False" />
                <line number="40" hits="1" branch="False" />
                <line number="41" hits="1" branch="False" />
                <line number="42" hits="1" branch="False" />
                <line number="43" hits="1" branch="False" />
                <line number="44" hits="1" branch="False" />
                <line number="45" hits="1" branch="False" />
                <line number="46" hits="1" branch="False" />
                <line number="47" hits="1" branch="False" />
                <line number="48" hits="1" branch="False" />
                <line number="49" hits="1" branch="False" />
                <line number="50" hits="1" branch="False" />
                <line number="53" hits="1" branch="False" />
                <line number="56" hits="1" branch="False" />
                <line number="58" hits="1" branch="False" />
              </lines>
            </method>
          </methods>
          <lines>
            <line number="30" hits="1" branch="False" />
            <line number="31" hits="1" branch="False" />
            <line number="32" hits="1" branch="False" />
            <line number="33" hits="1" branch="False" />
            <line number="35" hits="1" branch="False" />
            <line number="38" hits="1" branch="False" />
            <line number="40" hits="1" branch="False" />
            <line number="41" hits="1" branch="False" />
            <line number="42" hits="1" branch="False" />
            <line number="43" hits="1" branch="False" />
            <line number="44" hits="1" branch="False" />
            <line number="45" hits="1" branch="False" />
            <line number="46" hits="1" branch="False" />
            <line number="47" hits="1" branch="False" />
            <line number="48" hits="1" branch="False" />
            <line number="49" hits="1" branch="False" />
            <line number="50" hits="1" branch="False" />
            <line number="53" hits="1" branch="False" />
            <line number="56" hits="1" branch="False" />
            <line number="58" hits="1" branch="False" />
          </lines>
        </class>
        <class name="RequestTrackerTest.TokenServiceTest" filename="Desktop\Day_1\Day_27\EmployeeRequestTrackerSolution\RequestTrackerTest\TokenServiceTest.cs" line-rate="1" branch-rate="1" complexity="2">
          <methods>
            <method name="Setup" signature="()" line-rate="1" branch-rate="1" complexity="1">
              <lines>
                <line number="13" hits="1" branch="False" />
                <line number="14" hits="1" branch="False" />
              </lines>
            </method>
            <method name="CreateTokenPassTest" signature="()" line-rate="1" branch-rate="1" complexity="1">
              <lines>
                <line number="18" hits="1" branch="False" />
                <line number="20" hits="1" branch="False" />
                <line number="21" hits="1" branch="False" />
                <line number="22" hits="1" branch="False" />
                <line number="23" hits="1" branch="False" />
                <line number="24" hits="1" branch="False" />
                <line number="25" hits="1" branch="False" />
                <line number="26" hits="1" branch="False" />
                <line number="29" hits="1" branch="False" />
                <line number="32" hits="1" branch="False" />
                <line number="33" hits="1" branch="False" />
              </lines>
            </method>
          </methods>
          <lines>
            <line number="13" hits="1" branch="False" />
            <line number="14" hits="1" branch="False" />
            <line number="18" hits="1" branch="False" />
            <line number="20" hits="1" branch="False" />
            <line number="21" hits="1" branch="False" />
            <line number="22" hits="1" branch="False" />
            <line number="23" hits="1" branch="False" />
            <line number="24" hits="1" branch="False" />
            <line number="25" hits="1" branch="False" />
            <line number="26" hits="1" branch="False" />
            <line number="29" hits="1" branch="False" />
            <line number="32" hits="1" branch="False" />
            <line number="33" hits="1" branch="False" />
          </lines>
        </class>
      </classes>
    </package>
  </packages>
</coverage>