TpTrace Verbose: 0 : 16636, 1, 2024/04/24, 16:39:29.192, 13983072293497, vstest.console.dll, Version: 17.9.0-release-24072-02 Current process architecture: X64
TpTrace Verbose: 0 : 16636, 1, 2024/04/24, 16:39:29.195, 13983072324555, vstest.console.dll, Runtime location: C:\Program Files\dotnet\shared\Microsoft.NETCore.App\8.0.3
TpTrace Verbose: 0 : 16636, 1, 2024/04/24, 16:39:29.198, 13983072354515, vstest.console.dll, ArtifactProcessingPostProcessModeProcessorExecutor.Initialize: ArtifactProcessingMode.Collect
TpTrace Verbose: 0 : 16636, 1, 2024/04/24, 16:39:29.199, 13983072356717, vstest.console.dll, TestSessionCorrelationIdProcessorModeProcessorExecutor.Initialize: TestSessionCorrelationId '18012_57958a52-41d4-4a60-b7bc-8b8a88207d62'
TpTrace Information: 0 : 16636, 1, 2024/04/24, 16:39:29.207, 13983072435708, vstest.console.dll, FilePatternParser: The given file C:\Users\VC\Desktop\Day_1\Day_11\ShoppingSolution\ShoppingModelTest\bin\Debug\net6.0\fine-code-coverage\build-output\ShoppinCustomerRepoTest.dll is a full path.
TpTrace Verbose: 0 : 16636, 1, 2024/04/24, 16:39:29.212, 13983072485456, vstest.console.dll, TestPluginCache.DiscoverTestExtensions: finding test extensions in assemblies ends with: RuntimeProvider.dll TPluginInfo: Microsoft.VisualStudio.TestPlatform.Common.ExtensionFramework.Utilities.TestRuntimePluginInformation TExtension: Microsoft.VisualStudio.TestPlatform.ObjectModel.Host.ITestRuntimeProvider
TpTrace Verbose: 0 : 16636, 1, 2024/04/24, 16:39:29.212, 13983072489067, vstest.console.dll, TestPluginCache.GetExtensionPaths: Filtered extension paths: 
TpTrace Verbose: 0 : 16636, 1, 2024/04/24, 16:39:29.212, 13983072489906, vstest.console.dll, TestPluginCache.GetExtensionPaths: Added default extension paths: C:\Program Files\dotnet\sdk\8.0.202\Extensions\Microsoft.Diagnostics.NETCore.Client.dll
C:\Program Files\dotnet\sdk\8.0.202\Extensions\Microsoft.TestPlatform.Extensions.BlameDataCollector.dll
C:\Program Files\dotnet\sdk\8.0.202\Extensions\Microsoft.TestPlatform.Extensions.EventLogCollector.dll
C:\Program Files\dotnet\sdk\8.0.202\Extensions\Microsoft.TestPlatform.TestHostRuntimeProvider.dll
C:\Program Files\dotnet\sdk\8.0.202\Extensions\Microsoft.VisualStudio.TestPlatform.Extensions.Html.TestLogger.dll
C:\Program Files\dotnet\sdk\8.0.202\Extensions\Microsoft.VisualStudio.TestPlatform.Extensions.Trx.TestLogger.dll
TpTrace Verbose: 0 : 16636, 1, 2024/04/24, 16:39:29.212, 13983072490206, vstest.console.dll, TestPluginCache.GetExtensionPaths: Added unfilterableExtensionPaths: 
TpTrace Information: 0 : 16636, 1, 2024/04/24, 16:39:29.213, 13983072495081, vstest.console.dll, AssemblyResolver.ctor: Creating AssemblyResolver with searchDirectories C:\Program Files\dotnet\sdk\8.0.202\Extensions,C:\Program Files\dotnet\sdk\8.0.202
TpTrace Verbose: 0 : 16636, 1, 2024/04/24, 16:39:29.214, 13983072511190, vstest.console.dll, TestPluginCache.DiscoverTestExtensions: Discovering the extensions using extension path.
TpTrace Verbose: 0 : 16636, 1, 2024/04/24, 16:39:29.214, 13983072513941, vstest.console.dll, TestPluginCache.GetExtensionPaths: Filtered extension paths: 
TpTrace Verbose: 0 : 16636, 1, 2024/04/24, 16:39:29.214, 13983072514547, vstest.console.dll, TestPluginCache.GetExtensionPaths: Added default extension paths: C:\Program Files\dotnet\sdk\8.0.202\Extensions\Microsoft.Diagnostics.NETCore.Client.dll
C:\Program Files\dotnet\sdk\8.0.202\Extensions\Microsoft.TestPlatform.Extensions.BlameDataCollector.dll
C:\Program Files\dotnet\sdk\8.0.202\Extensions\Microsoft.TestPlatform.Extensions.EventLogCollector.dll
C:\Program Files\dotnet\sdk\8.0.202\Extensions\Microsoft.TestPlatform.TestHostRuntimeProvider.dll
C:\Program Files\dotnet\sdk\8.0.202\Extensions\Microsoft.VisualStudio.TestPlatform.Extensions.Html.TestLogger.dll
C:\Program Files\dotnet\sdk\8.0.202\Extensions\Microsoft.VisualStudio.TestPlatform.Extensions.Trx.TestLogger.dll
TpTrace Verbose: 0 : 16636, 1, 2024/04/24, 16:39:29.215, 13983072514845, vstest.console.dll, TestPluginCache.GetExtensionPaths: Added unfilterableExtensionPaths: 
TpTrace Verbose: 0 : 16636, 1, 2024/04/24, 16:39:29.215, 13983072515624, vstest.console.dll, TestPluginCache.DiscoverTestExtensions: Discovering the extensions using allExtensionPaths: C:\Program Files\dotnet\sdk\8.0.202\Extensions\Microsoft.Diagnostics.NETCore.Client.dll
C:\Program Files\dotnet\sdk\8.0.202\Extensions\Microsoft.TestPlatform.Extensions.BlameDataCollector.dll
C:\Program Files\dotnet\sdk\8.0.202\Extensions\Microsoft.TestPlatform.Extensions.EventLogCollector.dll
C:\Program Files\dotnet\sdk\8.0.202\Extensions\Microsoft.TestPlatform.TestHostRuntimeProvider.dll
C:\Program Files\dotnet\sdk\8.0.202\Extensions\Microsoft.VisualStudio.TestPlatform.Extensions.Html.TestLogger.dll
C:\Program Files\dotnet\sdk\8.0.202\Extensions\Microsoft.VisualStudio.TestPlatform.Extensions.Trx.TestLogger.dll
TpTrace Information: 0 : 16636, 1, 2024/04/24, 16:39:29.215, 13983072517539, vstest.console.dll, AssemblyResolver.AddSearchDirectories: Adding more searchDirectories C:\Program Files\dotnet\sdk\8.0.202\Extensions,C:\Program Files\dotnet\sdk\8.0.202
TpTrace Information: 0 : 16636, 1, 2024/04/24, 16:39:29.215, 13983072518160, vstest.console.dll, AssemblyResolver.AddSearchDirectories: Adding more searchDirectories C:\Program Files\dotnet\sdk\8.0.202\Extensions,C:\Program Files\dotnet\sdk\8.0.202
TpTrace Information: 0 : 16636, 1, 2024/04/24, 16:39:29.215, 13983072518517, vstest.console.dll, AssemblyResolver.AddSearchDirectories: Adding more searchDirectories C:\Program Files\dotnet\sdk\8.0.202\Extensions,C:\Program Files\dotnet\sdk\8.0.202
TpTrace Information: 0 : 16636, 1, 2024/04/24, 16:39:29.215, 13983072518765, vstest.console.dll, AssemblyResolver.AddSearchDirectories: Adding more searchDirectories C:\Program Files\dotnet\sdk\8.0.202\Extensions,C:\Program Files\dotnet\sdk\8.0.202
TpTrace Information: 0 : 16636, 1, 2024/04/24, 16:39:29.215, 13983072519046, vstest.console.dll, AssemblyResolver.AddSearchDirectories: Adding more searchDirectories C:\Program Files\dotnet\sdk\8.0.202\Extensions,C:\Program Files\dotnet\sdk\8.0.202
TpTrace Information: 0 : 16636, 1, 2024/04/24, 16:39:29.215, 13983072519325, vstest.console.dll, AssemblyResolver.AddSearchDirectories: Adding more searchDirectories C:\Program Files\dotnet\sdk\8.0.202\Extensions,C:\Program Files\dotnet\sdk\8.0.202
TpTrace Information: 0 : 16636, 1, 2024/04/24, 16:39:29.215, 13983072524110, vstest.console.dll, AssemblyResolver.OnResolve: Microsoft.Diagnostics.NETCore.Client: Resolving assembly.
TpTrace Information: 0 : 16636, 1, 2024/04/24, 16:39:29.216, 13983072525077, vstest.console.dll, AssemblyResolver.OnResolve: Microsoft.Diagnostics.NETCore.Client: Searching in: 'C:\Program Files\dotnet\sdk\8.0.202\Extensions'.
TpTrace Information: 0 : 16636, 1, 2024/04/24, 16:39:29.223, 13983072601125, vstest.console.dll, AssemblyResolver.OnResolve: Microsoft.Diagnostics.NETCore.Client: Loading assembly 'C:\Program Files\dotnet\sdk\8.0.202\Extensions\Microsoft.Diagnostics.NETCore.Client.dll'.
TpTrace Information: 0 : 16636, 1, 2024/04/24, 16:39:29.224, 13983072609308, vstest.console.dll, AssemblyResolver.OnResolve: Resolved assembly: Microsoft.Diagnostics.NETCore.Client, from path: C:\Program Files\dotnet\sdk\8.0.202\Extensions\Microsoft.Diagnostics.NETCore.Client.dll
TpTrace Verbose: 0 : 16636, 1, 2024/04/24, 16:39:29.231, 13983072676766, vstest.console.dll, MetadataReaderExtensionsHelper: Discovering extensions inside assembly 'Microsoft.Diagnostics.NETCore.Client, Version=0.2.9.2401, Culture=neutral, PublicKeyToken=31bf3856ad364e35' file path 'C:\Program Files\dotnet\sdk\8.0.202\Extensions\Microsoft.Diagnostics.NETCore.Client.dll'
TpTrace Information: 0 : 16636, 1, 2024/04/24, 16:39:29.236, 13983072729060, vstest.console.dll, AssemblyResolver.OnResolve: Microsoft.Bcl.AsyncInterfaces: Resolving assembly.
TpTrace Information: 0 : 16636, 1, 2024/04/24, 16:39:29.236, 13983072730183, vstest.console.dll, AssemblyResolver.OnResolve: Microsoft.Bcl.AsyncInterfaces: Searching in: 'C:\Program Files\dotnet\sdk\8.0.202\Extensions'.
TpTrace Information: 0 : 16636, 1, 2024/04/24, 16:39:29.236, 13983072730962, vstest.console.dll, AssemblyResolver.OnResolve: Microsoft.Bcl.AsyncInterfaces: Assembly path does not exist: 'C:\Program Files\dotnet\sdk\8.0.202\Extensions\Microsoft.Bcl.AsyncInterfaces.dll', returning.
TpTrace Information: 0 : 16636, 1, 2024/04/24, 16:39:29.236, 13983072731924, vstest.console.dll, AssemblyResolver.OnResolve: Microsoft.Bcl.AsyncInterfaces: Assembly path does not exist: 'C:\Program Files\dotnet\sdk\8.0.202\Extensions\Microsoft.Bcl.AsyncInterfaces.exe', returning.
TpTrace Information: 0 : 16636, 1, 2024/04/24, 16:39:29.236, 13983072732292, vstest.console.dll, AssemblyResolver.OnResolve: Microsoft.Bcl.AsyncInterfaces: Searching in: 'C:\Program Files\dotnet\sdk\8.0.202'.
TpTrace Information: 0 : 16636, 1, 2024/04/24, 16:39:29.236, 13983072733464, vstest.console.dll, AssemblyResolver.OnResolve: Microsoft.Bcl.AsyncInterfaces: Assembly path does not exist: 'C:\Program Files\dotnet\sdk\8.0.202\Microsoft.Bcl.AsyncInterfaces.dll', returning.
TpTrace Information: 0 : 16636, 1, 2024/04/24, 16:39:29.237, 13983072737367, vstest.console.dll, AssemblyResolver.OnResolve: Microsoft.Bcl.AsyncInterfaces: Assembly path does not exist: 'C:\Program Files\dotnet\sdk\8.0.202\Microsoft.Bcl.AsyncInterfaces.exe', returning.
TpTrace Information: 0 : 16636, 1, 2024/04/24, 16:39:29.237, 13983072739192, vstest.console.dll, AssemblyResolver.OnResolve: Microsoft.Bcl.AsyncInterfaces: Failed to load assembly.
TpTrace Verbose: 0 : 16636, 1, 2024/04/24, 16:39:29.237, 13983072740783, vstest.console.dll, CurrentDomainAssemblyResolve: Resolving assembly 'Microsoft.Bcl.AsyncInterfaces'.
TpTrace Information: 0 : 16636, 1, 2024/04/24, 16:39:29.237, 13983072741588, vstest.console.dll, AssemblyResolver.OnResolve: Microsoft.Bcl.AsyncInterfaces: Resolving assembly.
TpTrace Information: 0 : 16636, 1, 2024/04/24, 16:39:29.237, 13983072742162, vstest.console.dll, AssemblyResolver.OnResolve: Microsoft.Bcl.AsyncInterfaces: Resolved from cache.
TpTrace Verbose: 0 : 16636, 1, 2024/04/24, 16:39:29.237, 13983072742627, vstest.console.dll, CurrentDomainAssemblyResolve: Resolving assembly 'Microsoft.Bcl.AsyncInterfaces'.
TpTrace Verbose: 0 : 16636, 1, 2024/04/24, 16:39:29.237, 13983072743074, vstest.console.dll, CurrentDomainAssemblyResolve: Failed to resolve assembly 'Microsoft.Bcl.AsyncInterfaces'.
TpTrace Verbose: 0 : 16636, 1, 2024/04/24, 16:39:29.238, 13983072752963, vstest.console.dll, CurrentDomainAssemblyResolve: Failed to resolve assembly 'Microsoft.Bcl.AsyncInterfaces'.
TpTrace Warning: 0 : 16636, 1, 2024/04/24, 16:39:29.250, 13983072868958, vstest.console.dll, TestPluginDiscoverer: Failed to get types from assembly 'Microsoft.Diagnostics.NETCore.Client, Version=0.2.9.2401, Culture=neutral, PublicKeyToken=31bf3856ad364e35'. Error: System.Reflection.ReflectionTypeLoadException: Unable to load one or more of the requested types.
Could not load file or assembly 'Microsoft.Bcl.AsyncInterfaces, Version=6.0.0.0, Culture=neutral, PublicKeyToken=cc7b13ffcd2ddd51'. The system cannot find the file specified.
   at System.Reflection.RuntimeModule.GetTypes(RuntimeModule module)
   at System.Reflection.RuntimeModule.GetTypes()
   at Microsoft.VisualStudio.TestPlatform.Common.ExtensionFramework.TestPluginDiscoverer.GetTestExtensionsFromAssembly[TPluginInfo,TExtension](Assembly assembly, Dictionary`2 pluginInfos, String filePath) in /_/src/Microsoft.TestPlatform.Common/ExtensionFramework/TestPluginDiscoverer.cs:line 158
System.IO.FileNotFoundException: Could not load file or assembly 'Microsoft.Bcl.AsyncInterfaces, Version=6.0.0.0, Culture=neutral, PublicKeyToken=cc7b13ffcd2ddd51'. The system cannot find the file specified.
File name: 'Microsoft.Bcl.AsyncInterfaces, Version=6.0.0.0, Culture=neutral, PublicKeyToken=cc7b13ffcd2ddd51'
 ---> System.IO.FileNotFoundException: Could not load file or assembly 'Microsoft.Bcl.AsyncInterfaces, Culture=neutral, PublicKeyToken=null'. The system cannot find the file specified.
File name: 'Microsoft.Bcl.AsyncInterfaces, Culture=neutral, PublicKeyToken=null'
   at System.Reflection.RuntimeAssembly.InternalLoad(AssemblyName assemblyName, StackCrawlMark& stackMark, AssemblyLoadContext assemblyLoadContext, RuntimeAssembly requestingAssembly, Boolean throwOnFileNotFound)
   at System.Reflection.Assembly.Load(AssemblyName assemblyRef)
   at Microsoft.VisualStudio.TestPlatform.Common.ExtensionFramework.TestPluginCache.CurrentDomainAssemblyResolve(Object sender, AssemblyResolveEventArgs args) in /_/src/Microsoft.TestPlatform.Common/ExtensionFramework/TestPluginCache.cs:line 513
   at System.Runtime.Loader.AssemblyLoadContext.GetFirstResolvedAssemblyFromResolvingEvent(AssemblyName assemblyName)
   at System.Runtime.Loader.AssemblyLoadContext.ResolveUsingEvent(AssemblyName assemblyName)
   at System.Runtime.Loader.AssemblyLoadContext.ResolveUsingResolvingEvent(IntPtr gchManagedAssemblyLoadContext, AssemblyName assemblyName)
TpTrace Warning: 0 : 16636, 1, 2024/04/24, 16:39:29.250, 13983072873594, vstest.console.dll, LoaderExceptions: System.IO.FileNotFoundException: Could not load file or assembly 'Microsoft.Bcl.AsyncInterfaces, Version=6.0.0.0, Culture=neutral, PublicKeyToken=cc7b13ffcd2ddd51'. The system cannot find the file specified.
File name: 'Microsoft.Bcl.AsyncInterfaces, Version=6.0.0.0, Culture=neutral, PublicKeyToken=cc7b13ffcd2ddd51'
 ---> System.IO.FileNotFoundException: Could not load file or assembly 'Microsoft.Bcl.AsyncInterfaces, Culture=neutral, PublicKeyToken=null'. The system cannot find the file specified.
File name: 'Microsoft.Bcl.AsyncInterfaces, Culture=neutral, PublicKeyToken=null'
   at System.Reflection.RuntimeAssembly.InternalLoad(AssemblyName assemblyName, StackCrawlMark& stackMark, AssemblyLoadContext assemblyLoadContext, RuntimeAssembly requestingAssembly, Boolean throwOnFileNotFound)
   at System.Reflection.Assembly.Load(AssemblyName assemblyRef)
   at Microsoft.VisualStudio.TestPlatform.Common.ExtensionFramework.TestPluginCache.CurrentDomainAssemblyResolve(Object sender, AssemblyResolveEventArgs args) in /_/src/Microsoft.TestPlatform.Common/ExtensionFramework/TestPluginCache.cs:line 513
   at System.Runtime.Loader.AssemblyLoadContext.GetFirstResolvedAssemblyFromResolvingEvent(AssemblyName assemblyName)
   at System.Runtime.Loader.AssemblyLoadContext.ResolveUsingEvent(AssemblyName assemblyName)
   at System.Runtime.Loader.AssemblyLoadContext.ResolveUsingResolvingEvent(IntPtr gchManagedAssemblyLoadContext, AssemblyName assemblyName)
TpTrace Information: 0 : 16636, 1, 2024/04/24, 16:39:29.251, 13983072875803, vstest.console.dll, AssemblyResolver.OnResolve: Microsoft.TestPlatform.Extensions.BlameDataCollector: Resolving assembly.
TpTrace Information: 0 : 16636, 1, 2024/04/24, 16:39:29.251, 13983072876316, vstest.console.dll, AssemblyResolver.OnResolve: Microsoft.TestPlatform.Extensions.BlameDataCollector: Searching in: 'C:\Program Files\dotnet\sdk\8.0.202\Extensions'.
TpTrace Information: 0 : 16636, 1, 2024/04/24, 16:39:29.251, 13983072880509, vstest.console.dll, AssemblyResolver.OnResolve: Microsoft.TestPlatform.Extensions.BlameDataCollector: Loading assembly 'C:\Program Files\dotnet\sdk\8.0.202\Extensions\Microsoft.TestPlatform.Extensions.BlameDataCollector.dll'.
TpTrace Information: 0 : 16636, 1, 2024/04/24, 16:39:29.252, 13983072889120, vstest.console.dll, AssemblyResolver.OnResolve: Resolved assembly: Microsoft.TestPlatform.Extensions.BlameDataCollector, from path: C:\Program Files\dotnet\sdk\8.0.202\Extensions\Microsoft.TestPlatform.Extensions.BlameDataCollector.dll
TpTrace Verbose: 0 : 16636, 1, 2024/04/24, 16:39:29.252, 13983072890055, vstest.console.dll, MetadataReaderExtensionsHelper: Discovering extensions inside assembly 'Microsoft.TestPlatform.Extensions.BlameDataCollector, Version=15.0.0.0, Culture=neutral, PublicKeyToken=b03f5f7f11d50a3a' file path 'C:\Program Files\dotnet\sdk\8.0.202\Extensions\Microsoft.TestPlatform.Extensions.BlameDataCollector.dll'
TpTrace Information: 0 : 16636, 1, 2024/04/24, 16:39:29.254, 13983072908605, vstest.console.dll, AssemblyResolver.OnResolve: Microsoft.TestPlatform.Extensions.EventLogCollector: Resolving assembly.
TpTrace Information: 0 : 16636, 1, 2024/04/24, 16:39:29.254, 13983072910002, vstest.console.dll, AssemblyResolver.OnResolve: Microsoft.TestPlatform.Extensions.EventLogCollector: Searching in: 'C:\Program Files\dotnet\sdk\8.0.202\Extensions'.
TpTrace Information: 0 : 16636, 1, 2024/04/24, 16:39:29.254, 13983072913087, vstest.console.dll, AssemblyResolver.OnResolve: Microsoft.TestPlatform.Extensions.EventLogCollector: Loading assembly 'C:\Program Files\dotnet\sdk\8.0.202\Extensions\Microsoft.TestPlatform.Extensions.EventLogCollector.dll'.
TpTrace Information: 0 : 16636, 1, 2024/04/24, 16:39:29.255, 13983072919851, vstest.console.dll, AssemblyResolver.OnResolve: Resolved assembly: Microsoft.TestPlatform.Extensions.EventLogCollector, from path: C:\Program Files\dotnet\sdk\8.0.202\Extensions\Microsoft.TestPlatform.Extensions.EventLogCollector.dll
TpTrace Verbose: 0 : 16636, 1, 2024/04/24, 16:39:29.255, 13983072920837, vstest.console.dll, MetadataReaderExtensionsHelper: Discovering extensions inside assembly 'Microsoft.TestPlatform.Extensions.EventLogCollector, Version=15.0.0.0, Culture=neutral, PublicKeyToken=b03f5f7f11d50a3a' file path 'C:\Program Files\dotnet\sdk\8.0.202\Extensions\Microsoft.TestPlatform.Extensions.EventLogCollector.dll'
TpTrace Information: 0 : 16636, 1, 2024/04/24, 16:39:29.258, 13983072949023, vstest.console.dll, AssemblyResolver.OnResolve: Microsoft.TestPlatform.TestHostRuntimeProvider: Resolving assembly.
TpTrace Information: 0 : 16636, 1, 2024/04/24, 16:39:29.258, 13983072950262, vstest.console.dll, AssemblyResolver.OnResolve: Microsoft.TestPlatform.TestHostRuntimeProvider: Searching in: 'C:\Program Files\dotnet\sdk\8.0.202\Extensions'.
TpTrace Information: 0 : 16636, 1, 2024/04/24, 16:39:29.258, 13983072953379, vstest.console.dll, AssemblyResolver.OnResolve: Microsoft.TestPlatform.TestHostRuntimeProvider: Loading assembly 'C:\Program Files\dotnet\sdk\8.0.202\Extensions\Microsoft.TestPlatform.TestHostRuntimeProvider.dll'.
TpTrace Information: 0 : 16636, 1, 2024/04/24, 16:39:29.259, 13983072959588, vstest.console.dll, AssemblyResolver.OnResolve: Resolved assembly: Microsoft.TestPlatform.TestHostRuntimeProvider, from path: C:\Program Files\dotnet\sdk\8.0.202\Extensions\Microsoft.TestPlatform.TestHostRuntimeProvider.dll
TpTrace Verbose: 0 : 16636, 1, 2024/04/24, 16:39:29.259, 13983072960408, vstest.console.dll, MetadataReaderExtensionsHelper: Discovering extensions inside assembly 'Microsoft.TestPlatform.TestHostRuntimeProvider, Version=15.0.0.0, Culture=neutral, PublicKeyToken=b03f5f7f11d50a3a' file path 'C:\Program Files\dotnet\sdk\8.0.202\Extensions\Microsoft.TestPlatform.TestHostRuntimeProvider.dll'
TpTrace Information: 0 : 16636, 1, 2024/04/24, 16:39:29.261, 13983072979197, vstest.console.dll, GetTestExtensionFromType: Register extension with identifier data 'HostProvider://DefaultTestHost' and type 'Microsoft.VisualStudio.TestPlatform.CrossPlatEngine.Hosting.DefaultTestHostManager, Microsoft.TestPlatform.TestHostRuntimeProvider, Version=15.0.0.0, Culture=neutral, PublicKeyToken=b03f5f7f11d50a3a' inside file 'C:\Program Files\dotnet\sdk\8.0.202\Extensions\Microsoft.TestPlatform.TestHostRuntimeProvider.dll'
TpTrace Information: 0 : 16636, 1, 2024/04/24, 16:39:29.261, 13983072983985, vstest.console.dll, GetTestExtensionFromType: Register extension with identifier data 'HostProvider://DotnetTestHost' and type 'Microsoft.VisualStudio.TestPlatform.CrossPlatEngine.Hosting.DotnetTestHostManager, Microsoft.TestPlatform.TestHostRuntimeProvider, Version=15.0.0.0, Culture=neutral, PublicKeyToken=b03f5f7f11d50a3a' inside file 'C:\Program Files\dotnet\sdk\8.0.202\Extensions\Microsoft.TestPlatform.TestHostRuntimeProvider.dll'
TpTrace Information: 0 : 16636, 1, 2024/04/24, 16:39:29.262, 13983072985339, vstest.console.dll, AssemblyResolver.OnResolve: Microsoft.VisualStudio.TestPlatform.Extensions.Html.TestLogger: Resolving assembly.
TpTrace Information: 0 : 16636, 1, 2024/04/24, 16:39:29.262, 13983072985859, vstest.console.dll, AssemblyResolver.OnResolve: Microsoft.VisualStudio.TestPlatform.Extensions.Html.TestLogger: Searching in: 'C:\Program Files\dotnet\sdk\8.0.202\Extensions'.
TpTrace Information: 0 : 16636, 1, 2024/04/24, 16:39:29.262, 13983072990167, vstest.console.dll, AssemblyResolver.OnResolve: Microsoft.VisualStudio.TestPlatform.Extensions.Html.TestLogger: Loading assembly 'C:\Program Files\dotnet\sdk\8.0.202\Extensions\Microsoft.VisualStudio.TestPlatform.Extensions.Html.TestLogger.dll'.
TpTrace Information: 0 : 16636, 1, 2024/04/24, 16:39:29.263, 13983072997716, vstest.console.dll, AssemblyResolver.OnResolve: Resolved assembly: Microsoft.VisualStudio.TestPlatform.Extensions.Html.TestLogger, from path: C:\Program Files\dotnet\sdk\8.0.202\Extensions\Microsoft.VisualStudio.TestPlatform.Extensions.Html.TestLogger.dll
TpTrace Verbose: 0 : 16636, 1, 2024/04/24, 16:39:29.263, 13983072998766, vstest.console.dll, MetadataReaderExtensionsHelper: Discovering extensions inside assembly 'Microsoft.VisualStudio.TestPlatform.Extensions.Html.TestLogger, Version=15.0.0.0, Culture=neutral, PublicKeyToken=b03f5f7f11d50a3a' file path 'C:\Program Files\dotnet\sdk\8.0.202\Extensions\Microsoft.VisualStudio.TestPlatform.Extensions.Html.TestLogger.dll'
TpTrace Information: 0 : 16636, 1, 2024/04/24, 16:39:29.264, 13983073008360, vstest.console.dll, AssemblyResolver.OnResolve: Microsoft.VisualStudio.TestPlatform.Extensions.Trx.TestLogger: Resolving assembly.
TpTrace Information: 0 : 16636, 1, 2024/04/24, 16:39:29.264, 13983073009284, vstest.console.dll, AssemblyResolver.OnResolve: Microsoft.VisualStudio.TestPlatform.Extensions.Trx.TestLogger: Searching in: 'C:\Program Files\dotnet\sdk\8.0.202\Extensions'.
TpTrace Information: 0 : 16636, 1, 2024/04/24, 16:39:29.264, 13983073012293, vstest.console.dll, AssemblyResolver.OnResolve: Microsoft.VisualStudio.TestPlatform.Extensions.Trx.TestLogger: Loading assembly 'C:\Program Files\dotnet\sdk\8.0.202\Extensions\Microsoft.VisualStudio.TestPlatform.Extensions.Trx.TestLogger.dll'.
TpTrace Information: 0 : 16636, 1, 2024/04/24, 16:39:29.265, 13983073019365, vstest.console.dll, AssemblyResolver.OnResolve: Resolved assembly: Microsoft.VisualStudio.TestPlatform.Extensions.Trx.TestLogger, from path: C:\Program Files\dotnet\sdk\8.0.202\Extensions\Microsoft.VisualStudio.TestPlatform.Extensions.Trx.TestLogger.dll
TpTrace Verbose: 0 : 16636, 1, 2024/04/24, 16:39:29.265, 13983073020003, vstest.console.dll, MetadataReaderExtensionsHelper: Discovering extensions inside assembly 'Microsoft.VisualStudio.TestPlatform.Extensions.Trx.TestLogger, Version=15.0.0.0, Culture=neutral, PublicKeyToken=b03f5f7f11d50a3a' file path 'C:\Program Files\dotnet\sdk\8.0.202\Extensions\Microsoft.VisualStudio.TestPlatform.Extensions.Trx.TestLogger.dll'
TpTrace Verbose: 0 : 16636, 1, 2024/04/24, 16:39:29.266, 13983073029140, vstest.console.dll, TestPluginCache: Discovered the extensions using extension path ''.
TpTrace Verbose: 0 : 16636, 1, 2024/04/24, 16:39:29.266, 13983073030172, vstest.console.dll, TestPluginCache: Discoverers are ''.
TpTrace Verbose: 0 : 16636, 1, 2024/04/24, 16:39:29.266, 13983073030664, vstest.console.dll, TestPluginCache: Executors are ''.
TpTrace Verbose: 0 : 16636, 1, 2024/04/24, 16:39:29.266, 13983073031014, vstest.console.dll, TestPluginCache: Executors2 are ''.
TpTrace Verbose: 0 : 16636, 1, 2024/04/24, 16:39:29.266, 13983073031381, vstest.console.dll, TestPluginCache: Setting providers are ''.
TpTrace Verbose: 0 : 16636, 1, 2024/04/24, 16:39:29.266, 13983073031726, vstest.console.dll, TestPluginCache: Loggers are ''.
TpTrace Verbose: 0 : 16636, 1, 2024/04/24, 16:39:29.266, 13983073034492, vstest.console.dll, TestPluginCache: TestHosts are 'HostProvider://DefaultTestHost,HostProvider://DotnetTestHost'.
TpTrace Verbose: 0 : 16636, 1, 2024/04/24, 16:39:29.267, 13983073035217, vstest.console.dll, TestPluginCache: DataCollectors are ''.
TpTrace Information: 0 : 16636, 1, 2024/04/24, 16:39:29.283, 13983073204061, vstest.console.dll, RunTestsArgumentProcessor:Execute: Test run is starting.
TpTrace Verbose: 0 : 16636, 1, 2024/04/24, 16:39:29.284, 13983073205448, vstest.console.dll, RunTestsArgumentProcessor:Execute: Queuing Test run.
TpTrace Information: 0 : 16636, 1, 2024/04/24, 16:39:29.284, 13983073209845, vstest.console.dll, TestRequestManager.RunTests: run tests started.
TpTrace Information: 0 : 16636, 1, 2024/04/24, 16:39:29.286, 13983073225279, vstest.console.dll, AssemblyMetadataProvider.GetFrameworkName: Determined framework:'.NETCoreApp,Version=v6.0' for source: 'C:\Users\VC\Desktop\Day_1\Day_11\ShoppingSolution\ShoppingModelTest\bin\Debug\net6.0\fine-code-coverage\build-output\ShoppinCustomerRepoTest.dll'
TpTrace Information: 0 : 16636, 1, 2024/04/24, 16:39:29.286, 13983073227468, vstest.console.dll, Determined framework for all sources: .NETCoreApp,Version=v6.0
TpTrace Verbose: 0 : 16636, 1, 2024/04/24, 16:39:29.286, 13983073232087, vstest.console.dll, TestRequestManager.UpdateRunSettingsIfRequired: Default architecture: X64 IsDefaultTargetArchitecture: True, Current process architecture: X64 OperatingSystem: Windows.
TpTrace Information: 0 : 16636, 1, 2024/04/24, 16:39:29.288, 13983073254575, vstest.console.dll, AssemblyMetadataProvider.GetArchitecture: Determined architecture:AnyCPU info for assembly: C:\Users\VC\Desktop\Day_1\Day_11\ShoppingSolution\ShoppingModelTest\bin\Debug\net6.0\fine-code-coverage\build-output\ShoppinCustomerRepoTest.dll
TpTrace Information: 0 : 16636, 1, 2024/04/24, 16:39:29.289, 13983073255823, vstest.console.dll, Determined platform for source 'C:\Users\VC\Desktop\Day_1\Day_11\ShoppingSolution\ShoppingModelTest\bin\Debug\net6.0\fine-code-coverage\build-output\ShoppinCustomerRepoTest.dll' was AnyCPU and it will use the default plaform X64.
TpTrace Information: 0 : 16636, 1, 2024/04/24, 16:39:29.289, 13983073256288, vstest.console.dll, None of the sources provided any runnable platform, using the default platform: X64
TpTrace Information: 0 : 16636, 1, 2024/04/24, 16:39:29.289, 13983073257737, vstest.console.dll, Platform was updated to 'X64'.
TpTrace Information: 0 : 16636, 1, 2024/04/24, 16:39:29.293, 13983073297321, vstest.console.dll, InferRunSettingsHelper.IsTestSettingsEnabled: Unable to navigate to RunSettings/MSTest. Current node: RunSettings
TpTrace Information: 0 : 16636, 1, 2024/04/24, 16:39:29.294, 13983073305189, vstest.console.dll, AssemblyResolver.OnResolve: Microsoft.VisualStudio.TestPlatform.Fakes: Resolving assembly.
TpTrace Information: 0 : 16636, 1, 2024/04/24, 16:39:29.294, 13983073306037, vstest.console.dll, AssemblyResolver.OnResolve: Microsoft.VisualStudio.TestPlatform.Fakes: Searching in: 'C:\Program Files\dotnet\sdk\8.0.202\Extensions'.
TpTrace Information: 0 : 16636, 1, 2024/04/24, 16:39:29.294, 13983073306913, vstest.console.dll, AssemblyResolver.OnResolve: Microsoft.VisualStudio.TestPlatform.Fakes: Assembly path does not exist: 'C:\Program Files\dotnet\sdk\8.0.202\Extensions\Microsoft.VisualStudio.TestPlatform.Fakes.dll', returning.
TpTrace Information: 0 : 16636, 1, 2024/04/24, 16:39:29.294, 13983073307496, vstest.console.dll, AssemblyResolver.OnResolve: Microsoft.VisualStudio.TestPlatform.Fakes: Assembly path does not exist: 'C:\Program Files\dotnet\sdk\8.0.202\Extensions\Microsoft.VisualStudio.TestPlatform.Fakes.exe', returning.
TpTrace Information: 0 : 16636, 1, 2024/04/24, 16:39:29.294, 13983073307959, vstest.console.dll, AssemblyResolver.OnResolve: Microsoft.VisualStudio.TestPlatform.Fakes: Searching in: 'C:\Program Files\dotnet\sdk\8.0.202'.
TpTrace Information: 0 : 16636, 1, 2024/04/24, 16:39:29.294, 13983073308528, vstest.console.dll, AssemblyResolver.OnResolve: Microsoft.VisualStudio.TestPlatform.Fakes: Assembly path does not exist: 'C:\Program Files\dotnet\sdk\8.0.202\Microsoft.VisualStudio.TestPlatform.Fakes.dll', returning.
TpTrace Information: 0 : 16636, 1, 2024/04/24, 16:39:29.294, 13983073309093, vstest.console.dll, AssemblyResolver.OnResolve: Microsoft.VisualStudio.TestPlatform.Fakes: Assembly path does not exist: 'C:\Program Files\dotnet\sdk\8.0.202\Microsoft.VisualStudio.TestPlatform.Fakes.exe', returning.
TpTrace Information: 0 : 16636, 1, 2024/04/24, 16:39:29.294, 13983073309338, vstest.console.dll, AssemblyResolver.OnResolve: Microsoft.VisualStudio.TestPlatform.Fakes: Failed to load assembly.
TpTrace Information: 0 : 16636, 1, 2024/04/24, 16:39:29.294, 13983073312206, vstest.console.dll, Failed to load assembly Microsoft.VisualStudio.TestPlatform.Fakes, Version=17.0.0.0, Culture=neutral. Reason:System.IO.FileNotFoundException: Could not load file or assembly 'Microsoft.VisualStudio.TestPlatform.Fakes, Version=17.0.0.0, Culture=neutral, PublicKeyToken=null'. The system cannot find the file specified.
File name: 'Microsoft.VisualStudio.TestPlatform.Fakes, Version=17.0.0.0, Culture=neutral, PublicKeyToken=null'
   at System.Reflection.RuntimeAssembly.InternalLoad(AssemblyName assemblyName, StackCrawlMark& stackMark, AssemblyLoadContext assemblyLoadContext, RuntimeAssembly requestingAssembly, Boolean throwOnFileNotFound)
   at System.Reflection.Assembly.Load(AssemblyName assemblyRef)
   at Microsoft.VisualStudio.TestPlatform.Common.Utilities.FakesUtilities.LoadTestPlatformAssembly() in /_/src/Microsoft.TestPlatform.Common/Utilities/FakesUtilities.cs:line 272
TpTrace Verbose: 0 : 16636, 1, 2024/04/24, 16:39:29.298, 13983073346267, vstest.console.dll, TestPluginCache.DiscoverTestExtensions: finding test extensions in assemblies ends with: TestLogger.dll TPluginInfo: Microsoft.VisualStudio.TestPlatform.Common.ExtensionFramework.Utilities.TestLoggerPluginInformation TExtension: Microsoft.VisualStudio.TestPlatform.ObjectModel.Client.ITestLogger
TpTrace Verbose: 0 : 16636, 1, 2024/04/24, 16:39:29.298, 13983073347845, vstest.console.dll, TestPluginCache.GetExtensionPaths: Filtered extension paths: 
TpTrace Verbose: 0 : 16636, 1, 2024/04/24, 16:39:29.298, 13983073348195, vstest.console.dll, TestPluginCache.GetExtensionPaths: Added default extension paths: C:\Program Files\dotnet\sdk\8.0.202\Extensions\Microsoft.Diagnostics.NETCore.Client.dll
C:\Program Files\dotnet\sdk\8.0.202\Extensions\Microsoft.TestPlatform.Extensions.BlameDataCollector.dll
C:\Program Files\dotnet\sdk\8.0.202\Extensions\Microsoft.TestPlatform.Extensions.EventLogCollector.dll
C:\Program Files\dotnet\sdk\8.0.202\Extensions\Microsoft.TestPlatform.TestHostRuntimeProvider.dll
C:\Program Files\dotnet\sdk\8.0.202\Extensions\Microsoft.VisualStudio.TestPlatform.Extensions.Html.TestLogger.dll
C:\Program Files\dotnet\sdk\8.0.202\Extensions\Microsoft.VisualStudio.TestPlatform.Extensions.Trx.TestLogger.dll
TpTrace Verbose: 0 : 16636, 1, 2024/04/24, 16:39:29.298, 13983073348458, vstest.console.dll, TestPluginCache.GetExtensionPaths: Added unfilterableExtensionPaths: 
TpTrace Information: 0 : 16636, 1, 2024/04/24, 16:39:29.298, 13983073349751, vstest.console.dll, AssemblyResolver.AddSearchDirectories: Adding more searchDirectories C:\Program Files\dotnet\sdk\8.0.202\Extensions,C:\Program Files\dotnet\sdk\8.0.202
TpTrace Verbose: 0 : 16636, 1, 2024/04/24, 16:39:29.298, 13983073350165, vstest.console.dll, TestPluginCache.DiscoverTestExtensions: Discovering the extensions using extension path.
TpTrace Verbose: 0 : 16636, 1, 2024/04/24, 16:39:29.298, 13983073350541, vstest.console.dll, TestPluginCache.GetExtensionPaths: Filtered extension paths: 
TpTrace Verbose: 0 : 16636, 1, 2024/04/24, 16:39:29.298, 13983073350827, vstest.console.dll, TestPluginCache.GetExtensionPaths: Added default extension paths: C:\Program Files\dotnet\sdk\8.0.202\Extensions\Microsoft.Diagnostics.NETCore.Client.dll
C:\Program Files\dotnet\sdk\8.0.202\Extensions\Microsoft.TestPlatform.Extensions.BlameDataCollector.dll
C:\Program Files\dotnet\sdk\8.0.202\Extensions\Microsoft.TestPlatform.Extensions.EventLogCollector.dll
C:\Program Files\dotnet\sdk\8.0.202\Extensions\Microsoft.TestPlatform.TestHostRuntimeProvider.dll
C:\Program Files\dotnet\sdk\8.0.202\Extensions\Microsoft.VisualStudio.TestPlatform.Extensions.Html.TestLogger.dll
C:\Program Files\dotnet\sdk\8.0.202\Extensions\Microsoft.VisualStudio.TestPlatform.Extensions.Trx.TestLogger.dll
TpTrace Verbose: 0 : 16636, 1, 2024/04/24, 16:39:29.298, 13983073351128, vstest.console.dll, TestPluginCache.GetExtensionPaths: Added unfilterableExtensionPaths: 
TpTrace Verbose: 0 : 16636, 1, 2024/04/24, 16:39:29.298, 13983073352239, vstest.console.dll, TestPluginCache.DiscoverTestExtensions: Discovering the extensions using allExtensionPaths: C:\Program Files\dotnet\sdk\8.0.202\Extensions\Microsoft.Diagnostics.NETCore.Client.dll
C:\Program Files\dotnet\sdk\8.0.202\Extensions\Microsoft.TestPlatform.Extensions.BlameDataCollector.dll
C:\Program Files\dotnet\sdk\8.0.202\Extensions\Microsoft.TestPlatform.Extensions.EventLogCollector.dll
C:\Program Files\dotnet\sdk\8.0.202\Extensions\Microsoft.TestPlatform.TestHostRuntimeProvider.dll
C:\Program Files\dotnet\sdk\8.0.202\Extensions\Microsoft.VisualStudio.TestPlatform.Extensions.Html.TestLogger.dll
C:\Program Files\dotnet\sdk\8.0.202\Extensions\Microsoft.VisualStudio.TestPlatform.Extensions.Trx.TestLogger.dll
TpTrace Information: 0 : 16636, 1, 2024/04/24, 16:39:29.298, 13983073352803, vstest.console.dll, AssemblyResolver.AddSearchDirectories: Adding more searchDirectories C:\Program Files\dotnet\sdk\8.0.202\Extensions,C:\Program Files\dotnet\sdk\8.0.202
TpTrace Information: 0 : 16636, 1, 2024/04/24, 16:39:29.298, 13983073353148, vstest.console.dll, AssemblyResolver.AddSearchDirectories: Adding more searchDirectories C:\Program Files\dotnet\sdk\8.0.202\Extensions,C:\Program Files\dotnet\sdk\8.0.202
TpTrace Information: 0 : 16636, 1, 2024/04/24, 16:39:29.298, 13983073353457, vstest.console.dll, AssemblyResolver.AddSearchDirectories: Adding more searchDirectories C:\Program Files\dotnet\sdk\8.0.202\Extensions,C:\Program Files\dotnet\sdk\8.0.202
TpTrace Information: 0 : 16636, 1, 2024/04/24, 16:39:29.298, 13983073353710, vstest.console.dll, AssemblyResolver.AddSearchDirectories: Adding more searchDirectories C:\Program Files\dotnet\sdk\8.0.202\Extensions,C:\Program Files\dotnet\sdk\8.0.202
TpTrace Information: 0 : 16636, 1, 2024/04/24, 16:39:29.298, 13983073353959, vstest.console.dll, AssemblyResolver.AddSearchDirectories: Adding more searchDirectories C:\Program Files\dotnet\sdk\8.0.202\Extensions,C:\Program Files\dotnet\sdk\8.0.202
TpTrace Information: 0 : 16636, 1, 2024/04/24, 16:39:29.298, 13983073354252, vstest.console.dll, AssemblyResolver.AddSearchDirectories: Adding more searchDirectories C:\Program Files\dotnet\sdk\8.0.202\Extensions,C:\Program Files\dotnet\sdk\8.0.202
TpTrace Verbose: 0 : 16636, 1, 2024/04/24, 16:39:29.299, 13983073355428, vstest.console.dll, MetadataReaderExtensionsHelper: Discovering extensions inside assembly 'Microsoft.Diagnostics.NETCore.Client, Version=0.2.9.2401, Culture=neutral, PublicKeyToken=31bf3856ad364e35' file path 'C:\Program Files\dotnet\sdk\8.0.202\Extensions\Microsoft.Diagnostics.NETCore.Client.dll'
TpTrace Information: 0 : 16636, 1, 2024/04/24, 16:39:29.299, 13983073363992, vstest.console.dll, AssemblyResolver.OnResolve: Microsoft.Bcl.AsyncInterfaces: Resolving assembly.
TpTrace Information: 0 : 16636, 1, 2024/04/24, 16:39:29.300, 13983073364988, vstest.console.dll, AssemblyResolver.OnResolve: Microsoft.Bcl.AsyncInterfaces: Resolved from cache.
TpTrace Verbose: 0 : 16636, 1, 2024/04/24, 16:39:29.300, 13983073365491, vstest.console.dll, CurrentDomainAssemblyResolve: Resolving assembly 'Microsoft.Bcl.AsyncInterfaces'.
TpTrace Information: 0 : 16636, 1, 2024/04/24, 16:39:29.300, 13983073366142, vstest.console.dll, AssemblyResolver.OnResolve: Microsoft.Bcl.AsyncInterfaces: Resolving assembly.
TpTrace Information: 0 : 16636, 1, 2024/04/24, 16:39:29.300, 13983073366640, vstest.console.dll, AssemblyResolver.OnResolve: Microsoft.Bcl.AsyncInterfaces: Resolved from cache.
TpTrace Verbose: 0 : 16636, 1, 2024/04/24, 16:39:29.300, 13983073367056, vstest.console.dll, CurrentDomainAssemblyResolve: Resolving assembly 'Microsoft.Bcl.AsyncInterfaces'.
TpTrace Verbose: 0 : 16636, 1, 2024/04/24, 16:39:29.300, 13983073367522, vstest.console.dll, CurrentDomainAssemblyResolve: Failed to resolve assembly 'Microsoft.Bcl.AsyncInterfaces'.
TpTrace Verbose: 0 : 16636, 1, 2024/04/24, 16:39:29.300, 13983073369397, vstest.console.dll, CurrentDomainAssemblyResolve: Failed to resolve assembly 'Microsoft.Bcl.AsyncInterfaces'.
TpTrace Warning: 0 : 16636, 1, 2024/04/24, 16:39:29.300, 13983073374319, vstest.console.dll, TestPluginDiscoverer: Failed to get types from assembly 'Microsoft.Diagnostics.NETCore.Client, Version=0.2.9.2401, Culture=neutral, PublicKeyToken=31bf3856ad364e35'. Error: System.Reflection.ReflectionTypeLoadException: Unable to load one or more of the requested types.
Could not load file or assembly 'Microsoft.Bcl.AsyncInterfaces, Version=6.0.0.0, Culture=neutral, PublicKeyToken=cc7b13ffcd2ddd51'. The system cannot find the file specified.
   at System.Reflection.RuntimeModule.GetTypes(RuntimeModule module)
   at System.Reflection.RuntimeModule.GetTypes()
   at Microsoft.VisualStudio.TestPlatform.Common.ExtensionFramework.TestPluginDiscoverer.GetTestExtensionsFromAssembly[TPluginInfo,TExtension](Assembly assembly, Dictionary`2 pluginInfos, String filePath) in /_/src/Microsoft.TestPlatform.Common/ExtensionFramework/TestPluginDiscoverer.cs:line 158
System.IO.FileNotFoundException: Could not load file or assembly 'Microsoft.Bcl.AsyncInterfaces, Version=6.0.0.0, Culture=neutral, PublicKeyToken=cc7b13ffcd2ddd51'. The system cannot find the file specified.
File name: 'Microsoft.Bcl.AsyncInterfaces, Version=6.0.0.0, Culture=neutral, PublicKeyToken=cc7b13ffcd2ddd51'
 ---> System.IO.FileNotFoundException: Could not load file or assembly 'Microsoft.Bcl.AsyncInterfaces, Culture=neutral, PublicKeyToken=null'. The system cannot find the file specified.
File name: 'Microsoft.Bcl.AsyncInterfaces, Culture=neutral, PublicKeyToken=null'
   at System.Reflection.RuntimeAssembly.InternalLoad(AssemblyName assemblyName, StackCrawlMark& stackMark, AssemblyLoadContext assemblyLoadContext, RuntimeAssembly requestingAssembly, Boolean throwOnFileNotFound)
   at System.Reflection.Assembly.Load(AssemblyName assemblyRef)
   at Microsoft.VisualStudio.TestPlatform.Common.ExtensionFramework.TestPluginCache.CurrentDomainAssemblyResolve(Object sender, AssemblyResolveEventArgs args) in /_/src/Microsoft.TestPlatform.Common/ExtensionFramework/TestPluginCache.cs:line 513
   at System.Runtime.Loader.AssemblyLoadContext.GetFirstResolvedAssemblyFromResolvingEvent(AssemblyName assemblyName)
   at System.Runtime.Loader.AssemblyLoadContext.ResolveUsingEvent(AssemblyName assemblyName)
   at System.Runtime.Loader.AssemblyLoadContext.ResolveUsingResolvingEvent(IntPtr gchManagedAssemblyLoadContext, AssemblyName assemblyName)
TpTrace Warning: 0 : 16636, 1, 2024/04/24, 16:39:29.301, 13983073376763, vstest.console.dll, LoaderExceptions: System.IO.FileNotFoundException: Could not load file or assembly 'Microsoft.Bcl.AsyncInterfaces, Version=6.0.0.0, Culture=neutral, PublicKeyToken=cc7b13ffcd2ddd51'. The system cannot find the file specified.
File name: 'Microsoft.Bcl.AsyncInterfaces, Version=6.0.0.0, Culture=neutral, PublicKeyToken=cc7b13ffcd2ddd51'
 ---> System.IO.FileNotFoundException: Could not load file or assembly 'Microsoft.Bcl.AsyncInterfaces, Culture=neutral, PublicKeyToken=null'. The system cannot find the file specified.
File name: 'Microsoft.Bcl.AsyncInterfaces, Culture=neutral, PublicKeyToken=null'
   at System.Reflection.RuntimeAssembly.InternalLoad(AssemblyName assemblyName, StackCrawlMark& stackMark, AssemblyLoadContext assemblyLoadContext, RuntimeAssembly requestingAssembly, Boolean throwOnFileNotFound)
   at System.Reflection.Assembly.Load(AssemblyName assemblyRef)
   at Microsoft.VisualStudio.TestPlatform.Common.ExtensionFramework.TestPluginCache.CurrentDomainAssemblyResolve(Object sender, AssemblyResolveEventArgs args) in /_/src/Microsoft.TestPlatform.Common/ExtensionFramework/TestPluginCache.cs:line 513
   at System.Runtime.Loader.AssemblyLoadContext.GetFirstResolvedAssemblyFromResolvingEvent(AssemblyName assemblyName)
   at System.Runtime.Loader.AssemblyLoadContext.ResolveUsingEvent(AssemblyName assemblyName)
   at System.Runtime.Loader.AssemblyLoadContext.ResolveUsingResolvingEvent(IntPtr gchManagedAssemblyLoadContext, AssemblyName assemblyName)
TpTrace Verbose: 0 : 16636, 1, 2024/04/24, 16:39:29.301, 13983073378155, vstest.console.dll, MetadataReaderExtensionsHelper: Discovering extensions inside assembly 'Microsoft.TestPlatform.Extensions.BlameDataCollector, Version=15.0.0.0, Culture=neutral, PublicKeyToken=b03f5f7f11d50a3a' file path 'C:\Program Files\dotnet\sdk\8.0.202\Extensions\Microsoft.TestPlatform.Extensions.BlameDataCollector.dll'
TpTrace Information: 0 : 16636, 1, 2024/04/24, 16:39:29.301, 13983073383919, vstest.console.dll, GetTestExtensionFromType: Register extension with identifier data 'logger://Microsoft/TestPlatform/Extensions/Blame/v1' and type 'Microsoft.TestPlatform.Extensions.BlameDataCollector.BlameLogger, Microsoft.TestPlatform.Extensions.BlameDataCollector, Version=15.0.0.0, Culture=neutral, PublicKeyToken=b03f5f7f11d50a3a' inside file 'C:\Program Files\dotnet\sdk\8.0.202\Extensions\Microsoft.TestPlatform.Extensions.BlameDataCollector.dll'
TpTrace Verbose: 0 : 16636, 1, 2024/04/24, 16:39:29.302, 13983073384883, vstest.console.dll, MetadataReaderExtensionsHelper: Discovering extensions inside assembly 'Microsoft.TestPlatform.Extensions.EventLogCollector, Version=15.0.0.0, Culture=neutral, PublicKeyToken=b03f5f7f11d50a3a' file path 'C:\Program Files\dotnet\sdk\8.0.202\Extensions\Microsoft.TestPlatform.Extensions.EventLogCollector.dll'
TpTrace Verbose: 0 : 16636, 1, 2024/04/24, 16:39:29.302, 13983073389023, vstest.console.dll, MetadataReaderExtensionsHelper: Discovering extensions inside assembly 'Microsoft.TestPlatform.TestHostRuntimeProvider, Version=15.0.0.0, Culture=neutral, PublicKeyToken=b03f5f7f11d50a3a' file path 'C:\Program Files\dotnet\sdk\8.0.202\Extensions\Microsoft.TestPlatform.TestHostRuntimeProvider.dll'
TpTrace Verbose: 0 : 16636, 1, 2024/04/24, 16:39:29.302, 13983073391988, vstest.console.dll, MetadataReaderExtensionsHelper: Discovering extensions inside assembly 'Microsoft.VisualStudio.TestPlatform.Extensions.Html.TestLogger, Version=15.0.0.0, Culture=neutral, PublicKeyToken=b03f5f7f11d50a3a' file path 'C:\Program Files\dotnet\sdk\8.0.202\Extensions\Microsoft.VisualStudio.TestPlatform.Extensions.Html.TestLogger.dll'
TpTrace Information: 0 : 16636, 1, 2024/04/24, 16:39:29.303, 13983073398503, vstest.console.dll, GetTestExtensionFromType: Register extension with identifier data 'logger://Microsoft/TestPlatform/HtmlLogger/v1' and type 'Microsoft.VisualStudio.TestPlatform.Extensions.HtmlLogger.HtmlLogger, Microsoft.VisualStudio.TestPlatform.Extensions.Html.TestLogger, Version=15.0.0.0, Culture=neutral, PublicKeyToken=b03f5f7f11d50a3a' inside file 'C:\Program Files\dotnet\sdk\8.0.202\Extensions\Microsoft.VisualStudio.TestPlatform.Extensions.Html.TestLogger.dll'
TpTrace Verbose: 0 : 16636, 1, 2024/04/24, 16:39:29.303, 13983073399264, vstest.console.dll, MetadataReaderExtensionsHelper: Discovering extensions inside assembly 'Microsoft.VisualStudio.TestPlatform.Extensions.Trx.TestLogger, Version=15.0.0.0, Culture=neutral, PublicKeyToken=b03f5f7f11d50a3a' file path 'C:\Program Files\dotnet\sdk\8.0.202\Extensions\Microsoft.VisualStudio.TestPlatform.Extensions.Trx.TestLogger.dll'
TpTrace Information: 0 : 16636, 1, 2024/04/24, 16:39:29.303, 13983073402387, vstest.console.dll, GetTestExtensionFromType: Register extension with identifier data 'logger://Microsoft/TestPlatform/TrxLogger/v1' and type 'Microsoft.VisualStudio.TestPlatform.Extensions.TrxLogger.TrxLogger, Microsoft.VisualStudio.TestPlatform.Extensions.Trx.TestLogger, Version=15.0.0.0, Culture=neutral, PublicKeyToken=b03f5f7f11d50a3a' inside file 'C:\Program Files\dotnet\sdk\8.0.202\Extensions\Microsoft.VisualStudio.TestPlatform.Extensions.Trx.TestLogger.dll'
TpTrace Verbose: 0 : 16636, 1, 2024/04/24, 16:39:29.303, 13983073403149, vstest.console.dll, TestPluginCache: Discovered the extensions using extension path ''.
TpTrace Verbose: 0 : 16636, 1, 2024/04/24, 16:39:29.303, 13983073403621, vstest.console.dll, TestPluginCache: Discoverers are ''.
TpTrace Verbose: 0 : 16636, 1, 2024/04/24, 16:39:29.303, 13983073403856, vstest.console.dll, TestPluginCache: Executors are ''.
TpTrace Verbose: 0 : 16636, 1, 2024/04/24, 16:39:29.303, 13983073404082, vstest.console.dll, TestPluginCache: Executors2 are ''.
TpTrace Verbose: 0 : 16636, 1, 2024/04/24, 16:39:29.303, 13983073404349, vstest.console.dll, TestPluginCache: Setting providers are ''.
TpTrace Verbose: 0 : 16636, 1, 2024/04/24, 16:39:29.304, 13983073405182, vstest.console.dll, TestPluginCache: Loggers are 'logger://Microsoft/TestPlatform/Extensions/Blame/v1,logger://Microsoft/TestPlatform/HtmlLogger/v1,logger://Microsoft/TestPlatform/TrxLogger/v1'.
TpTrace Verbose: 0 : 16636, 1, 2024/04/24, 16:39:29.304, 13983073405561, vstest.console.dll, TestPluginCache: TestHosts are 'HostProvider://DefaultTestHost,HostProvider://DotnetTestHost'.
TpTrace Verbose: 0 : 16636, 1, 2024/04/24, 16:39:29.304, 13983073405843, vstest.console.dll, TestPluginCache: DataCollectors are ''.
TpTrace Information: 0 : 16636, 1, 2024/04/24, 16:39:29.304, 13983073414074, vstest.console.dll, TestPluginManager.CreateTestExtension: Attempting to load test extension: Microsoft.TestPlatform.Extensions.BlameDataCollector.BlameLogger
TpTrace Verbose: 0 : 16636, 1, 2024/04/24, 16:39:29.313, 13983073504037, vstest.console.dll, TestEngine: Initializing Parallel Execution as MaxCpuCount is set to: 1
TpTrace Information: 0 : 16636, 1, 2024/04/24, 16:39:29.315, 13983073517508, vstest.console.dll, TestPluginManager.CreateTestExtension: Attempting to load test extension: Microsoft.VisualStudio.TestPlatform.CrossPlatEngine.Hosting.DefaultTestHostManager
TpTrace Information: 0 : 16636, 1, 2024/04/24, 16:39:29.316, 13983073526986, vstest.console.dll, TestPluginManager.CreateTestExtension: Attempting to load test extension: Microsoft.VisualStudio.TestPlatform.CrossPlatEngine.Hosting.DotnetTestHostManager
TpTrace Information: 0 : 16636, 1, 2024/04/24, 16:39:29.316, 13983073531574, vstest.console.dll, InferRunSettingsHelper.IsTestSettingsEnabled: Unable to navigate to RunSettings/MSTest. Current node: RunSettings
TpTrace Verbose: 0 : 16636, 1, 2024/04/24, 16:39:29.317, 13983073541574, vstest.console.dll, ParallelOperationManager.ClearSlots: Clearing all slots. Slots should accept more work: True
TpTrace Verbose: 0 : 16636, 1, 2024/04/24, 16:39:29.318, 13983073551261, vstest.console.dll, ParallelOperationManager.SetOccupiedSlotCount: Setting slot counts AvailableSlotCount = 1, OccupiedSlotCount = 0.
TpTrace Verbose: 0 : 16636, 1, 2024/04/24, 16:39:29.318, 13983073554644, vstest.console.dll, Occupied slots:

TpTrace Verbose: 0 : 16636, 1, 2024/04/24, 16:39:29.321, 13983073583121, vstest.console.dll, TestEngine.GetExecutionManager: Chosen execution manager 'Microsoft.VisualStudio.TestPlatform.CrossPlatEngine.Client.Parallel.ParallelProxyExecutionManager, Microsoft.TestPlatform.CrossPlatEngine, Version=15.0.0.0, Culture=neutral, PublicKeyToken=b03f5f7f11d50a3a' ParallelLevel '1'.
TpTrace Verbose: 0 : 16636, 1, 2024/04/24, 16:39:29.321, 13983073584424, vstest.console.dll, TestRunRequest.ExecuteAsync: Creating test run request.
TpTrace Verbose: 0 : 16636, 1, 2024/04/24, 16:39:29.322, 13983073586171, vstest.console.dll, TestRunRequest.ExecuteAsync: Starting.
TpTrace Information: 0 : 16636, 1, 2024/04/24, 16:39:29.323, 13983073599531, vstest.console.dll, TestRunRequest.ExecuteAsync: Starting run with settings:TestRunCriteria:
   KeepAlive=False,FrequencyOfRunStatsChangeEvent=10,RunStatsChangeEventTimeout=00:00:01.5000000,TestCaseFilter=,TestExecutorLauncher=
   Settingsxml=<RunSettings>
  <RunConfiguration>
    <ResultsDirectory>C:\Users\VC\Desktop\Day_1\Day_11\ShoppingSolution\ShoppingModelTest\bin\Debug\net6.0\fine-code-coverage\coverage-tool-output</ResultsDirectory>
    <TargetPlatform>X64</TargetPlatform>
    <TargetFrameworkVersion>.NETCoreApp,Version=v6.0</TargetFrameworkVersion>
    <DesignMode>False</DesignMode>
    <CollectSourceInformation>False</CollectSourceInformation>
  </RunConfiguration>
  <LoggerRunSettings>
    <Loggers>
      <Logger friendlyName="blame" enabled="True" />
      <Logger friendlyName="Console" uri="logger://microsoft/TestPlatform/ConsoleLogger/v1" assemblyQualifiedName="Microsoft.VisualStudio.TestPlatform.CommandLine.Internal.ConsoleLogger, vstest.console, Version=15.0.0.0, Culture=neutral, PublicKeyToken=b03f5f7f11d50a3a" codeBase="C:\Program Files\dotnet\sdk\8.0.202\vstest.console.dll" enabled="True" />
    </Loggers>
  </LoggerRunSettings>
  <DataCollectionRunSettings>
    <DataCollectors>
      <DataCollector friendlyName="blame" enabled="True">
        <Configuration>
          <ResultsDirectory>C:\Users\VC\Desktop\Day_1\Day_11\ShoppingSolution\ShoppingModelTest\bin\Debug\net6.0\fine-code-coverage\coverage-tool-output</ResultsDirectory>
        </Configuration>
      </DataCollector>
    </DataCollectors>
  </DataCollectionRunSettings>
</RunSettings>

TpTrace Verbose: 0 : 16636, 1, 2024/04/24, 16:39:29.323, 13983073600660, vstest.console.dll, TestRunRequest.ExecuteAsync: Wait for the first run request is over.
TpTrace Verbose: 0 : 16636, 1, 2024/04/24, 16:39:29.323, 13983073604468, vstest.console.dll, MulticastDelegateUtilities.SafeInvoke: TestRun.TestRunStart: Invoking callbacks was skipped because there are no subscribers.
TpTrace Verbose: 0 : 16636, 4, 2024/04/24, 16:39:29.324, 13983073607060, vstest.console.dll, MulticastDelegateUtilities.SafeInvoke: InternalTestLoggerEvents.SendTestRunStart: Invoking callback 1/1 for Microsoft.VisualStudio.TestPlatform.CommandLine.Internal.ConsoleLogger., took 0 ms.
TpTrace Verbose: 0 : 16636, 1, 2024/04/24, 16:39:29.324, 13983073614020, vstest.console.dll, ParallelProxyExecutionManager: Start execution. Total sources: 1
TpTrace Verbose: 0 : 16636, 1, 2024/04/24, 16:39:29.325, 13983073618120, vstest.console.dll, ParallelOperationManager.StartWork: Starting adding 1 workloads.
TpTrace Verbose: 0 : 16636, 1, 2024/04/24, 16:39:29.325, 13983073620114, vstest.console.dll, ParallelOperationManager.ClearSlots: Clearing all slots. Slots should accept more work: True
TpTrace Verbose: 0 : 16636, 1, 2024/04/24, 16:39:29.325, 13983073620704, vstest.console.dll, ParallelOperationManager.SetOccupiedSlotCount: Setting slot counts AvailableSlotCount = 1, OccupiedSlotCount = 0.
TpTrace Verbose: 0 : 16636, 1, 2024/04/24, 16:39:29.325, 13983073621082, vstest.console.dll, Occupied slots:

TpTrace Verbose: 0 : 16636, 1, 2024/04/24, 16:39:29.326, 13983073633910, vstest.console.dll, TestRequestSender is acting as server.
TpTrace Verbose: 0 : 16636, 1, 2024/04/24, 16:39:29.328, 13983073651825, vstest.console.dll, ParallelOperationManager.RunWorkInParallel: Adding 1 workload to slot, remaining workloads 0.
TpTrace Verbose: 0 : 16636, 1, 2024/04/24, 16:39:29.328, 13983073653159, vstest.console.dll, ParallelOperationManager.SetOccupiedSlotCount: Setting slot counts AvailableSlotCount = 0, OccupiedSlotCount = 1.
TpTrace Verbose: 0 : 16636, 1, 2024/04/24, 16:39:29.329, 13983073654730, vstest.console.dll, Occupied slots:
0: C:\Users\VC\Desktop\Day_1\Day_11\ShoppingSolution\ShoppingModelTest\bin\Debug\net6.0\fine-code-coverage\build-output\ShoppinCustomerRepoTest.dll
TpTrace Verbose: 0 : 16636, 1, 2024/04/24, 16:39:29.330, 13983073668909, vstest.console.dll, ParallelOperationManager.RunWorkInParallel: Started host in slot number 0 for work (source): C:\Users\VC\Desktop\Day_1\Day_11\ShoppingSolution\ShoppingModelTest\bin\Debug\net6.0\fine-code-coverage\build-output\ShoppinCustomerRepoTest.dll.
TpTrace Verbose: 0 : 16636, 1, 2024/04/24, 16:39:29.331, 13983073678937, vstest.console.dll, ParallelOperationManager.RunWorkInParallel: We started 1 work items, which is the max parallel level. Won't start more work.
TpTrace Verbose: 0 : 16636, 1, 2024/04/24, 16:39:29.331, 13983073679832, vstest.console.dll, ParallelOperationManager.RunWorkInParallel: We started 1 work items in here, returning True.
TpTrace Verbose: 0 : 16636, 5, 2024/04/24, 16:39:29.331, 13983073679939, vstest.console.dll, ParallelProxyExecutionManager.StartTestRunOnConcurrentManager: Initializing uninitialized client. Started clients: 0
TpTrace Information: 0 : 16636, 1, 2024/04/24, 16:39:29.331, 13983073680342, vstest.console.dll, TestRunRequest.ExecuteAsync: Started.
TpTrace Verbose: 0 : 16636, 5, 2024/04/24, 16:39:29.331, 13983073681506, vstest.console.dll, DataCollectionRequestSender.InitializeCommunication : Initialize communication. 
TpTrace Verbose: 0 : 16636, 1, 2024/04/24, 16:39:29.332, 13983073685893, vstest.console.dll, TestRunRequest.WaitForCompletion: Waiting with timeout -1.
TpTrace Information: 0 : 16636, 5, 2024/04/24, 16:39:29.339, 13983073762745, vstest.console.dll, Listening on Endpoint : 127.0.0.1:50080
TpTrace Verbose: 0 : 16636, 5, 2024/04/24, 16:39:29.345, 13983073820064, vstest.console.dll, DotnetDataCollectionLauncher: Adding  --runtimeconfig "C:\Program Files\dotnet\sdk\8.0.202\datacollector.runtimeconfig.json" in args
TpTrace Verbose: 0 : 16636, 5, 2024/04/24, 16:39:29.345, 13983073821852, vstest.console.dll, DotnetDataCollectionLauncher: Adding  --depsfile "C:\Program Files\dotnet\sdk\8.0.202\datacollector.deps.json" in args
TpTrace Verbose: 0 : 16636, 5, 2024/04/24, 16:39:29.346, 13983073827994, vstest.console.dll, DotnetDataCollectionLauncher: Full path of dotnet.exe is C:\Program Files\dotnet\dotnet.exe
TpTrace Information: 0 : 16636, 5, 2024/04/24, 16:39:29.353, 13983073897713, vstest.console.dll, ProxyDataCollectionManager.Initialize: Launched datacollector processId: 36040 port: 50080
TpTrace Information: 0 : 16636, 5, 2024/04/24, 16:39:29.353, 13983073900569, vstest.console.dll, ProxyDataCollectionManager.Initialize: waiting for connection with timeout: 90 seconds
TpTrace Verbose: 0 : 16636, 5, 2024/04/24, 16:39:29.353, 13983073901548, vstest.console.dll, DataCollectionRequestSender.WaitForRequestHandlerConnection : Waiting for connection with timeout: 90000
TpTrace Information: 0 : 16636, 7, 2024/04/24, 16:39:29.654, 13983076904809, vstest.console.dll, Using the buffer size of 16384 bytes
TpTrace Verbose: 0 : 16636, 5, 2024/04/24, 16:39:29.654, 13983076904872, vstest.console.dll, SocketCommunicationManager.WaitForClientConnection took: 300 ms, with 90000 ms timeout, and finished with True.
TpTrace Information: 0 : 16636, 7, 2024/04/24, 16:39:29.654, 13983076906806, vstest.console.dll, Accepted Client request and set the flag
TpTrace Verbose: 0 : 16636, 5, 2024/04/24, 16:39:29.654, 13983076908005, vstest.console.dll, ProxyDataCollectionManager.InvokeDataCollectionServiceAction: Starting.
TpTrace Information: 0 : 16636, 5, 2024/04/24, 16:39:29.654, 13983076908991, vstest.console.dll, ProxyDataCollectionManager.BeforeTestRunStart: Get environment variable and port for datacollector processId: 36040 port: 50080
TpTrace Verbose: 0 : 16636, 5, 2024/04/24, 16:39:29.654, 13983076910381, vstest.console.dll, DataCollectionRequestSender.SendBeforeTestRunStartAndGetResult: Send BeforeTestRunStart message with settingsXml <RunSettings><RunConfiguration><ResultsDirectory>C:\Users\VC\Desktop\Day_1\Day_11\ShoppingSolution\ShoppingModelTest\bin\Debug\net6.0\fine-code-coverage\coverage-tool-output</ResultsDirectory><TargetPlatform>X64</TargetPlatform><TargetFrameworkVersion>.NETCoreApp,Version=v6.0</TargetFrameworkVersion><DesignMode>False</DesignMode><CollectSourceInformation>False</CollectSourceInformation><TestAdaptersPaths>C:\Program Files\dotnet\sdk\8.0.202\Extensions</TestAdaptersPaths></RunConfiguration><LoggerRunSettings><Loggers><Logger friendlyName="blame" enabled="True" /><Logger friendlyName="Console" uri="logger://microsoft/TestPlatform/ConsoleLogger/v1" assemblyQualifiedName="Microsoft.VisualStudio.TestPlatform.CommandLine.Internal.ConsoleLogger, vstest.console, Version=15.0.0.0, Culture=neutral, PublicKeyToken=b03f5f7f11d50a3a" codeBase="C:\Program Files\dotnet\sdk\8.0.202\vstest.console.dll" enabled="True" /></Loggers></LoggerRunSettings><DataCollectionRunSettings><DataCollectors><DataCollector friendlyName="blame" enabled="True"><Configuration><ResultsDirectory>C:\Users\VC\Desktop\Day_1\Day_11\ShoppingSolution\ShoppingModelTest\bin\Debug\net6.0\fine-code-coverage\coverage-tool-output</ResultsDirectory></Configuration></DataCollector></DataCollectors></DataCollectionRunSettings></RunSettings> and sources System.Collections.Generic.List`1[System.String]: 
TpTrace Verbose: 0 : 16636, 5, 2024/04/24, 16:39:29.729, 13983077663298, vstest.console.dll, DataCollectionRequestSender.SendBeforeTestRunStartAndGetResult: Received message: (DataCollection.SendMessage) -> {"MessageType":"DataCollection.SendMessage","Payload":{"FriendlyName":null,"Uri":null,"TestCaseId":"00000000-0000-0000-0000-000000000000","Message":"Logging DataCollector Diagnostics in file: C:\\Users\\VC\\Desktop\\Day_1\\Day_11\\ShoppingSolution\\ShoppingModelTest\\bin\\Debug\\net6.0\\fine-code-coverage\\coverage-tool-output\\diagnostics.datacollector.24-04-24_16-39-29_34523_5.log","Level":0}}
TpTrace Verbose: 0 : 16636, 5, 2024/04/24, 16:39:29.807, 13983078440644, vstest.console.dll, DataCollectionRequestSender.SendBeforeTestRunStartAndGetResult: Received message: (DataCollection.BeforeTestRunStartResult) -> {"MessageType":"DataCollection.BeforeTestRunStartResult","Payload":{"EnvironmentVariables":{},"DataCollectionEventsPort":50082}}
TpTrace Information: 0 : 16636, 5, 2024/04/24, 16:39:29.811, 13983078483905, vstest.console.dll, ProxyDataCollectionManager.BeforeTestRunStart: SendBeforeTestRunStartAndGetResult successful, env variable from datacollector:   and testhost port: 50082
TpTrace Information: 0 : 16636, 5, 2024/04/24, 16:39:29.812, 13983078485702, vstest.console.dll, ProxyDataCollectionManager.InvokeDataCollectionServiceAction: Completed.
TpTrace Verbose: 0 : 16636, 5, 2024/04/24, 16:39:29.812, 13983078486349, vstest.console.dll, ParallelProxyExecutionManager.StartTestRunOnConcurrentManager: Initializing test run. Started clients: 0
TpTrace Verbose: 0 : 16636, 5, 2024/04/24, 16:39:29.812, 13983078487273, vstest.console.dll, ProxyExecutionManager: Test host is always Lazy initialize.
TpTrace Verbose: 0 : 16636, 5, 2024/04/24, 16:39:29.812, 13983078489612, vstest.console.dll, TestRequestSender.InitializeCommunication: initialize communication. 
TpTrace Information: 0 : 16636, 5, 2024/04/24, 16:39:29.813, 13983078495812, vstest.console.dll, SocketServer.Start: Listening on endpoint : 127.0.0.1:50083
TpTrace Verbose: 0 : 16636, 5, 2024/04/24, 16:39:29.813, 13983078503674, vstest.console.dll, DotnetTestHostmanager.GetTestHostProcessStartInfo: Platform environment 'X64' target architecture 'X64' framework '.NETCoreApp,Version=v6.0' OS 'Windows'
TpTrace Verbose: 0 : 16636, 5, 2024/04/24, 16:39:29.814, 13983078506141, vstest.console.dll, DotnetTestHostmanager: Adding  --runtimeconfig "C:\Users\VC\Desktop\Day_1\Day_11\ShoppingSolution\ShoppingModelTest\bin\Debug\net6.0\fine-code-coverage\build-output\ShoppinCustomerRepoTest.runtimeconfig.json" in args
TpTrace Verbose: 0 : 16636, 5, 2024/04/24, 16:39:29.814, 13983078507116, vstest.console.dll, DotnetTestHostmanager: Adding  --depsfile "C:\Users\VC\Desktop\Day_1\Day_11\ShoppingSolution\ShoppingModelTest\bin\Debug\net6.0\fine-code-coverage\build-output\ShoppinCustomerRepoTest.deps.json" in args
TpTrace Verbose: 0 : 16636, 5, 2024/04/24, 16:39:29.814, 13983078509817, vstest.console.dll, DotnetTestHostmanager.IsWinOnArm: Current PROCESSOR_ARCHITECTURE from environment variable 'AMD64'
TpTrace Verbose: 0 : 16636, 5, 2024/04/24, 16:39:29.814, 13983078510441, vstest.console.dll, DotnetTestHostmanager.IsWinOnArm: Is Windows on ARM 'False'
TpTrace Verbose: 0 : 16636, 5, 2024/04/24, 16:39:29.814, 13983078511409, vstest.console.dll, DotnetTestHostManager: testhost.exe found at path: C:\Users\VC\Desktop\Day_1\Day_11\ShoppingSolution\ShoppingModelTest\bin\Debug\net6.0\fine-code-coverage\build-output\testhost.exe
TpTrace Verbose: 0 : 16636, 5, 2024/04/24, 16:39:29.814, 13983078511903, vstest.console.dll, DotnetTestHostmanager: Full path of host exe is C:\Users\VC\Desktop\Day_1\Day_11\ShoppingSolution\ShoppingModelTest\bin\Debug\net6.0\fine-code-coverage\build-output\testhost.exe
TpTrace Verbose: 0 : 16636, 5, 2024/04/24, 16:39:29.814, 13983078513127, vstest.console.dll, DotnetTestHostmanager.LaunchTestHostAsync: Found 'VSTEST_WINAPPHOST_DOTNET_ROOT' in env variables, value 'C:\Program Files\dotnet', forwarding to 'DOTNET_ROOT'
TpTrace Verbose: 0 : 16636, 5, 2024/04/24, 16:39:29.814, 13983078514325, vstest.console.dll, DotnetTestHostManager: Starting process 'C:\Users\VC\Desktop\Day_1\Day_11\ShoppingSolution\ShoppingModelTest\bin\Debug\net6.0\fine-code-coverage\build-output\testhost.exe' with command line ' --runtimeconfig "C:\Users\VC\Desktop\Day_1\Day_11\ShoppingSolution\ShoppingModelTest\bin\Debug\net6.0\fine-code-coverage\build-output\ShoppinCustomerRepoTest.runtimeconfig.json" --depsfile "C:\Users\VC\Desktop\Day_1\Day_11\ShoppingSolution\ShoppingModelTest\bin\Debug\net6.0\fine-code-coverage\build-output\ShoppinCustomerRepoTest.deps.json" --port 50083 --endpoint 127.0.0.1:050083 --role client --parentprocessid 16636 --diag "C:\Users\VC\Desktop\Day_1\Day_11\ShoppingSolution\ShoppingModelTest\bin\Debug\net6.0\fine-code-coverage\coverage-tool-output\diagnostics.host.24-04-24_16-39-29_81353_5.log" --tracelevel 4 --datacollectionport 50082 --telemetryoptedin false'
TpTrace Verbose: 0 : 16636, 5, 2024/04/24, 16:39:29.821, 13983078579453, vstest.console.dll, MulticastDelegateUtilities.SafeInvoke: HostProviderEvents.OnHostLaunched: Invoking callback 1/2 for Microsoft.VisualStudio.TestPlatform.CrossPlatEngine.Client.ProxyExecutionManagerWithDataCollection., took 1 ms.
TpTrace Verbose: 0 : 16636, 5, 2024/04/24, 16:39:29.821, 13983078584005, vstest.console.dll, Test Runtime launched
TpTrace Verbose: 0 : 16636, 5, 2024/04/24, 16:39:29.822, 13983078585090, vstest.console.dll, MulticastDelegateUtilities.SafeInvoke: HostProviderEvents.OnHostLaunched: Invoking callback 2/2 for Microsoft.VisualStudio.TestPlatform.CrossPlatEngine.Client.ProxyOperationManager., took 0 ms.
TpTrace Verbose: 0 : 16636, 5, 2024/04/24, 16:39:29.822, 13983078586775, vstest.console.dll, TestRequestSender.WaitForRequestHandlerConnection: waiting for connection with timeout: 90000.
TpTrace Verbose: 0 : 16636, 5, 2024/04/24, 16:39:30.079, 13983081160610, vstest.console.dll, TestRequestSender.WaitForRequestHandlerConnection: waiting took 257 ms, with timeout 90000 ms, and result 0, which is success.
TpTrace Verbose: 0 : 16636, 7, 2024/04/24, 16:39:30.079, 13983081160622, vstest.console.dll, MulticastDelegateUtilities.SafeInvoke: SocketServer: ClientConnected: Invoking callback 1/1 for Microsoft.VisualStudio.TestPlatform.CommunicationUtilities.TestRequestSender., took 0 ms.
TpTrace Verbose: 0 : 16636, 7, 2024/04/24, 16:39:30.079, 13983081164079, vstest.console.dll, SocketServer.OnClientConnected: Client connected for endPoint: 127.0.0.1:50083, starting MessageLoopAsync:
TpTrace Verbose: 0 : 16636, 13, 2024/04/24, 16:39:30.080, 13983081171514, vstest.console.dll, TcpClientExtensions.MessageLoopAsync: Polling on remoteEndPoint: 127.0.0.1:50084 localEndPoint: 127.0.0.1:50083 after 0 ms
TpTrace Verbose: 0 : 16636, 5, 2024/04/24, 16:39:30.081, 13983081175202, vstest.console.dll, TestRequestSender.CheckVersionWithTestHost: Sending check version message: {"MessageType":"ProtocolVersion","Payload":7}
TpTrace Verbose: 0 : 16636, 13, 2024/04/24, 16:39:30.215, 13983082522576, vstest.console.dll, TcpClientExtensions.MessageLoopAsync: NotifyDataAvailable remoteEndPoint: 127.0.0.1:50084 localEndPoint: 127.0.0.1:50083
TpTrace Verbose: 0 : 16636, 13, 2024/04/24, 16:39:30.216, 13983082525830, vstest.console.dll, TestRequestSender.CheckVersionWithTestHost: onMessageReceived received message: (ProtocolVersion) -> {"MessageType":"ProtocolVersion","Payload":7}
TpTrace Verbose: 0 : 16636, 13, 2024/04/24, 16:39:30.217, 13983082535105, vstest.console.dll, MulticastDelegateUtilities.SafeInvoke: LengthPrefixCommunicationChannel: MessageReceived: Invoking callback 1/1 for Microsoft.VisualStudio.TestPlatform.CommunicationUtilities.TestRequestSender+<>c__DisplayClass29_0., took 0 ms.
TpTrace Verbose: 0 : 16636, 13, 2024/04/24, 16:39:30.217, 13983082536048, vstest.console.dll, TcpClientExtensions.MessageLoopAsync: Polling on remoteEndPoint: 127.0.0.1:50084 localEndPoint: 127.0.0.1:50083 after 136 ms
TpTrace Verbose: 0 : 16636, 5, 2024/04/24, 16:39:30.217, 13983082536685, vstest.console.dll, TestPluginCache.GetExtensionPaths: Filtered extension paths: 
TpTrace Verbose: 0 : 16636, 5, 2024/04/24, 16:39:30.217, 13983082537650, vstest.console.dll, TestPluginCache.GetExtensionPaths: Added default extension paths: C:\Program Files\dotnet\sdk\8.0.202\Extensions\Microsoft.Diagnostics.NETCore.Client.dll
C:\Program Files\dotnet\sdk\8.0.202\Extensions\Microsoft.TestPlatform.Extensions.BlameDataCollector.dll
C:\Program Files\dotnet\sdk\8.0.202\Extensions\Microsoft.TestPlatform.Extensions.EventLogCollector.dll
C:\Program Files\dotnet\sdk\8.0.202\Extensions\Microsoft.TestPlatform.TestHostRuntimeProvider.dll
C:\Program Files\dotnet\sdk\8.0.202\Extensions\Microsoft.VisualStudio.TestPlatform.Extensions.Html.TestLogger.dll
C:\Program Files\dotnet\sdk\8.0.202\Extensions\Microsoft.VisualStudio.TestPlatform.Extensions.Trx.TestLogger.dll
TpTrace Verbose: 0 : 16636, 5, 2024/04/24, 16:39:30.217, 13983082538732, vstest.console.dll, TestPluginCache.GetExtensionPaths: Added unfilterableExtensionPaths: 
TpTrace Verbose: 0 : 16636, 13, 2024/04/24, 16:39:30.221, 13983082577472, vstest.console.dll, TcpClientExtensions.MessageLoopAsync: NotifyDataAvailable remoteEndPoint: 127.0.0.1:50084 localEndPoint: 127.0.0.1:50083
TpTrace Verbose: 0 : 16636, 5, 2024/04/24, 16:39:30.221, 13983082577976, vstest.console.dll, TestRequestSender.InitializeExecution: Sending initialize execution with message: {"Version":7,"MessageType":"TestExecution.Initialize","Payload":["C:\\Users\\VC\\Desktop\\Day_1\\Day_11\\ShoppingSolution\\ShoppingModelTest\\bin\\Debug\\net6.0\\fine-code-coverage\\build-output\\NUnit3.TestAdapter.dll"]}
TpTrace Verbose: 0 : 16636, 5, 2024/04/24, 16:39:30.221, 13983082580757, vstest.console.dll, ParallelProxyExecutionManager.StartTestRunOnConcurrentManager: Execution starting. Started clients: 1
TpTrace Verbose: 0 : 16636, 5, 2024/04/24, 16:39:30.222, 13983082585198, vstest.console.dll, TestRunRequest:SendTestRunMessage: Starting.
TpTrace Verbose: 0 : 16636, 5, 2024/04/24, 16:39:30.222, 13983082587238, vstest.console.dll, MulticastDelegateUtilities.SafeInvoke: TestRun.LogMessages: Invoking callback 1/1 for Microsoft.VisualStudio.TestPlatform.CommandLine.TestRunResultAggregator., took 0 ms.
TpTrace Information: 0 : 16636, 5, 2024/04/24, 16:39:30.222, 13983082587674, vstest.console.dll, TestRunRequest:SendTestRunMessage: Completed.
TpTrace Warning: 0 : 16636, 5, 2024/04/24, 16:39:30.222, 13983082592946, vstest.console.dll, InferRunSettingsHelper.MakeRunsettingsCompatible: Removing the following settings: TargetPlatform from RunSettings file. To use those settings please move to latest version of Microsoft.NET.Test.Sdk
TpTrace Verbose: 0 : 16636, 4, 2024/04/24, 16:39:30.222, 13983082592892, vstest.console.dll, MulticastDelegateUtilities.SafeInvoke: InternalTestLoggerEvents.SendTestRunMessage: Invoking callback 1/1 for Microsoft.VisualStudio.TestPlatform.CommandLine.Internal.ConsoleLogger., took 0 ms.
TpTrace Verbose: 0 : 16636, 13, 2024/04/24, 16:39:30.223, 13983082601266, vstest.console.dll, TestRequestSender.OnExecutionMessageReceived: Received message: {"Version":7,"MessageType":"TestSession.Message","Payload":{"MessageLevel":0,"Message":"Logging TestHost Diagnostics in file: C:\\Users\\VC\\Desktop\\Day_1\\Day_11\\ShoppingSolution\\ShoppingModelTest\\bin\\Debug\\net6.0\\fine-code-coverage\\coverage-tool-output\\diagnostics.host.24-04-24_16-39-29_81353_5.log"}}
TpTrace Verbose: 0 : 16636, 13, 2024/04/24, 16:39:30.226, 13983082625712, vstest.console.dll, TestRunRequest:SendTestRunMessage: Starting.
TpTrace Verbose: 0 : 16636, 13, 2024/04/24, 16:39:30.226, 13983082627225, vstest.console.dll, MulticastDelegateUtilities.SafeInvoke: TestRun.LogMessages: Invoking callback 1/1 for Microsoft.VisualStudio.TestPlatform.CommandLine.TestRunResultAggregator., took 0 ms.
TpTrace Information: 0 : 16636, 13, 2024/04/24, 16:39:30.226, 13983082627566, vstest.console.dll, TestRunRequest:SendTestRunMessage: Completed.
TpTrace Verbose: 0 : 16636, 4, 2024/04/24, 16:39:30.226, 13983082627498, vstest.console.dll, MulticastDelegateUtilities.SafeInvoke: InternalTestLoggerEvents.SendTestRunMessage: Invoking callback 1/1 for Microsoft.VisualStudio.TestPlatform.CommandLine.Internal.ConsoleLogger., took 0 ms.
TpTrace Verbose: 0 : 16636, 13, 2024/04/24, 16:39:30.226, 13983082628021, vstest.console.dll, MulticastDelegateUtilities.SafeInvoke: LengthPrefixCommunicationChannel: MessageReceived: Invoking callback 1/1 for Microsoft.VisualStudio.TestPlatform.CommunicationUtilities.TestRequestSender+<>c__DisplayClass34_0., took 2 ms.
TpTrace Verbose: 0 : 16636, 13, 2024/04/24, 16:39:30.226, 13983082630580, vstest.console.dll, TcpClientExtensions.MessageLoopAsync: Polling on remoteEndPoint: 127.0.0.1:50084 localEndPoint: 127.0.0.1:50083 after 9 ms
TpTrace Verbose: 0 : 16636, 5, 2024/04/24, 16:39:30.232, 13983082692540, vstest.console.dll, TestRequestSender.StartTestRun: Sending test run with message: {"Version":7,"MessageType":"TestExecution.StartWithSources","Payload":{"AdapterSourceMap":{"_none_":["C:\\Users\\VC\\Desktop\\Day_1\\Day_11\\ShoppingSolution\\ShoppingModelTest\\bin\\Debug\\net6.0\\fine-code-coverage\\build-output\\ShoppinCustomerRepoTest.dll"]},"RunSettings":"<RunSettings>\r\n  <RunConfiguration>\r\n    <ResultsDirectory>C:\\Users\\VC\\Desktop\\Day_1\\Day_11\\ShoppingSolution\\ShoppingModelTest\\bin\\Debug\\net6.0\\fine-code-coverage\\coverage-tool-output</ResultsDirectory>\r\n    <TargetFrameworkVersion>.NETCoreApp,Version=v6.0</TargetFrameworkVersion>\r\n    <DesignMode>False</DesignMode>\r\n    <CollectSourceInformation>False</CollectSourceInformation>\r\n  </RunConfiguration>\r\n  <LoggerRunSettings>\r\n    <Loggers>\r\n      <Logger friendlyName=\"blame\" enabled=\"True\" />\r\n      <Logger friendlyName=\"Console\" uri=\"logger://microsoft/TestPlatform/ConsoleLogger/v1\" assemblyQualifiedName=\"Microsoft.VisualStudio.TestPlatform.CommandLine.Internal.ConsoleLogger, vstest.console, Version=15.0.0.0, Culture=neutral, PublicKeyToken=b03f5f7f11d50a3a\" codeBase=\"C:\\Program Files\\dotnet\\sdk\\8.0.202\\vstest.console.dll\" enabled=\"True\" />\r\n    </Loggers>\r\n  </LoggerRunSettings>\r\n  <DataCollectionRunSettings>\r\n    <DataCollectors>\r\n      <DataCollector friendlyName=\"blame\" enabled=\"True\">\r\n        <Configuration>\r\n          <ResultsDirectory>C:\\Users\\VC\\Desktop\\Day_1\\Day_11\\ShoppingSolution\\ShoppingModelTest\\bin\\Debug\\net6.0\\fine-code-coverage\\coverage-tool-output</ResultsDirectory>\r\n        </Configuration>\r\n      </DataCollector>\r\n    </DataCollectors>\r\n  </DataCollectionRunSettings>\r\n</RunSettings>","TestExecutionContext":{"FrequencyOfRunStatsChangeEvent":10,"RunStatsChangeEventTimeout":"00:00:01.5000000","InIsolation":false,"KeepAlive":false,"AreTestCaseLevelEventsRequired":false,"IsDebug":false,"TestCaseFilter":null,"FilterOptions":null},"Package":null}}
TpTrace Verbose: 0 : 16636, 5, 2024/04/24, 16:39:30.232, 13983082694447, vstest.console.dll, ParallelProxyExecutionManager.StartTestRunOnConcurrentManager: Execution started. Started clients: 1
TpTrace Verbose: 0 : 16636, 13, 2024/04/24, 16:39:30.447, 13983084838085, vstest.console.dll, TcpClientExtensions.MessageLoopAsync: NotifyDataAvailable remoteEndPoint: 127.0.0.1:50084 localEndPoint: 127.0.0.1:50083
TpTrace Verbose: 0 : 16636, 13, 2024/04/24, 16:39:30.447, 13983084840627, vstest.console.dll, TestRequestSender.OnExecutionMessageReceived: Received message: {"Version":7,"MessageType":"TestSession.Message","Payload":{"MessageLevel":0,"Message":"NUnit Adapter 4.4.0.0: Test execution started"}}
TpTrace Verbose: 0 : 16636, 13, 2024/04/24, 16:39:30.447, 13983084843741, vstest.console.dll, TestRunRequest:SendTestRunMessage: Starting.
TpTrace Verbose: 0 : 16636, 13, 2024/04/24, 16:39:30.448, 13983084845003, vstest.console.dll, MulticastDelegateUtilities.SafeInvoke: TestRun.LogMessages: Invoking callback 1/1 for Microsoft.VisualStudio.TestPlatform.CommandLine.TestRunResultAggregator., took 0 ms.
TpTrace Information: 0 : 16636, 13, 2024/04/24, 16:39:30.448, 13983084845402, vstest.console.dll, TestRunRequest:SendTestRunMessage: Completed.
TpTrace Verbose: 0 : 16636, 4, 2024/04/24, 16:39:30.448, 13983084845354, vstest.console.dll, MulticastDelegateUtilities.SafeInvoke: InternalTestLoggerEvents.SendTestRunMessage: Invoking callback 1/1 for Microsoft.VisualStudio.TestPlatform.CommandLine.Internal.ConsoleLogger., took 0 ms.
TpTrace Verbose: 0 : 16636, 13, 2024/04/24, 16:39:30.448, 13983084845953, vstest.console.dll, MulticastDelegateUtilities.SafeInvoke: LengthPrefixCommunicationChannel: MessageReceived: Invoking callback 1/1 for Microsoft.VisualStudio.TestPlatform.CommunicationUtilities.TestRequestSender+<>c__DisplayClass34_0., took 0 ms.
TpTrace Verbose: 0 : 16636, 13, 2024/04/24, 16:39:30.448, 13983084848282, vstest.console.dll, TcpClientExtensions.MessageLoopAsync: Polling on remoteEndPoint: 127.0.0.1:50084 localEndPoint: 127.0.0.1:50083 after 221 ms
TpTrace Verbose: 0 : 16636, 13, 2024/04/24, 16:39:30.479, 13983085160744, vstest.console.dll, TcpClientExtensions.MessageLoopAsync: NotifyDataAvailable remoteEndPoint: 127.0.0.1:50084 localEndPoint: 127.0.0.1:50083
TpTrace Verbose: 0 : 16636, 13, 2024/04/24, 16:39:30.479, 13983085162707, vstest.console.dll, TestRequestSender.OnExecutionMessageReceived: Received message: {"Version":7,"MessageType":"TestSession.Message","Payload":{"MessageLevel":0,"Message":"Running all tests in C:\\Users\\VC\\Desktop\\Day_1\\Day_11\\ShoppingSolution\\ShoppingModelTest\\bin\\Debug\\net6.0\\fine-code-coverage\\build-output\\ShoppinCustomerRepoTest.dll"}}
TpTrace Verbose: 0 : 16636, 13, 2024/04/24, 16:39:30.479, 13983085164187, vstest.console.dll, TestRunRequest:SendTestRunMessage: Starting.
TpTrace Verbose: 0 : 16636, 13, 2024/04/24, 16:39:30.480, 13983085164908, vstest.console.dll, MulticastDelegateUtilities.SafeInvoke: TestRun.LogMessages: Invoking callback 1/1 for Microsoft.VisualStudio.TestPlatform.CommandLine.TestRunResultAggregator., took 0 ms.
TpTrace Information: 0 : 16636, 13, 2024/04/24, 16:39:30.480, 13983085165307, vstest.console.dll, TestRunRequest:SendTestRunMessage: Completed.
TpTrace Verbose: 0 : 16636, 4, 2024/04/24, 16:39:30.480, 13983085165382, vstest.console.dll, MulticastDelegateUtilities.SafeInvoke: InternalTestLoggerEvents.SendTestRunMessage: Invoking callback 1/1 for Microsoft.VisualStudio.TestPlatform.CommandLine.Internal.ConsoleLogger., took 0 ms.
TpTrace Verbose: 0 : 16636, 13, 2024/04/24, 16:39:30.480, 13983085165727, vstest.console.dll, MulticastDelegateUtilities.SafeInvoke: LengthPrefixCommunicationChannel: MessageReceived: Invoking callback 1/1 for Microsoft.VisualStudio.TestPlatform.CommunicationUtilities.TestRequestSender+<>c__DisplayClass34_0., took 0 ms.
TpTrace Verbose: 0 : 16636, 13, 2024/04/24, 16:39:30.480, 13983085166836, vstest.console.dll, TcpClientExtensions.MessageLoopAsync: Polling on remoteEndPoint: 127.0.0.1:50084 localEndPoint: 127.0.0.1:50083 after 31 ms
TpTrace Verbose: 0 : 16636, 13, 2024/04/24, 16:39:30.604, 13983086405675, vstest.console.dll, TcpClientExtensions.MessageLoopAsync: NotifyDataAvailable remoteEndPoint: 127.0.0.1:50084 localEndPoint: 127.0.0.1:50083
TpTrace Verbose: 0 : 16636, 13, 2024/04/24, 16:39:30.604, 13983086407919, vstest.console.dll, TestRequestSender.OnExecutionMessageReceived: Received message: {"Version":7,"MessageType":"TestSession.Message","Payload":{"MessageLevel":0,"Message":"   NUnit3TestExecutor discovered 31 of 31 NUnit test cases using Current Discovery mode, Non-Explicit run"}}
TpTrace Verbose: 0 : 16636, 13, 2024/04/24, 16:39:30.604, 13983086409214, vstest.console.dll, TestRunRequest:SendTestRunMessage: Starting.
TpTrace Verbose: 0 : 16636, 13, 2024/04/24, 16:39:30.604, 13983086409930, vstest.console.dll, MulticastDelegateUtilities.SafeInvoke: TestRun.LogMessages: Invoking callback 1/1 for Microsoft.VisualStudio.TestPlatform.CommandLine.TestRunResultAggregator., took 0 ms.
TpTrace Information: 0 : 16636, 13, 2024/04/24, 16:39:30.604, 13983086410411, vstest.console.dll, TestRunRequest:SendTestRunMessage: Completed.
TpTrace Verbose: 0 : 16636, 13, 2024/04/24, 16:39:30.604, 13983086410751, vstest.console.dll, MulticastDelegateUtilities.SafeInvoke: LengthPrefixCommunicationChannel: MessageReceived: Invoking callback 1/1 for Microsoft.VisualStudio.TestPlatform.CommunicationUtilities.TestRequestSender+<>c__DisplayClass34_0., took 0 ms.
TpTrace Verbose: 0 : 16636, 13, 2024/04/24, 16:39:30.604, 13983086411188, vstest.console.dll, TcpClientExtensions.MessageLoopAsync: Polling on remoteEndPoint: 127.0.0.1:50084 localEndPoint: 127.0.0.1:50083 after 124 ms
TpTrace Verbose: 0 : 16636, 4, 2024/04/24, 16:39:30.604, 13983086411221, vstest.console.dll, MulticastDelegateUtilities.SafeInvoke: InternalTestLoggerEvents.SendTestRunMessage: Invoking callback 1/1 for Microsoft.VisualStudio.TestPlatform.CommandLine.Internal.ConsoleLogger., took 0 ms.
TpTrace Verbose: 0 : 16636, 13, 2024/04/24, 16:39:30.748, 13983087848380, vstest.console.dll, TcpClientExtensions.MessageLoopAsync: NotifyDataAvailable remoteEndPoint: 127.0.0.1:50084 localEndPoint: 127.0.0.1:50083
TpTrace Verbose: 0 : 16636, 13, 2024/04/24, 16:39:30.748, 13983087852368, vstest.console.dll, TestRequestSender.OnExecutionMessageReceived: Received message: {"Version":7,"MessageType":"TestExecution.StatsChange","Payload":{"NewTestResults":[{"TestCase":{"Id":"1030fb6b-180e-151d-9246-f00ea3145981","FullyQualifiedName":"ShoppinCustomerRepoTest.CartItemRepositoryTest.Delete_CartItemDoesNotExist_ReturnsNull","DisplayName":"Delete_CartItemDoesNotExist_ReturnsNull","ExecutorUri":"executor://NUnit3TestExecutor","Source":"C:\\Users\\VC\\Desktop\\Day_1\\Day_11\\ShoppingSolution\\ShoppingModelTest\\bin\\Debug\\net6.0\\fine-code-coverage\\build-output\\ShoppinCustomerRepoTest.dll","CodeFilePath":null,"LineNumber":0,"Properties":[{"Key":{"Id":"NUnit.Seed","Label":"Seed","Category":"","Description":"","Attributes":0,"ValueType":"System.String"},"Value":"246344332"}]},"Attachments":[],"Outcome":1,"ErrorMessage":null,"ErrorStackTrace":null,"DisplayName":"Delete_CartItemDoesNotExist_ReturnsNull","Messages":[],"ComputerName":"DESKTOP-QL1TE6V","Duration":"00:00:00.0086380","StartTime":"2024-04-24T11:09:30.6278384+00:00","EndTime":"2024-04-24T11:09:30.6364022+00:00","Properties":[{"Key":{"Id":"NUnit.Seed","Label":"Seed","Category":"","Description":"","Attributes":0,"ValueType":"System.String"},"Value":"246344332"}]},{"TestCase":{"Id":"ccc208ad-ecc7-80f8-b08e-6b4e66ef9092","FullyQualifiedName":"ShoppinCustomerRepoTest.CartItemRepositoryTest.Delete_CartItemExists_ReturnsCartItem","DisplayName":"Delete_CartItemExists_ReturnsCartItem","ExecutorUri":"executor://NUnit3TestExecutor","Source":"C:\\Users\\VC\\Desktop\\Day_1\\Day_11\\ShoppingSolution\\ShoppingModelTest\\bin\\Debug\\net6.0\\fine-code-coverage\\build-output\\ShoppinCustomerRepoTest.dll","CodeFilePath":null,"LineNumber":0,"Properties":[{"Key":{"Id":"NUnit.Seed","Label":"Seed","Category":"","Description":"","Attributes":0,"ValueType":"System.String"},"Value":"1157293131"}]},"Attachments":[],"Outcome":1,"ErrorMessage":null,"ErrorStackTrace":null,"DisplayName":"Delete_CartItemExists_ReturnsCartItem","Messages":[],"ComputerName":"DESKTOP-QL1TE6V","Duration":"00:00:00.0065030","StartTime":"2024-04-24T11:09:30.6386761+00:00","EndTime":"2024-04-24T11:09:30.6451796+00:00","Properties":[{"Key":{"Id":"NUnit.Seed","Label":"Seed","Category":"","Description":"","Attributes":0,"ValueType":"System.String"},"Value":"1157293131"}]},{"TestCase":{"Id":"f084b38d-9964-addf-1fcc-a8b8e1a349df","FullyQualifiedName":"ShoppinCustomerRepoTest.CartItemRepositoryTest.GetByKey_CartItemDoesNotExist_ReturnsNull","DisplayName":"GetByKey_CartItemDoesNotExist_ReturnsNull","ExecutorUri":"executor://NUnit3TestExecutor","Source":"C:\\Users\\VC\\Desktop\\Day_1\\Day_11\\ShoppingSolution\\ShoppingModelTest\\bin\\Debug\\net6.0\\fine-code-coverage\\build-output\\ShoppinCustomerRepoTest.dll","CodeFilePath":null,"LineNumber":0,"Properties":[{"Key":{"Id":"NUnit.Seed","Label":"Seed","Category":"","Description":"","Attributes":0,"ValueType":"System.String"},"Value":"222491082"}]},"Attachments":[],"Outcome":1,"ErrorMessage":null,"ErrorStackTrace":null,"DisplayName":"GetByKey_CartItemDoesNotExist_ReturnsNull","Messages":[],"ComputerName":"DESKTOP-QL1TE6V","Duration":"00:00:00.0001560","StartTime":"2024-04-24T11:09:30.64521+00:00","EndTime":"2024-04-24T11:09:30.6453657+00:00","Properties":[{"Key":{"Id":"NUnit.Seed","Label":"Seed","Category":"","Description":"","Attributes":0,"ValueType":"System.String"},"Value":"222491082"}]},{"TestCase":{"Id":"8f0c19a6-d68d-6a27-159f-ca14a29ae563","FullyQualifiedName":"ShoppinCustomerRepoTest.CartItemRepositoryTest.GetByKey_CartItemExists_ReturnsCartItem","DisplayName":"GetByKey_CartItemExists_ReturnsCartItem","ExecutorUri":"executor://NUnit3TestExecutor","Source":"C:\\Users\\VC\\Desktop\\Day_1\\Day_11\\ShoppingSolution\\ShoppingModelTest\\bin\\Debug\\net6.0\\fine-code-coverage\\build-output\\ShoppinCustomerRepoTest.dll","CodeFilePath":null,"LineNumber":0,"Properties":[{"Key":{"Id":"NUnit.Seed","Label":"Seed","Category":"","Description":"","Attributes":0,"ValueType":"System.String"},"Value":"1024624562"}]},"Attachments":[],"Outcome":1,"ErrorMessage":null,"ErrorStackTrace":null,"DisplayName":"GetByKey_CartItemExists_ReturnsCartItem","Messages":[],"ComputerName":"DESKTOP-QL1TE6V","Duration":"00:00:00.0001360","StartTime":"2024-04-24T11:09:30.6453746+00:00","EndTime":"2024-04-24T11:09:30.6455102+00:00","Properties":[{"Key":{"Id":"NUnit.Seed","Label":"Seed","Category":"","Description":"","Attributes":0,"ValueType":"System.String"},"Value":"1024624562"}]},{"TestCase":{"Id":"1a3800fa-a4a2-6351-ad3f-82ccb9b1bcf9","FullyQualifiedName":"ShoppinCustomerRepoTest.CartItemRepositoryTest.Update_CartItemExists_ReturnsUpdatedCartItem","DisplayName":"Update_CartItemExists_ReturnsUpdatedCartItem","ExecutorUri":"executor://NUnit3TestExecutor","Source":"C:\\Users\\VC\\Desktop\\Day_1\\Day_11\\ShoppingSolution\\ShoppingModelTest\\bin\\Debug\\net6.0\\fine-code-coverage\\build-output\\ShoppinCustomerRepoTest.dll","CodeFilePath":null,"LineNumber":0,"Properties":[{"Key":{"Id":"NUnit.Seed","Label":"Seed","Category":"","Description":"","Attributes":0,"ValueType":"System.String"},"Value":"329258436"}]},"Attachments":[],"Outcome":1,"ErrorMessage":null,"ErrorStackTrace":null,"DisplayName":"Update_CartItemExists_ReturnsUpdatedCartItem","Messages":[],"ComputerName":"DESKTOP-QL1TE6V","Duration":"00:00:00.0007080","StartTime":"2024-04-24T11:09:30.6455175+00:00","EndTime":"2024-04-24T11:09:30.6462252+00:00","Properties":[{"Key":{"Id":"NUnit.Seed","Label":"Seed","Category":"","Description":"","Attributes":0,"ValueType":"System.String"},"Value":"329258436"}]},{"TestCase":{"Id":"e327c809-ed59-7e89-429b-ad4e8aedd1eb","FullyQualifiedName":"ShoppinCustomerRepoTest.CartTest+CartRepoTest.Delete_NotFound_ReturnsNull","DisplayName":"Delete_NotFound_ReturnsNull","ExecutorUri":"executor://NUnit3TestExecutor","Source":"C:\\Users\\VC\\Desktop\\Day_1\\Day_11\\ShoppingSolution\\ShoppingModelTest\\bin\\Debug\\net6.0\\fine-code-coverage\\build-output\\ShoppinCustomerRepoTest.dll","CodeFilePath":null,"LineNumber":0,"Properties":[{"Key":{"Id":"NUnit.Seed","Label":"Seed","Category":"","Description":"","Attributes":0,"ValueType":"System.String"},"Value":"725803832"}]},"Attachments":[],"Outcome":1,"ErrorMessage":null,"ErrorStackTrace":null,"DisplayName":"Delete_NotFound_ReturnsNull","Messages":[],"ComputerName":"DESKTOP-QL1TE6V","Duration":"00:00:00.0005610","StartTime":"2024-04-24T11:09:30.6480995+00:00","EndTime":"2024-04-24T11:09:30.6486603+00:00","Properties":[{"Key":{"Id":"NUnit.Seed","Label":"Seed","Category":"","Description":"","Attributes":0,"ValueType":"System.String"},"Value":"725803832"}]},{"TestCase":{"Id":"c3883fc3-5612-9072-d807-dba9bcaefd01","FullyQualifiedName":"ShoppinCustomerRepoTest.CartTest+CartRepoTest.Delete_Success","DisplayName":"Delete_Success","ExecutorUri":"executor://NUnit3TestExecutor","Source":"C:\\Users\\VC\\Desktop\\Day_1\\Day_11\\ShoppingSolution\\ShoppingModelTest\\bin\\Debug\\net6.0\\fine-code-coverage\\build-output\\ShoppinCustomerRepoTest.dll","CodeFilePath":null,"LineNumber":0,"Properties":[{"Key":{"Id":"NUnit.Seed","Label":"Seed","Category":"","Description":"","Attributes":0,"ValueType":"System.String"},"Value":"93505813"}]},"Attachments":[],"Outcome":1,"ErrorMessage":null,"ErrorStackTrace":null,"DisplayName":"Delete_Success","Messages":[],"ComputerName":"DESKTOP-QL1TE6V","Duration":"00:00:00.0003220","StartTime":"2024-04-24T11:09:30.6486737+00:00","EndTime":"2024-04-24T11:09:30.6489956+00:00","Properties":[{"Key":{"Id":"NUnit.Seed","Label":"Seed","Category":"","Description":"","Attributes":0,"ValueType":"System.String"},"Value":"93505813"}]},{"TestCase":{"Id":"ae6fc311-0d44-fdb5-6ba8-ff3190d11037","FullyQualifiedName":"ShoppinCustomerRepoTest.CartTest+CartRepoTest.GetByKey_NotFound_ReturnsNull","DisplayName":"GetByKey_NotFound_ReturnsNull","ExecutorUri":"executor://NUnit3TestExecutor","Source":"C:\\Users\\VC\\Desktop\\Day_1\\Day_11\\ShoppingSolution\\ShoppingModelTest\\bin\\Debug\\net6.0\\fine-code-coverage\\build-output\\ShoppinCustomerRepoTest.dll","CodeFilePath":null,"LineNumber":0,"Properties":[{"Key":{"Id":"NUnit.Seed","Label":"Seed","Category":"","Description":"","Attributes":0,"ValueType":"System.String"},"Value":"147261553"}]},"Attachments":[],"Outcome":1,"ErrorMessage":null,"ErrorStackTrace":null,"DisplayName":"GetByKey_NotFound_ReturnsNull","Messages":[],"ComputerName":"DESKTOP-QL1TE6V","Duration":"00:00:00.0000890","StartTime":"2024-04-24T11:09:30.6490058+00:00","EndTime":"2024-04-24T11:09:30.6490949+00:00","Properties":[{"Key":{"Id":"NUnit.Seed","Label":"Seed","Category":"","Description":"","Attributes":0,"ValueType":"System.String"},"Value":"147261553"}]},{"TestCase":{"Id":"3868b3ff-5461-9268-45f9-1f2e077fe122","FullyQualifiedName":"ShoppinCustomerRepoTest.CartTest+CartRepoTest.GetByKey_Success","DisplayName":"GetByKey_Success","ExecutorUri":"executor://NUnit3TestExecutor","Source":"C:\\Users\\VC\\Desktop\\Day_1\\Day_11\\ShoppingSolution\\ShoppingModelTest\\bin\\Debug\\net6.0\\fine-code-coverage\\build-output\\ShoppinCustomerRepoTest.dll","CodeFilePath":null,"LineNumber":0,"Properties":[{"Key":{"Id":"NUnit.Seed","Label":"Seed","Category":"","Description":"","Attributes":0,"ValueType":"System.String"},"Value":"2030021964"}]},"Attachments":[],"Outcome":1,"ErrorMessage":null,"ErrorStackTrace":null,"DisplayName":"GetByKey_Success","Messages":[],"ComputerName":"DESKTOP-QL1TE6V","Duration":"00:00:00.0001720","StartTime":"2024-04-24T11:09:30.6491033+00:00","EndTime":"2024-04-24T11:09:30.6492754+00:00","Properties":[{"Key":{"Id":"NUnit.Seed","Label":"Seed","Category":"","Description":"","Attributes":0,"ValueType":"System.String"},"Value":"2030021964"}]}],"TestRunStatistics":{"ExecutedTests":9,"Stats":{"Passed":9}},"ActiveTests":[{"Id":"fcd05d33-ec8a-3f84-ce0b-97bd9d0e1cf9","FullyQualifiedName":"ShoppinCustomerRepoTest.CartTest+CartRepoTest.Update_NotFound_ReturnsNull","DisplayName":"Update_NotFound_ReturnsNull","ExecutorUri":"executor://NUnit3TestExecutor","Source":"C:\\Users\\VC\\Desktop\\Day_1\\Day_11\\ShoppingSolution\\ShoppingModelTest\\bin\\Debug\\net6.0\\fine-code-coverage\\build-output\\ShoppinCustomerRepoTest.dll","CodeFilePath":null,"LineNumber":0,"Properties":[{"Key":{"Id":"NUnit.Seed","Label":"Seed","Category":"","Description":"","Attributes":0,"ValueType":"System.String"},"Value":"907112529"}]}]}}
TpTrace Verbose: 0 : 16636, 13, 2024/04/24, 16:39:30.772, 13983088084773, vstest.console.dll, TestRunRequest:SendTestRunStatsChange: Starting.
TpTrace Verbose: 0 : 16636, 13, 2024/04/24, 16:39:30.772, 13983088086671, vstest.console.dll, InProgress is Update_NotFound_ReturnsNull
TpTrace Verbose: 0 : 16636, 13, 2024/04/24, 16:39:30.772, 13983088088537, vstest.console.dll, MulticastDelegateUtilities.SafeInvoke: TestRun.RunStatsChanged: Invoking callbacks was skipped because there are no subscribers.
TpTrace Information: 0 : 16636, 13, 2024/04/24, 16:39:30.772, 13983088089055, vstest.console.dll, TestRunRequest:SendTestRunStatsChange: Completed.
TpTrace Verbose: 0 : 16636, 13, 2024/04/24, 16:39:30.772, 13983088089381, vstest.console.dll, MulticastDelegateUtilities.SafeInvoke: LengthPrefixCommunicationChannel: MessageReceived: Invoking callback 1/1 for Microsoft.VisualStudio.TestPlatform.CommunicationUtilities.TestRequestSender+<>c__DisplayClass34_0., took 23 ms.
TpTrace Verbose: 0 : 16636, 13, 2024/04/24, 16:39:30.772, 13983088089738, vstest.console.dll, TcpClientExtensions.MessageLoopAsync: Polling on remoteEndPoint: 127.0.0.1:50084 localEndPoint: 127.0.0.1:50083 after 167 ms
TpTrace Verbose: 0 : 16636, 4, 2024/04/24, 16:39:30.774, 13983088105302, vstest.console.dll, MulticastDelegateUtilities.SafeInvoke: InternalTestLoggerEvents.SendTestResult: Invoking callback 1/1 for Microsoft.VisualStudio.TestPlatform.CommandLine.Internal.ConsoleLogger., took 1 ms.
TpTrace Verbose: 0 : 16636, 4, 2024/04/24, 16:39:30.774, 13983088108528, vstest.console.dll, MulticastDelegateUtilities.SafeInvoke: InternalTestLoggerEvents.SendTestResult: Invoking callback 1/1 for Microsoft.VisualStudio.TestPlatform.CommandLine.Internal.ConsoleLogger., took 0 ms.
TpTrace Verbose: 0 : 16636, 4, 2024/04/24, 16:39:30.774, 13983088109166, vstest.console.dll, MulticastDelegateUtilities.SafeInvoke: InternalTestLoggerEvents.SendTestResult: Invoking callback 1/1 for Microsoft.VisualStudio.TestPlatform.CommandLine.Internal.ConsoleLogger., took 0 ms.
TpTrace Verbose: 0 : 16636, 4, 2024/04/24, 16:39:30.774, 13983088109527, vstest.console.dll, MulticastDelegateUtilities.SafeInvoke: InternalTestLoggerEvents.SendTestResult: Invoking callback 1/1 for Microsoft.VisualStudio.TestPlatform.CommandLine.Internal.ConsoleLogger., took 0 ms.
TpTrace Verbose: 0 : 16636, 4, 2024/04/24, 16:39:30.774, 13983088109915, vstest.console.dll, MulticastDelegateUtilities.SafeInvoke: InternalTestLoggerEvents.SendTestResult: Invoking callback 1/1 for Microsoft.VisualStudio.TestPlatform.CommandLine.Internal.ConsoleLogger., took 0 ms.
TpTrace Verbose: 0 : 16636, 4, 2024/04/24, 16:39:30.774, 13983088110207, vstest.console.dll, MulticastDelegateUtilities.SafeInvoke: InternalTestLoggerEvents.SendTestResult: Invoking callback 1/1 for Microsoft.VisualStudio.TestPlatform.CommandLine.Internal.ConsoleLogger., took 0 ms.
TpTrace Verbose: 0 : 16636, 4, 2024/04/24, 16:39:30.774, 13983088110527, vstest.console.dll, MulticastDelegateUtilities.SafeInvoke: InternalTestLoggerEvents.SendTestResult: Invoking callback 1/1 for Microsoft.VisualStudio.TestPlatform.CommandLine.Internal.ConsoleLogger., took 0 ms.
TpTrace Verbose: 0 : 16636, 4, 2024/04/24, 16:39:30.774, 13983088110893, vstest.console.dll, MulticastDelegateUtilities.SafeInvoke: InternalTestLoggerEvents.SendTestResult: Invoking callback 1/1 for Microsoft.VisualStudio.TestPlatform.CommandLine.Internal.ConsoleLogger., took 0 ms.
TpTrace Verbose: 0 : 16636, 4, 2024/04/24, 16:39:30.774, 13983088111210, vstest.console.dll, MulticastDelegateUtilities.SafeInvoke: InternalTestLoggerEvents.SendTestResult: Invoking callback 1/1 for Microsoft.VisualStudio.TestPlatform.CommandLine.Internal.ConsoleLogger., took 0 ms.
TpTrace Verbose: 0 : 16636, 13, 2024/04/24, 16:39:30.790, 13983088266580, vstest.console.dll, TcpClientExtensions.MessageLoopAsync: NotifyDataAvailable remoteEndPoint: 127.0.0.1:50084 localEndPoint: 127.0.0.1:50083
TpTrace Verbose: 0 : 16636, 13, 2024/04/24, 16:39:30.790, 13983088269991, vstest.console.dll, TestRequestSender.OnExecutionMessageReceived: Received message: {"Version":7,"MessageType":"TestExecution.StatsChange","Payload":{"NewTestResults":[{"TestCase":{"Id":"fcd05d33-ec8a-3f84-ce0b-97bd9d0e1cf9","FullyQualifiedName":"ShoppinCustomerRepoTest.CartTest+CartRepoTest.Update_NotFound_ReturnsNull","DisplayName":"Update_NotFound_ReturnsNull","ExecutorUri":"executor://NUnit3TestExecutor","Source":"C:\\Users\\VC\\Desktop\\Day_1\\Day_11\\ShoppingSolution\\ShoppingModelTest\\bin\\Debug\\net6.0\\fine-code-coverage\\build-output\\ShoppinCustomerRepoTest.dll","CodeFilePath":null,"LineNumber":0,"Properties":[{"Key":{"Id":"NUnit.Seed","Label":"Seed","Category":"","Description":"","Attributes":0,"ValueType":"System.String"},"Value":"907112529"}]},"Attachments":[],"Outcome":1,"ErrorMessage":null,"ErrorStackTrace":null,"DisplayName":"Update_NotFound_ReturnsNull","Messages":[],"ComputerName":"DESKTOP-QL1TE6V","Duration":"00:00:00.0001600","StartTime":"2024-04-24T11:09:30.6492852+00:00","EndTime":"2024-04-24T11:09:30.649445+00:00","Properties":[{"Key":{"Id":"NUnit.Seed","Label":"Seed","Category":"","Description":"","Attributes":0,"ValueType":"System.String"},"Value":"907112529"}]},{"TestCase":{"Id":"a396e221-0144-8795-4396-8e50eb1e9c23","FullyQualifiedName":"ShoppinCustomerRepoTest.CartTest+CartRepoTest.Update_Success","DisplayName":"Update_Success","ExecutorUri":"executor://NUnit3TestExecutor","Source":"C:\\Users\\VC\\Desktop\\Day_1\\Day_11\\ShoppingSolution\\ShoppingModelTest\\bin\\Debug\\net6.0\\fine-code-coverage\\build-output\\ShoppinCustomerRepoTest.dll","CodeFilePath":null,"LineNumber":0,"Properties":[{"Key":{"Id":"NUnit.Seed","Label":"Seed","Category":"","Description":"","Attributes":0,"ValueType":"System.String"},"Value":"728682750"}]},"Attachments":[],"Outcome":1,"ErrorMessage":null,"ErrorStackTrace":null,"DisplayName":"Update_Success","Messages":[],"ComputerName":"DESKTOP-QL1TE6V","Duration":"00:00:00.0001320","StartTime":"2024-04-24T11:09:30.6494602+00:00","EndTime":"2024-04-24T11:09:30.6495919+00:00","Properties":[{"Key":{"Id":"NUnit.Seed","Label":"Seed","Category":"","Description":"","Attributes":0,"ValueType":"System.String"},"Value":"728682750"}]},{"TestCase":{"Id":"e51e9ce4-1494-2b74-399d-5ade64cdbf96","FullyQualifiedName":"ShoppinCustomerRepoTest.CustomerRepoTest.AddFailTest","DisplayName":"AddFailTest","ExecutorUri":"executor://NUnit3TestExecutor","Source":"C:\\Users\\VC\\Desktop\\Day_1\\Day_11\\ShoppingSolution\\ShoppingModelTest\\bin\\Debug\\net6.0\\fine-code-coverage\\build-output\\ShoppinCustomerRepoTest.dll","CodeFilePath":null,"LineNumber":0,"Properties":[{"Key":{"Id":"NUnit.Seed","Label":"Seed","Category":"","Description":"","Attributes":0,"ValueType":"System.String"},"Value":"763913464"}]},"Attachments":[],"Outcome":2,"ErrorMessage":"  Expected: <ShoppingCustomerRepoTest.ItemPresentException>\r\n  But was:  null\r\n","ErrorStackTrace":"   at ShoppinCustomerRepoTest.CustomerRepoTest.AddFailTest() in C:\\Users\\VC\\Desktop\\Day_1\\Day_11\\ShoppingSolution\\ShoppingModelTest\\CustomerRepoTest.cs:line 57\r\n\n1)    at ShoppinCustomerRepoTest.CustomerRepoTest.AddFailTest() in C:\\Users\\VC\\Desktop\\Day_1\\Day_11\\ShoppingSolution\\ShoppingModelTest\\CustomerRepoTest.cs:line 57\r\n\n","DisplayName":"AddFailTest","Messages":[],"ComputerName":"DESKTOP-QL1TE6V","Duration":"00:00:00.0293080","StartTime":"2024-04-24T11:09:30.6538784+00:00","EndTime":"2024-04-24T11:09:30.6831862+00:00","Properties":[{"Key":{"Id":"NUnit.Seed","Label":"Seed","Category":"","Description":"","Attributes":0,"ValueType":"System.String"},"Value":"763913464"}]},{"TestCase":{"Id":"6ea3a1d4-dd86-37a4-7135-46bbc50023f3","FullyQualifiedName":"ShoppinCustomerRepoTest.CustomerRepoTest.AddSuccessTest","DisplayName":"AddSuccessTest","ExecutorUri":"executor://NUnit3TestExecutor","Source":"C:\\Users\\VC\\Desktop\\Day_1\\Day_11\\ShoppingSolution\\ShoppingModelTest\\bin\\Debug\\net6.0\\fine-code-coverage\\build-output\\ShoppinCustomerRepoTest.dll","CodeFilePath":null,"LineNumber":0,"Properties":[{"Key":{"Id":"NUnit.Seed","Label":"Seed","Category":"","Description":"","Attributes":0,"ValueType":"System.String"},"Value":"822015364"}]},"Attachments":[],"Outcome":1,"ErrorMessage":null,"ErrorStackTrace":null,"DisplayName":"AddSuccessTest","Messages":[],"ComputerName":"DESKTOP-QL1TE6V","Duration":"00:00:00.0001650","StartTime":"2024-04-24T11:09:30.6833035+00:00","EndTime":"2024-04-24T11:09:30.6834685+00:00","Properties":[{"Key":{"Id":"NUnit.Seed","Label":"Seed","Category":"","Description":"","Attributes":0,"ValueType":"System.String"},"Value":"822015364"}]},{"TestCase":{"Id":"77479cfb-ab99-bf6c-7e9f-3b562409d871","FullyQualifiedName":"ShoppinCustomerRepoTest.CustomerRepoTest.DeleteFailTest","DisplayName":"DeleteFailTest","ExecutorUri":"executor://NUnit3TestExecutor","Source":"C:\\Users\\VC\\Desktop\\Day_1\\Day_11\\ShoppingSolution\\ShoppingModelTest\\bin\\Debug\\net6.0\\fine-code-coverage\\build-output\\ShoppinCustomerRepoTest.dll","CodeFilePath":null,"LineNumber":0,"Properties":[{"Key":{"Id":"NUnit.Seed","Label":"Seed","Category":"","Description":"","Attributes":0,"ValueType":"System.String"},"Value":"647351691"}]},"Attachments":[],"Outcome":1,"ErrorMessage":null,"ErrorStackTrace":null,"DisplayName":"DeleteFailTest","Messages":[],"ComputerName":"DESKTOP-QL1TE6V","Duration":"00:00:00.0007350","StartTime":"2024-04-24T11:09:30.6834778+00:00","EndTime":"2024-04-24T11:09:30.6842127+00:00","Properties":[{"Key":{"Id":"NUnit.Seed","Label":"Seed","Category":"","Description":"","Attributes":0,"ValueType":"System.String"},"Value":"647351691"}]},{"TestCase":{"Id":"be9845c7-4e3e-6f0d-cb2c-b2c12d65a35b","FullyQualifiedName":"ShoppinCustomerRepoTest.CustomerRepoTest.DeleteSuccessTest","DisplayName":"DeleteSuccessTest","ExecutorUri":"executor://NUnit3TestExecutor","Source":"C:\\Users\\VC\\Desktop\\Day_1\\Day_11\\ShoppingSolution\\ShoppingModelTest\\bin\\Debug\\net6.0\\fine-code-coverage\\build-output\\ShoppinCustomerRepoTest.dll","CodeFilePath":null,"LineNumber":0,"Properties":[{"Key":{"Id":"NUnit.Seed","Label":"Seed","Category":"","Description":"","Attributes":0,"ValueType":"System.String"},"Value":"452375049"}]},"Attachments":[],"Outcome":1,"ErrorMessage":null,"ErrorStackTrace":null,"DisplayName":"DeleteSuccessTest","Messages":[],"ComputerName":"DESKTOP-QL1TE6V","Duration":"00:00:00.0001520","StartTime":"2024-04-24T11:09:30.6842294+00:00","EndTime":"2024-04-24T11:09:30.6843813+00:00","Properties":[{"Key":{"Id":"NUnit.Seed","Label":"Seed","Category":"","Description":"","Attributes":0,"ValueType":"System.String"},"Value":"452375049"}]},{"TestCase":{"Id":"9054765e-31d5-bc66-3c39-f4374ed98d1d","FullyQualifiedName":"ShoppinCustomerRepoTest.CustomerRepoTest.GetAllFailTest","DisplayName":"GetAllFailTest","ExecutorUri":"executor://NUnit3TestExecutor","Source":"C:\\Users\\VC\\Desktop\\Day_1\\Day_11\\ShoppingSolution\\ShoppingModelTest\\bin\\Debug\\net6.0\\fine-code-coverage\\build-output\\ShoppinCustomerRepoTest.dll","CodeFilePath":null,"LineNumber":0,"Properties":[{"Key":{"Id":"NUnit.Seed","Label":"Seed","Category":"","Description":"","Attributes":0,"ValueType":"System.String"},"Value":"989870110"}]},"Attachments":[],"Outcome":1,"ErrorMessage":null,"ErrorStackTrace":null,"DisplayName":"GetAllFailTest","Messages":[],"ComputerName":"DESKTOP-QL1TE6V","Duration":"00:00:00.0006120","StartTime":"2024-04-24T11:09:30.6843988+00:00","EndTime":"2024-04-24T11:09:30.6850104+00:00","Properties":[{"Key":{"Id":"NUnit.Seed","Label":"Seed","Category":"","Description":"","Attributes":0,"ValueType":"System.String"},"Value":"989870110"}]},{"TestCase":{"Id":"04305c93-edae-d729-5326-b6cde35f0fea","FullyQualifiedName":"ShoppinCustomerRepoTest.CustomerRepoTest.GetAllSuccessTest","DisplayName":"GetAllSuccessTest","ExecutorUri":"executor://NUnit3TestExecutor","Source":"C:\\Users\\VC\\Desktop\\Day_1\\Day_11\\ShoppingSolution\\ShoppingModelTest\\bin\\Debug\\net6.0\\fine-code-coverage\\build-output\\ShoppinCustomerRepoTest.dll","CodeFilePath":null,"LineNumber":0,"Properties":[{"Key":{"Id":"NUnit.Seed","Label":"Seed","Category":"","Description":"","Attributes":0,"ValueType":"System.String"},"Value":"579531966"}]},"Attachments":[],"Outcome":1,"ErrorMessage":null,"ErrorStackTrace":null,"DisplayName":"GetAllSuccessTest","Messages":[],"ComputerName":"DESKTOP-QL1TE6V","Duration":"00:00:00.0001910","StartTime":"2024-04-24T11:09:30.6850219+00:00","EndTime":"2024-04-24T11:09:30.6852129+00:00","Properties":[{"Key":{"Id":"NUnit.Seed","Label":"Seed","Category":"","Description":"","Attributes":0,"ValueType":"System.String"},"Value":"579531966"}]},{"TestCase":{"Id":"555f92da-b0af-2a1f-8993-8900e7db069b","FullyQualifiedName":"ShoppinCustomerRepoTest.CustomerRepoTest.GetIdFailTest","DisplayName":"GetIdFailTest","ExecutorUri":"executor://NUnit3TestExecutor","Source":"C:\\Users\\VC\\Desktop\\Day_1\\Day_11\\ShoppingSolution\\ShoppingModelTest\\bin\\Debug\\net6.0\\fine-code-coverage\\build-output\\ShoppinCustomerRepoTest.dll","CodeFilePath":null,"LineNumber":0,"Properties":[{"Key":{"Id":"NUnit.Seed","Label":"Seed","Category":"","Description":"","Attributes":0,"ValueType":"System.String"},"Value":"22804161"}]},"Attachments":[],"Outcome":1,"ErrorMessage":null,"ErrorStackTrace":null,"DisplayName":"GetIdFailTest","Messages":[],"ComputerName":"DESKTOP-QL1TE6V","Duration":"00:00:00.0002230","StartTime":"2024-04-24T11:09:30.685222+00:00","EndTime":"2024-04-24T11:09:30.6854443+00:00","Properties":[{"Key":{"Id":"NUnit.Seed","Label":"Seed","Category":"","Description":"","Attributes":0,"ValueType":"System.String"},"Value":"22804161"}]}],"TestRunStatistics":{"ExecutedTests":18,"Stats":{"Passed":17,"Failed":1}},"ActiveTests":[{"Id":"d70ab3dd-a497-4db9-0f76-c0877ad2c781","FullyQualifiedName":"ShoppinCustomerRepoTest.CustomerRepoTest.GetIdSuccessTest","DisplayName":"GetIdSuccessTest","ExecutorUri":"executor://NUnit3TestExecutor","Source":"C:\\Users\\VC\\Desktop\\Day_1\\Day_11\\ShoppingSolution\\ShoppingModelTest\\bin\\Debug\\net6.0\\fine-code-coverage\\build-output\\ShoppinCustomerRepoTest.dll","CodeFilePath":null,"LineNumber":0,"Properties":[{"Key":{"Id":"NUnit.Seed","Label":"Seed","Category":"","Description":"","Attributes":0,"ValueType":"System.String"},"Value":"1821158151"}]}]}}
TpTrace Verbose: 0 : 16636, 13, 2024/04/24, 16:39:30.792, 13983088285473, vstest.console.dll, TestRunRequest:SendTestRunStatsChange: Starting.
TpTrace Verbose: 0 : 16636, 13, 2024/04/24, 16:39:30.792, 13983088286100, vstest.console.dll, InProgress is GetIdSuccessTest
TpTrace Verbose: 0 : 16636, 13, 2024/04/24, 16:39:30.792, 13983088286722, vstest.console.dll, MulticastDelegateUtilities.SafeInvoke: TestRun.RunStatsChanged: Invoking callbacks was skipped because there are no subscribers.
TpTrace Information: 0 : 16636, 13, 2024/04/24, 16:39:30.792, 13983088287076, vstest.console.dll, TestRunRequest:SendTestRunStatsChange: Completed.
TpTrace Verbose: 0 : 16636, 13, 2024/04/24, 16:39:30.792, 13983088287349, vstest.console.dll, MulticastDelegateUtilities.SafeInvoke: LengthPrefixCommunicationChannel: MessageReceived: Invoking callback 1/1 for Microsoft.VisualStudio.TestPlatform.CommunicationUtilities.TestRequestSender+<>c__DisplayClass34_0., took 1 ms.
TpTrace Verbose: 0 : 16636, 13, 2024/04/24, 16:39:30.792, 13983088287656, vstest.console.dll, TcpClientExtensions.MessageLoopAsync: Polling on remoteEndPoint: 127.0.0.1:50084 localEndPoint: 127.0.0.1:50083 after 19 ms
TpTrace Verbose: 0 : 16636, 4, 2024/04/24, 16:39:30.792, 13983088288339, vstest.console.dll, MulticastDelegateUtilities.SafeInvoke: InternalTestLoggerEvents.SendTestResult: Invoking callback 1/1 for Microsoft.VisualStudio.TestPlatform.CommandLine.Internal.ConsoleLogger., took 0 ms.
TpTrace Verbose: 0 : 16636, 4, 2024/04/24, 16:39:30.792, 13983088290086, vstest.console.dll, MulticastDelegateUtilities.SafeInvoke: InternalTestLoggerEvents.SendTestResult: Invoking callback 1/1 for Microsoft.VisualStudio.TestPlatform.CommandLine.Internal.ConsoleLogger., took 0 ms.
TpTrace Verbose: 0 : 16636, 4, 2024/04/24, 16:39:30.793, 13983088298944, vstest.console.dll, MulticastDelegateUtilities.SafeInvoke: InternalTestLoggerEvents.SendTestResult: Invoking callback 1/1 for Microsoft.VisualStudio.TestPlatform.CommandLine.Internal.ConsoleLogger., took 0 ms.
TpTrace Verbose: 0 : 16636, 4, 2024/04/24, 16:39:30.793, 13983088301359, vstest.console.dll, MulticastDelegateUtilities.SafeInvoke: InternalTestLoggerEvents.SendTestResult: Invoking callback 1/1 for Microsoft.VisualStudio.TestPlatform.CommandLine.Internal.ConsoleLogger., took 0 ms.
TpTrace Verbose: 0 : 16636, 4, 2024/04/24, 16:39:30.793, 13983088302320, vstest.console.dll, MulticastDelegateUtilities.SafeInvoke: InternalTestLoggerEvents.SendTestResult: Invoking callback 1/1 for Microsoft.VisualStudio.TestPlatform.CommandLine.Internal.ConsoleLogger., took 0 ms.
TpTrace Verbose: 0 : 16636, 4, 2024/04/24, 16:39:30.793, 13983088303156, vstest.console.dll, MulticastDelegateUtilities.SafeInvoke: InternalTestLoggerEvents.SendTestResult: Invoking callback 1/1 for Microsoft.VisualStudio.TestPlatform.CommandLine.Internal.ConsoleLogger., took 0 ms.
TpTrace Verbose: 0 : 16636, 4, 2024/04/24, 16:39:30.794, 13983088313348, vstest.console.dll, MulticastDelegateUtilities.SafeInvoke: InternalTestLoggerEvents.SendTestResult: Invoking callback 1/1 for Microsoft.VisualStudio.TestPlatform.CommandLine.Internal.ConsoleLogger., took 0 ms.
TpTrace Verbose: 0 : 16636, 4, 2024/04/24, 16:39:30.794, 13983088314314, vstest.console.dll, MulticastDelegateUtilities.SafeInvoke: InternalTestLoggerEvents.SendTestResult: Invoking callback 1/1 for Microsoft.VisualStudio.TestPlatform.CommandLine.Internal.ConsoleLogger., took 0 ms.
TpTrace Verbose: 0 : 16636, 4, 2024/04/24, 16:39:30.795, 13983088314917, vstest.console.dll, MulticastDelegateUtilities.SafeInvoke: InternalTestLoggerEvents.SendTestResult: Invoking callback 1/1 for Microsoft.VisualStudio.TestPlatform.CommandLine.Internal.ConsoleLogger., took 0 ms.
TpTrace Verbose: 0 : 16636, 13, 2024/04/24, 16:39:30.818, 13983088549325, vstest.console.dll, TcpClientExtensions.MessageLoopAsync: NotifyDataAvailable remoteEndPoint: 127.0.0.1:50084 localEndPoint: 127.0.0.1:50083
TpTrace Verbose: 0 : 16636, 13, 2024/04/24, 16:39:30.818, 13983088553534, vstest.console.dll, TestRequestSender.OnExecutionMessageReceived: Received message: {"Version":7,"MessageType":"TestExecution.StatsChange","Payload":{"NewTestResults":[{"TestCase":{"Id":"d70ab3dd-a497-4db9-0f76-c0877ad2c781","FullyQualifiedName":"ShoppinCustomerRepoTest.CustomerRepoTest.GetIdSuccessTest","DisplayName":"GetIdSuccessTest","ExecutorUri":"executor://NUnit3TestExecutor","Source":"C:\\Users\\VC\\Desktop\\Day_1\\Day_11\\ShoppingSolution\\ShoppingModelTest\\bin\\Debug\\net6.0\\fine-code-coverage\\build-output\\ShoppinCustomerRepoTest.dll","CodeFilePath":null,"LineNumber":0,"Properties":[{"Key":{"Id":"NUnit.Seed","Label":"Seed","Category":"","Description":"","Attributes":0,"ValueType":"System.String"},"Value":"1821158151"}]},"Attachments":[],"Outcome":1,"ErrorMessage":null,"ErrorStackTrace":null,"DisplayName":"GetIdSuccessTest","Messages":[],"ComputerName":"DESKTOP-QL1TE6V","Duration":"00:00:00.0000960","StartTime":"2024-04-24T11:09:30.6854532+00:00","EndTime":"2024-04-24T11:09:30.6855489+00:00","Properties":[{"Key":{"Id":"NUnit.Seed","Label":"Seed","Category":"","Description":"","Attributes":0,"ValueType":"System.String"},"Value":"1821158151"}]},{"TestCase":{"Id":"6a727d5c-4469-51b3-6771-e4e351494002","FullyQualifiedName":"ShoppinCustomerRepoTest.CustomerRepoTest.UpdateFailTest","DisplayName":"UpdateFailTest","ExecutorUri":"executor://NUnit3TestExecutor","Source":"C:\\Users\\VC\\Desktop\\Day_1\\Day_11\\ShoppingSolution\\ShoppingModelTest\\bin\\Debug\\net6.0\\fine-code-coverage\\build-output\\ShoppinCustomerRepoTest.dll","CodeFilePath":null,"LineNumber":0,"Properties":[{"Key":{"Id":"NUnit.Seed","Label":"Seed","Category":"","Description":"","Attributes":0,"ValueType":"System.String"},"Value":"705080127"}]},"Attachments":[],"Outcome":1,"ErrorMessage":null,"ErrorStackTrace":null,"DisplayName":"UpdateFailTest","Messages":[],"ComputerName":"DESKTOP-QL1TE6V","Duration":"00:00:00.0003220","StartTime":"2024-04-24T11:09:30.6855563+00:00","EndTime":"2024-04-24T11:09:30.6858784+00:00","Properties":[{"Key":{"Id":"NUnit.Seed","Label":"Seed","Category":"","Description":"","Attributes":0,"ValueType":"System.String"},"Value":"705080127"}]},{"TestCase":{"Id":"aaf57895-8326-b244-d28d-189d7fb93037","FullyQualifiedName":"ShoppinCustomerRepoTest.CustomerRepoTest.UpdateSuccessTest","DisplayName":"UpdateSuccessTest","ExecutorUri":"executor://NUnit3TestExecutor","Source":"C:\\Users\\VC\\Desktop\\Day_1\\Day_11\\ShoppingSolution\\ShoppingModelTest\\bin\\Debug\\net6.0\\fine-code-coverage\\build-output\\ShoppinCustomerRepoTest.dll","CodeFilePath":null,"LineNumber":0,"Properties":[{"Key":{"Id":"NUnit.Seed","Label":"Seed","Category":"","Description":"","Attributes":0,"ValueType":"System.String"},"Value":"790668848"}]},"Attachments":[],"Outcome":1,"ErrorMessage":null,"ErrorStackTrace":null,"DisplayName":"UpdateSuccessTest","Messages":[],"ComputerName":"DESKTOP-QL1TE6V","Duration":"00:00:00.0001560","StartTime":"2024-04-24T11:09:30.685887+00:00","EndTime":"2024-04-24T11:09:30.6860428+00:00","Properties":[{"Key":{"Id":"NUnit.Seed","Label":"Seed","Category":"","Description":"","Attributes":0,"ValueType":"System.String"},"Value":"790668848"}]},{"TestCase":{"Id":"6211036d-10c4-913d-6dd0-ff43b2999e30","FullyQualifiedName":"ShoppinProductRepoTest.ProductTest.AddFailTest","DisplayName":"AddFailTest","ExecutorUri":"executor://NUnit3TestExecutor","Source":"C:\\Users\\VC\\Desktop\\Day_1\\Day_11\\ShoppingSolution\\ShoppingModelTest\\bin\\Debug\\net6.0\\fine-code-coverage\\build-output\\ShoppinCustomerRepoTest.dll","CodeFilePath":null,"LineNumber":0,"Properties":[{"Key":{"Id":"NUnit.Seed","Label":"Seed","Category":"","Description":"","Attributes":0,"ValueType":"System.String"},"Value":"327344250"}]},"Attachments":[],"Outcome":2,"ErrorMessage":"  Expected: <ShoppingCustomerRepoTest.ItemPresentException>\r\n  But was:  null\r\n","ErrorStackTrace":"   at ShoppinProductRepoTest.ProductTest.AddFailTest() in C:\\Users\\VC\\Desktop\\Day_1\\Day_11\\ShoppingSolution\\ShoppingModelTest\\ProductTest.cs:line 73\r\n\n1)    at ShoppinProductRepoTest.ProductTest.AddFailTest() in C:\\Users\\VC\\Desktop\\Day_1\\Day_11\\ShoppingSolution\\ShoppingModelTest\\ProductTest.cs:line 73\r\n\n","DisplayName":"AddFailTest","Messages":[],"ComputerName":"DESKTOP-QL1TE6V","Duration":"00:00:00.0020680","StartTime":"2024-04-24T11:09:30.6861382+00:00","EndTime":"2024-04-24T11:09:30.6882056+00:00","Properties":[{"Key":{"Id":"NUnit.Seed","Label":"Seed","Category":"","Description":"","Attributes":0,"ValueType":"System.String"},"Value":"327344250"}]},{"TestCase":{"Id":"752036f8-a0e4-b717-167b-6e2092b72d53","FullyQualifiedName":"ShoppinProductRepoTest.ProductTest.AddSuccessTest","DisplayName":"AddSuccessTest","ExecutorUri":"executor://NUnit3TestExecutor","Source":"C:\\Users\\VC\\Desktop\\Day_1\\Day_11\\ShoppingSolution\\ShoppingModelTest\\bin\\Debug\\net6.0\\fine-code-coverage\\build-output\\ShoppinCustomerRepoTest.dll","CodeFilePath":null,"LineNumber":0,"Properties":[{"Key":{"Id":"NUnit.Seed","Label":"Seed","Category":"","Description":"","Attributes":0,"ValueType":"System.String"},"Value":"2033440113"}]},"Attachments":[],"Outcome":1,"ErrorMessage":null,"ErrorStackTrace":null,"DisplayName":"AddSuccessTest","Messages":[],"ComputerName":"DESKTOP-QL1TE6V","Duration":"00:00:00.0002150","StartTime":"2024-04-24T11:09:30.6882303+00:00","EndTime":"2024-04-24T11:09:30.6884446+00:00","Properties":[{"Key":{"Id":"NUnit.Seed","Label":"Seed","Category":"","Description":"","Attributes":0,"ValueType":"System.String"},"Value":"2033440113"}]},{"TestCase":{"Id":"f09f51ee-b658-f3d5-c95e-c99df75f0726","FullyQualifiedName":"ShoppinProductRepoTest.ProductTest.DeleteFailTest","DisplayName":"DeleteFailTest","ExecutorUri":"executor://NUnit3TestExecutor","Source":"C:\\Users\\VC\\Desktop\\Day_1\\Day_11\\ShoppingSolution\\ShoppingModelTest\\bin\\Debug\\net6.0\\fine-code-coverage\\build-output\\ShoppinCustomerRepoTest.dll","CodeFilePath":null,"LineNumber":0,"Properties":[{"Key":{"Id":"NUnit.Seed","Label":"Seed","Category":"","Description":"","Attributes":0,"ValueType":"System.String"},"Value":"71640001"}]},"Attachments":[],"Outcome":2,"ErrorMessage":"  Expected: <ShoppingModelLibrary.NoProductWithGiveIdException>\r\n  But was:  null\r\n","ErrorStackTrace":"   at ShoppinProductRepoTest.ProductTest.DeleteFailTest() in C:\\Users\\VC\\Desktop\\Day_1\\Day_11\\ShoppingSolution\\ShoppingModelTest\\ProductTest.cs:line 214\r\n\n1)    at ShoppinProductRepoTest.ProductTest.DeleteFailTest() in C:\\Users\\VC\\Desktop\\Day_1\\Day_11\\ShoppingSolution\\ShoppingModelTest\\ProductTest.cs:line 214\r\n\n","DisplayName":"DeleteFailTest","Messages":[],"ComputerName":"DESKTOP-QL1TE6V","Duration":"00:00:00.0013390","StartTime":"2024-04-24T11:09:30.6884542+00:00","EndTime":"2024-04-24T11:09:30.6897926+00:00","Properties":[{"Key":{"Id":"NUnit.Seed","Label":"Seed","Category":"","Description":"","Attributes":0,"ValueType":"System.String"},"Value":"71640001"}]},{"TestCase":{"Id":"8e3afe65-4a9e-9026-7abe-4b4f2b15dbee","FullyQualifiedName":"ShoppinProductRepoTest.ProductTest.DeleteSuccessTest","DisplayName":"DeleteSuccessTest","ExecutorUri":"executor://NUnit3TestExecutor","Source":"C:\\Users\\VC\\Desktop\\Day_1\\Day_11\\ShoppingSolution\\ShoppingModelTest\\bin\\Debug\\net6.0\\fine-code-coverage\\build-output\\ShoppinCustomerRepoTest.dll","CodeFilePath":null,"LineNumber":0,"Properties":[{"Key":{"Id":"NUnit.Seed","Label":"Seed","Category":"","Description":"","Attributes":0,"ValueType":"System.String"},"Value":"1980772110"}]},"Attachments":[],"Outcome":1,"ErrorMessage":null,"ErrorStackTrace":null,"DisplayName":"DeleteSuccessTest","Messages":[],"ComputerName":"DESKTOP-QL1TE6V","Duration":"00:00:00.0002860","StartTime":"2024-04-24T11:09:30.6898095+00:00","EndTime":"2024-04-24T11:09:30.6900949+00:00","Properties":[{"Key":{"Id":"NUnit.Seed","Label":"Seed","Category":"","Description":"","Attributes":0,"ValueType":"System.String"},"Value":"1980772110"}]},{"TestCase":{"Id":"fecabbc9-9247-2649-9b78-0a0f8e1cf293","FullyQualifiedName":"ShoppinProductRepoTest.ProductTest.GetAllFailTest","DisplayName":"GetAllFailTest","ExecutorUri":"executor://NUnit3TestExecutor","Source":"C:\\Users\\VC\\Desktop\\Day_1\\Day_11\\ShoppingSolution\\ShoppingModelTest\\bin\\Debug\\net6.0\\fine-code-coverage\\build-output\\ShoppinCustomerRepoTest.dll","CodeFilePath":null,"LineNumber":0,"Properties":[{"Key":{"Id":"NUnit.Seed","Label":"Seed","Category":"","Description":"","Attributes":0,"ValueType":"System.String"},"Value":"71934170"}]},"Attachments":[],"Outcome":1,"ErrorMessage":null,"ErrorStackTrace":null,"DisplayName":"GetAllFailTest","Messages":[],"ComputerName":"DESKTOP-QL1TE6V","Duration":"00:00:00.0001330","StartTime":"2024-04-24T11:09:30.6901056+00:00","EndTime":"2024-04-24T11:09:30.690238+00:00","Properties":[{"Key":{"Id":"NUnit.Seed","Label":"Seed","Category":"","Description":"","Attributes":0,"ValueType":"System.String"},"Value":"71934170"}]},{"TestCase":{"Id":"caa17025-3982-7cc8-3801-fc398db8d574","FullyQualifiedName":"ShoppinProductRepoTest.ProductTest.GetAllSuccessTest","DisplayName":"GetAllSuccessTest","ExecutorUri":"executor://NUnit3TestExecutor","Source":"C:\\Users\\VC\\Desktop\\Day_1\\Day_11\\ShoppingSolution\\ShoppingModelTest\\bin\\Debug\\net6.0\\fine-code-coverage\\build-output\\ShoppinCustomerRepoTest.dll","CodeFilePath":null,"LineNumber":0,"Properties":[{"Key":{"Id":"NUnit.Seed","Label":"Seed","Category":"","Description":"","Attributes":0,"ValueType":"System.String"},"Value":"106253159"}]},"Attachments":[],"Outcome":1,"ErrorMessage":null,"ErrorStackTrace":null,"DisplayName":"GetAllSuccessTest","Messages":[],"ComputerName":"DESKTOP-QL1TE6V","Duration":"00:00:00.0002620","StartTime":"2024-04-24T11:09:30.6902477+00:00","EndTime":"2024-04-24T11:09:30.6905092+00:00","Properties":[{"Key":{"Id":"NUnit.Seed","Label":"Seed","Category":"","Description":"","Attributes":0,"ValueType":"System.String"},"Value":"106253159"}]}],"TestRunStatistics":{"ExecutedTests":27,"Stats":{"Passed":24,"Failed":3}},"ActiveTests":[{"Id":"062fe66b-8afc-f109-8b31-a779c4e4be2e","FullyQualifiedName":"ShoppinProductRepoTest.ProductTest.GetIdFailTest","DisplayName":"GetIdFailTest","ExecutorUri":"executor://NUnit3TestExecutor","Source":"C:\\Users\\VC\\Desktop\\Day_1\\Day_11\\ShoppingSolution\\ShoppingModelTest\\bin\\Debug\\net6.0\\fine-code-coverage\\build-output\\ShoppinCustomerRepoTest.dll","CodeFilePath":null,"LineNumber":0,"Properties":[{"Key":{"Id":"NUnit.Seed","Label":"Seed","Category":"","Description":"","Attributes":0,"ValueType":"System.String"},"Value":"688468788"}]}]}}
TpTrace Verbose: 0 : 16636, 13, 2024/04/24, 16:39:30.820, 13983088565346, vstest.console.dll, TestRunRequest:SendTestRunStatsChange: Starting.
TpTrace Verbose: 0 : 16636, 13, 2024/04/24, 16:39:30.820, 13983088565924, vstest.console.dll, InProgress is GetIdFailTest
TpTrace Verbose: 0 : 16636, 13, 2024/04/24, 16:39:30.820, 13983088566846, vstest.console.dll, MulticastDelegateUtilities.SafeInvoke: TestRun.RunStatsChanged: Invoking callbacks was skipped because there are no subscribers.
TpTrace Information: 0 : 16636, 13, 2024/04/24, 16:39:30.820, 13983088567183, vstest.console.dll, TestRunRequest:SendTestRunStatsChange: Completed.
TpTrace Verbose: 0 : 16636, 13, 2024/04/24, 16:39:30.820, 13983088567536, vstest.console.dll, MulticastDelegateUtilities.SafeInvoke: LengthPrefixCommunicationChannel: MessageReceived: Invoking callback 1/1 for Microsoft.VisualStudio.TestPlatform.CommunicationUtilities.TestRequestSender+<>c__DisplayClass34_0., took 1 ms.
TpTrace Verbose: 0 : 16636, 13, 2024/04/24, 16:39:30.820, 13983088567966, vstest.console.dll, TcpClientExtensions.MessageLoopAsync: Polling on remoteEndPoint: 127.0.0.1:50084 localEndPoint: 127.0.0.1:50083 after 28 ms
TpTrace Verbose: 0 : 16636, 4, 2024/04/24, 16:39:30.820, 13983088567551, vstest.console.dll, MulticastDelegateUtilities.SafeInvoke: InternalTestLoggerEvents.SendTestResult: Invoking callback 1/1 for Microsoft.VisualStudio.TestPlatform.CommandLine.Internal.ConsoleLogger., took 0 ms.
TpTrace Verbose: 0 : 16636, 4, 2024/04/24, 16:39:30.820, 13983088569494, vstest.console.dll, MulticastDelegateUtilities.SafeInvoke: InternalTestLoggerEvents.SendTestResult: Invoking callback 1/1 for Microsoft.VisualStudio.TestPlatform.CommandLine.Internal.ConsoleLogger., took 0 ms.
TpTrace Verbose: 0 : 16636, 4, 2024/04/24, 16:39:30.820, 13983088569876, vstest.console.dll, MulticastDelegateUtilities.SafeInvoke: InternalTestLoggerEvents.SendTestResult: Invoking callback 1/1 for Microsoft.VisualStudio.TestPlatform.CommandLine.Internal.ConsoleLogger., took 0 ms.
TpTrace Verbose: 0 : 16636, 4, 2024/04/24, 16:39:30.820, 13983088571943, vstest.console.dll, MulticastDelegateUtilities.SafeInvoke: InternalTestLoggerEvents.SendTestResult: Invoking callback 1/1 for Microsoft.VisualStudio.TestPlatform.CommandLine.Internal.ConsoleLogger., took 0 ms.
TpTrace Verbose: 0 : 16636, 4, 2024/04/24, 16:39:30.820, 13983088572455, vstest.console.dll, MulticastDelegateUtilities.SafeInvoke: InternalTestLoggerEvents.SendTestResult: Invoking callback 1/1 for Microsoft.VisualStudio.TestPlatform.CommandLine.Internal.ConsoleLogger., took 0 ms.
TpTrace Verbose: 0 : 16636, 4, 2024/04/24, 16:39:30.821, 13983088574850, vstest.console.dll, MulticastDelegateUtilities.SafeInvoke: InternalTestLoggerEvents.SendTestResult: Invoking callback 1/1 for Microsoft.VisualStudio.TestPlatform.CommandLine.Internal.ConsoleLogger., took 0 ms.
TpTrace Verbose: 0 : 16636, 4, 2024/04/24, 16:39:30.821, 13983088576210, vstest.console.dll, MulticastDelegateUtilities.SafeInvoke: InternalTestLoggerEvents.SendTestResult: Invoking callback 1/1 for Microsoft.VisualStudio.TestPlatform.CommandLine.Internal.ConsoleLogger., took 0 ms.
TpTrace Verbose: 0 : 16636, 4, 2024/04/24, 16:39:30.821, 13983088576844, vstest.console.dll, MulticastDelegateUtilities.SafeInvoke: InternalTestLoggerEvents.SendTestResult: Invoking callback 1/1 for Microsoft.VisualStudio.TestPlatform.CommandLine.Internal.ConsoleLogger., took 0 ms.
TpTrace Verbose: 0 : 16636, 4, 2024/04/24, 16:39:30.821, 13983088577282, vstest.console.dll, MulticastDelegateUtilities.SafeInvoke: InternalTestLoggerEvents.SendTestResult: Invoking callback 1/1 for Microsoft.VisualStudio.TestPlatform.CommandLine.Internal.ConsoleLogger., took 0 ms.
TpTrace Verbose: 0 : 16636, 13, 2024/04/24, 16:39:30.835, 13983088719607, vstest.console.dll, TcpClientExtensions.MessageLoopAsync: NotifyDataAvailable remoteEndPoint: 127.0.0.1:50084 localEndPoint: 127.0.0.1:50083
TpTrace Verbose: 0 : 16636, 13, 2024/04/24, 16:39:30.835, 13983088721279, vstest.console.dll, TestRequestSender.OnExecutionMessageReceived: Received message: {"Version":7,"MessageType":"TestSession.Message","Payload":{"MessageLevel":0,"Message":"NUnit Adapter 4.4.0.0: Test execution complete"}}
TpTrace Verbose: 0 : 16636, 13, 2024/04/24, 16:39:30.835, 13983088722470, vstest.console.dll, TestRunRequest:SendTestRunMessage: Starting.
TpTrace Verbose: 0 : 16636, 13, 2024/04/24, 16:39:30.835, 13983088723005, vstest.console.dll, MulticastDelegateUtilities.SafeInvoke: TestRun.LogMessages: Invoking callback 1/1 for Microsoft.VisualStudio.TestPlatform.CommandLine.TestRunResultAggregator., took 0 ms.
TpTrace Information: 0 : 16636, 13, 2024/04/24, 16:39:30.835, 13983088723272, vstest.console.dll, TestRunRequest:SendTestRunMessage: Completed.
TpTrace Verbose: 0 : 16636, 13, 2024/04/24, 16:39:30.835, 13983088723530, vstest.console.dll, MulticastDelegateUtilities.SafeInvoke: LengthPrefixCommunicationChannel: MessageReceived: Invoking callback 1/1 for Microsoft.VisualStudio.TestPlatform.CommunicationUtilities.TestRequestSender+<>c__DisplayClass34_0., took 0 ms.
TpTrace Verbose: 0 : 16636, 13, 2024/04/24, 16:39:30.835, 13983088723875, vstest.console.dll, TcpClientExtensions.MessageLoopAsync: Polling on remoteEndPoint: 127.0.0.1:50084 localEndPoint: 127.0.0.1:50083 after 15 ms
TpTrace Verbose: 0 : 16636, 4, 2024/04/24, 16:39:30.835, 13983088723588, vstest.console.dll, MulticastDelegateUtilities.SafeInvoke: InternalTestLoggerEvents.SendTestRunMessage: Invoking callback 1/1 for Microsoft.VisualStudio.TestPlatform.CommandLine.Internal.ConsoleLogger., took 0 ms.
TpTrace Verbose: 0 : 16636, 13, 2024/04/24, 16:39:30.850, 13983088874561, vstest.console.dll, TcpClientExtensions.MessageLoopAsync: NotifyDataAvailable remoteEndPoint: 127.0.0.1:50084 localEndPoint: 127.0.0.1:50083
TpTrace Verbose: 0 : 16636, 13, 2024/04/24, 16:39:30.851, 13983088877360, vstest.console.dll, TestRequestSender.OnExecutionMessageReceived: Received message: {"Version":7,"MessageType":"TestExecution.Completed","Payload":{"TestRunCompleteArgs":{"TestRunStatistics":{"ExecutedTests":31,"Stats":{"Passed":25,"Failed":6}},"IsCanceled":false,"IsAborted":false,"Error":null,"AttachmentSets":[],"InvokedDataCollectors":[],"ElapsedTimeInRunningTests":"00:00:00.4226058","Metrics":{},"DiscoveredExtensions":{"TestDiscoverers":["NUnit.VisualStudio.TestAdapter.NUnit3TestDiscoverer, NUnit3.TestAdapter, Version=4.4.0.0, Culture=neutral, PublicKeyToken=4cb40d35494691ac"],"TestExecutors":["executor://NUnit3TestExecutor"],"TestExecutors2":[],"TestSettingsProviders":[]}},"LastRunTests":{"NewTestResults":[{"TestCase":{"Id":"062fe66b-8afc-f109-8b31-a779c4e4be2e","FullyQualifiedName":"ShoppinProductRepoTest.ProductTest.GetIdFailTest","DisplayName":"GetIdFailTest","ExecutorUri":"executor://NUnit3TestExecutor","Source":"C:\\Users\\VC\\Desktop\\Day_1\\Day_11\\ShoppingSolution\\ShoppingModelTest\\bin\\Debug\\net6.0\\fine-code-coverage\\build-output\\ShoppinCustomerRepoTest.dll","CodeFilePath":null,"LineNumber":0,"Properties":[{"Key":{"Id":"NUnit.Seed","Label":"Seed","Category":"","Description":"","Attributes":0,"ValueType":"System.String"},"Value":"688468788"}]},"Attachments":[],"Outcome":2,"ErrorMessage":"  Expected: <ShoppingModelLibrary.NoProductWithGiveIdException>\r\n  But was:  null\r\n","ErrorStackTrace":"   at ShoppinProductRepoTest.ProductTest.GetIdFailTest() in C:\\Users\\VC\\Desktop\\Day_1\\Day_11\\ShoppingSolution\\ShoppingModelTest\\ProductTest.cs:line 168\r\n\n1)    at ShoppinProductRepoTest.ProductTest.GetIdFailTest() in C:\\Users\\VC\\Desktop\\Day_1\\Day_11\\ShoppingSolution\\ShoppingModelTest\\ProductTest.cs:line 168\r\n\n","DisplayName":"GetIdFailTest","Messages":[],"ComputerName":"DESKTOP-QL1TE6V","Duration":"00:00:00.0009280","StartTime":"2024-04-24T11:09:30.6905183+00:00","EndTime":"2024-04-24T11:09:30.6914462+00:00","Properties":[{"Key":{"Id":"NUnit.Seed","Label":"Seed","Category":"","Description":"","Attributes":0,"ValueType":"System.String"},"Value":"688468788"}]},{"TestCase":{"Id":"17d07e1a-7bdf-311f-fdc8-ca88744dc396","FullyQualifiedName":"ShoppinProductRepoTest.ProductTest.GetIdSuccessTest","DisplayName":"GetIdSuccessTest","ExecutorUri":"executor://NUnit3TestExecutor","Source":"C:\\Users\\VC\\Desktop\\Day_1\\Day_11\\ShoppingSolution\\ShoppingModelTest\\bin\\Debug\\net6.0\\fine-code-coverage\\build-output\\ShoppinCustomerRepoTest.dll","CodeFilePath":null,"LineNumber":0,"Properties":[{"Key":{"Id":"NUnit.Seed","Label":"Seed","Category":"","Description":"","Attributes":0,"ValueType":"System.String"},"Value":"1543140927"}]},"Attachments":[],"Outcome":1,"ErrorMessage":null,"ErrorStackTrace":null,"DisplayName":"GetIdSuccessTest","Messages":[],"ComputerName":"DESKTOP-QL1TE6V","Duration":"00:00:00.0001440","StartTime":"2024-04-24T11:09:30.6914636+00:00","EndTime":"2024-04-24T11:09:30.6916076+00:00","Properties":[{"Key":{"Id":"NUnit.Seed","Label":"Seed","Category":"","Description":"","Attributes":0,"ValueType":"System.String"},"Value":"1543140927"}]},{"TestCase":{"Id":"4b8504a2-2605-1337-392c-ba0333c002a8","FullyQualifiedName":"ShoppinProductRepoTest.ProductTest.UpdateFailTest","DisplayName":"UpdateFailTest","ExecutorUri":"executor://NUnit3TestExecutor","Source":"C:\\Users\\VC\\Desktop\\Day_1\\Day_11\\ShoppingSolution\\ShoppingModelTest\\bin\\Debug\\net6.0\\fine-code-coverage\\build-output\\ShoppinCustomerRepoTest.dll","CodeFilePath":null,"LineNumber":0,"Properties":[{"Key":{"Id":"NUnit.Seed","Label":"Seed","Category":"","Description":"","Attributes":0,"ValueType":"System.String"},"Value":"2090307555"}]},"Attachments":[],"Outcome":2,"ErrorMessage":"  Expected: <ShoppingModelLibrary.NoProductWithGiveIdException>\r\n  But was:  null\r\n","ErrorStackTrace":"   at ShoppinProductRepoTest.ProductTest.UpdateFailTest() in C:\\Users\\VC\\Desktop\\Day_1\\Day_11\\ShoppingSolution\\ShoppingModelTest\\ProductTest.cs:line 276\r\n\n1)    at ShoppinProductRepoTest.ProductTest.UpdateFailTest() in C:\\Users\\VC\\Desktop\\Day_1\\Day_11\\ShoppingSolution\\ShoppingModelTest\\ProductTest.cs:line 276\r\n\n","DisplayName":"UpdateFailTest","Messages":[],"ComputerName":"DESKTOP-QL1TE6V","Duration":"00:00:00.0010110","StartTime":"2024-04-24T11:09:30.6916165+00:00","EndTime":"2024-04-24T11:09:30.6926269+00:00","Properties":[{"Key":{"Id":"NUnit.Seed","Label":"Seed","Category":"","Description":"","Attributes":0,"ValueType":"System.String"},"Value":"2090307555"}]},{"TestCase":{"Id":"ecff112d-38f7-14e0-8b97-f9744fd464d7","FullyQualifiedName":"ShoppinProductRepoTest.ProductTest.UpdateSuccessTest","DisplayName":"UpdateSuccessTest","ExecutorUri":"executor://NUnit3TestExecutor","Source":"C:\\Users\\VC\\Desktop\\Day_1\\Day_11\\ShoppingSolution\\ShoppingModelTest\\bin\\Debug\\net6.0\\fine-code-coverage\\build-output\\ShoppinCustomerRepoTest.dll","CodeFilePath":null,"LineNumber":0,"Properties":[{"Key":{"Id":"NUnit.Seed","Label":"Seed","Category":"","Description":"","Attributes":0,"ValueType":"System.String"},"Value":"2018140344"}]},"Attachments":[],"Outcome":2,"ErrorMessage":"System.NullReferenceException : Object reference not set to an instance of an object.","ErrorStackTrace":"   at ShoppinProductRepoTest.ProductTest.UpdateSuccessTest() in C:\\Users\\VC\\Desktop\\Day_1\\Day_11\\ShoppingSolution\\ShoppingModelTest\\ProductTest.cs:line 248\n","DisplayName":"UpdateSuccessTest","Messages":[],"ComputerName":"DESKTOP-QL1TE6V","Duration":"00:00:00.0023869","StartTime":"2024-04-24T11:09:30.6926445+00:00","EndTime":"2024-04-24T11:09:30.6950311+00:00","Properties":[{"Key":{"Id":"NUnit.Seed","Label":"Seed","Category":"","Description":"","Attributes":0,"ValueType":"System.String"},"Value":"2018140344"}]}],"TestRunStatistics":{"ExecutedTests":31,"Stats":{"Passed":25,"Failed":6}},"ActiveTests":[]},"RunAttachments":[],"ExecutorUris":["executor://nunit3testexecutor/"]}}
TpTrace Verbose: 0 : 16636, 13, 2024/04/24, 16:39:30.851, 13983088878706, vstest.console.dll, TestRequestSender.EndSession: Sending end session.
TpTrace Verbose: 0 : 16636, 13, 2024/04/24, 16:39:30.851, 13983088880562, vstest.console.dll, ProxyOperationManager.Close: waiting for test host to exit for 100 ms
TpTrace Verbose: 0 : 16636, 12, 2024/04/24, 16:39:30.890, 13983089271883, vstest.console.dll, TestHostManagerCallbacks.ctor: Experimental forwarding output is disabled.
TpTrace Warning: 0 : 16636, 12, 2024/04/24, 16:39:30.890, 13983089273430, vstest.console.dll, TestHostManagerCallbacks.ErrorReceivedCallback Test host standard error line: 
TpTrace Verbose: 0 : 16636, 12, 2024/04/24, 16:39:30.901, 13983089384351, vstest.console.dll, TestHostProvider.ExitCallBack: Host exited starting callback.
TpTrace Information: 0 : 16636, 12, 2024/04/24, 16:39:30.902, 13983089386205, vstest.console.dll, TestHostManagerCallbacks.ExitCallBack: Testhost processId: 35060 exited with exitcode: 0 error: ''
TpTrace Verbose: 0 : 16636, 12, 2024/04/24, 16:39:30.902, 13983089386715, vstest.console.dll, DotnetTestHostManager.OnHostExited: invoking OnHostExited callback
TpTrace Verbose: 0 : 16636, 12, 2024/04/24, 16:39:30.902, 13983089387360, vstest.console.dll, CrossPlatEngine.TestHostManagerHostExited: calling on client process exit callback.
TpTrace Information: 0 : 16636, 12, 2024/04/24, 16:39:30.902, 13983089387923, vstest.console.dll, TestRequestSender.OnClientProcessExit: Test host process exited. Standard error: 
TpTrace Information: 0 : 16636, 12, 2024/04/24, 16:39:30.902, 13983089388466, vstest.console.dll, SocketServer.Stop: Stop server endPoint: 127.0.0.1:50083
TpTrace Information: 0 : 16636, 12, 2024/04/24, 16:39:30.902, 13983089388790, vstest.console.dll, SocketServer.Stop: Cancellation requested. Stopping message loop.
TpTrace Information: 0 : 16636, 13, 2024/04/24, 16:39:30.902, 13983089389338, vstest.console.dll, SocketServer.Stop: Stop server endPoint: 127.0.0.1:50083
TpTrace Information: 0 : 16636, 13, 2024/04/24, 16:39:30.902, 13983089390269, vstest.console.dll, SocketServer.Stop: Cancellation requested. Stopping message loop.
TpTrace Verbose: 0 : 16636, 12, 2024/04/24, 16:39:30.902, 13983089390250, vstest.console.dll, MulticastDelegateUtilities.SafeInvoke: HostProviderEvents.OnHostExited: Invoking callback 1/1 for Microsoft.VisualStudio.TestPlatform.CrossPlatEngine.Client.ProxyOperationManager., took 0 ms.
TpTrace Information: 0 : 16636, 13, 2024/04/24, 16:39:30.902, 13983089390844, vstest.console.dll, Closing the connection
TpTrace Verbose: 0 : 16636, 13, 2024/04/24, 16:39:30.902, 13983089393928, vstest.console.dll, ProxyDataCollectionManager.InvokeDataCollectionServiceAction: Starting.
TpTrace Information: 0 : 16636, 13, 2024/04/24, 16:39:30.902, 13983089394393, vstest.console.dll, ProxyDataCollectionManager.AfterTestRunEnd: Get attachment set and invoked data collectors processId: 36040 port: 50080
TpTrace Verbose: 0 : 16636, 13, 2024/04/24, 16:39:30.903, 13983089395126, vstest.console.dll, DataCollectionRequestSender.SendAfterTestRunStartAndGetResult: Send AfterTestRunEnd message with isCancelled: False
TpTrace Verbose: 0 : 16636, 13, 2024/04/24, 16:39:30.908, 13983089451586, vstest.console.dll, DataCollectionRequestSender.SendAfterTestRunStartAndGetResult: Received message: (DataCollection.AfterTestRunEndResult) -> {"MessageType":"DataCollection.AfterTestRunEndResult","Payload":{"AttachmentSets":[],"InvokedDataCollectors":[{"Uri":"datacollector://Microsoft/TestPlatform/Extensions/Blame/v1","FriendlyName":"Blame","AssemblyQualifiedName":"Microsoft.TestPlatform.Extensions.BlameDataCollector.BlameCollector, Microsoft.TestPlatform.Extensions.BlameDataCollector, Version=15.0.0.0, Culture=neutral, PublicKeyToken=b03f5f7f11d50a3a","FilePath":"C:\\Program Files\\dotnet\\sdk\\8.0.202\\Extensions\\Microsoft.TestPlatform.Extensions.BlameDataCollector.dll","HasAttachmentProcessor":false}],"Metrics":{}}}
TpTrace Information: 0 : 16636, 13, 2024/04/24, 16:39:30.913, 13983089504208, vstest.console.dll, ProxyDataCollectionManager.InvokeDataCollectionServiceAction: Completed.
TpTrace Warning: 0 : 16636, 10, 2024/04/24, 16:39:30.936, 13983089730478, vstest.console.dll, DataCollectionLauncher.ErrorReceivedCallback datacollector standard error line: 
TpTrace Information: 0 : 16636, 10, 2024/04/24, 16:39:30.942, 13983089789839, vstest.console.dll, DataCollectionLauncher.ExitCallBack: Data collector exited with exitcode: 0 error: ''
TpTrace Verbose: 0 : 16636, 13, 2024/04/24, 16:39:30.944, 13983089808082, vstest.console.dll, TestRunRequest:SendTestRunStatsChange: Starting.
TpTrace Verbose: 0 : 16636, 13, 2024/04/24, 16:39:30.944, 13983089808810, vstest.console.dll, MulticastDelegateUtilities.SafeInvoke: TestRun.RunStatsChanged: Invoking callbacks was skipped because there are no subscribers.
TpTrace Information: 0 : 16636, 13, 2024/04/24, 16:39:30.944, 13983089809102, vstest.console.dll, TestRunRequest:SendTestRunStatsChange: Completed.
TpTrace Verbose: 0 : 16636, 13, 2024/04/24, 16:39:30.944, 13983089811936, vstest.console.dll, ParallelProxyExecutionManager: HandlePartialRunComplete: Total workloads = 1, Total started clients = 1 Total completed clients = 1, Run complete = True, Run canceled: False.
TpTrace Verbose: 0 : 16636, 4, 2024/04/24, 16:39:30.944, 13983089812330, vstest.console.dll, MulticastDelegateUtilities.SafeInvoke: InternalTestLoggerEvents.SendTestResult: Invoking callback 1/1 for Microsoft.VisualStudio.TestPlatform.CommandLine.Internal.ConsoleLogger., took 0 ms.
TpTrace Verbose: 0 : 16636, 13, 2024/04/24, 16:39:30.944, 13983089812389, vstest.console.dll, ParallelProxyExecutionManager: HandlePartialRunComplete: All runs completed stopping all managers.
TpTrace Verbose: 0 : 16636, 13, 2024/04/24, 16:39:30.944, 13983089813657, vstest.console.dll, ParallelOperationManager.StopAllManagers: Stopping all managers.
TpTrace Verbose: 0 : 16636, 13, 2024/04/24, 16:39:30.944, 13983089813971, vstest.console.dll, ParallelOperationManager.ClearSlots: Clearing all slots. Slots should accept more work: False
TpTrace Verbose: 0 : 16636, 4, 2024/04/24, 16:39:30.944, 13983089813122, vstest.console.dll, MulticastDelegateUtilities.SafeInvoke: InternalTestLoggerEvents.SendTestResult: Invoking callback 1/1 for Microsoft.VisualStudio.TestPlatform.CommandLine.Internal.ConsoleLogger., took 0 ms.
TpTrace Verbose: 0 : 16636, 13, 2024/04/24, 16:39:30.944, 13983089814358, vstest.console.dll, ParallelOperationManager.SetOccupiedSlotCount: Setting slot counts AvailableSlotCount = 1, OccupiedSlotCount = 0.
TpTrace Verbose: 0 : 16636, 13, 2024/04/24, 16:39:30.945, 13983089815751, vstest.console.dll, Occupied slots:

TpTrace Verbose: 0 : 16636, 4, 2024/04/24, 16:39:30.945, 13983089817436, vstest.console.dll, MulticastDelegateUtilities.SafeInvoke: InternalTestLoggerEvents.SendTestResult: Invoking callback 1/1 for Microsoft.VisualStudio.TestPlatform.CommandLine.Internal.ConsoleLogger., took 0 ms.
TpTrace Verbose: 0 : 16636, 4, 2024/04/24, 16:39:30.945, 13983089820499, vstest.console.dll, MulticastDelegateUtilities.SafeInvoke: InternalTestLoggerEvents.SendTestResult: Invoking callback 1/1 for Microsoft.VisualStudio.TestPlatform.CommandLine.Internal.ConsoleLogger., took 0 ms.
TpTrace Verbose: 0 : 16636, 4, 2024/04/24, 16:39:30.952, 13983089891263, vstest.console.dll, MulticastDelegateUtilities.SafeInvoke: InternalTestLoggerEvents.SendTestRunComplete: Invoking callback 1/2 for Microsoft.TestPlatform.Extensions.BlameDataCollector.BlameLogger., took 0 ms.
TpTrace Verbose: 0 : 16636, 4, 2024/04/24, 16:39:30.956, 13983089930388, vstest.console.dll, MulticastDelegateUtilities.SafeInvoke: InternalTestLoggerEvents.SendTestRunComplete: Invoking callback 2/2 for Microsoft.VisualStudio.TestPlatform.CommandLine.Internal.ConsoleLogger., took 3 ms.
TpTrace Verbose: 0 : 16636, 13, 2024/04/24, 16:39:30.956, 13983089934426, vstest.console.dll, TestRunRequest:TestRunComplete: Starting. IsAborted:False IsCanceled:False.
TpTrace Verbose: 0 : 16636, 13, 2024/04/24, 16:39:30.957, 13983089936614, vstest.console.dll, ParallelOperationManager.DoActionOnAllManagers: Calling an action on all managers.
TpTrace Verbose: 0 : 16636, 13, 2024/04/24, 16:39:30.958, 13983089945220, vstest.console.dll, TestLoggerManager.HandleTestRunComplete: Ignoring as the object is disposed.
TpTrace Verbose: 0 : 16636, 13, 2024/04/24, 16:39:30.958, 13983089947239, vstest.console.dll, MulticastDelegateUtilities.SafeInvoke: TestRun.TestRunComplete: Invoking callback 1/2 for Microsoft.VisualStudio.TestPlatform.CommandLine.TestRunResultAggregator., took 0 ms.
TpTrace Verbose: 0 : 16636, 13, 2024/04/24, 16:39:30.958, 13983089948215, vstest.console.dll, MulticastDelegateUtilities.SafeInvoke: TestRun.TestRunComplete: Invoking callback 2/2 for Microsoft.VisualStudio.TestPlatform.CommandLine.Processors.RunTestsArgumentExecutor+TestRunRequestEventsRegistrar., took 0 ms.
TpTrace Information: 0 : 16636, 13, 2024/04/24, 16:39:30.958, 13983089949007, vstest.console.dll, TestRunRequest:TestRunComplete: Completed.
TpTrace Verbose: 0 : 16636, 13, 2024/04/24, 16:39:30.958, 13983089949340, vstest.console.dll, TestRequestSender.SetOperationComplete: Setting operation complete.
TpTrace Information: 0 : 16636, 13, 2024/04/24, 16:39:30.958, 13983089949668, vstest.console.dll, SocketServer.Stop: Stop server endPoint: 127.0.0.1:50083
TpTrace Verbose: 0 : 16636, 1, 2024/04/24, 16:39:30.958, 13983089949744, vstest.console.dll, TestRunRequest.Dispose: Starting.
TpTrace Information: 0 : 16636, 13, 2024/04/24, 16:39:30.958, 13983089950008, vstest.console.dll, SocketServer.Stop: Cancellation requested. Stopping message loop.
TpTrace Verbose: 0 : 16636, 13, 2024/04/24, 16:39:30.958, 13983089952918, vstest.console.dll, MulticastDelegateUtilities.SafeInvoke: LengthPrefixCommunicationChannel: MessageReceived: Invoking callback 1/1 for Microsoft.VisualStudio.TestPlatform.CommunicationUtilities.TestRequestSender+<>c__DisplayClass34_0., took 107 ms.
TpTrace Information: 0 : 16636, 1, 2024/04/24, 16:39:30.958, 13983089950814, vstest.console.dll, TestRunRequest.Dispose: Completed.
TpTrace Information: 0 : 16636, 13, 2024/04/24, 16:39:30.958, 13983089954442, vstest.console.dll, SocketServer.PrivateStop: Stopping server endPoint: 127.0.0.1:50083 error: 
TpTrace Information: 0 : 16636, 1, 2024/04/24, 16:39:30.959, 13983089956097, vstest.console.dll, TestRequestManager.RunTests: run tests completed.
TpTrace Information: 0 : 16636, 1, 2024/04/24, 16:39:30.959, 13983089957035, vstest.console.dll, RunTestsArgumentProcessor:Execute: Test run is completed.
TpTrace Verbose: 0 : 16636, 1, 2024/04/24, 16:39:30.959, 13983089959209, vstest.console.dll, Executor.Execute: Exiting with exit code of 1
TpTrace Verbose: 0 : 16636, 13, 2024/04/24, 16:39:30.959, 13983089962399, vstest.console.dll, LengthPrefixCommunicationChannel.Dispose: Dispose reader and writer.
TpTrace Information: 0 : 16636, 13, 2024/04/24, 16:39:30.959, 13983089963426, vstest.console.dll, SocketServer.Stop: Raise disconnected event endPoint: 127.0.0.1:50083 error: 
