TpTrace Verbose: 0 : 10340, 1, 2024/04/24, 16:52:49.878, 13991079144974, vstest.console.dll, Version: 17.9.0-release-24072-02 Current process architecture: X64
TpTrace Verbose: 0 : 10340, 1, 2024/04/24, 16:52:49.881, 13991079176068, vstest.console.dll, Runtime location: C:\Program Files\dotnet\shared\Microsoft.NETCore.App\8.0.3
TpTrace Verbose: 0 : 10340, 1, 2024/04/24, 16:52:49.883, 13991079198130, vstest.console.dll, ArtifactProcessingPostProcessModeProcessorExecutor.Initialize: ArtifactProcessingMode.Collect
TpTrace Verbose: 0 : 10340, 1, 2024/04/24, 16:52:49.883, 13991079200013, vstest.console.dll, TestSessionCorrelationIdProcessorModeProcessorExecutor.Initialize: TestSessionCorrelationId '36456_b3a3ab3c-2aa2-4122-95e5-7eb295ac4ea9'
TpTrace Information: 0 : 10340, 1, 2024/04/24, 16:52:49.895, 13991079320790, vstest.console.dll, FilePatternParser: The given file C:\Users\VC\Desktop\Day_1\Day_7\DoctorAppontmentsSolution\RepositoryTest\bin\Debug\net6.0\fine-code-coverage\build-output\RepositoryTest.dll is a full path.
TpTrace Verbose: 0 : 10340, 1, 2024/04/24, 16:52:49.900, 13991079368121, vstest.console.dll, TestPluginCache.DiscoverTestExtensions: finding test extensions in assemblies ends with: RuntimeProvider.dll TPluginInfo: Microsoft.VisualStudio.TestPlatform.Common.ExtensionFramework.Utilities.TestRuntimePluginInformation TExtension: Microsoft.VisualStudio.TestPlatform.ObjectModel.Host.ITestRuntimeProvider
TpTrace Verbose: 0 : 10340, 1, 2024/04/24, 16:52:49.900, 13991079371037, vstest.console.dll, TestPluginCache.GetExtensionPaths: Filtered extension paths: 
TpTrace Verbose: 0 : 10340, 1, 2024/04/24, 16:52:49.900, 13991079371928, vstest.console.dll, TestPluginCache.GetExtensionPaths: Added default extension paths: C:\Program Files\dotnet\sdk\8.0.202\Extensions\Microsoft.Diagnostics.NETCore.Client.dll
C:\Program Files\dotnet\sdk\8.0.202\Extensions\Microsoft.TestPlatform.Extensions.BlameDataCollector.dll
C:\Program Files\dotnet\sdk\8.0.202\Extensions\Microsoft.TestPlatform.Extensions.EventLogCollector.dll
C:\Program Files\dotnet\sdk\8.0.202\Extensions\Microsoft.TestPlatform.TestHostRuntimeProvider.dll
C:\Program Files\dotnet\sdk\8.0.202\Extensions\Microsoft.VisualStudio.TestPlatform.Extensions.Html.TestLogger.dll
C:\Program Files\dotnet\sdk\8.0.202\Extensions\Microsoft.VisualStudio.TestPlatform.Extensions.Trx.TestLogger.dll
TpTrace Verbose: 0 : 10340, 1, 2024/04/24, 16:52:49.900, 13991079372445, vstest.console.dll, TestPluginCache.GetExtensionPaths: Added unfilterableExtensionPaths: 
TpTrace Information: 0 : 10340, 1, 2024/04/24, 16:52:49.901, 13991079376569, vstest.console.dll, AssemblyResolver.ctor: Creating AssemblyResolver with searchDirectories C:\Program Files\dotnet\sdk\8.0.202\Extensions,C:\Program Files\dotnet\sdk\8.0.202
TpTrace Verbose: 0 : 10340, 1, 2024/04/24, 16:52:49.902, 13991079392720, vstest.console.dll, TestPluginCache.DiscoverTestExtensions: Discovering the extensions using extension path.
TpTrace Verbose: 0 : 10340, 1, 2024/04/24, 16:52:49.902, 13991079394614, vstest.console.dll, TestPluginCache.GetExtensionPaths: Filtered extension paths: 
TpTrace Verbose: 0 : 10340, 1, 2024/04/24, 16:52:49.903, 13991079395068, vstest.console.dll, TestPluginCache.GetExtensionPaths: Added default extension paths: C:\Program Files\dotnet\sdk\8.0.202\Extensions\Microsoft.Diagnostics.NETCore.Client.dll
C:\Program Files\dotnet\sdk\8.0.202\Extensions\Microsoft.TestPlatform.Extensions.BlameDataCollector.dll
C:\Program Files\dotnet\sdk\8.0.202\Extensions\Microsoft.TestPlatform.Extensions.EventLogCollector.dll
C:\Program Files\dotnet\sdk\8.0.202\Extensions\Microsoft.TestPlatform.TestHostRuntimeProvider.dll
C:\Program Files\dotnet\sdk\8.0.202\Extensions\Microsoft.VisualStudio.TestPlatform.Extensions.Html.TestLogger.dll
C:\Program Files\dotnet\sdk\8.0.202\Extensions\Microsoft.VisualStudio.TestPlatform.Extensions.Trx.TestLogger.dll
TpTrace Verbose: 0 : 10340, 1, 2024/04/24, 16:52:49.903, 13991079395333, vstest.console.dll, TestPluginCache.GetExtensionPaths: Added unfilterableExtensionPaths: 
TpTrace Verbose: 0 : 10340, 1, 2024/04/24, 16:52:49.903, 13991079395913, vstest.console.dll, TestPluginCache.DiscoverTestExtensions: Discovering the extensions using allExtensionPaths: C:\Program Files\dotnet\sdk\8.0.202\Extensions\Microsoft.Diagnostics.NETCore.Client.dll
C:\Program Files\dotnet\sdk\8.0.202\Extensions\Microsoft.TestPlatform.Extensions.BlameDataCollector.dll
C:\Program Files\dotnet\sdk\8.0.202\Extensions\Microsoft.TestPlatform.Extensions.EventLogCollector.dll
C:\Program Files\dotnet\sdk\8.0.202\Extensions\Microsoft.TestPlatform.TestHostRuntimeProvider.dll
C:\Program Files\dotnet\sdk\8.0.202\Extensions\Microsoft.VisualStudio.TestPlatform.Extensions.Html.TestLogger.dll
C:\Program Files\dotnet\sdk\8.0.202\Extensions\Microsoft.VisualStudio.TestPlatform.Extensions.Trx.TestLogger.dll
TpTrace Information: 0 : 10340, 1, 2024/04/24, 16:52:49.903, 13991079397391, vstest.console.dll, AssemblyResolver.AddSearchDirectories: Adding more searchDirectories C:\Program Files\dotnet\sdk\8.0.202\Extensions,C:\Program Files\dotnet\sdk\8.0.202
TpTrace Information: 0 : 10340, 1, 2024/04/24, 16:52:49.903, 13991079397937, vstest.console.dll, AssemblyResolver.AddSearchDirectories: Adding more searchDirectories C:\Program Files\dotnet\sdk\8.0.202\Extensions,C:\Program Files\dotnet\sdk\8.0.202
TpTrace Information: 0 : 10340, 1, 2024/04/24, 16:52:49.903, 13991079398255, vstest.console.dll, AssemblyResolver.AddSearchDirectories: Adding more searchDirectories C:\Program Files\dotnet\sdk\8.0.202\Extensions,C:\Program Files\dotnet\sdk\8.0.202
TpTrace Information: 0 : 10340, 1, 2024/04/24, 16:52:49.903, 13991079398499, vstest.console.dll, AssemblyResolver.AddSearchDirectories: Adding more searchDirectories C:\Program Files\dotnet\sdk\8.0.202\Extensions,C:\Program Files\dotnet\sdk\8.0.202
TpTrace Information: 0 : 10340, 1, 2024/04/24, 16:52:49.903, 13991079398797, vstest.console.dll, AssemblyResolver.AddSearchDirectories: Adding more searchDirectories C:\Program Files\dotnet\sdk\8.0.202\Extensions,C:\Program Files\dotnet\sdk\8.0.202
TpTrace Information: 0 : 10340, 1, 2024/04/24, 16:52:49.903, 13991079399038, vstest.console.dll, AssemblyResolver.AddSearchDirectories: Adding more searchDirectories C:\Program Files\dotnet\sdk\8.0.202\Extensions,C:\Program Files\dotnet\sdk\8.0.202
TpTrace Information: 0 : 10340, 1, 2024/04/24, 16:52:49.904, 13991079406050, vstest.console.dll, AssemblyResolver.OnResolve: Microsoft.Diagnostics.NETCore.Client: Resolving assembly.
TpTrace Information: 0 : 10340, 1, 2024/04/24, 16:52:49.904, 13991079407056, vstest.console.dll, AssemblyResolver.OnResolve: Microsoft.Diagnostics.NETCore.Client: Searching in: 'C:\Program Files\dotnet\sdk\8.0.202\Extensions'.
TpTrace Information: 0 : 10340, 1, 2024/04/24, 16:52:49.911, 13991079480892, vstest.console.dll, AssemblyResolver.OnResolve: Microsoft.Diagnostics.NETCore.Client: Loading assembly 'C:\Program Files\dotnet\sdk\8.0.202\Extensions\Microsoft.Diagnostics.NETCore.Client.dll'.
TpTrace Information: 0 : 10340, 1, 2024/04/24, 16:52:49.912, 13991079494435, vstest.console.dll, AssemblyResolver.OnResolve: Resolved assembly: Microsoft.Diagnostics.NETCore.Client, from path: C:\Program Files\dotnet\sdk\8.0.202\Extensions\Microsoft.Diagnostics.NETCore.Client.dll
TpTrace Verbose: 0 : 10340, 1, 2024/04/24, 16:52:49.918, 13991079546380, vstest.console.dll, MetadataReaderExtensionsHelper: Discovering extensions inside assembly 'Microsoft.Diagnostics.NETCore.Client, Version=0.2.9.2401, Culture=neutral, PublicKeyToken=31bf3856ad364e35' file path 'C:\Program Files\dotnet\sdk\8.0.202\Extensions\Microsoft.Diagnostics.NETCore.Client.dll'
TpTrace Information: 0 : 10340, 1, 2024/04/24, 16:52:49.923, 13991079596858, vstest.console.dll, AssemblyResolver.OnResolve: Microsoft.Bcl.AsyncInterfaces: Resolving assembly.
TpTrace Information: 0 : 10340, 1, 2024/04/24, 16:52:49.923, 13991079598113, vstest.console.dll, AssemblyResolver.OnResolve: Microsoft.Bcl.AsyncInterfaces: Searching in: 'C:\Program Files\dotnet\sdk\8.0.202\Extensions'.
TpTrace Information: 0 : 10340, 1, 2024/04/24, 16:52:49.923, 13991079599237, vstest.console.dll, AssemblyResolver.OnResolve: Microsoft.Bcl.AsyncInterfaces: Assembly path does not exist: 'C:\Program Files\dotnet\sdk\8.0.202\Extensions\Microsoft.Bcl.AsyncInterfaces.dll', returning.
TpTrace Information: 0 : 10340, 1, 2024/04/24, 16:52:49.923, 13991079600388, vstest.console.dll, AssemblyResolver.OnResolve: Microsoft.Bcl.AsyncInterfaces: Assembly path does not exist: 'C:\Program Files\dotnet\sdk\8.0.202\Extensions\Microsoft.Bcl.AsyncInterfaces.exe', returning.
TpTrace Information: 0 : 10340, 1, 2024/04/24, 16:52:49.923, 13991079600748, vstest.console.dll, AssemblyResolver.OnResolve: Microsoft.Bcl.AsyncInterfaces: Searching in: 'C:\Program Files\dotnet\sdk\8.0.202'.
TpTrace Information: 0 : 10340, 1, 2024/04/24, 16:52:49.923, 13991079601310, vstest.console.dll, AssemblyResolver.OnResolve: Microsoft.Bcl.AsyncInterfaces: Assembly path does not exist: 'C:\Program Files\dotnet\sdk\8.0.202\Microsoft.Bcl.AsyncInterfaces.dll', returning.
TpTrace Information: 0 : 10340, 1, 2024/04/24, 16:52:49.923, 13991079601807, vstest.console.dll, AssemblyResolver.OnResolve: Microsoft.Bcl.AsyncInterfaces: Assembly path does not exist: 'C:\Program Files\dotnet\sdk\8.0.202\Microsoft.Bcl.AsyncInterfaces.exe', returning.
TpTrace Information: 0 : 10340, 1, 2024/04/24, 16:52:49.923, 13991079602091, vstest.console.dll, AssemblyResolver.OnResolve: Microsoft.Bcl.AsyncInterfaces: Failed to load assembly.
TpTrace Verbose: 0 : 10340, 1, 2024/04/24, 16:52:49.923, 13991079602621, vstest.console.dll, CurrentDomainAssemblyResolve: Resolving assembly 'Microsoft.Bcl.AsyncInterfaces'.
TpTrace Information: 0 : 10340, 1, 2024/04/24, 16:52:49.923, 13991079603165, vstest.console.dll, AssemblyResolver.OnResolve: Microsoft.Bcl.AsyncInterfaces: Resolving assembly.
TpTrace Information: 0 : 10340, 1, 2024/04/24, 16:52:49.923, 13991079603571, vstest.console.dll, AssemblyResolver.OnResolve: Microsoft.Bcl.AsyncInterfaces: Resolved from cache.
TpTrace Verbose: 0 : 10340, 1, 2024/04/24, 16:52:49.923, 13991079603864, vstest.console.dll, CurrentDomainAssemblyResolve: Resolving assembly 'Microsoft.Bcl.AsyncInterfaces'.
TpTrace Verbose: 0 : 10340, 1, 2024/04/24, 16:52:49.923, 13991079604209, vstest.console.dll, CurrentDomainAssemblyResolve: Failed to resolve assembly 'Microsoft.Bcl.AsyncInterfaces'.
TpTrace Verbose: 0 : 10340, 1, 2024/04/24, 16:52:49.924, 13991079611812, vstest.console.dll, CurrentDomainAssemblyResolve: Failed to resolve assembly 'Microsoft.Bcl.AsyncInterfaces'.
TpTrace Warning: 0 : 10340, 1, 2024/04/24, 16:52:49.934, 13991079710329, vstest.console.dll, TestPluginDiscoverer: Failed to get types from assembly 'Microsoft.Diagnostics.NETCore.Client, Version=0.2.9.2401, Culture=neutral, PublicKeyToken=31bf3856ad364e35'. Error: System.Reflection.ReflectionTypeLoadException: Unable to load one or more of the requested types.
Could not load file or assembly 'Microsoft.Bcl.AsyncInterfaces, Version=6.0.0.0, Culture=neutral, PublicKeyToken=cc7b13ffcd2ddd51'. The system cannot find the file specified.
   at System.Reflection.RuntimeModule.GetTypes(RuntimeModule module)
   at System.Reflection.RuntimeModule.GetTypes()
   at Microsoft.VisualStudio.TestPlatform.Common.ExtensionFramework.TestPluginDiscoverer.GetTestExtensionsFromAssembly[TPluginInfo,TExtension](Assembly assembly, Dictionary`2 pluginInfos, String filePath) in /_/src/Microsoft.TestPlatform.Common/ExtensionFramework/TestPluginDiscoverer.cs:line 158
System.IO.FileNotFoundException: Could not load file or assembly 'Microsoft.Bcl.AsyncInterfaces, Version=6.0.0.0, Culture=neutral, PublicKeyToken=cc7b13ffcd2ddd51'. The system cannot find the file specified.
File name: 'Microsoft.Bcl.AsyncInterfaces, Version=6.0.0.0, Culture=neutral, PublicKeyToken=cc7b13ffcd2ddd51'
 ---> System.IO.FileNotFoundException: Could not load file or assembly 'Microsoft.Bcl.AsyncInterfaces, Culture=neutral, PublicKeyToken=null'. The system cannot find the file specified.
File name: 'Microsoft.Bcl.AsyncInterfaces, Culture=neutral, PublicKeyToken=null'
   at System.Reflection.RuntimeAssembly.InternalLoad(AssemblyName assemblyName, StackCrawlMark& stackMark, AssemblyLoadContext assemblyLoadContext, RuntimeAssembly requestingAssembly, Boolean throwOnFileNotFound)
   at System.Reflection.Assembly.Load(AssemblyName assemblyRef)
   at Microsoft.VisualStudio.TestPlatform.Common.ExtensionFramework.TestPluginCache.CurrentDomainAssemblyResolve(Object sender, AssemblyResolveEventArgs args) in /_/src/Microsoft.TestPlatform.Common/ExtensionFramework/TestPluginCache.cs:line 513
   at System.Runtime.Loader.AssemblyLoadContext.GetFirstResolvedAssemblyFromResolvingEvent(AssemblyName assemblyName)
   at System.Runtime.Loader.AssemblyLoadContext.ResolveUsingEvent(AssemblyName assemblyName)
   at System.Runtime.Loader.AssemblyLoadContext.ResolveUsingResolvingEvent(IntPtr gchManagedAssemblyLoadContext, AssemblyName assemblyName)
TpTrace Warning: 0 : 10340, 1, 2024/04/24, 16:52:49.935, 13991079717768, vstest.console.dll, LoaderExceptions: System.IO.FileNotFoundException: Could not load file or assembly 'Microsoft.Bcl.AsyncInterfaces, Version=6.0.0.0, Culture=neutral, PublicKeyToken=cc7b13ffcd2ddd51'. The system cannot find the file specified.
File name: 'Microsoft.Bcl.AsyncInterfaces, Version=6.0.0.0, Culture=neutral, PublicKeyToken=cc7b13ffcd2ddd51'
 ---> System.IO.FileNotFoundException: Could not load file or assembly 'Microsoft.Bcl.AsyncInterfaces, Culture=neutral, PublicKeyToken=null'. The system cannot find the file specified.
File name: 'Microsoft.Bcl.AsyncInterfaces, Culture=neutral, PublicKeyToken=null'
   at System.Reflection.RuntimeAssembly.InternalLoad(AssemblyName assemblyName, StackCrawlMark& stackMark, AssemblyLoadContext assemblyLoadContext, RuntimeAssembly requestingAssembly, Boolean throwOnFileNotFound)
   at System.Reflection.Assembly.Load(AssemblyName assemblyRef)
   at Microsoft.VisualStudio.TestPlatform.Common.ExtensionFramework.TestPluginCache.CurrentDomainAssemblyResolve(Object sender, AssemblyResolveEventArgs args) in /_/src/Microsoft.TestPlatform.Common/ExtensionFramework/TestPluginCache.cs:line 513
   at System.Runtime.Loader.AssemblyLoadContext.GetFirstResolvedAssemblyFromResolvingEvent(AssemblyName assemblyName)
   at System.Runtime.Loader.AssemblyLoadContext.ResolveUsingEvent(AssemblyName assemblyName)
   at System.Runtime.Loader.AssemblyLoadContext.ResolveUsingResolvingEvent(IntPtr gchManagedAssemblyLoadContext, AssemblyName assemblyName)
TpTrace Information: 0 : 10340, 1, 2024/04/24, 16:52:49.935, 13991079719984, vstest.console.dll, AssemblyResolver.OnResolve: Microsoft.TestPlatform.Extensions.BlameDataCollector: Resolving assembly.
TpTrace Information: 0 : 10340, 1, 2024/04/24, 16:52:49.935, 13991079720390, vstest.console.dll, AssemblyResolver.OnResolve: Microsoft.TestPlatform.Extensions.BlameDataCollector: Searching in: 'C:\Program Files\dotnet\sdk\8.0.202\Extensions'.
TpTrace Information: 0 : 10340, 1, 2024/04/24, 16:52:49.936, 13991079725548, vstest.console.dll, AssemblyResolver.OnResolve: Microsoft.TestPlatform.Extensions.BlameDataCollector: Loading assembly 'C:\Program Files\dotnet\sdk\8.0.202\Extensions\Microsoft.TestPlatform.Extensions.BlameDataCollector.dll'.
TpTrace Information: 0 : 10340, 1, 2024/04/24, 16:52:49.936, 13991079734386, vstest.console.dll, AssemblyResolver.OnResolve: Resolved assembly: Microsoft.TestPlatform.Extensions.BlameDataCollector, from path: C:\Program Files\dotnet\sdk\8.0.202\Extensions\Microsoft.TestPlatform.Extensions.BlameDataCollector.dll
TpTrace Verbose: 0 : 10340, 1, 2024/04/24, 16:52:49.937, 13991079735614, vstest.console.dll, MetadataReaderExtensionsHelper: Discovering extensions inside assembly 'Microsoft.TestPlatform.Extensions.BlameDataCollector, Version=15.0.0.0, Culture=neutral, PublicKeyToken=b03f5f7f11d50a3a' file path 'C:\Program Files\dotnet\sdk\8.0.202\Extensions\Microsoft.TestPlatform.Extensions.BlameDataCollector.dll'
TpTrace Information: 0 : 10340, 1, 2024/04/24, 16:52:49.939, 13991079758110, vstest.console.dll, AssemblyResolver.OnResolve: Microsoft.TestPlatform.Extensions.EventLogCollector: Resolving assembly.
TpTrace Information: 0 : 10340, 1, 2024/04/24, 16:52:49.939, 13991079759100, vstest.console.dll, AssemblyResolver.OnResolve: Microsoft.TestPlatform.Extensions.EventLogCollector: Searching in: 'C:\Program Files\dotnet\sdk\8.0.202\Extensions'.
TpTrace Information: 0 : 10340, 1, 2024/04/24, 16:52:49.939, 13991079764210, vstest.console.dll, AssemblyResolver.OnResolve: Microsoft.TestPlatform.Extensions.EventLogCollector: Loading assembly 'C:\Program Files\dotnet\sdk\8.0.202\Extensions\Microsoft.TestPlatform.Extensions.EventLogCollector.dll'.
TpTrace Information: 0 : 10340, 1, 2024/04/24, 16:52:49.940, 13991079772635, vstest.console.dll, AssemblyResolver.OnResolve: Resolved assembly: Microsoft.TestPlatform.Extensions.EventLogCollector, from path: C:\Program Files\dotnet\sdk\8.0.202\Extensions\Microsoft.TestPlatform.Extensions.EventLogCollector.dll
TpTrace Verbose: 0 : 10340, 1, 2024/04/24, 16:52:49.940, 13991079773332, vstest.console.dll, MetadataReaderExtensionsHelper: Discovering extensions inside assembly 'Microsoft.TestPlatform.Extensions.EventLogCollector, Version=15.0.0.0, Culture=neutral, PublicKeyToken=b03f5f7f11d50a3a' file path 'C:\Program Files\dotnet\sdk\8.0.202\Extensions\Microsoft.TestPlatform.Extensions.EventLogCollector.dll'
TpTrace Information: 0 : 10340, 1, 2024/04/24, 16:52:49.943, 13991079797376, vstest.console.dll, AssemblyResolver.OnResolve: Microsoft.TestPlatform.TestHostRuntimeProvider: Resolving assembly.
TpTrace Information: 0 : 10340, 1, 2024/04/24, 16:52:49.943, 13991079798208, vstest.console.dll, AssemblyResolver.OnResolve: Microsoft.TestPlatform.TestHostRuntimeProvider: Searching in: 'C:\Program Files\dotnet\sdk\8.0.202\Extensions'.
TpTrace Information: 0 : 10340, 1, 2024/04/24, 16:52:49.943, 13991079801502, vstest.console.dll, AssemblyResolver.OnResolve: Microsoft.TestPlatform.TestHostRuntimeProvider: Loading assembly 'C:\Program Files\dotnet\sdk\8.0.202\Extensions\Microsoft.TestPlatform.TestHostRuntimeProvider.dll'.
TpTrace Information: 0 : 10340, 1, 2024/04/24, 16:52:49.944, 13991079807918, vstest.console.dll, AssemblyResolver.OnResolve: Resolved assembly: Microsoft.TestPlatform.TestHostRuntimeProvider, from path: C:\Program Files\dotnet\sdk\8.0.202\Extensions\Microsoft.TestPlatform.TestHostRuntimeProvider.dll
TpTrace Verbose: 0 : 10340, 1, 2024/04/24, 16:52:49.944, 13991079808491, vstest.console.dll, MetadataReaderExtensionsHelper: Discovering extensions inside assembly 'Microsoft.TestPlatform.TestHostRuntimeProvider, Version=15.0.0.0, Culture=neutral, PublicKeyToken=b03f5f7f11d50a3a' file path 'C:\Program Files\dotnet\sdk\8.0.202\Extensions\Microsoft.TestPlatform.TestHostRuntimeProvider.dll'
TpTrace Information: 0 : 10340, 1, 2024/04/24, 16:52:49.945, 13991079820443, vstest.console.dll, GetTestExtensionFromType: Register extension with identifier data 'HostProvider://DefaultTestHost' and type 'Microsoft.VisualStudio.TestPlatform.CrossPlatEngine.Hosting.DefaultTestHostManager, Microsoft.TestPlatform.TestHostRuntimeProvider, Version=15.0.0.0, Culture=neutral, PublicKeyToken=b03f5f7f11d50a3a' inside file 'C:\Program Files\dotnet\sdk\8.0.202\Extensions\Microsoft.TestPlatform.TestHostRuntimeProvider.dll'
TpTrace Information: 0 : 10340, 1, 2024/04/24, 16:52:49.945, 13991079822878, vstest.console.dll, GetTestExtensionFromType: Register extension with identifier data 'HostProvider://DotnetTestHost' and type 'Microsoft.VisualStudio.TestPlatform.CrossPlatEngine.Hosting.DotnetTestHostManager, Microsoft.TestPlatform.TestHostRuntimeProvider, Version=15.0.0.0, Culture=neutral, PublicKeyToken=b03f5f7f11d50a3a' inside file 'C:\Program Files\dotnet\sdk\8.0.202\Extensions\Microsoft.TestPlatform.TestHostRuntimeProvider.dll'
TpTrace Information: 0 : 10340, 1, 2024/04/24, 16:52:49.945, 13991079823575, vstest.console.dll, AssemblyResolver.OnResolve: Microsoft.VisualStudio.TestPlatform.Extensions.Html.TestLogger: Resolving assembly.
TpTrace Information: 0 : 10340, 1, 2024/04/24, 16:52:49.945, 13991079823845, vstest.console.dll, AssemblyResolver.OnResolve: Microsoft.VisualStudio.TestPlatform.Extensions.Html.TestLogger: Searching in: 'C:\Program Files\dotnet\sdk\8.0.202\Extensions'.
TpTrace Information: 0 : 10340, 1, 2024/04/24, 16:52:49.946, 13991079826374, vstest.console.dll, AssemblyResolver.OnResolve: Microsoft.VisualStudio.TestPlatform.Extensions.Html.TestLogger: Loading assembly 'C:\Program Files\dotnet\sdk\8.0.202\Extensions\Microsoft.VisualStudio.TestPlatform.Extensions.Html.TestLogger.dll'.
TpTrace Information: 0 : 10340, 1, 2024/04/24, 16:52:49.946, 13991079832232, vstest.console.dll, AssemblyResolver.OnResolve: Resolved assembly: Microsoft.VisualStudio.TestPlatform.Extensions.Html.TestLogger, from path: C:\Program Files\dotnet\sdk\8.0.202\Extensions\Microsoft.VisualStudio.TestPlatform.Extensions.Html.TestLogger.dll
TpTrace Verbose: 0 : 10340, 1, 2024/04/24, 16:52:49.946, 13991079833859, vstest.console.dll, MetadataReaderExtensionsHelper: Discovering extensions inside assembly 'Microsoft.VisualStudio.TestPlatform.Extensions.Html.TestLogger, Version=15.0.0.0, Culture=neutral, PublicKeyToken=b03f5f7f11d50a3a' file path 'C:\Program Files\dotnet\sdk\8.0.202\Extensions\Microsoft.VisualStudio.TestPlatform.Extensions.Html.TestLogger.dll'
TpTrace Information: 0 : 10340, 1, 2024/04/24, 16:52:49.947, 13991079841836, vstest.console.dll, AssemblyResolver.OnResolve: Microsoft.VisualStudio.TestPlatform.Extensions.Trx.TestLogger: Resolving assembly.
TpTrace Information: 0 : 10340, 1, 2024/04/24, 16:52:49.947, 13991079842589, vstest.console.dll, AssemblyResolver.OnResolve: Microsoft.VisualStudio.TestPlatform.Extensions.Trx.TestLogger: Searching in: 'C:\Program Files\dotnet\sdk\8.0.202\Extensions'.
TpTrace Information: 0 : 10340, 1, 2024/04/24, 16:52:49.948, 13991079844917, vstest.console.dll, AssemblyResolver.OnResolve: Microsoft.VisualStudio.TestPlatform.Extensions.Trx.TestLogger: Loading assembly 'C:\Program Files\dotnet\sdk\8.0.202\Extensions\Microsoft.VisualStudio.TestPlatform.Extensions.Trx.TestLogger.dll'.
TpTrace Information: 0 : 10340, 1, 2024/04/24, 16:52:49.948, 13991079851142, vstest.console.dll, AssemblyResolver.OnResolve: Resolved assembly: Microsoft.VisualStudio.TestPlatform.Extensions.Trx.TestLogger, from path: C:\Program Files\dotnet\sdk\8.0.202\Extensions\Microsoft.VisualStudio.TestPlatform.Extensions.Trx.TestLogger.dll
TpTrace Verbose: 0 : 10340, 1, 2024/04/24, 16:52:49.948, 13991079851751, vstest.console.dll, MetadataReaderExtensionsHelper: Discovering extensions inside assembly 'Microsoft.VisualStudio.TestPlatform.Extensions.Trx.TestLogger, Version=15.0.0.0, Culture=neutral, PublicKeyToken=b03f5f7f11d50a3a' file path 'C:\Program Files\dotnet\sdk\8.0.202\Extensions\Microsoft.VisualStudio.TestPlatform.Extensions.Trx.TestLogger.dll'
TpTrace Verbose: 0 : 10340, 1, 2024/04/24, 16:52:49.949, 13991079860135, vstest.console.dll, TestPluginCache: Discovered the extensions using extension path ''.
TpTrace Verbose: 0 : 10340, 1, 2024/04/24, 16:52:49.949, 13991079860832, vstest.console.dll, TestPluginCache: Discoverers are ''.
TpTrace Verbose: 0 : 10340, 1, 2024/04/24, 16:52:49.949, 13991079861069, vstest.console.dll, TestPluginCache: Executors are ''.
TpTrace Verbose: 0 : 10340, 1, 2024/04/24, 16:52:49.949, 13991079861288, vstest.console.dll, TestPluginCache: Executors2 are ''.
TpTrace Verbose: 0 : 10340, 1, 2024/04/24, 16:52:49.949, 13991079861504, vstest.console.dll, TestPluginCache: Setting providers are ''.
TpTrace Verbose: 0 : 10340, 1, 2024/04/24, 16:52:49.949, 13991079861722, vstest.console.dll, TestPluginCache: Loggers are ''.
TpTrace Verbose: 0 : 10340, 1, 2024/04/24, 16:52:49.949, 13991079863117, vstest.console.dll, TestPluginCache: TestHosts are 'HostProvider://DefaultTestHost,HostProvider://DotnetTestHost'.
TpTrace Verbose: 0 : 10340, 1, 2024/04/24, 16:52:49.950, 13991079865199, vstest.console.dll, TestPluginCache: DataCollectors are ''.
TpTrace Information: 0 : 10340, 1, 2024/04/24, 16:52:49.963, 13991080003309, vstest.console.dll, RunTestsArgumentProcessor:Execute: Test run is starting.
TpTrace Verbose: 0 : 10340, 1, 2024/04/24, 16:52:49.963, 13991080004611, vstest.console.dll, RunTestsArgumentProcessor:Execute: Queuing Test run.
TpTrace Information: 0 : 10340, 1, 2024/04/24, 16:52:49.964, 13991080009852, vstest.console.dll, TestRequestManager.RunTests: run tests started.
TpTrace Information: 0 : 10340, 1, 2024/04/24, 16:52:49.965, 13991080021331, vstest.console.dll, AssemblyMetadataProvider.GetFrameworkName: Determined framework:'.NETCoreApp,Version=v6.0' for source: 'C:\Users\VC\Desktop\Day_1\Day_7\DoctorAppontmentsSolution\RepositoryTest\bin\Debug\net6.0\fine-code-coverage\build-output\RepositoryTest.dll'
TpTrace Information: 0 : 10340, 1, 2024/04/24, 16:52:49.965, 13991080022626, vstest.console.dll, Determined framework for all sources: .NETCoreApp,Version=v6.0
TpTrace Verbose: 0 : 10340, 1, 2024/04/24, 16:52:49.966, 13991080028837, vstest.console.dll, TestRequestManager.UpdateRunSettingsIfRequired: Default architecture: X64 IsDefaultTargetArchitecture: True, Current process architecture: X64 OperatingSystem: Windows.
TpTrace Information: 0 : 10340, 1, 2024/04/24, 16:52:49.968, 13991080049520, vstest.console.dll, AssemblyMetadataProvider.GetArchitecture: Determined architecture:AnyCPU info for assembly: C:\Users\VC\Desktop\Day_1\Day_7\DoctorAppontmentsSolution\RepositoryTest\bin\Debug\net6.0\fine-code-coverage\build-output\RepositoryTest.dll
TpTrace Information: 0 : 10340, 1, 2024/04/24, 16:52:49.968, 13991080050484, vstest.console.dll, Determined platform for source 'C:\Users\VC\Desktop\Day_1\Day_7\DoctorAppontmentsSolution\RepositoryTest\bin\Debug\net6.0\fine-code-coverage\build-output\RepositoryTest.dll' was AnyCPU and it will use the default plaform X64.
TpTrace Information: 0 : 10340, 1, 2024/04/24, 16:52:49.968, 13991080050733, vstest.console.dll, None of the sources provided any runnable platform, using the default platform: X64
TpTrace Information: 0 : 10340, 1, 2024/04/24, 16:52:49.968, 13991080051979, vstest.console.dll, Platform was updated to 'X64'.
TpTrace Information: 0 : 10340, 1, 2024/04/24, 16:52:49.971, 13991080081690, vstest.console.dll, InferRunSettingsHelper.IsTestSettingsEnabled: Unable to navigate to RunSettings/MSTest. Current node: RunSettings
TpTrace Information: 0 : 10340, 1, 2024/04/24, 16:52:49.972, 13991080087790, vstest.console.dll, AssemblyResolver.OnResolve: Microsoft.VisualStudio.TestPlatform.Fakes: Resolving assembly.
TpTrace Information: 0 : 10340, 1, 2024/04/24, 16:52:49.972, 13991080088476, vstest.console.dll, AssemblyResolver.OnResolve: Microsoft.VisualStudio.TestPlatform.Fakes: Searching in: 'C:\Program Files\dotnet\sdk\8.0.202\Extensions'.
TpTrace Information: 0 : 10340, 1, 2024/04/24, 16:52:49.972, 13991080089289, vstest.console.dll, AssemblyResolver.OnResolve: Microsoft.VisualStudio.TestPlatform.Fakes: Assembly path does not exist: 'C:\Program Files\dotnet\sdk\8.0.202\Extensions\Microsoft.VisualStudio.TestPlatform.Fakes.dll', returning.
TpTrace Information: 0 : 10340, 1, 2024/04/24, 16:52:49.972, 13991080089723, vstest.console.dll, AssemblyResolver.OnResolve: Microsoft.VisualStudio.TestPlatform.Fakes: Assembly path does not exist: 'C:\Program Files\dotnet\sdk\8.0.202\Extensions\Microsoft.VisualStudio.TestPlatform.Fakes.exe', returning.
TpTrace Information: 0 : 10340, 1, 2024/04/24, 16:52:49.972, 13991080090119, vstest.console.dll, AssemblyResolver.OnResolve: Microsoft.VisualStudio.TestPlatform.Fakes: Searching in: 'C:\Program Files\dotnet\sdk\8.0.202'.
TpTrace Information: 0 : 10340, 1, 2024/04/24, 16:52:49.972, 13991080090582, vstest.console.dll, AssemblyResolver.OnResolve: Microsoft.VisualStudio.TestPlatform.Fakes: Assembly path does not exist: 'C:\Program Files\dotnet\sdk\8.0.202\Microsoft.VisualStudio.TestPlatform.Fakes.dll', returning.
TpTrace Information: 0 : 10340, 1, 2024/04/24, 16:52:49.972, 13991080090960, vstest.console.dll, AssemblyResolver.OnResolve: Microsoft.VisualStudio.TestPlatform.Fakes: Assembly path does not exist: 'C:\Program Files\dotnet\sdk\8.0.202\Microsoft.VisualStudio.TestPlatform.Fakes.exe', returning.
TpTrace Information: 0 : 10340, 1, 2024/04/24, 16:52:49.972, 13991080091180, vstest.console.dll, AssemblyResolver.OnResolve: Microsoft.VisualStudio.TestPlatform.Fakes: Failed to load assembly.
TpTrace Information: 0 : 10340, 1, 2024/04/24, 16:52:49.973, 13991080094955, vstest.console.dll, Failed to load assembly Microsoft.VisualStudio.TestPlatform.Fakes, Version=17.0.0.0, Culture=neutral. Reason:System.IO.FileNotFoundException: Could not load file or assembly 'Microsoft.VisualStudio.TestPlatform.Fakes, Version=17.0.0.0, Culture=neutral, PublicKeyToken=null'. The system cannot find the file specified.
File name: 'Microsoft.VisualStudio.TestPlatform.Fakes, Version=17.0.0.0, Culture=neutral, PublicKeyToken=null'
   at System.Reflection.RuntimeAssembly.InternalLoad(AssemblyName assemblyName, StackCrawlMark& stackMark, AssemblyLoadContext assemblyLoadContext, RuntimeAssembly requestingAssembly, Boolean throwOnFileNotFound)
   at System.Reflection.Assembly.Load(AssemblyName assemblyRef)
   at Microsoft.VisualStudio.TestPlatform.Common.Utilities.FakesUtilities.LoadTestPlatformAssembly() in /_/src/Microsoft.TestPlatform.Common/Utilities/FakesUtilities.cs:line 272
TpTrace Verbose: 0 : 10340, 1, 2024/04/24, 16:52:49.976, 13991080128326, vstest.console.dll, TestPluginCache.DiscoverTestExtensions: finding test extensions in assemblies ends with: TestLogger.dll TPluginInfo: Microsoft.VisualStudio.TestPlatform.Common.ExtensionFramework.Utilities.TestLoggerPluginInformation TExtension: Microsoft.VisualStudio.TestPlatform.ObjectModel.Client.ITestLogger
TpTrace Verbose: 0 : 10340, 1, 2024/04/24, 16:52:49.976, 13991080129781, vstest.console.dll, TestPluginCache.GetExtensionPaths: Filtered extension paths: 
TpTrace Verbose: 0 : 10340, 1, 2024/04/24, 16:52:49.976, 13991080130095, vstest.console.dll, TestPluginCache.GetExtensionPaths: Added default extension paths: C:\Program Files\dotnet\sdk\8.0.202\Extensions\Microsoft.Diagnostics.NETCore.Client.dll
C:\Program Files\dotnet\sdk\8.0.202\Extensions\Microsoft.TestPlatform.Extensions.BlameDataCollector.dll
C:\Program Files\dotnet\sdk\8.0.202\Extensions\Microsoft.TestPlatform.Extensions.EventLogCollector.dll
C:\Program Files\dotnet\sdk\8.0.202\Extensions\Microsoft.TestPlatform.TestHostRuntimeProvider.dll
C:\Program Files\dotnet\sdk\8.0.202\Extensions\Microsoft.VisualStudio.TestPlatform.Extensions.Html.TestLogger.dll
C:\Program Files\dotnet\sdk\8.0.202\Extensions\Microsoft.VisualStudio.TestPlatform.Extensions.Trx.TestLogger.dll
TpTrace Verbose: 0 : 10340, 1, 2024/04/24, 16:52:49.976, 13991080130737, vstest.console.dll, TestPluginCache.GetExtensionPaths: Added unfilterableExtensionPaths: 
TpTrace Information: 0 : 10340, 1, 2024/04/24, 16:52:49.976, 13991080132224, vstest.console.dll, AssemblyResolver.AddSearchDirectories: Adding more searchDirectories C:\Program Files\dotnet\sdk\8.0.202\Extensions,C:\Program Files\dotnet\sdk\8.0.202
TpTrace Verbose: 0 : 10340, 1, 2024/04/24, 16:52:49.976, 13991080132614, vstest.console.dll, TestPluginCache.DiscoverTestExtensions: Discovering the extensions using extension path.
TpTrace Verbose: 0 : 10340, 1, 2024/04/24, 16:52:49.976, 13991080133913, vstest.console.dll, TestPluginCache.GetExtensionPaths: Filtered extension paths: 
TpTrace Verbose: 0 : 10340, 1, 2024/04/24, 16:52:49.976, 13991080134200, vstest.console.dll, TestPluginCache.GetExtensionPaths: Added default extension paths: C:\Program Files\dotnet\sdk\8.0.202\Extensions\Microsoft.Diagnostics.NETCore.Client.dll
C:\Program Files\dotnet\sdk\8.0.202\Extensions\Microsoft.TestPlatform.Extensions.BlameDataCollector.dll
C:\Program Files\dotnet\sdk\8.0.202\Extensions\Microsoft.TestPlatform.Extensions.EventLogCollector.dll
C:\Program Files\dotnet\sdk\8.0.202\Extensions\Microsoft.TestPlatform.TestHostRuntimeProvider.dll
C:\Program Files\dotnet\sdk\8.0.202\Extensions\Microsoft.VisualStudio.TestPlatform.Extensions.Html.TestLogger.dll
C:\Program Files\dotnet\sdk\8.0.202\Extensions\Microsoft.VisualStudio.TestPlatform.Extensions.Trx.TestLogger.dll
TpTrace Verbose: 0 : 10340, 1, 2024/04/24, 16:52:49.976, 13991080134449, vstest.console.dll, TestPluginCache.GetExtensionPaths: Added unfilterableExtensionPaths: 
TpTrace Verbose: 0 : 10340, 1, 2024/04/24, 16:52:49.977, 13991080134773, vstest.console.dll, TestPluginCache.DiscoverTestExtensions: Discovering the extensions using allExtensionPaths: C:\Program Files\dotnet\sdk\8.0.202\Extensions\Microsoft.Diagnostics.NETCore.Client.dll
C:\Program Files\dotnet\sdk\8.0.202\Extensions\Microsoft.TestPlatform.Extensions.BlameDataCollector.dll
C:\Program Files\dotnet\sdk\8.0.202\Extensions\Microsoft.TestPlatform.Extensions.EventLogCollector.dll
C:\Program Files\dotnet\sdk\8.0.202\Extensions\Microsoft.TestPlatform.TestHostRuntimeProvider.dll
C:\Program Files\dotnet\sdk\8.0.202\Extensions\Microsoft.VisualStudio.TestPlatform.Extensions.Html.TestLogger.dll
C:\Program Files\dotnet\sdk\8.0.202\Extensions\Microsoft.VisualStudio.TestPlatform.Extensions.Trx.TestLogger.dll
TpTrace Information: 0 : 10340, 1, 2024/04/24, 16:52:49.977, 13991080135349, vstest.console.dll, AssemblyResolver.AddSearchDirectories: Adding more searchDirectories C:\Program Files\dotnet\sdk\8.0.202\Extensions,C:\Program Files\dotnet\sdk\8.0.202
TpTrace Information: 0 : 10340, 1, 2024/04/24, 16:52:49.977, 13991080135645, vstest.console.dll, AssemblyResolver.AddSearchDirectories: Adding more searchDirectories C:\Program Files\dotnet\sdk\8.0.202\Extensions,C:\Program Files\dotnet\sdk\8.0.202
TpTrace Information: 0 : 10340, 1, 2024/04/24, 16:52:49.977, 13991080135928, vstest.console.dll, AssemblyResolver.AddSearchDirectories: Adding more searchDirectories C:\Program Files\dotnet\sdk\8.0.202\Extensions,C:\Program Files\dotnet\sdk\8.0.202
TpTrace Information: 0 : 10340, 1, 2024/04/24, 16:52:49.977, 13991080136176, vstest.console.dll, AssemblyResolver.AddSearchDirectories: Adding more searchDirectories C:\Program Files\dotnet\sdk\8.0.202\Extensions,C:\Program Files\dotnet\sdk\8.0.202
TpTrace Information: 0 : 10340, 1, 2024/04/24, 16:52:49.977, 13991080136461, vstest.console.dll, AssemblyResolver.AddSearchDirectories: Adding more searchDirectories C:\Program Files\dotnet\sdk\8.0.202\Extensions,C:\Program Files\dotnet\sdk\8.0.202
TpTrace Information: 0 : 10340, 1, 2024/04/24, 16:52:49.977, 13991080136703, vstest.console.dll, AssemblyResolver.AddSearchDirectories: Adding more searchDirectories C:\Program Files\dotnet\sdk\8.0.202\Extensions,C:\Program Files\dotnet\sdk\8.0.202
TpTrace Verbose: 0 : 10340, 1, 2024/04/24, 16:52:49.977, 13991080137806, vstest.console.dll, MetadataReaderExtensionsHelper: Discovering extensions inside assembly 'Microsoft.Diagnostics.NETCore.Client, Version=0.2.9.2401, Culture=neutral, PublicKeyToken=31bf3856ad364e35' file path 'C:\Program Files\dotnet\sdk\8.0.202\Extensions\Microsoft.Diagnostics.NETCore.Client.dll'
TpTrace Information: 0 : 10340, 1, 2024/04/24, 16:52:49.978, 13991080149477, vstest.console.dll, AssemblyResolver.OnResolve: Microsoft.Bcl.AsyncInterfaces: Resolving assembly.
TpTrace Information: 0 : 10340, 1, 2024/04/24, 16:52:49.978, 13991080150516, vstest.console.dll, AssemblyResolver.OnResolve: Microsoft.Bcl.AsyncInterfaces: Resolved from cache.
TpTrace Verbose: 0 : 10340, 1, 2024/04/24, 16:52:49.978, 13991080151194, vstest.console.dll, CurrentDomainAssemblyResolve: Resolving assembly 'Microsoft.Bcl.AsyncInterfaces'.
TpTrace Information: 0 : 10340, 1, 2024/04/24, 16:52:49.978, 13991080152142, vstest.console.dll, AssemblyResolver.OnResolve: Microsoft.Bcl.AsyncInterfaces: Resolving assembly.
TpTrace Information: 0 : 10340, 1, 2024/04/24, 16:52:49.978, 13991080152466, vstest.console.dll, AssemblyResolver.OnResolve: Microsoft.Bcl.AsyncInterfaces: Resolved from cache.
TpTrace Verbose: 0 : 10340, 1, 2024/04/24, 16:52:49.978, 13991080152764, vstest.console.dll, CurrentDomainAssemblyResolve: Resolving assembly 'Microsoft.Bcl.AsyncInterfaces'.
TpTrace Verbose: 0 : 10340, 1, 2024/04/24, 16:52:49.978, 13991080153058, vstest.console.dll, CurrentDomainAssemblyResolve: Failed to resolve assembly 'Microsoft.Bcl.AsyncInterfaces'.
TpTrace Verbose: 0 : 10340, 1, 2024/04/24, 16:52:49.978, 13991080154367, vstest.console.dll, CurrentDomainAssemblyResolve: Failed to resolve assembly 'Microsoft.Bcl.AsyncInterfaces'.
TpTrace Warning: 0 : 10340, 1, 2024/04/24, 16:52:49.979, 13991080157647, vstest.console.dll, TestPluginDiscoverer: Failed to get types from assembly 'Microsoft.Diagnostics.NETCore.Client, Version=0.2.9.2401, Culture=neutral, PublicKeyToken=31bf3856ad364e35'. Error: System.Reflection.ReflectionTypeLoadException: Unable to load one or more of the requested types.
Could not load file or assembly 'Microsoft.Bcl.AsyncInterfaces, Version=6.0.0.0, Culture=neutral, PublicKeyToken=cc7b13ffcd2ddd51'. The system cannot find the file specified.
   at System.Reflection.RuntimeModule.GetTypes(RuntimeModule module)
   at System.Reflection.RuntimeModule.GetTypes()
   at Microsoft.VisualStudio.TestPlatform.Common.ExtensionFramework.TestPluginDiscoverer.GetTestExtensionsFromAssembly[TPluginInfo,TExtension](Assembly assembly, Dictionary`2 pluginInfos, String filePath) in /_/src/Microsoft.TestPlatform.Common/ExtensionFramework/TestPluginDiscoverer.cs:line 158
System.IO.FileNotFoundException: Could not load file or assembly 'Microsoft.Bcl.AsyncInterfaces, Version=6.0.0.0, Culture=neutral, PublicKeyToken=cc7b13ffcd2ddd51'. The system cannot find the file specified.
File name: 'Microsoft.Bcl.AsyncInterfaces, Version=6.0.0.0, Culture=neutral, PublicKeyToken=cc7b13ffcd2ddd51'
 ---> System.IO.FileNotFoundException: Could not load file or assembly 'Microsoft.Bcl.AsyncInterfaces, Culture=neutral, PublicKeyToken=null'. The system cannot find the file specified.
File name: 'Microsoft.Bcl.AsyncInterfaces, Culture=neutral, PublicKeyToken=null'
   at System.Reflection.RuntimeAssembly.InternalLoad(AssemblyName assemblyName, StackCrawlMark& stackMark, AssemblyLoadContext assemblyLoadContext, RuntimeAssembly requestingAssembly, Boolean throwOnFileNotFound)
   at System.Reflection.Assembly.Load(AssemblyName assemblyRef)
   at Microsoft.VisualStudio.TestPlatform.Common.ExtensionFramework.TestPluginCache.CurrentDomainAssemblyResolve(Object sender, AssemblyResolveEventArgs args) in /_/src/Microsoft.TestPlatform.Common/ExtensionFramework/TestPluginCache.cs:line 513
   at System.Runtime.Loader.AssemblyLoadContext.GetFirstResolvedAssemblyFromResolvingEvent(AssemblyName assemblyName)
   at System.Runtime.Loader.AssemblyLoadContext.ResolveUsingEvent(AssemblyName assemblyName)
   at System.Runtime.Loader.AssemblyLoadContext.ResolveUsingResolvingEvent(IntPtr gchManagedAssemblyLoadContext, AssemblyName assemblyName)
TpTrace Warning: 0 : 10340, 1, 2024/04/24, 16:52:49.979, 13991080159120, vstest.console.dll, LoaderExceptions: System.IO.FileNotFoundException: Could not load file or assembly 'Microsoft.Bcl.AsyncInterfaces, Version=6.0.0.0, Culture=neutral, PublicKeyToken=cc7b13ffcd2ddd51'. The system cannot find the file specified.
File name: 'Microsoft.Bcl.AsyncInterfaces, Version=6.0.0.0, Culture=neutral, PublicKeyToken=cc7b13ffcd2ddd51'
 ---> System.IO.FileNotFoundException: Could not load file or assembly 'Microsoft.Bcl.AsyncInterfaces, Culture=neutral, PublicKeyToken=null'. The system cannot find the file specified.
File name: 'Microsoft.Bcl.AsyncInterfaces, Culture=neutral, PublicKeyToken=null'
   at System.Reflection.RuntimeAssembly.InternalLoad(AssemblyName assemblyName, StackCrawlMark& stackMark, AssemblyLoadContext assemblyLoadContext, RuntimeAssembly requestingAssembly, Boolean throwOnFileNotFound)
   at System.Reflection.Assembly.Load(AssemblyName assemblyRef)
   at Microsoft.VisualStudio.TestPlatform.Common.ExtensionFramework.TestPluginCache.CurrentDomainAssemblyResolve(Object sender, AssemblyResolveEventArgs args) in /_/src/Microsoft.TestPlatform.Common/ExtensionFramework/TestPluginCache.cs:line 513
   at System.Runtime.Loader.AssemblyLoadContext.GetFirstResolvedAssemblyFromResolvingEvent(AssemblyName assemblyName)
   at System.Runtime.Loader.AssemblyLoadContext.ResolveUsingEvent(AssemblyName assemblyName)
   at System.Runtime.Loader.AssemblyLoadContext.ResolveUsingResolvingEvent(IntPtr gchManagedAssemblyLoadContext, AssemblyName assemblyName)
TpTrace Verbose: 0 : 10340, 1, 2024/04/24, 16:52:49.979, 13991080159959, vstest.console.dll, MetadataReaderExtensionsHelper: Discovering extensions inside assembly 'Microsoft.TestPlatform.Extensions.BlameDataCollector, Version=15.0.0.0, Culture=neutral, PublicKeyToken=b03f5f7f11d50a3a' file path 'C:\Program Files\dotnet\sdk\8.0.202\Extensions\Microsoft.TestPlatform.Extensions.BlameDataCollector.dll'
TpTrace Information: 0 : 10340, 1, 2024/04/24, 16:52:49.979, 13991080164640, vstest.console.dll, GetTestExtensionFromType: Register extension with identifier data 'logger://Microsoft/TestPlatform/Extensions/Blame/v1' and type 'Microsoft.TestPlatform.Extensions.BlameDataCollector.BlameLogger, Microsoft.TestPlatform.Extensions.BlameDataCollector, Version=15.0.0.0, Culture=neutral, PublicKeyToken=b03f5f7f11d50a3a' inside file 'C:\Program Files\dotnet\sdk\8.0.202\Extensions\Microsoft.TestPlatform.Extensions.BlameDataCollector.dll'
TpTrace Verbose: 0 : 10340, 1, 2024/04/24, 16:52:49.980, 13991080165467, vstest.console.dll, MetadataReaderExtensionsHelper: Discovering extensions inside assembly 'Microsoft.TestPlatform.Extensions.EventLogCollector, Version=15.0.0.0, Culture=neutral, PublicKeyToken=b03f5f7f11d50a3a' file path 'C:\Program Files\dotnet\sdk\8.0.202\Extensions\Microsoft.TestPlatform.Extensions.EventLogCollector.dll'
TpTrace Verbose: 0 : 10340, 1, 2024/04/24, 16:52:49.980, 13991080168169, vstest.console.dll, MetadataReaderExtensionsHelper: Discovering extensions inside assembly 'Microsoft.TestPlatform.TestHostRuntimeProvider, Version=15.0.0.0, Culture=neutral, PublicKeyToken=b03f5f7f11d50a3a' file path 'C:\Program Files\dotnet\sdk\8.0.202\Extensions\Microsoft.TestPlatform.TestHostRuntimeProvider.dll'
TpTrace Verbose: 0 : 10340, 1, 2024/04/24, 16:52:49.980, 13991080170379, vstest.console.dll, MetadataReaderExtensionsHelper: Discovering extensions inside assembly 'Microsoft.VisualStudio.TestPlatform.Extensions.Html.TestLogger, Version=15.0.0.0, Culture=neutral, PublicKeyToken=b03f5f7f11d50a3a' file path 'C:\Program Files\dotnet\sdk\8.0.202\Extensions\Microsoft.VisualStudio.TestPlatform.Extensions.Html.TestLogger.dll'
TpTrace Information: 0 : 10340, 1, 2024/04/24, 16:52:49.981, 13991080178251, vstest.console.dll, GetTestExtensionFromType: Register extension with identifier data 'logger://Microsoft/TestPlatform/HtmlLogger/v1' and type 'Microsoft.VisualStudio.TestPlatform.Extensions.HtmlLogger.HtmlLogger, Microsoft.VisualStudio.TestPlatform.Extensions.Html.TestLogger, Version=15.0.0.0, Culture=neutral, PublicKeyToken=b03f5f7f11d50a3a' inside file 'C:\Program Files\dotnet\sdk\8.0.202\Extensions\Microsoft.VisualStudio.TestPlatform.Extensions.Html.TestLogger.dll'
TpTrace Verbose: 0 : 10340, 1, 2024/04/24, 16:52:49.981, 13991080179004, vstest.console.dll, MetadataReaderExtensionsHelper: Discovering extensions inside assembly 'Microsoft.VisualStudio.TestPlatform.Extensions.Trx.TestLogger, Version=15.0.0.0, Culture=neutral, PublicKeyToken=b03f5f7f11d50a3a' file path 'C:\Program Files\dotnet\sdk\8.0.202\Extensions\Microsoft.VisualStudio.TestPlatform.Extensions.Trx.TestLogger.dll'
TpTrace Information: 0 : 10340, 1, 2024/04/24, 16:52:49.981, 13991080182071, vstest.console.dll, GetTestExtensionFromType: Register extension with identifier data 'logger://Microsoft/TestPlatform/TrxLogger/v1' and type 'Microsoft.VisualStudio.TestPlatform.Extensions.TrxLogger.TrxLogger, Microsoft.VisualStudio.TestPlatform.Extensions.Trx.TestLogger, Version=15.0.0.0, Culture=neutral, PublicKeyToken=b03f5f7f11d50a3a' inside file 'C:\Program Files\dotnet\sdk\8.0.202\Extensions\Microsoft.VisualStudio.TestPlatform.Extensions.Trx.TestLogger.dll'
TpTrace Verbose: 0 : 10340, 1, 2024/04/24, 16:52:49.981, 13991080182624, vstest.console.dll, TestPluginCache: Discovered the extensions using extension path ''.
TpTrace Verbose: 0 : 10340, 1, 2024/04/24, 16:52:49.981, 13991080182904, vstest.console.dll, TestPluginCache: Discoverers are ''.
TpTrace Verbose: 0 : 10340, 1, 2024/04/24, 16:52:49.981, 13991080183112, vstest.console.dll, TestPluginCache: Executors are ''.
TpTrace Verbose: 0 : 10340, 1, 2024/04/24, 16:52:49.981, 13991080183307, vstest.console.dll, TestPluginCache: Executors2 are ''.
TpTrace Verbose: 0 : 10340, 1, 2024/04/24, 16:52:49.981, 13991080183532, vstest.console.dll, TestPluginCache: Setting providers are ''.
TpTrace Verbose: 0 : 10340, 1, 2024/04/24, 16:52:49.981, 13991080184218, vstest.console.dll, TestPluginCache: Loggers are 'logger://Microsoft/TestPlatform/Extensions/Blame/v1,logger://Microsoft/TestPlatform/HtmlLogger/v1,logger://Microsoft/TestPlatform/TrxLogger/v1'.
TpTrace Verbose: 0 : 10340, 1, 2024/04/24, 16:52:49.981, 13991080184616, vstest.console.dll, TestPluginCache: TestHosts are 'HostProvider://DefaultTestHost,HostProvider://DotnetTestHost'.
TpTrace Verbose: 0 : 10340, 1, 2024/04/24, 16:52:49.982, 13991080184868, vstest.console.dll, TestPluginCache: DataCollectors are ''.
TpTrace Information: 0 : 10340, 1, 2024/04/24, 16:52:49.982, 13991080193689, vstest.console.dll, TestPluginManager.CreateTestExtension: Attempting to load test extension: Microsoft.TestPlatform.Extensions.BlameDataCollector.BlameLogger
TpTrace Verbose: 0 : 10340, 1, 2024/04/24, 16:52:49.989, 13991080257788, vstest.console.dll, TestEngine: Initializing Parallel Execution as MaxCpuCount is set to: 1
TpTrace Information: 0 : 10340, 1, 2024/04/24, 16:52:49.990, 13991080270226, vstest.console.dll, TestPluginManager.CreateTestExtension: Attempting to load test extension: Microsoft.VisualStudio.TestPlatform.CrossPlatEngine.Hosting.DefaultTestHostManager
TpTrace Information: 0 : 10340, 1, 2024/04/24, 16:52:49.991, 13991080278572, vstest.console.dll, TestPluginManager.CreateTestExtension: Attempting to load test extension: Microsoft.VisualStudio.TestPlatform.CrossPlatEngine.Hosting.DotnetTestHostManager
TpTrace Information: 0 : 10340, 1, 2024/04/24, 16:52:49.991, 13991080282732, vstest.console.dll, InferRunSettingsHelper.IsTestSettingsEnabled: Unable to navigate to RunSettings/MSTest. Current node: RunSettings
TpTrace Verbose: 0 : 10340, 1, 2024/04/24, 16:52:49.992, 13991080291020, vstest.console.dll, ParallelOperationManager.ClearSlots: Clearing all slots. Slots should accept more work: True
TpTrace Verbose: 0 : 10340, 1, 2024/04/24, 16:52:49.993, 13991080298656, vstest.console.dll, ParallelOperationManager.SetOccupiedSlotCount: Setting slot counts AvailableSlotCount = 1, OccupiedSlotCount = 0.
TpTrace Verbose: 0 : 10340, 1, 2024/04/24, 16:52:49.993, 13991080300927, vstest.console.dll, Occupied slots:

TpTrace Verbose: 0 : 10340, 1, 2024/04/24, 16:52:49.997, 13991080338439, vstest.console.dll, TestEngine.GetExecutionManager: Chosen execution manager 'Microsoft.VisualStudio.TestPlatform.CrossPlatEngine.Client.Parallel.ParallelProxyExecutionManager, Microsoft.TestPlatform.CrossPlatEngine, Version=15.0.0.0, Culture=neutral, PublicKeyToken=b03f5f7f11d50a3a' ParallelLevel '1'.
TpTrace Verbose: 0 : 10340, 1, 2024/04/24, 16:52:49.997, 13991080341179, vstest.console.dll, TestRunRequest.ExecuteAsync: Creating test run request.
TpTrace Verbose: 0 : 10340, 1, 2024/04/24, 16:52:49.998, 13991080344776, vstest.console.dll, TestRunRequest.ExecuteAsync: Starting.
TpTrace Information: 0 : 10340, 1, 2024/04/24, 16:52:50.000, 13991080368502, vstest.console.dll, TestRunRequest.ExecuteAsync: Starting run with settings:TestRunCriteria:
   KeepAlive=False,FrequencyOfRunStatsChangeEvent=10,RunStatsChangeEventTimeout=00:00:01.5000000,TestCaseFilter=,TestExecutorLauncher=
   Settingsxml=<RunSettings>
  <RunConfiguration>
    <ResultsDirectory>C:\Users\VC\Desktop\Day_1\Day_7\DoctorAppontmentsSolution\RepositoryTest\bin\Debug\net6.0\fine-code-coverage\coverage-tool-output</ResultsDirectory>
    <TargetPlatform>X64</TargetPlatform>
    <TargetFrameworkVersion>.NETCoreApp,Version=v6.0</TargetFrameworkVersion>
    <DesignMode>False</DesignMode>
    <CollectSourceInformation>False</CollectSourceInformation>
  </RunConfiguration>
  <LoggerRunSettings>
    <Loggers>
      <Logger friendlyName="blame" enabled="True" />
      <Logger friendlyName="Console" uri="logger://microsoft/TestPlatform/ConsoleLogger/v1" assemblyQualifiedName="Microsoft.VisualStudio.TestPlatform.CommandLine.Internal.ConsoleLogger, vstest.console, Version=15.0.0.0, Culture=neutral, PublicKeyToken=b03f5f7f11d50a3a" codeBase="C:\Program Files\dotnet\sdk\8.0.202\vstest.console.dll" enabled="True" />
    </Loggers>
  </LoggerRunSettings>
  <DataCollectionRunSettings>
    <DataCollectors>
      <DataCollector friendlyName="blame" enabled="True">
        <Configuration>
          <ResultsDirectory>C:\Users\VC\Desktop\Day_1\Day_7\DoctorAppontmentsSolution\RepositoryTest\bin\Debug\net6.0\fine-code-coverage\coverage-tool-output</ResultsDirectory>
        </Configuration>
      </DataCollector>
    </DataCollectors>
  </DataCollectionRunSettings>
</RunSettings>

TpTrace Verbose: 0 : 10340, 1, 2024/04/24, 16:52:50.000, 13991080370015, vstest.console.dll, TestRunRequest.ExecuteAsync: Wait for the first run request is over.
TpTrace Verbose: 0 : 10340, 1, 2024/04/24, 16:52:50.000, 13991080373808, vstest.console.dll, MulticastDelegateUtilities.SafeInvoke: TestRun.TestRunStart: Invoking callbacks was skipped because there are no subscribers.
TpTrace Verbose: 0 : 10340, 4, 2024/04/24, 16:52:50.001, 13991080376839, vstest.console.dll, MulticastDelegateUtilities.SafeInvoke: InternalTestLoggerEvents.SendTestRunStart: Invoking callback 1/1 for Microsoft.VisualStudio.TestPlatform.CommandLine.Internal.ConsoleLogger., took 0 ms.
TpTrace Verbose: 0 : 10340, 1, 2024/04/24, 16:52:50.002, 13991080387679, vstest.console.dll, ParallelProxyExecutionManager: Start execution. Total sources: 1
TpTrace Verbose: 0 : 10340, 1, 2024/04/24, 16:52:50.002, 13991080391112, vstest.console.dll, ParallelOperationManager.StartWork: Starting adding 1 workloads.
TpTrace Verbose: 0 : 10340, 1, 2024/04/24, 16:52:50.002, 13991080391795, vstest.console.dll, ParallelOperationManager.ClearSlots: Clearing all slots. Slots should accept more work: True
TpTrace Verbose: 0 : 10340, 1, 2024/04/24, 16:52:50.002, 13991080392612, vstest.console.dll, ParallelOperationManager.SetOccupiedSlotCount: Setting slot counts AvailableSlotCount = 1, OccupiedSlotCount = 0.
TpTrace Verbose: 0 : 10340, 1, 2024/04/24, 16:52:50.002, 13991080393178, vstest.console.dll, Occupied slots:

TpTrace Verbose: 0 : 10340, 1, 2024/04/24, 16:52:50.004, 13991080408036, vstest.console.dll, TestRequestSender is acting as server.
TpTrace Verbose: 0 : 10340, 1, 2024/04/24, 16:52:50.006, 13991080424792, vstest.console.dll, ParallelOperationManager.RunWorkInParallel: Adding 1 workload to slot, remaining workloads 0.
TpTrace Verbose: 0 : 10340, 1, 2024/04/24, 16:52:50.006, 13991080425618, vstest.console.dll, ParallelOperationManager.SetOccupiedSlotCount: Setting slot counts AvailableSlotCount = 0, OccupiedSlotCount = 1.
TpTrace Verbose: 0 : 10340, 1, 2024/04/24, 16:52:50.006, 13991080426895, vstest.console.dll, Occupied slots:
0: C:\Users\VC\Desktop\Day_1\Day_7\DoctorAppontmentsSolution\RepositoryTest\bin\Debug\net6.0\fine-code-coverage\build-output\RepositoryTest.dll
TpTrace Verbose: 0 : 10340, 1, 2024/04/24, 16:52:50.007, 13991080438947, vstest.console.dll, ParallelOperationManager.RunWorkInParallel: Started host in slot number 0 for work (source): C:\Users\VC\Desktop\Day_1\Day_7\DoctorAppontmentsSolution\RepositoryTest\bin\Debug\net6.0\fine-code-coverage\build-output\RepositoryTest.dll.
TpTrace Verbose: 0 : 10340, 1, 2024/04/24, 16:52:50.008, 13991080453271, vstest.console.dll, ParallelOperationManager.RunWorkInParallel: We started 1 work items, which is the max parallel level. Won't start more work.
TpTrace Verbose: 0 : 10340, 1, 2024/04/24, 16:52:50.008, 13991080454425, vstest.console.dll, ParallelOperationManager.RunWorkInParallel: We started 1 work items in here, returning True.
TpTrace Information: 0 : 10340, 1, 2024/04/24, 16:52:50.009, 13991080454877, vstest.console.dll, TestRunRequest.ExecuteAsync: Started.
TpTrace Verbose: 0 : 10340, 5, 2024/04/24, 16:52:50.009, 13991080455309, vstest.console.dll, ParallelProxyExecutionManager.StartTestRunOnConcurrentManager: Initializing uninitialized client. Started clients: 0
TpTrace Verbose: 0 : 10340, 5, 2024/04/24, 16:52:50.009, 13991080457140, vstest.console.dll, DataCollectionRequestSender.InitializeCommunication : Initialize communication. 
TpTrace Verbose: 0 : 10340, 1, 2024/04/24, 16:52:50.009, 13991080461698, vstest.console.dll, TestRunRequest.WaitForCompletion: Waiting with timeout -1.
TpTrace Information: 0 : 10340, 5, 2024/04/24, 16:52:50.017, 13991080542213, vstest.console.dll, Listening on Endpoint : 127.0.0.1:50242
TpTrace Verbose: 0 : 10340, 5, 2024/04/24, 16:52:50.023, 13991080596471, vstest.console.dll, DotnetDataCollectionLauncher: Adding  --runtimeconfig "C:\Program Files\dotnet\sdk\8.0.202\datacollector.runtimeconfig.json" in args
TpTrace Verbose: 0 : 10340, 5, 2024/04/24, 16:52:50.023, 13991080597726, vstest.console.dll, DotnetDataCollectionLauncher: Adding  --depsfile "C:\Program Files\dotnet\sdk\8.0.202\datacollector.deps.json" in args
TpTrace Verbose: 0 : 10340, 5, 2024/04/24, 16:52:50.023, 13991080603428, vstest.console.dll, DotnetDataCollectionLauncher: Full path of dotnet.exe is C:\Program Files\dotnet\dotnet.exe
TpTrace Information: 0 : 10340, 5, 2024/04/24, 16:52:50.030, 13991080671392, vstest.console.dll, ProxyDataCollectionManager.Initialize: Launched datacollector processId: 19928 port: 50242
TpTrace Information: 0 : 10340, 5, 2024/04/24, 16:52:50.030, 13991080673021, vstest.console.dll, ProxyDataCollectionManager.Initialize: waiting for connection with timeout: 90 seconds
TpTrace Verbose: 0 : 10340, 5, 2024/04/24, 16:52:50.030, 13991080673658, vstest.console.dll, DataCollectionRequestSender.WaitForRequestHandlerConnection : Waiting for connection with timeout: 90000
TpTrace Information: 0 : 10340, 7, 2024/04/24, 16:52:50.231, 13991082684257, vstest.console.dll, Using the buffer size of 16384 bytes
TpTrace Information: 0 : 10340, 7, 2024/04/24, 16:52:50.232, 13991082685443, vstest.console.dll, Accepted Client request and set the flag
TpTrace Verbose: 0 : 10340, 5, 2024/04/24, 16:52:50.232, 13991082685356, vstest.console.dll, SocketCommunicationManager.WaitForClientConnection took: 201 ms, with 90000 ms timeout, and finished with True.
TpTrace Verbose: 0 : 10340, 5, 2024/04/24, 16:52:50.232, 13991082687252, vstest.console.dll, ProxyDataCollectionManager.InvokeDataCollectionServiceAction: Starting.
TpTrace Information: 0 : 10340, 5, 2024/04/24, 16:52:50.232, 13991082688619, vstest.console.dll, ProxyDataCollectionManager.BeforeTestRunStart: Get environment variable and port for datacollector processId: 19928 port: 50242
TpTrace Verbose: 0 : 10340, 5, 2024/04/24, 16:52:50.232, 13991082690421, vstest.console.dll, DataCollectionRequestSender.SendBeforeTestRunStartAndGetResult: Send BeforeTestRunStart message with settingsXml <RunSettings><RunConfiguration><ResultsDirectory>C:\Users\VC\Desktop\Day_1\Day_7\DoctorAppontmentsSolution\RepositoryTest\bin\Debug\net6.0\fine-code-coverage\coverage-tool-output</ResultsDirectory><TargetPlatform>X64</TargetPlatform><TargetFrameworkVersion>.NETCoreApp,Version=v6.0</TargetFrameworkVersion><DesignMode>False</DesignMode><CollectSourceInformation>False</CollectSourceInformation><TestAdaptersPaths>C:\Program Files\dotnet\sdk\8.0.202\Extensions</TestAdaptersPaths></RunConfiguration><LoggerRunSettings><Loggers><Logger friendlyName="blame" enabled="True" /><Logger friendlyName="Console" uri="logger://microsoft/TestPlatform/ConsoleLogger/v1" assemblyQualifiedName="Microsoft.VisualStudio.TestPlatform.CommandLine.Internal.ConsoleLogger, vstest.console, Version=15.0.0.0, Culture=neutral, PublicKeyToken=b03f5f7f11d50a3a" codeBase="C:\Program Files\dotnet\sdk\8.0.202\vstest.console.dll" enabled="True" /></Loggers></LoggerRunSettings><DataCollectionRunSettings><DataCollectors><DataCollector friendlyName="blame" enabled="True"><Configuration><ResultsDirectory>C:\Users\VC\Desktop\Day_1\Day_7\DoctorAppontmentsSolution\RepositoryTest\bin\Debug\net6.0\fine-code-coverage\coverage-tool-output</ResultsDirectory></Configuration></DataCollector></DataCollectors></DataCollectionRunSettings></RunSettings> and sources System.Collections.Generic.List`1[System.String]: 
TpTrace Verbose: 0 : 10340, 5, 2024/04/24, 16:52:50.281, 13991083181243, vstest.console.dll, DataCollectionRequestSender.SendBeforeTestRunStartAndGetResult: Received message: (DataCollection.SendMessage) -> {"MessageType":"DataCollection.SendMessage","Payload":{"FriendlyName":null,"Uri":null,"TestCaseId":"00000000-0000-0000-0000-000000000000","Message":"Logging DataCollector Diagnostics in file: C:\\Users\\VC\\Desktop\\Day_1\\Day_7\\DoctorAppontmentsSolution\\RepositoryTest\\bin\\Debug\\net6.0\\fine-code-coverage\\coverage-tool-output\\diagnostics.datacollector.24-04-24_16-52-50_02294_5.log","Level":0}}
TpTrace Verbose: 0 : 10340, 5, 2024/04/24, 16:52:50.358, 13991083949648, vstest.console.dll, DataCollectionRequestSender.SendBeforeTestRunStartAndGetResult: Received message: (DataCollection.BeforeTestRunStartResult) -> {"MessageType":"DataCollection.BeforeTestRunStartResult","Payload":{"EnvironmentVariables":{},"DataCollectionEventsPort":50244}}
TpTrace Information: 0 : 10340, 5, 2024/04/24, 16:52:50.362, 13991083986569, vstest.console.dll, ProxyDataCollectionManager.BeforeTestRunStart: SendBeforeTestRunStartAndGetResult successful, env variable from datacollector:   and testhost port: 50244
TpTrace Information: 0 : 10340, 5, 2024/04/24, 16:52:50.362, 13991083987550, vstest.console.dll, ProxyDataCollectionManager.InvokeDataCollectionServiceAction: Completed.
TpTrace Verbose: 0 : 10340, 5, 2024/04/24, 16:52:50.362, 13991083987891, vstest.console.dll, ParallelProxyExecutionManager.StartTestRunOnConcurrentManager: Initializing test run. Started clients: 0
TpTrace Verbose: 0 : 10340, 5, 2024/04/24, 16:52:50.362, 13991083988559, vstest.console.dll, ProxyExecutionManager: Test host is always Lazy initialize.
TpTrace Verbose: 0 : 10340, 5, 2024/04/24, 16:52:50.362, 13991083990275, vstest.console.dll, TestRequestSender.InitializeCommunication: initialize communication. 
TpTrace Information: 0 : 10340, 5, 2024/04/24, 16:52:50.363, 13991083995101, vstest.console.dll, SocketServer.Start: Listening on endpoint : 127.0.0.1:50245
TpTrace Verbose: 0 : 10340, 5, 2024/04/24, 16:52:50.363, 13991084001237, vstest.console.dll, DotnetTestHostmanager.GetTestHostProcessStartInfo: Platform environment 'X64' target architecture 'X64' framework '.NETCoreApp,Version=v6.0' OS 'Windows'
TpTrace Verbose: 0 : 10340, 5, 2024/04/24, 16:52:50.363, 13991084003241, vstest.console.dll, DotnetTestHostmanager: Adding  --runtimeconfig "C:\Users\VC\Desktop\Day_1\Day_7\DoctorAppontmentsSolution\RepositoryTest\bin\Debug\net6.0\fine-code-coverage\build-output\RepositoryTest.runtimeconfig.json" in args
TpTrace Verbose: 0 : 10340, 5, 2024/04/24, 16:52:50.363, 13991084003988, vstest.console.dll, DotnetTestHostmanager: Adding  --depsfile "C:\Users\VC\Desktop\Day_1\Day_7\DoctorAppontmentsSolution\RepositoryTest\bin\Debug\net6.0\fine-code-coverage\build-output\RepositoryTest.deps.json" in args
TpTrace Verbose: 0 : 10340, 5, 2024/04/24, 16:52:50.364, 13991084006032, vstest.console.dll, DotnetTestHostmanager.IsWinOnArm: Current PROCESSOR_ARCHITECTURE from environment variable 'AMD64'
TpTrace Verbose: 0 : 10340, 5, 2024/04/24, 16:52:50.364, 13991084006587, vstest.console.dll, DotnetTestHostmanager.IsWinOnArm: Is Windows on ARM 'False'
TpTrace Verbose: 0 : 10340, 5, 2024/04/24, 16:52:50.364, 13991084007368, vstest.console.dll, DotnetTestHostManager: testhost.exe found at path: C:\Users\VC\Desktop\Day_1\Day_7\DoctorAppontmentsSolution\RepositoryTest\bin\Debug\net6.0\fine-code-coverage\build-output\testhost.exe
TpTrace Verbose: 0 : 10340, 5, 2024/04/24, 16:52:50.364, 13991084007692, vstest.console.dll, DotnetTestHostmanager: Full path of host exe is C:\Users\VC\Desktop\Day_1\Day_7\DoctorAppontmentsSolution\RepositoryTest\bin\Debug\net6.0\fine-code-coverage\build-output\testhost.exe
TpTrace Verbose: 0 : 10340, 5, 2024/04/24, 16:52:50.364, 13991084008607, vstest.console.dll, DotnetTestHostmanager.LaunchTestHostAsync: Found 'VSTEST_WINAPPHOST_DOTNET_ROOT' in env variables, value 'C:\Program Files\dotnet', forwarding to 'DOTNET_ROOT'
TpTrace Verbose: 0 : 10340, 5, 2024/04/24, 16:52:50.364, 13991084009536, vstest.console.dll, DotnetTestHostManager: Starting process 'C:\Users\VC\Desktop\Day_1\Day_7\DoctorAppontmentsSolution\RepositoryTest\bin\Debug\net6.0\fine-code-coverage\build-output\testhost.exe' with command line ' --runtimeconfig "C:\Users\VC\Desktop\Day_1\Day_7\DoctorAppontmentsSolution\RepositoryTest\bin\Debug\net6.0\fine-code-coverage\build-output\RepositoryTest.runtimeconfig.json" --depsfile "C:\Users\VC\Desktop\Day_1\Day_7\DoctorAppontmentsSolution\RepositoryTest\bin\Debug\net6.0\fine-code-coverage\build-output\RepositoryTest.deps.json" --port 50245 --endpoint 127.0.0.1:050245 --role client --parentprocessid 10340 --diag "C:\Users\VC\Desktop\Day_1\Day_7\DoctorAppontmentsSolution\RepositoryTest\bin\Debug\net6.0\fine-code-coverage\coverage-tool-output\diagnostics.host.24-04-24_16-52-50_36338_5.log" --tracelevel 4 --datacollectionport 50244 --telemetryoptedin false'
TpTrace Verbose: 0 : 10340, 5, 2024/04/24, 16:52:50.371, 13991084081120, vstest.console.dll, MulticastDelegateUtilities.SafeInvoke: HostProviderEvents.OnHostLaunched: Invoking callback 1/2 for Microsoft.VisualStudio.TestPlatform.CrossPlatEngine.Client.ProxyExecutionManagerWithDataCollection., took 1 ms.
TpTrace Verbose: 0 : 10340, 5, 2024/04/24, 16:52:50.371, 13991084084325, vstest.console.dll, Test Runtime launched
TpTrace Verbose: 0 : 10340, 5, 2024/04/24, 16:52:50.372, 13991084085074, vstest.console.dll, MulticastDelegateUtilities.SafeInvoke: HostProviderEvents.OnHostLaunched: Invoking callback 2/2 for Microsoft.VisualStudio.TestPlatform.CrossPlatEngine.Client.ProxyOperationManager., took 0 ms.
TpTrace Verbose: 0 : 10340, 5, 2024/04/24, 16:52:50.372, 13991084086407, vstest.console.dll, TestRequestSender.WaitForRequestHandlerConnection: waiting for connection with timeout: 90000.
TpTrace Verbose: 0 : 10340, 5, 2024/04/24, 16:52:50.578, 13991086146494, vstest.console.dll, TestRequestSender.WaitForRequestHandlerConnection: waiting took 205 ms, with timeout 90000 ms, and result 0, which is success.
TpTrace Verbose: 0 : 10340, 7, 2024/04/24, 16:52:50.578, 13991086146494, vstest.console.dll, MulticastDelegateUtilities.SafeInvoke: SocketServer: ClientConnected: Invoking callback 1/1 for Microsoft.VisualStudio.TestPlatform.CommunicationUtilities.TestRequestSender., took 0 ms.
TpTrace Verbose: 0 : 10340, 7, 2024/04/24, 16:52:50.578, 13991086149097, vstest.console.dll, SocketServer.OnClientConnected: Client connected for endPoint: 127.0.0.1:50245, starting MessageLoopAsync:
TpTrace Verbose: 0 : 10340, 11, 2024/04/24, 16:52:50.579, 13991086156618, vstest.console.dll, TcpClientExtensions.MessageLoopAsync: Polling on remoteEndPoint: 127.0.0.1:50246 localEndPoint: 127.0.0.1:50245 after 0 ms
TpTrace Verbose: 0 : 10340, 5, 2024/04/24, 16:52:50.579, 13991086159708, vstest.console.dll, TestRequestSender.CheckVersionWithTestHost: Sending check version message: {"MessageType":"ProtocolVersion","Payload":7}
TpTrace Verbose: 0 : 10340, 11, 2024/04/24, 16:52:50.718, 13991087551308, vstest.console.dll, TcpClientExtensions.MessageLoopAsync: NotifyDataAvailable remoteEndPoint: 127.0.0.1:50246 localEndPoint: 127.0.0.1:50245
TpTrace Verbose: 0 : 10340, 11, 2024/04/24, 16:52:50.719, 13991087555581, vstest.console.dll, TestRequestSender.CheckVersionWithTestHost: onMessageReceived received message: (ProtocolVersion) -> {"MessageType":"ProtocolVersion","Payload":7}
TpTrace Verbose: 0 : 10340, 11, 2024/04/24, 16:52:50.720, 13991087565654, vstest.console.dll, MulticastDelegateUtilities.SafeInvoke: LengthPrefixCommunicationChannel: MessageReceived: Invoking callback 1/1 for Microsoft.VisualStudio.TestPlatform.CommunicationUtilities.TestRequestSender+<>c__DisplayClass29_0., took 1 ms.
TpTrace Verbose: 0 : 10340, 5, 2024/04/24, 16:52:50.720, 13991087566654, vstest.console.dll, TestPluginCache.GetExtensionPaths: Filtered extension paths: 
TpTrace Verbose: 0 : 10340, 5, 2024/04/24, 16:52:50.720, 13991087568212, vstest.console.dll, TestPluginCache.GetExtensionPaths: Added default extension paths: C:\Program Files\dotnet\sdk\8.0.202\Extensions\Microsoft.Diagnostics.NETCore.Client.dll
C:\Program Files\dotnet\sdk\8.0.202\Extensions\Microsoft.TestPlatform.Extensions.BlameDataCollector.dll
C:\Program Files\dotnet\sdk\8.0.202\Extensions\Microsoft.TestPlatform.Extensions.EventLogCollector.dll
C:\Program Files\dotnet\sdk\8.0.202\Extensions\Microsoft.TestPlatform.TestHostRuntimeProvider.dll
C:\Program Files\dotnet\sdk\8.0.202\Extensions\Microsoft.VisualStudio.TestPlatform.Extensions.Html.TestLogger.dll
C:\Program Files\dotnet\sdk\8.0.202\Extensions\Microsoft.VisualStudio.TestPlatform.Extensions.Trx.TestLogger.dll
TpTrace Verbose: 0 : 10340, 11, 2024/04/24, 16:52:50.720, 13991087567296, vstest.console.dll, TcpClientExtensions.MessageLoopAsync: Polling on remoteEndPoint: 127.0.0.1:50246 localEndPoint: 127.0.0.1:50245 after 140 ms
TpTrace Verbose: 0 : 10340, 5, 2024/04/24, 16:52:50.720, 13991087568679, vstest.console.dll, TestPluginCache.GetExtensionPaths: Added unfilterableExtensionPaths: 
TpTrace Verbose: 0 : 10340, 5, 2024/04/24, 16:52:50.723, 13991087598880, vstest.console.dll, TestRequestSender.InitializeExecution: Sending initialize execution with message: {"Version":7,"MessageType":"TestExecution.Initialize","Payload":["C:\\Users\\VC\\Desktop\\Day_1\\Day_7\\DoctorAppontmentsSolution\\RepositoryTest\\bin\\Debug\\net6.0\\fine-code-coverage\\build-output\\NUnit3.TestAdapter.dll"]}
TpTrace Verbose: 0 : 10340, 5, 2024/04/24, 16:52:50.723, 13991087601117, vstest.console.dll, ParallelProxyExecutionManager.StartTestRunOnConcurrentManager: Execution starting. Started clients: 1
TpTrace Verbose: 0 : 10340, 5, 2024/04/24, 16:52:50.723, 13991087603467, vstest.console.dll, TestRunRequest:SendTestRunMessage: Starting.
TpTrace Verbose: 0 : 10340, 5, 2024/04/24, 16:52:50.724, 13991087605245, vstest.console.dll, MulticastDelegateUtilities.SafeInvoke: TestRun.LogMessages: Invoking callback 1/1 for Microsoft.VisualStudio.TestPlatform.CommandLine.TestRunResultAggregator., took 0 ms.
TpTrace Verbose: 0 : 10340, 11, 2024/04/24, 16:52:50.724, 13991087605293, vstest.console.dll, TcpClientExtensions.MessageLoopAsync: NotifyDataAvailable remoteEndPoint: 127.0.0.1:50246 localEndPoint: 127.0.0.1:50245
TpTrace Information: 0 : 10340, 5, 2024/04/24, 16:52:50.724, 13991087605777, vstest.console.dll, TestRunRequest:SendTestRunMessage: Completed.
TpTrace Verbose: 0 : 10340, 4, 2024/04/24, 16:52:50.724, 13991087608103, vstest.console.dll, MulticastDelegateUtilities.SafeInvoke: InternalTestLoggerEvents.SendTestRunMessage: Invoking callback 1/1 for Microsoft.VisualStudio.TestPlatform.CommandLine.Internal.ConsoleLogger., took 0 ms.
TpTrace Warning: 0 : 10340, 5, 2024/04/24, 16:52:50.724, 13991087612353, vstest.console.dll, InferRunSettingsHelper.MakeRunsettingsCompatible: Removing the following settings: TargetPlatform from RunSettings file. To use those settings please move to latest version of Microsoft.NET.Test.Sdk
TpTrace Verbose: 0 : 10340, 11, 2024/04/24, 16:52:50.725, 13991087620184, vstest.console.dll, TestRequestSender.OnExecutionMessageReceived: Received message: {"Version":7,"MessageType":"TestSession.Message","Payload":{"MessageLevel":0,"Message":"Logging TestHost Diagnostics in file: C:\\Users\\VC\\Desktop\\Day_1\\Day_7\\DoctorAppontmentsSolution\\RepositoryTest\\bin\\Debug\\net6.0\\fine-code-coverage\\coverage-tool-output\\diagnostics.host.24-04-24_16-52-50_36338_5.log"}}
TpTrace Verbose: 0 : 10340, 11, 2024/04/24, 16:52:50.727, 13991087644326, vstest.console.dll, TestRunRequest:SendTestRunMessage: Starting.
TpTrace Verbose: 0 : 10340, 11, 2024/04/24, 16:52:50.728, 13991087645927, vstest.console.dll, MulticastDelegateUtilities.SafeInvoke: TestRun.LogMessages: Invoking callback 1/1 for Microsoft.VisualStudio.TestPlatform.CommandLine.TestRunResultAggregator., took 0 ms.
TpTrace Information: 0 : 10340, 11, 2024/04/24, 16:52:50.728, 13991087646212, vstest.console.dll, TestRunRequest:SendTestRunMessage: Completed.
TpTrace Verbose: 0 : 10340, 4, 2024/04/24, 16:52:50.728, 13991087646315, vstest.console.dll, MulticastDelegateUtilities.SafeInvoke: InternalTestLoggerEvents.SendTestRunMessage: Invoking callback 1/1 for Microsoft.VisualStudio.TestPlatform.CommandLine.Internal.ConsoleLogger., took 0 ms.
TpTrace Verbose: 0 : 10340, 11, 2024/04/24, 16:52:50.728, 13991087646517, vstest.console.dll, MulticastDelegateUtilities.SafeInvoke: LengthPrefixCommunicationChannel: MessageReceived: Invoking callback 1/1 for Microsoft.VisualStudio.TestPlatform.CommunicationUtilities.TestRequestSender+<>c__DisplayClass34_0., took 2 ms.
TpTrace Verbose: 0 : 10340, 11, 2024/04/24, 16:52:50.728, 13991087648026, vstest.console.dll, TcpClientExtensions.MessageLoopAsync: Polling on remoteEndPoint: 127.0.0.1:50246 localEndPoint: 127.0.0.1:50245 after 7 ms
TpTrace Verbose: 0 : 10340, 5, 2024/04/24, 16:52:50.738, 13991087752009, vstest.console.dll, TestRequestSender.StartTestRun: Sending test run with message: {"Version":7,"MessageType":"TestExecution.StartWithSources","Payload":{"AdapterSourceMap":{"_none_":["C:\\Users\\VC\\Desktop\\Day_1\\Day_7\\DoctorAppontmentsSolution\\RepositoryTest\\bin\\Debug\\net6.0\\fine-code-coverage\\build-output\\RepositoryTest.dll"]},"RunSettings":"<RunSettings>\r\n  <RunConfiguration>\r\n    <ResultsDirectory>C:\\Users\\VC\\Desktop\\Day_1\\Day_7\\DoctorAppontmentsSolution\\RepositoryTest\\bin\\Debug\\net6.0\\fine-code-coverage\\coverage-tool-output</ResultsDirectory>\r\n    <TargetFrameworkVersion>.NETCoreApp,Version=v6.0</TargetFrameworkVersion>\r\n    <DesignMode>False</DesignMode>\r\n    <CollectSourceInformation>False</CollectSourceInformation>\r\n  </RunConfiguration>\r\n  <LoggerRunSettings>\r\n    <Loggers>\r\n      <Logger friendlyName=\"blame\" enabled=\"True\" />\r\n      <Logger friendlyName=\"Console\" uri=\"logger://microsoft/TestPlatform/ConsoleLogger/v1\" assemblyQualifiedName=\"Microsoft.VisualStudio.TestPlatform.CommandLine.Internal.ConsoleLogger, vstest.console, Version=15.0.0.0, Culture=neutral, PublicKeyToken=b03f5f7f11d50a3a\" codeBase=\"C:\\Program Files\\dotnet\\sdk\\8.0.202\\vstest.console.dll\" enabled=\"True\" />\r\n    </Loggers>\r\n  </LoggerRunSettings>\r\n  <DataCollectionRunSettings>\r\n    <DataCollectors>\r\n      <DataCollector friendlyName=\"blame\" enabled=\"True\">\r\n        <Configuration>\r\n          <ResultsDirectory>C:\\Users\\VC\\Desktop\\Day_1\\Day_7\\DoctorAppontmentsSolution\\RepositoryTest\\bin\\Debug\\net6.0\\fine-code-coverage\\coverage-tool-output</ResultsDirectory>\r\n        </Configuration>\r\n      </DataCollector>\r\n    </DataCollectors>\r\n  </DataCollectionRunSettings>\r\n</RunSettings>","TestExecutionContext":{"FrequencyOfRunStatsChangeEvent":10,"RunStatsChangeEventTimeout":"00:00:01.5000000","InIsolation":false,"KeepAlive":false,"AreTestCaseLevelEventsRequired":false,"IsDebug":false,"TestCaseFilter":null,"FilterOptions":null},"Package":null}}
TpTrace Verbose: 0 : 10340, 5, 2024/04/24, 16:52:50.738, 13991087754033, vstest.console.dll, ParallelProxyExecutionManager.StartTestRunOnConcurrentManager: Execution started. Started clients: 1
TpTrace Verbose: 0 : 10340, 11, 2024/04/24, 16:52:50.908, 13991089453477, vstest.console.dll, TcpClientExtensions.MessageLoopAsync: NotifyDataAvailable remoteEndPoint: 127.0.0.1:50246 localEndPoint: 127.0.0.1:50245
TpTrace Verbose: 0 : 10340, 11, 2024/04/24, 16:52:50.909, 13991089456100, vstest.console.dll, TestRequestSender.OnExecutionMessageReceived: Received message: {"Version":7,"MessageType":"TestSession.Message","Payload":{"MessageLevel":0,"Message":"NUnit Adapter 4.4.0.0: Test execution started"}}
TpTrace Verbose: 0 : 10340, 11, 2024/04/24, 16:52:50.909, 13991089458634, vstest.console.dll, TestRunRequest:SendTestRunMessage: Starting.
TpTrace Verbose: 0 : 10340, 11, 2024/04/24, 16:52:50.909, 13991089459528, vstest.console.dll, MulticastDelegateUtilities.SafeInvoke: TestRun.LogMessages: Invoking callback 1/1 for Microsoft.VisualStudio.TestPlatform.CommandLine.TestRunResultAggregator., took 0 ms.
TpTrace Verbose: 0 : 10340, 4, 2024/04/24, 16:52:50.909, 13991089459656, vstest.console.dll, MulticastDelegateUtilities.SafeInvoke: InternalTestLoggerEvents.SendTestRunMessage: Invoking callback 1/1 for Microsoft.VisualStudio.TestPlatform.CommandLine.Internal.ConsoleLogger., took 0 ms.
TpTrace Information: 0 : 10340, 11, 2024/04/24, 16:52:50.909, 13991089460363, vstest.console.dll, TestRunRequest:SendTestRunMessage: Completed.
TpTrace Verbose: 0 : 10340, 11, 2024/04/24, 16:52:50.909, 13991089460780, vstest.console.dll, MulticastDelegateUtilities.SafeInvoke: LengthPrefixCommunicationChannel: MessageReceived: Invoking callback 1/1 for Microsoft.VisualStudio.TestPlatform.CommunicationUtilities.TestRequestSender+<>c__DisplayClass34_0., took 0 ms.
TpTrace Verbose: 0 : 10340, 11, 2024/04/24, 16:52:50.909, 13991089461285, vstest.console.dll, TcpClientExtensions.MessageLoopAsync: Polling on remoteEndPoint: 127.0.0.1:50246 localEndPoint: 127.0.0.1:50245 after 181 ms
TpTrace Verbose: 0 : 10340, 11, 2024/04/24, 16:52:50.935, 13991089722764, vstest.console.dll, TcpClientExtensions.MessageLoopAsync: NotifyDataAvailable remoteEndPoint: 127.0.0.1:50246 localEndPoint: 127.0.0.1:50245
TpTrace Verbose: 0 : 10340, 11, 2024/04/24, 16:52:50.936, 13991089724690, vstest.console.dll, TestRequestSender.OnExecutionMessageReceived: Received message: {"Version":7,"MessageType":"TestSession.Message","Payload":{"MessageLevel":0,"Message":"Running all tests in C:\\Users\\VC\\Desktop\\Day_1\\Day_7\\DoctorAppontmentsSolution\\RepositoryTest\\bin\\Debug\\net6.0\\fine-code-coverage\\build-output\\RepositoryTest.dll"}}
TpTrace Verbose: 0 : 10340, 11, 2024/04/24, 16:52:50.936, 13991089726076, vstest.console.dll, TestRunRequest:SendTestRunMessage: Starting.
TpTrace Verbose: 0 : 10340, 11, 2024/04/24, 16:52:50.936, 13991089726717, vstest.console.dll, MulticastDelegateUtilities.SafeInvoke: TestRun.LogMessages: Invoking callback 1/1 for Microsoft.VisualStudio.TestPlatform.CommandLine.TestRunResultAggregator., took 0 ms.
TpTrace Information: 0 : 10340, 11, 2024/04/24, 16:52:50.936, 13991089727065, vstest.console.dll, TestRunRequest:SendTestRunMessage: Completed.
TpTrace Verbose: 0 : 10340, 4, 2024/04/24, 16:52:50.936, 13991089727135, vstest.console.dll, MulticastDelegateUtilities.SafeInvoke: InternalTestLoggerEvents.SendTestRunMessage: Invoking callback 1/1 for Microsoft.VisualStudio.TestPlatform.CommandLine.Internal.ConsoleLogger., took 0 ms.
TpTrace Verbose: 0 : 10340, 11, 2024/04/24, 16:52:50.936, 13991089727461, vstest.console.dll, MulticastDelegateUtilities.SafeInvoke: LengthPrefixCommunicationChannel: MessageReceived: Invoking callback 1/1 for Microsoft.VisualStudio.TestPlatform.CommunicationUtilities.TestRequestSender+<>c__DisplayClass34_0., took 0 ms.
TpTrace Verbose: 0 : 10340, 11, 2024/04/24, 16:52:50.936, 13991089729052, vstest.console.dll, TcpClientExtensions.MessageLoopAsync: Polling on remoteEndPoint: 127.0.0.1:50246 localEndPoint: 127.0.0.1:50245 after 26 ms
TpTrace Verbose: 0 : 10340, 11, 2024/04/24, 16:52:51.070, 13991091067475, vstest.console.dll, TcpClientExtensions.MessageLoopAsync: NotifyDataAvailable remoteEndPoint: 127.0.0.1:50246 localEndPoint: 127.0.0.1:50245
TpTrace Verbose: 0 : 10340, 11, 2024/04/24, 16:52:51.070, 13991091069301, vstest.console.dll, TestRequestSender.OnExecutionMessageReceived: Received message: {"Version":7,"MessageType":"TestSession.Message","Payload":{"MessageLevel":0,"Message":"   NUnit3TestExecutor discovered 16 of 16 NUnit test cases using Current Discovery mode, Non-Explicit run"}}
TpTrace Verbose: 0 : 10340, 11, 2024/04/24, 16:52:51.070, 13991091070634, vstest.console.dll, TestRunRequest:SendTestRunMessage: Starting.
TpTrace Verbose: 0 : 10340, 11, 2024/04/24, 16:52:51.070, 13991091071210, vstest.console.dll, MulticastDelegateUtilities.SafeInvoke: TestRun.LogMessages: Invoking callback 1/1 for Microsoft.VisualStudio.TestPlatform.CommandLine.TestRunResultAggregator., took 0 ms.
TpTrace Verbose: 0 : 10340, 4, 2024/04/24, 16:52:51.070, 13991091071408, vstest.console.dll, MulticastDelegateUtilities.SafeInvoke: InternalTestLoggerEvents.SendTestRunMessage: Invoking callback 1/1 for Microsoft.VisualStudio.TestPlatform.CommandLine.Internal.ConsoleLogger., took 0 ms.
TpTrace Information: 0 : 10340, 11, 2024/04/24, 16:52:51.070, 13991091071940, vstest.console.dll, TestRunRequest:SendTestRunMessage: Completed.
TpTrace Verbose: 0 : 10340, 11, 2024/04/24, 16:52:51.070, 13991091072365, vstest.console.dll, MulticastDelegateUtilities.SafeInvoke: LengthPrefixCommunicationChannel: MessageReceived: Invoking callback 1/1 for Microsoft.VisualStudio.TestPlatform.CommunicationUtilities.TestRequestSender+<>c__DisplayClass34_0., took 0 ms.
TpTrace Verbose: 0 : 10340, 11, 2024/04/24, 16:52:51.070, 13991091072723, vstest.console.dll, TcpClientExtensions.MessageLoopAsync: Polling on remoteEndPoint: 127.0.0.1:50246 localEndPoint: 127.0.0.1:50245 after 134 ms
TpTrace Verbose: 0 : 10340, 11, 2024/04/24, 16:52:51.245, 13991092820783, vstest.console.dll, TcpClientExtensions.MessageLoopAsync: NotifyDataAvailable remoteEndPoint: 127.0.0.1:50246 localEndPoint: 127.0.0.1:50245
TpTrace Verbose: 0 : 10340, 11, 2024/04/24, 16:52:51.246, 13991092825041, vstest.console.dll, TestRequestSender.OnExecutionMessageReceived: Received message: {"Version":7,"MessageType":"TestExecution.StatsChange","Payload":{"NewTestResults":[{"TestCase":{"Id":"02ce13b6-3fa5-0fda-e6d8-037da6ffb4ad","FullyQualifiedName":"RepositoryTest.CreateAppointmentTests.Add_DuplicateAppointment_ReturnsNull","DisplayName":"Add_DuplicateAppointment_ReturnsNull","ExecutorUri":"executor://NUnit3TestExecutor","Source":"C:\\Users\\VC\\Desktop\\Day_1\\Day_7\\DoctorAppontmentsSolution\\RepositoryTest\\bin\\Debug\\net6.0\\fine-code-coverage\\build-output\\RepositoryTest.dll","CodeFilePath":null,"LineNumber":0,"Properties":[{"Key":{"Id":"NUnit.Seed","Label":"Seed","Category":"","Description":"","Attributes":0,"ValueType":"System.String"},"Value":"1930914815"}]},"Attachments":[],"Outcome":1,"ErrorMessage":null,"ErrorStackTrace":null,"DisplayName":"Add_DuplicateAppointment_ReturnsNull","Messages":[],"ComputerName":"DESKTOP-QL1TE6V","Duration":"00:00:00.0240490","StartTime":"2024-04-24T11:22:51.09321+00:00","EndTime":"2024-04-24T11:22:51.1171784+00:00","Properties":[{"Key":{"Id":"NUnit.Seed","Label":"Seed","Category":"","Description":"","Attributes":0,"ValueType":"System.String"},"Value":"1930914815"}]},{"TestCase":{"Id":"2f6226e0-0aa5-2075-dc93-2e9f2b1d6059","FullyQualifiedName":"RepositoryTest.CreateAppointmentTests.Add_NewAppointment_ReturnsAppointment","DisplayName":"Add_NewAppointment_ReturnsAppointment","ExecutorUri":"executor://NUnit3TestExecutor","Source":"C:\\Users\\VC\\Desktop\\Day_1\\Day_7\\DoctorAppontmentsSolution\\RepositoryTest\\bin\\Debug\\net6.0\\fine-code-coverage\\build-output\\RepositoryTest.dll","CodeFilePath":null,"LineNumber":0,"Properties":[{"Key":{"Id":"NUnit.Seed","Label":"Seed","Category":"","Description":"","Attributes":0,"ValueType":"System.String"},"Value":"1347055301"}]},"Attachments":[],"Outcome":1,"ErrorMessage":null,"ErrorStackTrace":null,"DisplayName":"Add_NewAppointment_ReturnsAppointment","Messages":[],"ComputerName":"DESKTOP-QL1TE6V","Duration":"00:00:00.0038650","StartTime":"2024-04-24T11:22:51.1188388+00:00","EndTime":"2024-04-24T11:22:51.1227033+00:00","Properties":[{"Key":{"Id":"NUnit.Seed","Label":"Seed","Category":"","Description":"","Attributes":0,"ValueType":"System.String"},"Value":"1347055301"}]},{"TestCase":{"Id":"8e3d17a3-7615-4963-b6f2-4be2be39aad1","FullyQualifiedName":"RepositoryTest.CreateAppointmentTests.Delete_ExistingAppointment_ReturnsDeletedAppointment","DisplayName":"Delete_ExistingAppointment_ReturnsDeletedAppointment","ExecutorUri":"executor://NUnit3TestExecutor","Source":"C:\\Users\\VC\\Desktop\\Day_1\\Day_7\\DoctorAppontmentsSolution\\RepositoryTest\\bin\\Debug\\net6.0\\fine-code-coverage\\build-output\\RepositoryTest.dll","CodeFilePath":null,"LineNumber":0,"Properties":[{"Key":{"Id":"NUnit.Seed","Label":"Seed","Category":"","Description":"","Attributes":0,"ValueType":"System.String"},"Value":"43339600"}]},"Attachments":[],"Outcome":2,"ErrorMessage":"  Expected: not null\r\n  But was:  null\r\n","ErrorStackTrace":"   at RepositoryTest.CreateAppointmentTests.Delete_ExistingAppointment_ReturnsDeletedAppointment() in C:\\Users\\VC\\Desktop\\Day_1\\Day_7\\DoctorAppontmentsSolution\\RepositoryTest\\AppointmentRepoTest.cs:line 56\r\n\n1)    at RepositoryTest.CreateAppointmentTests.Delete_ExistingAppointment_ReturnsDeletedAppointment() in C:\\Users\\VC\\Desktop\\Day_1\\Day_7\\DoctorAppontmentsSolution\\RepositoryTest\\AppointmentRepoTest.cs:line 56\r\n\n","DisplayName":"Delete_ExistingAppointment_ReturnsDeletedAppointment","Messages":[],"ComputerName":"DESKTOP-QL1TE6V","Duration":"00:00:00.0402090","StartTime":"2024-04-24T11:22:51.1227331+00:00","EndTime":"2024-04-24T11:22:51.1629414+00:00","Properties":[{"Key":{"Id":"NUnit.Seed","Label":"Seed","Category":"","Description":"","Attributes":0,"ValueType":"System.String"},"Value":"43339600"}]},{"TestCase":{"Id":"acd80936-3199-a7d4-4e45-0a5ba3975ae6","FullyQualifiedName":"RepositoryTest.CreateAppointmentTests.Delete_NonExistingAppointment_ReturnsNull","DisplayName":"Delete_NonExistingAppointment_ReturnsNull","ExecutorUri":"executor://NUnit3TestExecutor","Source":"C:\\Users\\VC\\Desktop\\Day_1\\Day_7\\DoctorAppontmentsSolution\\RepositoryTest\\bin\\Debug\\net6.0\\fine-code-coverage\\build-output\\RepositoryTest.dll","CodeFilePath":null,"LineNumber":0,"Properties":[{"Key":{"Id":"NUnit.Seed","Label":"Seed","Category":"","Description":"","Attributes":0,"ValueType":"System.String"},"Value":"106513169"}]},"Attachments":[],"Outcome":1,"ErrorMessage":null,"ErrorStackTrace":null,"DisplayName":"Delete_NonExistingAppointment_ReturnsNull","Messages":[],"ComputerName":"DESKTOP-QL1TE6V","Duration":"00:00:00.0001600","StartTime":"2024-04-24T11:22:51.1631264+00:00","EndTime":"2024-04-24T11:22:51.163286+00:00","Properties":[{"Key":{"Id":"NUnit.Seed","Label":"Seed","Category":"","Description":"","Attributes":0,"ValueType":"System.String"},"Value":"106513169"}]},{"TestCase":{"Id":"687c91de-4b28-efbb-140f-e06f09dcc451","FullyQualifiedName":"RepositoryTest.CreateAppointmentTests.Get_ExistingAppointment_ReturnsAppointment","DisplayName":"Get_ExistingAppointment_ReturnsAppointment","ExecutorUri":"executor://NUnit3TestExecutor","Source":"C:\\Users\\VC\\Desktop\\Day_1\\Day_7\\DoctorAppontmentsSolution\\RepositoryTest\\bin\\Debug\\net6.0\\fine-code-coverage\\build-output\\RepositoryTest.dll","CodeFilePath":null,"LineNumber":0,"Properties":[{"Key":{"Id":"NUnit.Seed","Label":"Seed","Category":"","Description":"","Attributes":0,"ValueType":"System.String"},"Value":"1467042991"}]},"Attachments":[],"Outcome":2,"ErrorMessage":"  Expected: not null\r\n  But was:  null\r\n","ErrorStackTrace":"   at RepositoryTest.CreateAppointmentTests.Get_ExistingAppointment_ReturnsAppointment() in C:\\Users\\VC\\Desktop\\Day_1\\Day_7\\DoctorAppontmentsSolution\\RepositoryTest\\AppointmentRepoTest.cs:line 81\r\n\n1)    at RepositoryTest.CreateAppointmentTests.Get_ExistingAppointment_ReturnsAppointment() in C:\\Users\\VC\\Desktop\\Day_1\\Day_7\\DoctorAppontmentsSolution\\RepositoryTest\\AppointmentRepoTest.cs:line 81\r\n\n","DisplayName":"Get_ExistingAppointment_ReturnsAppointment","Messages":[],"ComputerName":"DESKTOP-QL1TE6V","Duration":"00:00:00.0009700","StartTime":"2024-04-24T11:22:51.1632989+00:00","EndTime":"2024-04-24T11:22:51.164269+00:00","Properties":[{"Key":{"Id":"NUnit.Seed","Label":"Seed","Category":"","Description":"","Attributes":0,"ValueType":"System.String"},"Value":"1467042991"}]},{"TestCase":{"Id":"86716d22-a4e0-d1b8-c372-d9f832c251fa","FullyQualifiedName":"RepositoryTest.CreateAppointmentTests.Get_NonExistingAppointment_ReturnsNull","DisplayName":"Get_NonExistingAppointment_ReturnsNull","ExecutorUri":"executor://NUnit3TestExecutor","Source":"C:\\Users\\VC\\Desktop\\Day_1\\Day_7\\DoctorAppontmentsSolution\\RepositoryTest\\bin\\Debug\\net6.0\\fine-code-coverage\\build-output\\RepositoryTest.dll","CodeFilePath":null,"LineNumber":0,"Properties":[{"Key":{"Id":"NUnit.Seed","Label":"Seed","Category":"","Description":"","Attributes":0,"ValueType":"System.String"},"Value":"369560275"}]},"Attachments":[],"Outcome":1,"ErrorMessage":null,"ErrorStackTrace":null,"DisplayName":"Get_NonExistingAppointment_ReturnsNull","Messages":[],"ComputerName":"DESKTOP-QL1TE6V","Duration":"00:00:00.0000910","StartTime":"2024-04-24T11:22:51.1642861+00:00","EndTime":"2024-04-24T11:22:51.1643767+00:00","Properties":[{"Key":{"Id":"NUnit.Seed","Label":"Seed","Category":"","Description":"","Attributes":0,"ValueType":"System.String"},"Value":"369560275"}]},{"TestCase":{"Id":"fe009ae3-9408-53e0-e548-a838b9586bc9","FullyQualifiedName":"RepositoryTest.CreateAppointmentTests.Update_ExistingAppointment_ReturnsUpdatedAppointment","DisplayName":"Update_ExistingAppointment_ReturnsUpdatedAppointment","ExecutorUri":"executor://NUnit3TestExecutor","Source":"C:\\Users\\VC\\Desktop\\Day_1\\Day_7\\DoctorAppontmentsSolution\\RepositoryTest\\bin\\Debug\\net6.0\\fine-code-coverage\\build-output\\RepositoryTest.dll","CodeFilePath":null,"LineNumber":0,"Properties":[{"Key":{"Id":"NUnit.Seed","Label":"Seed","Category":"","Description":"","Attributes":0,"ValueType":"System.String"},"Value":"2019947823"}]},"Attachments":[],"Outcome":2,"ErrorMessage":"  Expected: not null\r\n  But was:  null\r\n","ErrorStackTrace":"   at RepositoryTest.CreateAppointmentTests.Update_ExistingAppointment_ReturnsUpdatedAppointment() in C:\\Users\\VC\\Desktop\\Day_1\\Day_7\\DoctorAppontmentsSolution\\RepositoryTest\\AppointmentRepoTest.cs:line 109\r\n\n1)    at RepositoryTest.CreateAppointmentTests.Update_ExistingAppointment_ReturnsUpdatedAppointment() in C:\\Users\\VC\\Desktop\\Day_1\\Day_7\\DoctorAppontmentsSolution\\RepositoryTest\\AppointmentRepoTest.cs:line 109\r\n\n","DisplayName":"Update_ExistingAppointment_ReturnsUpdatedAppointment","Messages":[],"ComputerName":"DESKTOP-QL1TE6V","Duration":"00:00:00.0008400","StartTime":"2024-04-24T11:22:51.1643871+00:00","EndTime":"2024-04-24T11:22:51.165227+00:00","Properties":[{"Key":{"Id":"NUnit.Seed","Label":"Seed","Category":"","Description":"","Attributes":0,"ValueType":"System.String"},"Value":"2019947823"}]},{"TestCase":{"Id":"083d7a7a-cde6-f7fc-0b2d-de3351e75ac7","FullyQualifiedName":"RepositoryTest.CreateAppointmentTests.Update_NonExistingAppointment_ReturnsNull","DisplayName":"Update_NonExistingAppointment_ReturnsNull","ExecutorUri":"executor://NUnit3TestExecutor","Source":"C:\\Users\\VC\\Desktop\\Day_1\\Day_7\\DoctorAppontmentsSolution\\RepositoryTest\\bin\\Debug\\net6.0\\fine-code-coverage\\build-output\\RepositoryTest.dll","CodeFilePath":null,"LineNumber":0,"Properties":[{"Key":{"Id":"NUnit.Seed","Label":"Seed","Category":"","Description":"","Attributes":0,"ValueType":"System.String"},"Value":"216078616"}]},"Attachments":[],"Outcome":1,"ErrorMessage":null,"ErrorStackTrace":null,"DisplayName":"Update_NonExistingAppointment_ReturnsNull","Messages":[],"ComputerName":"DESKTOP-QL1TE6V","Duration":"00:00:00.0001120","StartTime":"2024-04-24T11:22:51.1652419+00:00","EndTime":"2024-04-24T11:22:51.1653537+00:00","Properties":[{"Key":{"Id":"NUnit.Seed","Label":"Seed","Category":"","Description":"","Attributes":0,"ValueType":"System.String"},"Value":"216078616"}]},{"TestCase":{"Id":"e468208a-372e-0395-1f0a-968e2db3d6a3","FullyQualifiedName":"RepositoryTest.DoctorRepTests.Add_DuplicateDoctor_ReturnsNull","DisplayName":"Add_DuplicateDoctor_ReturnsNull","ExecutorUri":"executor://NUnit3TestExecutor","Source":"C:\\Users\\VC\\Desktop\\Day_1\\Day_7\\DoctorAppontmentsSolution\\RepositoryTest\\bin\\Debug\\net6.0\\fine-code-coverage\\build-output\\RepositoryTest.dll","CodeFilePath":null,"LineNumber":0,"Properties":[{"Key":{"Id":"NUnit.Seed","Label":"Seed","Category":"","Description":"","Attributes":0,"ValueType":"System.String"},"Value":"854232311"}]},"Attachments":[],"Outcome":1,"ErrorMessage":null,"ErrorStackTrace":null,"DisplayName":"Add_DuplicateDoctor_ReturnsNull","Messages":[],"ComputerName":"DESKTOP-QL1TE6V","Duration":"00:00:00.0012359","StartTime":"2024-04-24T11:22:51.167732+00:00","EndTime":"2024-04-24T11:22:51.1689675+00:00","Properties":[{"Key":{"Id":"NUnit.Seed","Label":"Seed","Category":"","Description":"","Attributes":0,"ValueType":"System.String"},"Value":"854232311"}]}],"TestRunStatistics":{"ExecutedTests":9,"Stats":{"Passed":6,"Failed":3}},"ActiveTests":[{"Id":"9df5a557-a957-479c-f208-fe7f44041507","FullyQualifiedName":"RepositoryTest.DoctorRepTests.Add_NewDoctor_ReturnsDoctor","DisplayName":"Add_NewDoctor_ReturnsDoctor","ExecutorUri":"executor://NUnit3TestExecutor","Source":"C:\\Users\\VC\\Desktop\\Day_1\\Day_7\\DoctorAppontmentsSolution\\RepositoryTest\\bin\\Debug\\net6.0\\fine-code-coverage\\build-output\\RepositoryTest.dll","CodeFilePath":null,"LineNumber":0,"Properties":[{"Key":{"Id":"NUnit.Seed","Label":"Seed","Category":"","Description":"","Attributes":0,"ValueType":"System.String"},"Value":"1192327917"}]}]}}
TpTrace Verbose: 0 : 10340, 11, 2024/04/24, 16:52:51.273, 13991093099482, vstest.console.dll, TestRunRequest:SendTestRunStatsChange: Starting.
TpTrace Verbose: 0 : 10340, 11, 2024/04/24, 16:52:51.273, 13991093102702, vstest.console.dll, InProgress is Add_NewDoctor_ReturnsDoctor
TpTrace Verbose: 0 : 10340, 11, 2024/04/24, 16:52:51.273, 13991093104556, vstest.console.dll, MulticastDelegateUtilities.SafeInvoke: TestRun.RunStatsChanged: Invoking callbacks was skipped because there are no subscribers.
TpTrace Information: 0 : 10340, 11, 2024/04/24, 16:52:51.274, 13991093104930, vstest.console.dll, TestRunRequest:SendTestRunStatsChange: Completed.
TpTrace Verbose: 0 : 10340, 11, 2024/04/24, 16:52:51.274, 13991093105252, vstest.console.dll, MulticastDelegateUtilities.SafeInvoke: LengthPrefixCommunicationChannel: MessageReceived: Invoking callback 1/1 for Microsoft.VisualStudio.TestPlatform.CommunicationUtilities.TestRequestSender+<>c__DisplayClass34_0., took 28 ms.
TpTrace Verbose: 0 : 10340, 11, 2024/04/24, 16:52:51.274, 13991093105617, vstest.console.dll, TcpClientExtensions.MessageLoopAsync: Polling on remoteEndPoint: 127.0.0.1:50246 localEndPoint: 127.0.0.1:50245 after 203 ms
TpTrace Verbose: 0 : 10340, 11, 2024/04/24, 16:52:51.274, 13991093106049, vstest.console.dll, TcpClientExtensions.MessageLoopAsync: NotifyDataAvailable remoteEndPoint: 127.0.0.1:50246 localEndPoint: 127.0.0.1:50245
TpTrace Verbose: 0 : 10340, 11, 2024/04/24, 16:52:51.274, 13991093106737, vstest.console.dll, TestRequestSender.OnExecutionMessageReceived: Received message: {"Version":7,"MessageType":"TestSession.Message","Payload":{"MessageLevel":0,"Message":"NUnit Adapter 4.4.0.0: Test execution complete"}}
TpTrace Verbose: 0 : 10340, 11, 2024/04/24, 16:52:51.274, 13991093107781, vstest.console.dll, TestRunRequest:SendTestRunMessage: Starting.
TpTrace Verbose: 0 : 10340, 11, 2024/04/24, 16:52:51.274, 13991093108243, vstest.console.dll, MulticastDelegateUtilities.SafeInvoke: TestRun.LogMessages: Invoking callback 1/1 for Microsoft.VisualStudio.TestPlatform.CommandLine.TestRunResultAggregator., took 0 ms.
TpTrace Information: 0 : 10340, 11, 2024/04/24, 16:52:51.274, 13991093108534, vstest.console.dll, TestRunRequest:SendTestRunMessage: Completed.
TpTrace Verbose: 0 : 10340, 11, 2024/04/24, 16:52:51.274, 13991093108858, vstest.console.dll, MulticastDelegateUtilities.SafeInvoke: LengthPrefixCommunicationChannel: MessageReceived: Invoking callback 1/1 for Microsoft.VisualStudio.TestPlatform.CommunicationUtilities.TestRequestSender+<>c__DisplayClass34_0., took 0 ms.
TpTrace Verbose: 0 : 10340, 11, 2024/04/24, 16:52:51.274, 13991093109196, vstest.console.dll, TcpClientExtensions.MessageLoopAsync: Polling on remoteEndPoint: 127.0.0.1:50246 localEndPoint: 127.0.0.1:50245 after 0 ms
TpTrace Verbose: 0 : 10340, 4, 2024/04/24, 16:52:51.275, 13991093121705, vstest.console.dll, MulticastDelegateUtilities.SafeInvoke: InternalTestLoggerEvents.SendTestResult: Invoking callback 1/1 for Microsoft.VisualStudio.TestPlatform.CommandLine.Internal.ConsoleLogger., took 1 ms.
TpTrace Verbose: 0 : 10340, 4, 2024/04/24, 16:52:51.276, 13991093124863, vstest.console.dll, MulticastDelegateUtilities.SafeInvoke: InternalTestLoggerEvents.SendTestResult: Invoking callback 1/1 for Microsoft.VisualStudio.TestPlatform.CommandLine.Internal.ConsoleLogger., took 0 ms.
TpTrace Verbose: 0 : 10340, 4, 2024/04/24, 16:52:51.276, 13991093133352, vstest.console.dll, MulticastDelegateUtilities.SafeInvoke: InternalTestLoggerEvents.SendTestResult: Invoking callback 1/1 for Microsoft.VisualStudio.TestPlatform.CommandLine.Internal.ConsoleLogger., took 0 ms.
TpTrace Verbose: 0 : 10340, 4, 2024/04/24, 16:52:51.277, 13991093137393, vstest.console.dll, MulticastDelegateUtilities.SafeInvoke: InternalTestLoggerEvents.SendTestResult: Invoking callback 1/1 for Microsoft.VisualStudio.TestPlatform.CommandLine.Internal.ConsoleLogger., took 0 ms.
TpTrace Verbose: 0 : 10340, 4, 2024/04/24, 16:52:51.277, 13991093140608, vstest.console.dll, MulticastDelegateUtilities.SafeInvoke: InternalTestLoggerEvents.SendTestResult: Invoking callback 1/1 for Microsoft.VisualStudio.TestPlatform.CommandLine.Internal.ConsoleLogger., took 0 ms.
TpTrace Verbose: 0 : 10340, 4, 2024/04/24, 16:52:51.277, 13991093141520, vstest.console.dll, MulticastDelegateUtilities.SafeInvoke: InternalTestLoggerEvents.SendTestResult: Invoking callback 1/1 for Microsoft.VisualStudio.TestPlatform.CommandLine.Internal.ConsoleLogger., took 0 ms.
TpTrace Verbose: 0 : 10340, 4, 2024/04/24, 16:52:51.277, 13991093144282, vstest.console.dll, MulticastDelegateUtilities.SafeInvoke: InternalTestLoggerEvents.SendTestResult: Invoking callback 1/1 for Microsoft.VisualStudio.TestPlatform.CommandLine.Internal.ConsoleLogger., took 0 ms.
TpTrace Verbose: 0 : 10340, 4, 2024/04/24, 16:52:51.278, 13991093145470, vstest.console.dll, MulticastDelegateUtilities.SafeInvoke: InternalTestLoggerEvents.SendTestResult: Invoking callback 1/1 for Microsoft.VisualStudio.TestPlatform.CommandLine.Internal.ConsoleLogger., took 0 ms.
TpTrace Verbose: 0 : 10340, 4, 2024/04/24, 16:52:51.278, 13991093146271, vstest.console.dll, MulticastDelegateUtilities.SafeInvoke: InternalTestLoggerEvents.SendTestResult: Invoking callback 1/1 for Microsoft.VisualStudio.TestPlatform.CommandLine.Internal.ConsoleLogger., took 0 ms.
TpTrace Verbose: 0 : 10340, 4, 2024/04/24, 16:52:51.278, 13991093146944, vstest.console.dll, MulticastDelegateUtilities.SafeInvoke: InternalTestLoggerEvents.SendTestRunMessage: Invoking callback 1/1 for Microsoft.VisualStudio.TestPlatform.CommandLine.Internal.ConsoleLogger., took 0 ms.
TpTrace Verbose: 0 : 10340, 11, 2024/04/24, 16:52:51.296, 13991093326359, vstest.console.dll, TcpClientExtensions.MessageLoopAsync: NotifyDataAvailable remoteEndPoint: 127.0.0.1:50246 localEndPoint: 127.0.0.1:50245
TpTrace Verbose: 0 : 10340, 11, 2024/04/24, 16:52:51.296, 13991093329648, vstest.console.dll, TestRequestSender.OnExecutionMessageReceived: Received message: {"Version":7,"MessageType":"TestExecution.Completed","Payload":{"TestRunCompleteArgs":{"TestRunStatistics":{"ExecutedTests":16,"Stats":{"Passed":10,"Failed":6}},"IsCanceled":false,"IsAborted":false,"Error":null,"AttachmentSets":[],"InvokedDataCollectors":[],"ElapsedTimeInRunningTests":"00:00:00.4054161","Metrics":{},"DiscoveredExtensions":{"TestDiscoverers":["NUnit.VisualStudio.TestAdapter.NUnit3TestDiscoverer, NUnit3.TestAdapter, Version=4.4.0.0, Culture=neutral, PublicKeyToken=4cb40d35494691ac"],"TestExecutors":["executor://NUnit3TestExecutor"],"TestExecutors2":[],"TestSettingsProviders":[]}},"LastRunTests":{"NewTestResults":[{"TestCase":{"Id":"9df5a557-a957-479c-f208-fe7f44041507","FullyQualifiedName":"RepositoryTest.DoctorRepTests.Add_NewDoctor_ReturnsDoctor","DisplayName":"Add_NewDoctor_ReturnsDoctor","ExecutorUri":"executor://NUnit3TestExecutor","Source":"C:\\Users\\VC\\Desktop\\Day_1\\Day_7\\DoctorAppontmentsSolution\\RepositoryTest\\bin\\Debug\\net6.0\\fine-code-coverage\\build-output\\RepositoryTest.dll","CodeFilePath":null,"LineNumber":0,"Properties":[{"Key":{"Id":"NUnit.Seed","Label":"Seed","Category":"","Description":"","Attributes":0,"ValueType":"System.String"},"Value":"1192327917"}]},"Attachments":[],"Outcome":1,"ErrorMessage":null,"ErrorStackTrace":null,"DisplayName":"Add_NewDoctor_ReturnsDoctor","Messages":[],"ComputerName":"DESKTOP-QL1TE6V","Duration":"00:00:00.0002120","StartTime":"2024-04-24T11:22:51.1690243+00:00","EndTime":"2024-04-24T11:22:51.1692367+00:00","Properties":[{"Key":{"Id":"NUnit.Seed","Label":"Seed","Category":"","Description":"","Attributes":0,"ValueType":"System.String"},"Value":"1192327917"}]},{"TestCase":{"Id":"0205877c-66a5-39d7-5e62-e3d94864ba5a","FullyQualifiedName":"RepositoryTest.DoctorRepTests.Delete_ExistingDoctor_ReturnsDeletedDoctor","DisplayName":"Delete_ExistingDoctor_ReturnsDeletedDoctor","ExecutorUri":"executor://NUnit3TestExecutor","Source":"C:\\Users\\VC\\Desktop\\Day_1\\Day_7\\DoctorAppontmentsSolution\\RepositoryTest\\bin\\Debug\\net6.0\\fine-code-coverage\\build-output\\RepositoryTest.dll","CodeFilePath":null,"LineNumber":0,"Properties":[{"Key":{"Id":"NUnit.Seed","Label":"Seed","Category":"","Description":"","Attributes":0,"ValueType":"System.String"},"Value":"800180130"}]},"Attachments":[],"Outcome":2,"ErrorMessage":"  Expected: not null\r\n  But was:  null\r\n","ErrorStackTrace":"   at RepositoryTest.DoctorRepTests.Delete_ExistingDoctor_ReturnsDeletedDoctor() in C:\\Users\\VC\\Desktop\\Day_1\\Day_7\\DoctorAppontmentsSolution\\RepositoryTest\\DoctorRepoTest.cs:line 46\r\n\n1)    at RepositoryTest.DoctorRepTests.Delete_ExistingDoctor_ReturnsDeletedDoctor() in C:\\Users\\VC\\Desktop\\Day_1\\Day_7\\DoctorAppontmentsSolution\\RepositoryTest\\DoctorRepoTest.cs:line 46\r\n\n","DisplayName":"Delete_ExistingDoctor_ReturnsDeletedDoctor","Messages":[],"ComputerName":"DESKTOP-QL1TE6V","Duration":"00:00:00.0011400","StartTime":"2024-04-24T11:22:51.1692561+00:00","EndTime":"2024-04-24T11:22:51.1703953+00:00","Properties":[{"Key":{"Id":"NUnit.Seed","Label":"Seed","Category":"","Description":"","Attributes":0,"ValueType":"System.String"},"Value":"800180130"}]},{"TestCase":{"Id":"6a7cd22e-a020-ad0f-4133-2294c31a0700","FullyQualifiedName":"RepositoryTest.DoctorRepTests.Delete_NonExistingDoctor_ReturnsNull","DisplayName":"Delete_NonExistingDoctor_ReturnsNull","ExecutorUri":"executor://NUnit3TestExecutor","Source":"C:\\Users\\VC\\Desktop\\Day_1\\Day_7\\DoctorAppontmentsSolution\\RepositoryTest\\bin\\Debug\\net6.0\\fine-code-coverage\\build-output\\RepositoryTest.dll","CodeFilePath":null,"LineNumber":0,"Properties":[{"Key":{"Id":"NUnit.Seed","Label":"Seed","Category":"","Description":"","Attributes":0,"ValueType":"System.String"},"Value":"177703129"}]},"Attachments":[],"Outcome":1,"ErrorMessage":null,"ErrorStackTrace":null,"DisplayName":"Delete_NonExistingDoctor_ReturnsNull","Messages":[],"ComputerName":"DESKTOP-QL1TE6V","Duration":"00:00:00.0001650","StartTime":"2024-04-24T11:22:51.170421+00:00","EndTime":"2024-04-24T11:22:51.1705856+00:00","Properties":[{"Key":{"Id":"NUnit.Seed","Label":"Seed","Category":"","Description":"","Attributes":0,"ValueType":"System.String"},"Value":"177703129"}]},{"TestCase":{"Id":"850937d4-1717-36be-e567-20c4bce27bc7","FullyQualifiedName":"RepositoryTest.DoctorRepTests.Get_ExistingDoctor_ReturnsDoctor","DisplayName":"Get_ExistingDoctor_ReturnsDoctor","ExecutorUri":"executor://NUnit3TestExecutor","Source":"C:\\Users\\VC\\Desktop\\Day_1\\Day_7\\DoctorAppontmentsSolution\\RepositoryTest\\bin\\Debug\\net6.0\\fine-code-coverage\\build-output\\RepositoryTest.dll","CodeFilePath":null,"LineNumber":0,"Properties":[{"Key":{"Id":"NUnit.Seed","Label":"Seed","Category":"","Description":"","Attributes":0,"ValueType":"System.String"},"Value":"363247971"}]},"Attachments":[],"Outcome":2,"ErrorMessage":"  Expected: not null\r\n  But was:  null\r\n","ErrorStackTrace":"   at RepositoryTest.DoctorRepTests.Get_ExistingDoctor_ReturnsDoctor() in C:\\Users\\VC\\Desktop\\Day_1\\Day_7\\DoctorAppontmentsSolution\\RepositoryTest\\DoctorRepoTest.cs:line 63\r\n\n1)    at RepositoryTest.DoctorRepTests.Get_ExistingDoctor_ReturnsDoctor() in C:\\Users\\VC\\Desktop\\Day_1\\Day_7\\DoctorAppontmentsSolution\\RepositoryTest\\DoctorRepoTest.cs:line 63\r\n\n","DisplayName":"Get_ExistingDoctor_ReturnsDoctor","Messages":[],"ComputerName":"DESKTOP-QL1TE6V","Duration":"00:00:00.0008650","StartTime":"2024-04-24T11:22:51.1705969+00:00","EndTime":"2024-04-24T11:22:51.1714619+00:00","Properties":[{"Key":{"Id":"NUnit.Seed","Label":"Seed","Category":"","Description":"","Attributes":0,"ValueType":"System.String"},"Value":"363247971"}]},{"TestCase":{"Id":"896e22e9-1f7a-b5e6-3427-b23812c9cdef","FullyQualifiedName":"RepositoryTest.DoctorRepTests.Get_NonExistingDoctor_ReturnsNull","DisplayName":"Get_NonExistingDoctor_ReturnsNull","ExecutorUri":"executor://NUnit3TestExecutor","Source":"C:\\Users\\VC\\Desktop\\Day_1\\Day_7\\DoctorAppontmentsSolution\\RepositoryTest\\bin\\Debug\\net6.0\\fine-code-coverage\\build-output\\RepositoryTest.dll","CodeFilePath":null,"LineNumber":0,"Properties":[{"Key":{"Id":"NUnit.Seed","Label":"Seed","Category":"","Description":"","Attributes":0,"ValueType":"System.String"},"Value":"131513698"}]},"Attachments":[],"Outcome":1,"ErrorMessage":null,"ErrorStackTrace":null,"DisplayName":"Get_NonExistingDoctor_ReturnsNull","Messages":[],"ComputerName":"DESKTOP-QL1TE6V","Duration":"00:00:00.0001080","StartTime":"2024-04-24T11:22:51.171475+00:00","EndTime":"2024-04-24T11:22:51.1715827+00:00","Properties":[{"Key":{"Id":"NUnit.Seed","Label":"Seed","Category":"","Description":"","Attributes":0,"ValueType":"System.String"},"Value":"131513698"}]},{"TestCase":{"Id":"e326e1e3-157d-534d-0f3f-e60d7e43d878","FullyQualifiedName":"RepositoryTest.DoctorRepTests.Update_ExistingDoctor_ReturnsUpdatedDoctor","DisplayName":"Update_ExistingDoctor_ReturnsUpdatedDoctor","ExecutorUri":"executor://NUnit3TestExecutor","Source":"C:\\Users\\VC\\Desktop\\Day_1\\Day_7\\DoctorAppontmentsSolution\\RepositoryTest\\bin\\Debug\\net6.0\\fine-code-coverage\\build-output\\RepositoryTest.dll","CodeFilePath":null,"LineNumber":0,"Properties":[{"Key":{"Id":"NUnit.Seed","Label":"Seed","Category":"","Description":"","Attributes":0,"ValueType":"System.String"},"Value":"273415146"}]},"Attachments":[],"Outcome":2,"ErrorMessage":"  Expected: not null\r\n  But was:  null\r\n","ErrorStackTrace":"   at RepositoryTest.DoctorRepTests.Update_ExistingDoctor_ReturnsUpdatedDoctor() in C:\\Users\\VC\\Desktop\\Day_1\\Day_7\\DoctorAppontmentsSolution\\RepositoryTest\\DoctorRepoTest.cs:line 81\r\n\n1)    at RepositoryTest.DoctorRepTests.Update_ExistingDoctor_ReturnsUpdatedDoctor() in C:\\Users\\VC\\Desktop\\Day_1\\Day_7\\DoctorAppontmentsSolution\\RepositoryTest\\DoctorRepoTest.cs:line 81\r\n\n","DisplayName":"Update_ExistingDoctor_ReturnsUpdatedDoctor","Messages":[],"ComputerName":"DESKTOP-QL1TE6V","Duration":"00:00:00.0009870","StartTime":"2024-04-24T11:22:51.1715907+00:00","EndTime":"2024-04-24T11:22:51.1725776+00:00","Properties":[{"Key":{"Id":"NUnit.Seed","Label":"Seed","Category":"","Description":"","Attributes":0,"ValueType":"System.String"},"Value":"273415146"}]},{"TestCase":{"Id":"5775d127-9e6d-09bd-8627-f393726c1ac9","FullyQualifiedName":"RepositoryTest.DoctorRepTests.Update_NonExistingDoctor_ReturnsNull","DisplayName":"Update_NonExistingDoctor_ReturnsNull","ExecutorUri":"executor://NUnit3TestExecutor","Source":"C:\\Users\\VC\\Desktop\\Day_1\\Day_7\\DoctorAppontmentsSolution\\RepositoryTest\\bin\\Debug\\net6.0\\fine-code-coverage\\build-output\\RepositoryTest.dll","CodeFilePath":null,"LineNumber":0,"Properties":[{"Key":{"Id":"NUnit.Seed","Label":"Seed","Category":"","Description":"","Attributes":0,"ValueType":"System.String"},"Value":"716347933"}]},"Attachments":[],"Outcome":1,"ErrorMessage":null,"ErrorStackTrace":null,"DisplayName":"Update_NonExistingDoctor_ReturnsNull","Messages":[],"ComputerName":"DESKTOP-QL1TE6V","Duration":"00:00:00.0001910","StartTime":"2024-04-24T11:22:51.172594+00:00","EndTime":"2024-04-24T11:22:51.1727846+00:00","Properties":[{"Key":{"Id":"NUnit.Seed","Label":"Seed","Category":"","Description":"","Attributes":0,"ValueType":"System.String"},"Value":"716347933"}]}],"TestRunStatistics":{"ExecutedTests":16,"Stats":{"Passed":10,"Failed":6}},"ActiveTests":[]},"RunAttachments":[],"ExecutorUris":["executor://nunit3testexecutor/"]}}
TpTrace Verbose: 0 : 10340, 11, 2024/04/24, 16:52:51.296, 13991093331363, vstest.console.dll, TestRequestSender.EndSession: Sending end session.
TpTrace Verbose: 0 : 10340, 11, 2024/04/24, 16:52:51.297, 13991093335462, vstest.console.dll, ProxyOperationManager.Close: waiting for test host to exit for 100 ms
TpTrace Verbose: 0 : 10340, 12, 2024/04/24, 16:52:51.326, 13991093627474, vstest.console.dll, TestHostManagerCallbacks.ctor: Experimental forwarding output is disabled.
TpTrace Warning: 0 : 10340, 12, 2024/04/24, 16:52:51.326, 13991093629322, vstest.console.dll, TestHostManagerCallbacks.ErrorReceivedCallback Test host standard error line: 
TpTrace Verbose: 0 : 10340, 12, 2024/04/24, 16:52:51.335, 13991093719269, vstest.console.dll, TestHostProvider.ExitCallBack: Host exited starting callback.
TpTrace Information: 0 : 10340, 12, 2024/04/24, 16:52:51.335, 13991093720931, vstest.console.dll, TestHostManagerCallbacks.ExitCallBack: Testhost processId: 31736 exited with exitcode: 0 error: ''
TpTrace Verbose: 0 : 10340, 12, 2024/04/24, 16:52:51.335, 13991093721296, vstest.console.dll, DotnetTestHostManager.OnHostExited: invoking OnHostExited callback
TpTrace Verbose: 0 : 10340, 12, 2024/04/24, 16:52:51.335, 13991093721829, vstest.console.dll, CrossPlatEngine.TestHostManagerHostExited: calling on client process exit callback.
TpTrace Information: 0 : 10340, 12, 2024/04/24, 16:52:51.335, 13991093722266, vstest.console.dll, TestRequestSender.OnClientProcessExit: Test host process exited. Standard error: 
TpTrace Information: 0 : 10340, 12, 2024/04/24, 16:52:51.335, 13991093722609, vstest.console.dll, SocketServer.Stop: Stop server endPoint: 127.0.0.1:50245
TpTrace Information: 0 : 10340, 12, 2024/04/24, 16:52:51.335, 13991093722858, vstest.console.dll, SocketServer.Stop: Cancellation requested. Stopping message loop.
TpTrace Information: 0 : 10340, 11, 2024/04/24, 16:52:51.335, 13991093722847, vstest.console.dll, SocketServer.Stop: Stop server endPoint: 127.0.0.1:50245
TpTrace Information: 0 : 10340, 11, 2024/04/24, 16:52:51.335, 13991093723710, vstest.console.dll, SocketServer.Stop: Cancellation requested. Stopping message loop.
TpTrace Verbose: 0 : 10340, 12, 2024/04/24, 16:52:51.335, 13991093723802, vstest.console.dll, MulticastDelegateUtilities.SafeInvoke: HostProviderEvents.OnHostExited: Invoking callback 1/1 for Microsoft.VisualStudio.TestPlatform.CrossPlatEngine.Client.ProxyOperationManager., took 0 ms.
TpTrace Information: 0 : 10340, 11, 2024/04/24, 16:52:51.335, 13991093724395, vstest.console.dll, Closing the connection
TpTrace Verbose: 0 : 10340, 11, 2024/04/24, 16:52:51.336, 13991093726209, vstest.console.dll, ProxyDataCollectionManager.InvokeDataCollectionServiceAction: Starting.
TpTrace Information: 0 : 10340, 11, 2024/04/24, 16:52:51.336, 13991093726629, vstest.console.dll, ProxyDataCollectionManager.AfterTestRunEnd: Get attachment set and invoked data collectors processId: 19928 port: 50242
TpTrace Verbose: 0 : 10340, 11, 2024/04/24, 16:52:51.336, 13991093727062, vstest.console.dll, DataCollectionRequestSender.SendAfterTestRunStartAndGetResult: Send AfterTestRunEnd message with isCancelled: False
TpTrace Verbose: 0 : 10340, 11, 2024/04/24, 16:52:51.342, 13991093791693, vstest.console.dll, DataCollectionRequestSender.SendAfterTestRunStartAndGetResult: Received message: (DataCollection.AfterTestRunEndResult) -> {"MessageType":"DataCollection.AfterTestRunEndResult","Payload":{"AttachmentSets":[],"InvokedDataCollectors":[{"Uri":"datacollector://Microsoft/TestPlatform/Extensions/Blame/v1","FriendlyName":"Blame","AssemblyQualifiedName":"Microsoft.TestPlatform.Extensions.BlameDataCollector.BlameCollector, Microsoft.TestPlatform.Extensions.BlameDataCollector, Version=15.0.0.0, Culture=neutral, PublicKeyToken=b03f5f7f11d50a3a","FilePath":"C:\\Program Files\\dotnet\\sdk\\8.0.202\\Extensions\\Microsoft.TestPlatform.Extensions.BlameDataCollector.dll","HasAttachmentProcessor":false}],"Metrics":{}}}
TpTrace Information: 0 : 10340, 11, 2024/04/24, 16:52:51.347, 13991093838669, vstest.console.dll, ProxyDataCollectionManager.InvokeDataCollectionServiceAction: Completed.
TpTrace Warning: 0 : 10340, 10, 2024/04/24, 16:52:51.373, 13991094100630, vstest.console.dll, DataCollectionLauncher.ErrorReceivedCallback datacollector standard error line: 
TpTrace Verbose: 0 : 10340, 11, 2024/04/24, 16:52:51.377, 13991094134843, vstest.console.dll, TestRunRequest:SendTestRunStatsChange: Starting.
TpTrace Verbose: 0 : 10340, 11, 2024/04/24, 16:52:51.377, 13991094136440, vstest.console.dll, MulticastDelegateUtilities.SafeInvoke: TestRun.RunStatsChanged: Invoking callbacks was skipped because there are no subscribers.
TpTrace Information: 0 : 10340, 11, 2024/04/24, 16:52:51.377, 13991094136848, vstest.console.dll, TestRunRequest:SendTestRunStatsChange: Completed.
TpTrace Verbose: 0 : 10340, 4, 2024/04/24, 16:52:51.377, 13991094137238, vstest.console.dll, MulticastDelegateUtilities.SafeInvoke: InternalTestLoggerEvents.SendTestResult: Invoking callback 1/1 for Microsoft.VisualStudio.TestPlatform.CommandLine.Internal.ConsoleLogger., took 0 ms.
TpTrace Verbose: 0 : 10340, 4, 2024/04/24, 16:52:51.377, 13991094141260, vstest.console.dll, MulticastDelegateUtilities.SafeInvoke: InternalTestLoggerEvents.SendTestResult: Invoking callback 1/1 for Microsoft.VisualStudio.TestPlatform.CommandLine.Internal.ConsoleLogger., took 0 ms.
TpTrace Verbose: 0 : 10340, 11, 2024/04/24, 16:52:51.377, 13991094141717, vstest.console.dll, ParallelProxyExecutionManager: HandlePartialRunComplete: Total workloads = 1, Total started clients = 1 Total completed clients = 1, Run complete = True, Run canceled: False.
TpTrace Verbose: 0 : 10340, 11, 2024/04/24, 16:52:51.377, 13991094142434, vstest.console.dll, ParallelProxyExecutionManager: HandlePartialRunComplete: All runs completed stopping all managers.
TpTrace Verbose: 0 : 10340, 4, 2024/04/24, 16:52:51.377, 13991094142480, vstest.console.dll, MulticastDelegateUtilities.SafeInvoke: InternalTestLoggerEvents.SendTestResult: Invoking callback 1/1 for Microsoft.VisualStudio.TestPlatform.CommandLine.Internal.ConsoleLogger., took 0 ms.
TpTrace Verbose: 0 : 10340, 11, 2024/04/24, 16:52:51.377, 13991094142965, vstest.console.dll, ParallelOperationManager.StopAllManagers: Stopping all managers.
TpTrace Verbose: 0 : 10340, 11, 2024/04/24, 16:52:51.377, 13991094143907, vstest.console.dll, ParallelOperationManager.ClearSlots: Clearing all slots. Slots should accept more work: False
TpTrace Verbose: 0 : 10340, 11, 2024/04/24, 16:52:51.377, 13991094144406, vstest.console.dll, ParallelOperationManager.SetOccupiedSlotCount: Setting slot counts AvailableSlotCount = 1, OccupiedSlotCount = 0.
TpTrace Verbose: 0 : 10340, 11, 2024/04/24, 16:52:51.378, 13991094144942, vstest.console.dll, Occupied slots:

TpTrace Verbose: 0 : 10340, 4, 2024/04/24, 16:52:51.378, 13991094145305, vstest.console.dll, MulticastDelegateUtilities.SafeInvoke: InternalTestLoggerEvents.SendTestResult: Invoking callback 1/1 for Microsoft.VisualStudio.TestPlatform.CommandLine.Internal.ConsoleLogger., took 0 ms.
TpTrace Verbose: 0 : 10340, 4, 2024/04/24, 16:52:51.378, 13991094146018, vstest.console.dll, MulticastDelegateUtilities.SafeInvoke: InternalTestLoggerEvents.SendTestResult: Invoking callback 1/1 for Microsoft.VisualStudio.TestPlatform.CommandLine.Internal.ConsoleLogger., took 0 ms.
TpTrace Verbose: 0 : 10340, 4, 2024/04/24, 16:52:51.378, 13991094148153, vstest.console.dll, MulticastDelegateUtilities.SafeInvoke: InternalTestLoggerEvents.SendTestResult: Invoking callback 1/1 for Microsoft.VisualStudio.TestPlatform.CommandLine.Internal.ConsoleLogger., took 0 ms.
TpTrace Verbose: 0 : 10340, 4, 2024/04/24, 16:52:51.378, 13991094148732, vstest.console.dll, MulticastDelegateUtilities.SafeInvoke: InternalTestLoggerEvents.SendTestResult: Invoking callback 1/1 for Microsoft.VisualStudio.TestPlatform.CommandLine.Internal.ConsoleLogger., took 0 ms.
TpTrace Information: 0 : 10340, 10, 2024/04/24, 16:52:51.379, 13991094160822, vstest.console.dll, DataCollectionLauncher.ExitCallBack: Data collector exited with exitcode: 0 error: ''
TpTrace Verbose: 0 : 10340, 4, 2024/04/24, 16:52:51.384, 13991094207635, vstest.console.dll, MulticastDelegateUtilities.SafeInvoke: InternalTestLoggerEvents.SendTestRunComplete: Invoking callback 1/2 for Microsoft.TestPlatform.Extensions.BlameDataCollector.BlameLogger., took 0 ms.
TpTrace Verbose: 0 : 10340, 4, 2024/04/24, 16:52:51.389, 13991094256966, vstest.console.dll, MulticastDelegateUtilities.SafeInvoke: InternalTestLoggerEvents.SendTestRunComplete: Invoking callback 2/2 for Microsoft.VisualStudio.TestPlatform.CommandLine.Internal.ConsoleLogger., took 4 ms.
TpTrace Verbose: 0 : 10340, 11, 2024/04/24, 16:52:51.389, 13991094259871, vstest.console.dll, TestRunRequest:TestRunComplete: Starting. IsAborted:False IsCanceled:False.
TpTrace Verbose: 0 : 10340, 11, 2024/04/24, 16:52:51.389, 13991094261474, vstest.console.dll, ParallelOperationManager.DoActionOnAllManagers: Calling an action on all managers.
TpTrace Verbose: 0 : 10340, 11, 2024/04/24, 16:52:51.390, 13991094267815, vstest.console.dll, TestLoggerManager.HandleTestRunComplete: Ignoring as the object is disposed.
TpTrace Verbose: 0 : 10340, 11, 2024/04/24, 16:52:51.390, 13991094269462, vstest.console.dll, MulticastDelegateUtilities.SafeInvoke: TestRun.TestRunComplete: Invoking callback 1/2 for Microsoft.VisualStudio.TestPlatform.CommandLine.TestRunResultAggregator., took 0 ms.
TpTrace Verbose: 0 : 10340, 11, 2024/04/24, 16:52:51.390, 13991094270447, vstest.console.dll, MulticastDelegateUtilities.SafeInvoke: TestRun.TestRunComplete: Invoking callback 2/2 for Microsoft.VisualStudio.TestPlatform.CommandLine.Processors.RunTestsArgumentExecutor+TestRunRequestEventsRegistrar., took 0 ms.
TpTrace Information: 0 : 10340, 11, 2024/04/24, 16:52:51.390, 13991094271205, vstest.console.dll, TestRunRequest:TestRunComplete: Completed.
TpTrace Verbose: 0 : 10340, 11, 2024/04/24, 16:52:51.390, 13991094271549, vstest.console.dll, TestRequestSender.SetOperationComplete: Setting operation complete.
TpTrace Information: 0 : 10340, 11, 2024/04/24, 16:52:51.390, 13991094271840, vstest.console.dll, SocketServer.Stop: Stop server endPoint: 127.0.0.1:50245
TpTrace Information: 0 : 10340, 11, 2024/04/24, 16:52:51.390, 13991094272084, vstest.console.dll, SocketServer.Stop: Cancellation requested. Stopping message loop.
TpTrace Verbose: 0 : 10340, 1, 2024/04/24, 16:52:51.390, 13991094272025, vstest.console.dll, TestRunRequest.Dispose: Starting.
TpTrace Verbose: 0 : 10340, 11, 2024/04/24, 16:52:51.390, 13991094272395, vstest.console.dll, MulticastDelegateUtilities.SafeInvoke: LengthPrefixCommunicationChannel: MessageReceived: Invoking callback 1/1 for Microsoft.VisualStudio.TestPlatform.CommunicationUtilities.TestRequestSender+<>c__DisplayClass34_0., took 94 ms.
TpTrace Information: 0 : 10340, 1, 2024/04/24, 16:52:51.390, 13991094273022, vstest.console.dll, TestRunRequest.Dispose: Completed.
TpTrace Information: 0 : 10340, 11, 2024/04/24, 16:52:51.390, 13991094273493, vstest.console.dll, SocketServer.PrivateStop: Stopping server endPoint: 127.0.0.1:50245 error: 
TpTrace Information: 0 : 10340, 1, 2024/04/24, 16:52:51.390, 13991094273511, vstest.console.dll, TestRequestManager.RunTests: run tests completed.
TpTrace Information: 0 : 10340, 1, 2024/04/24, 16:52:51.391, 13991094275239, vstest.console.dll, RunTestsArgumentProcessor:Execute: Test run is completed.
TpTrace Verbose: 0 : 10340, 11, 2024/04/24, 16:52:51.391, 13991094276965, vstest.console.dll, LengthPrefixCommunicationChannel.Dispose: Dispose reader and writer.
TpTrace Verbose: 0 : 10340, 1, 2024/04/24, 16:52:51.391, 13991094277357, vstest.console.dll, Executor.Execute: Exiting with exit code of 1
TpTrace Information: 0 : 10340, 11, 2024/04/24, 16:52:51.391, 13991094277654, vstest.console.dll, SocketServer.Stop: Raise disconnected event endPoint: 127.0.0.1:50245 error: 
TpTrace Verbose: 0 : 10340, 11, 2024/04/24, 16:52:51.391, 13991094278443, vstest.console.dll, TestRequestSender: OnTestRunAbort: Operation is already complete. Skip error message.
TpTrace Verbose: 0 : 10340, 11, 2024/04/24, 16:52:51.391, 13991094278789, vstest.console.dll, MulticastDelegateUtilities.SafeInvoke: SocketServer: ClientDisconnected: Invoking callback 1/1 for Microsoft.VisualStudio.TestPlatform.CommunicationUtilities.TestRequestSender., took 0 ms.
TpTrace Verbose: 0 : 10340, 11, 2024/04/24, 16:52:51.391, 13991094279059, vstest.console.dll, TcpClientExtensions.MessageLoopAsync: exiting MessageLoopAsync remoteEndPoint: 127.0.0.1:50246 localEndPoint: 127.0.0.1:50245
